before main 1322/33131  0x00 0x20 0x00 0x91 0xff 0x43 0x00 0x91 0x00 0x94 0x40 0x39
before main 1322/33131  00 20 00 91 ff 43 00 91 00 94 40 39
trytime: 5 [PARENT] Max faults reached. Giving up...

trytime > 5
--
before main 2295/33131  0x00 0xa0 0x00 0x91 0xff 0x43 0x00 0x91 0xe1 0x03 0x00 0xaa 0x20 0x00 0x80 0x52 0x20 0xd8 0x00 0x39
before main 2295/33131  00 a0 00 91 ff 43 00 91 e1 03 00 aa 20 00 80 52 20 d8 00 39
trytime: 5 [PARENT] Max faults reached. Giving up...

trytime > 5
--
before main 2625/33131  0x60 0x7c 0x40 0x93 0x43 0x7c 0x40 0x93 0x62 0x16 0x80 0xd2 0x62 0x7c 0x02 0x9b 0x42 0x00 0x00 0x8b 0x00 0xe4 0x90 0xd2 0x40 0x00 0x00 0x8b 0x00 0xf8 0x7f 0xd3 0x20 0x00 0x00 0x8b 0xe1 0x03 0x04 0x2a 0x01 0x1c 0x00 0x79
before main 2625/33131  60 7c 40 93 43 7c 40 93 62 16 80 d2 62 7c 02 9b 42 00 00 8b 00 e4 90 d2 40 00 00 8b 00 f8 7f d3 20 00 00 8b e1 03 04 2a 01 1c 00 79
trytime: 5 [PARENT] Max faults reached. Giving up...

trytime > 5
--
before main 5487/33131  0xe1 0x03 0x00 0xaa 0x62 0x76 0x00 0x12 0x20 0x44 0x40 0xb9
before main 5487/33131  e1 03 00 aa 62 76 00 12 20 44 40 b9
trytime: 5 [PARENT] Max faults reached. Giving up...

trytime > 5
--
before main 6147/33131  0x24 0x40 0x25 0x91 0xe5 0x03 0x15 0xaa 0x4a 0x7c 0x40 0x93 0x8b 0x06 0x00 0xd1 0x07 0x00 0x80 0xd2 0x01 0x00 0x80 0x52 0x88 0x34 0x40 0xf9
before main 6147/33131  24 40 25 91 e5 03 15 aa 4a 7c 40 93 8b 06 00 d1 07 00 80 d2 01 00 80 52 88 34 40 f9
trytime: 5 [PARENT] Max faults reached. Giving up...

trytime > 5
--
before main 7461/33131  0x00 0xa0 0x02 0x91 0xff 0x43 0x00 0x91 0x00 0x04 0x40 0x39
before main 7461/33131  00 a0 02 91 ff 43 00 91 00 04 40 39
trytime: 5 [PARENT] Max faults reached. Giving up...

trytime > 5
--
before main 9497/33131  0xe4 0x03 0x00 0xaa 0x21 0x1c 0x00 0x12 0x00 0x00 0x80 0x92 0x63 0x04 0x00 0xd1 0x7f 0x00 0x02 0xeb 0x83 0x00 0x40 0xf9
before main 9497/33131  e4 03 00 aa 21 1c 00 12 00 00 80 92 63 04 00 d1 7f 00 02 eb 83 00 40 f9
trytime: 5 [PARENT] Max faults reached. Giving up...

trytime > 5
--
before main 9726/33131  0x00 0x20 0x00 0x91 0xff 0x43 0x00 0x91 0x00 0x00 0x40 0x39
before main 9726/33131  00 20 00 91 ff 43 00 91 00 00 40 39
trytime: 5 [PARENT] Max faults reached. Giving up...

trytime > 5
--
before main 10488/33131  0x00 0x7c 0x40 0x93 0x43 0x7c 0x40 0x93 0x62 0x16 0x80 0xd2 0x62 0x7c 0x02 0x9b 0x42 0x00 0x00 0x8b 0x00 0xe4 0x90 0xd2 0x40 0x00 0x00 0x8b 0x00 0xf8 0x7f 0xd3 0x20 0x00 0x00 0x8b 0x00 0x1c 0x40 0x79
before main 10488/33131  00 7c 40 93 43 7c 40 93 62 16 80 d2 62 7c 02 9b 42 00 00 8b 00 e4 90 d2 40 00 00 8b 00 f8 7f d3 20 00 00 8b 00 1c 40 79
trytime: 5 [PARENT] Max faults reached. Giving up...

trytime > 5
--
before main 10574/33131  0x01 0xa0 0x01 0xd1 0xe0 0x03 0x02 0x2a 0x00 0x34 0x00 0x12 0x02 0x3c 0x00 0x12 0x20 0x3c 0x40 0x79
before main 10574/33131  01 a0 01 d1 e0 03 02 2a 00 34 00 12 02 3c 00 12 20 3c 40 79
trytime: 5 [PARENT] Max faults reached. Giving up...

trytime > 5
--
before main 10711/33131  0x00 0x20 0x00 0x91 0xff 0x43 0x00 0x91 0xe1 0x03 0x00 0xaa 0x20 0x08 0x40 0x39
before main 10711/33131  00 20 00 91 ff 43 00 91 e1 03 00 aa 20 08 40 39
trytime: 5 [PARENT] Max faults reached. Giving up...

trytime > 5
--
before main 11466/33131  0xe1 0x03 0x00 0xaa 0xe0 0x00 0x80 0x52 0x20 0x00 0x00 0xb9
before main 11466/33131  e1 03 00 aa e0 00 80 52 20 00 00 b9
trytime: 5 [PARENT] Max faults reached. Giving up...

trytime > 5
--
before main 11922/33131  0x84 0x00 0x0e 0xcb 0x42 0x00 0x0e 0xcb 0x86 0x1c 0x7f 0xa9
before main 11922/33131  84 00 0e cb 42 00 0e cb 86 1c 7f a9
trytime: 5 [PARENT] Max faults reached. Giving up...

trytime > 5
--
before main 12040/33131  0x00 0xa0 0x00 0x91 0xff 0x43 0x00 0x91 0xe1 0x03 0x00 0xaa 0x20 0x00 0x80 0x52 0x20 0xc8 0x00 0x39
before main 12040/33131  00 a0 00 91 ff 43 00 91 e1 03 00 aa 20 00 80 52 20 c8 00 39
trytime: 5 [PARENT] Max faults reached. Giving up...

trytime > 5
--
before main 12234/33131  0x00 0x7c 0xa3 0x9b 0x23 0x00 0x00 0x8b 0x75 0x08 0x40 0xb9
before main 12234/33131  00 7c a3 9b 23 00 00 8b 75 08 40 b9
trytime: 5 [PARENT] Max faults reached. Giving up...

trytime > 5
--
before main 12478/33131  0x01 0x80 0x01 0xd1 0xe0 0x03 0x02 0x2a 0x00 0x34 0x00 0x12 0x02 0x3c 0x00 0x12 0x20 0x3c 0x40 0x79
before main 12478/33131  01 80 01 d1 e0 03 02 2a 00 34 00 12 02 3c 00 12 20 3c 40 79
trytime: 5 [PARENT] Max faults reached. Giving up...

trytime > 5
--
before main 15119/33131  0x00 0xa0 0x00 0x91 0xff 0x43 0x00 0x91 0xe1 0x03 0x00 0xaa 0x20 0x00 0x80 0x52 0x20 0xcc 0x00 0x39
before main 15119/33131  00 a0 00 91 ff 43 00 91 e1 03 00 aa 20 00 80 52 20 cc 00 39
trytime: 5 [PARENT] Max faults reached. Giving up...

trytime > 5
--
before main 15130/33131  0xe1 0x03 0x00 0xaa 0x00 0x00 0x80 0x52 0x3f 0x7c 0x00 0xa9
before main 15130/33131  e1 03 00 aa 00 00 80 52 3f 7c 00 a9
trytime: 5 [PARENT] Max faults reached. Giving up...

trytime > 5
--
before main 17515/33131  0x00 0x1c 0x00 0x12 0x00 0x1c 0x40 0x92 0x20 0x00 0x00 0x8b 0x01 0x00 0x40 0x39
before main 17515/33131  00 1c 00 12 00 1c 40 92 20 00 00 8b 01 00 40 39
trytime: 5 [PARENT] Max faults reached. Giving up...

trytime > 5
--
before main 21979/33131  0x42 0x40 0x25 0xcb 0x64 0x40 0x00 0x91 0x21 0x78 0x7d 0xd3 0x63 0x0c 0x40 0xb9
before main 21979/33131  42 40 25 cb 64 40 00 91 21 78 7d d3 63 0c 40 b9
trytime: 5 [PARENT] Max faults reached. Giving up...

trytime > 5
--
before main 23658/33131  0x21 0x00 0x0e 0xcb 0x42 0x00 0x0e 0x8b 0x26 0x1c 0x41 0xa9
before main 23658/33131  21 00 0e cb 42 00 0e 8b 26 1c 41 a9
trytime: 5 [PARENT] Max faults reached. Giving up...

trytime > 5
--
before main 25026/33131  0x03 0x40 0x25 0x91 0xe5 0x03 0x15 0xaa 0x4a 0x7c 0x40 0x93 0x8b 0x06 0x00 0xd1 0x00 0x00 0x80 0xd2 0x68 0x34 0x40 0xf9
before main 25026/33131  03 40 25 91 e5 03 15 aa 4a 7c 40 93 8b 06 00 d1 00 00 80 d2 68 34 40 f9
trytime: 5 [PARENT] Max faults reached. Giving up...

trytime > 5
--
before main 25137/33131  0x22 0x84 0x03 0x90 0x42 0x00 0x04 0x91 0x21 0xf0 0x7d 0xd3 0x41 0x00 0x01 0x8b 0x20 0x00 0x00 0x8b 0x00 0x00 0x40 0x39
before main 25137/33131  22 84 03 90 42 00 04 91 21 f0 7d d3 41 00 01 8b 20 00 00 8b 00 00 40 39
trytime: 5 [PARENT] Max faults reached. Giving up...

trytime > 5
--
before main 25466/33131  0x40 0x01 0x00 0xf0 0x00 0xe0 0x29 0x91 0x21 0x00 0x40 0x39
before main 25466/33131  40 01 00 f0 00 e0 29 91 21 00 40 39
trytime: 5 [PARENT] Max faults reached. Giving up...

trytime > 5
--
before main 26121/33131  0xe1 0x03 0x00 0xaa 0x20 0x00 0x80 0x52 0x20 0x20 0x00 0x39
before main 26121/33131  e1 03 00 aa 20 00 80 52 20 20 00 39
trytime: 5 [PARENT] Max faults reached. Giving up...

trytime > 5
--
before main 26365/33131  0xe3 0x03 0x00 0xaa 0xe2 0x03 0x01 0xaa 0x00 0x00 0x80 0x52 0x61 0x70 0x40 0xb9
before main 26365/33131  e3 03 00 aa e2 03 01 aa 00 00 80 52 61 70 40 b9
trytime: 5 [PARENT] Max faults reached. Giving up...

trytime > 5
--
before main 26377/33131  0x01 0x00 0x01 0xd1 0xe0 0x03 0x02 0x2a 0x00 0x34 0x00 0x12 0x02 0x3c 0x00 0x12 0x20 0x3c 0x40 0x79
before main 26377/33131  01 00 01 d1 e0 03 02 2a 00 34 00 12 02 3c 00 12 20 3c 40 79
trytime: 5 [PARENT] Max faults reached. Giving up...

trytime > 5
--
before main 26455/33131  0x22 0x84 0x03 0x90 0x42 0x00 0x05 0x91 0x21 0xf0 0x7d 0xd3 0x41 0x00 0x01 0x8b 0x20 0x00 0x00 0x8b 0x00 0x00 0x40 0x39
before main 26455/33131  22 84 03 90 42 00 05 91 21 f0 7d d3 41 00 01 8b 20 00 00 8b 00 00 40 39
trytime: 5 [PARENT] Max faults reached. Giving up...

trytime > 5
--
before main 26605/33131  0x73 0x02 0x00 0xcb 0x94 0x02 0x00 0x8b 0x61 0x06 0x40 0xf9
before main 26605/33131  73 02 00 cb 94 02 00 8b 61 06 40 f9
trytime: 5 [PARENT] Max faults reached. Giving up...

trytime > 5
--
before main 27622/33131  0x00 0xa0 0x00 0x91 0xff 0x43 0x00 0x91 0xe1 0x03 0x00 0xaa 0x20 0x00 0x80 0x52 0x20 0xc0 0x00 0x39
before main 27622/33131  00 a0 00 91 ff 43 00 91 e1 03 00 aa 20 00 80 52 20 c0 00 39
trytime: 5 [PARENT] Max faults reached. Giving up...

trytime > 5
--
before main 27660/33131  0x1f 0xbc 0x00 0x71 0x9c 0x03 0x00 0xcb 0x9f 0x03 0x00 0x39
before main 27660/33131  1f bc 00 71 9c 03 00 cb 9f 03 00 39
trytime: 5 [PARENT] Max faults reached. Giving up...

trytime > 5
--
before main 29091/33131  0x00 0xa0 0x00 0x91 0xff 0x43 0x00 0x91 0xe1 0x03 0x00 0xaa 0x20 0x00 0x80 0x52 0x20 0xe8 0x00 0x39
before main 29091/33131  00 a0 00 91 ff 43 00 91 e1 03 00 aa 20 00 80 52 20 e8 00 39
trytime: 5 [PARENT] Max faults reached. Giving up...

trytime > 5
--
before main 29789/33131  0xfc 0x03 0x00 0xaa 0xe2 0x03 0x19 0xaa 0xe1 0x03 0x14 0xaa 0x00 0x00 0x80 0x52 0x9f 0x03 0x00 0x39
before main 29789/33131  fc 03 00 aa e2 03 19 aa e1 03 14 aa 00 00 80 52 9f 03 00 39
trytime: 5 [PARENT] Max faults reached. Giving up...

trytime > 5
--
before main 30403/33131  0xe1 0x03 0x00 0xaa 0x20 0x00 0x80 0x52 0x20 0x00 0x00 0xb9
before main 30403/33131  e1 03 00 aa 20 00 80 52 20 00 00 b9
trytime: 5 [PARENT] Max faults reached. Giving up...

trytime > 5
--
before main 31324/33131  0x00 0xa0 0x2d 0x91 0xff 0x43 0x00 0x91 0x00 0x00 0x40 0x39
before main 31324/33131  00 a0 2d 91 ff 43 00 91 00 00 40 39
trytime: 5 [PARENT] Max faults reached. Giving up...

trytime > 5
