631c4092 6110018b e3164039,3
300a00f0 110a47f9,2
1f280071,698
010080d2 e10800f0 240600d0 800a40f9,2
f30301aa 210440f9,45729
3ffc30f1 24fc46d3,57577
b8820191 003f47f9,1
7f221071,15
221b40f9,122
3f7c12a9,2
6b6100d1 e142218b e00313aa,4
e10400f0 fd030091 f30b00f9,4
5c010bea,1
637c7c93 38040091 416863f8,1
a25700f9,6
5ffc00a9,1
e50315aa e13f40f9,4
b00000d0 11ae47f9,15323
e00315aa f80304aa,1
5a230191 00048052 bfff0fa9,1
61090090 82222491 e00313aa 21a443f9,1
7f061071,1601
e00313aa 83f405f9,1
957a21f8,1
f30317aa a0820191 17008052 00fc44f9,1
7ffc04a9,2
f30300aa 00088052,1
050040f9,2191
213c4092 ff6321cb 3f0010f1 ff0300f9,9
c28c41a9,4
070104cb 603842f9,2
4100018b,29
4570a59b 7fc601f9,1
a4f20079,1
00600991 740100f0 1b4a8ad2 81621b91 9a4a8ad2 b98889d2 98a888d2 fbc9a8f2 3a68a8f2 39c9a9f2 58a8aaf2 160080d2 3b89c9f2 bae8cbf2 7929c9f2 f8e8cbf2 f70316aa a2e30391 bbe8ebf2 1a4aeaf2 d9e9e8f2 f8a9eaf2 a25f00f9,1
ffc30091 f303002a e103002a e2c30091 00008052,1
400100b0 e34740f9,2
9c0b00d1,2
010080d2 c3f604f9,1
82ee07f9,1
842242f9,1275
b00000f0 116247f9,30645
040600b0 030600b0 84203891 63403891 202800f9,1
85040051 a5781f53 85ce258b a5c00191 a9045ff8,54883
0000028b 99621b91 200701f9,1
e24b40f9,1
430900f0 61090090 840900b0 82203091 639c47f9,1
21040091 010405f9,1275
500a0090 11a245f9,1
00801891 b8820191 000c40f9,1
a05b40f9,13
400100b0 f50317aa 17800191 fb031aaa f4030a2a 56f47ed3 f80307aa c002028b e35700f9,122
61090090 82c31d91 e00313aa 21f046f9,1
a1f700f9,1
60db46b9,4
10c20e91,1
a32200f9,1
b70700f0 000080d2 f8ae46f9,14220
750e40f9,1
a20a40f9,1
1700178b 9700178b f902198b 030017cb 2603068a d700038b fa0317aa b90700d0 e00317aa 39af46f9,1
81ee7cd3 a13b00f9,1
f60306aa f70303aa f96b04a9,8
3fff0ff1 400b00f9,12252
c00e41f9,1
060a0090 c6b046f9,2
e10300aa 20d745f9,1
10623d91,15323
60374d39,112
76f27dd3 73060091 3f0013eb,1536
ac9b40b9,4
21d846b9,47
827a21f8,5
600a40f9,8
c2070090 e10313aa 80028052 422047f9,1
e0e30191,1
1f001a6b,5
082401a9,15
14300bb9,1
837f4093 68130091 02008052 010080d2 827a21b8,15321
827c0688,3
770640a9,1134
22fc58d3 5f4001f1,1
a4000acb 848442d3 8404048b 040d048b 860c4079,2284
f51300f9,87
1514168b,187
03038052 a18e41f9,2170
200845f9,1
e20313aa e10314aa f35341a9,6
100840b9,3
5f7821b8,28
e20317aa 630240f9,4
e5931429,45978
a03b40f9,5
240844a9,1
80058052 230040f9,2
21fe9f52 80124039,12
010a00f0 220080d2 020000f9,3
430900f0 61090090 840900b0 82602f91 636446f9,1
e54b00f9,1
ff7f03a9,48
fa0304aa fb7305a9,8
000a00f0 003c46f9,1
2a0400d1 623042f9,2
a122d81a 217c4093 3f001cea,2
800900b0 e79746a9,1
61420091 7f0004eb,1
230100f0 61324d39,6
36040091 df0218eb,2
630240f9,2192
020d0012 f52340f9,2177
590100f0 22830191 e29306a9,1
f7120091 e70319aa f7031aaa f90318aa fa031caa f603142a eacb40b9,32
190700d1 e60318cb 8202198b 170440f9,97
600200b9,1
830100cb 7f3c00f1,3
81048052 fd030091 f35301a9,14
150845f9,2
830340f9,3
c50040f9,1
fd7bbda9,60401
420440f9,140
195879b8,4
2010008b 01fc58d3 210c7c92 000001ca 611c4092 a31c4038,46
617640f9,1
330a00d0 73420591 21600a91 e20313aa 00003891,1
00f47ed3 000002cb 00f07dd3 fa02008b 00800091 0000178b e28308a9,122
431440f9,55164
430400d1 e10302cb 6300148b 630001ea,3
7f061071 a1001e32 00380012 01038052 971a02f9,2112
e0031caa a4b340f9,43
bf7200f9,1
86f247f9,1
000080d2 e07a33f8,2
f70309aa 06f07dd3 2104448b c60000cb 3afc44d3 0608068b 660306cb 40eb7bd3 dc040091 04001acb 7a0304cb 8aeb7bd3 e35740f9,1
e59346a9,15320
810100d0 22008052 f35341a9,1
b30700b0 73822991 e10314aa e00313aa,45974
21e00091 24005ff8,4
211040f9,11305
d90700d0 20eb45f9,45728
3f2c00f1,45
e4ff9f92 e9bf9fd2 ebdf9fd2 ece89fd2 6ac79fd2 070580d2 85fb9f92 e2830391 0400b2f2 0600b212 e9ffadf2 ebffadf2 ecffadf2 eaffadf2 08078052 0700aef2 0500b2f2,1
c10700f0 021080d2 22e805f9,1
400500f0 00c02791,1
a1820191 62020891 83621b91 380800f9,1
001305f9,1
21008052 a0f340b9,1
200100f0 00cc41b9,1
e0031baa fd7b41a9,12
5f000071 a3008052 82008052 5f00016b,319
046861b8,2000
bf7a39f8,1
000180d2 840cc0da 000c448b f30300aa df0200eb,58
3f3000f1,1
8a2c7ea9,15
ff1300b9,5
e20400b0 e10400b0 e00303aa 030080d2 42d447f9,4
e2031baa,45
bf140038,2
16008052 a15740f9,1
025380d2 fd030091 f35301a9,1
240b40f9,1
a07ca69b f35302a9,1
e4fffff0 830100d0 84000091 63000891 c2000090 42a01191 81010090 e00316aa 64ce06f9,1
424000f1,50
f40301aa 640200f9,1
e08340f9,1
9a0800b0 b60800f0 780640f9,1
20007592 81621b91 203400f9,1
a15f00f9,5
250540f9,121770
5f4000f1,136
088400f9,1
020600d0 046400b9,2
6200188b 5f0001eb,4
130100b0 74820191 f55b02a9,1
0e3c0a6d,13
400100b0 03202591 e03b00f9,4
f7031aaa 21f47ed3 210003cb 410c018b e15700f9,2
e05700f9,769336
e10300aa e000028b,82
256862f8,1
9f0205eb,1
00008052 f30b40f9,1
3fc000f1,1
06212691 07008052 c6a00091 c0004039,57
1f0400f9,1
01080051 200080d2 0020c29a 22830091 1fc021eb 267c4093,1
b30000f0 73820091 e00313aa,1
387b21f8,1
200440f9,74
e20301aa 000c40f9,5
10c23b91,15322
823a40f9,11
027d80d2 e00317aa e10302aa,1
fb0300aa,4
221300f9,1
e28f43ad,74
10821f91,1
770840b9,1
a60004aa c60cc0da 420cc0da 630cc0da 4220cb9a 6320cb9a 42fc78d3 40e043cb e10640f9,8
01200091 3f0000b9,1
020c40a9,98
a05340f9,3
060000b9,10
9f0200eb 74be01f9,4
806a42b9,1
e10305aa e00303aa,15320
20008052 429841f9,1
87104039,2272
771e40f9,2
7ffc02a9,2
808803a9,2
fc7340f9,2173
b30640f9,2
e23740f9,11
170f40f2 1a0080d2,94
42602f91 010080d2 850a40f9,4
61090090 400900f0 83090090 62c01f91 008c46f9,1
600900d0 9fff00a9,1
604640f9,1
165401a9,10
630900d0 c1a21a91 e23740f9,1
790900b0 35af46f9,1
440840f9,64517
200100d0 009c44f9,6
ff8314d1 45080011 06038052 fd7b01a9,1
4a0080d2 028401a9,1
d6020e91 005b43f9,1
0000172a a0c300b9,8
e10800b0 220600b0 640a40f9,1
e34f00f9,1
63040091 00e00091 9f0003eb,3
42040091 21400091 7f0000ea 4200048b 22801ef8,12
281c15a9,2
10a21691,4
c10e40b9,2000
801245f9,6
b542208b a0024079,132
630440f9,116
822989d2 010040f9,1
000a00d0 004447f9,1
400500f0 00402891,1
500a00b0 115e41f9,1
3fff0ff1,19161
00000032 20380d39,1
c0d240f9,21
01008092 010000f9,2
010a00d0 220080d2 020000f9,1
41686038,124
15f07df2 c802158b,97
62010090 42601b91 630100b0 a36b00f9,4
213440f9,1
420003eb 030080d2,48
9fff02a9,1
01008052 f51340f9,1
002c40f9,1
00001332 364c47f9,1
07e284d2 03b004a9,1
601e40f9,6
3f7c06a9,2
76c600f9,1
20008052 800f04b9,1
e302038b 034404f9,94
2c0440f9,4700
f503022a,1
9c8b41f9,5
ffff0da9,2191
e05f40f9,3
e00300cb 3f0101eb 00000a8a 4a0000cb 5f0007eb,2
3f1c0071,1
0b0600b0 0a0600b0 26940da9,2
600500b0 00801d91,1
a0420091 43600091 42000191 a37e00a9,1
820a40f9,4
e39309a9,2191
00040011 c00a00b9,32
22008052 63124129,4
640bda9a 06ec1c9b 42f047f9,2
197b74f8,32
10822191,1
10221691,4
e40300aa e81b46a9,97
2000008b e10314aa,2112
bf0200eb,8
000a00f0 004041f9,1
ff6700f9,4
500a00b0 110242f9,1
420001f1 6008803d,344641072
608e40f9,4
240f04b9,1
830800b0 e4a20d91 25008052 e00304aa 632046f9,1
5f0000eb e00315aa 190313cb,8862
2200028b 6300a59b 420004cb 5f0003eb,3
600a00b0 003047f9,1
210402a9,1270
a92f49a9,4
24008052 42dc47f9,1
54040091 8127c09a 41080091 e20314aa f40301aa 00040091 6120c09a e10301cb 3f001cea,1
e10300aa e00313aa 340401f8,1
7ffe0ff1 400b00f9,19161
600540f9,3
01008052 e03700f9,1
23fe9f52 1f00036b,3
ff0201eb,3387
54040091 8127c09a 00040091 6120c09a e10301cb 3f001cea,7
215c48d3 017b3378,4
5f2400f9,1
e30300aa 020100f0 40e847f9,6
5f0002f1 0000803d,30645
7f6e00f9,8
836aa1b8,1998
3f03016b,7
fd430091 a05700f9,1
79a20091 271000d1 1f0300f1 290f40f9,15321
9f0a00f1 a18700b9,1
c4e22991 200080d2 637a41f9,1
1f0005eb,12
06038052 838e41f9,3
014000d1 a3070090 638446f9,45635
02fc02a9,4
000c038b 2608038b,2
053042f9,6
9f040071,13
00600091 01805ff8,51
000080d2 e0064039,3
200100d0 02601b91 000380d2 a06700f9,3
e14340f9,13
00e00091 9f0003eb,1
60d34579,4
400c008b 21040011 f35341a9,767334
f90300aa c1fe40f9,1
00008052 f35341a9,14329
61090090 60090090 83090090 62402091 007c47f9,1
21f47ed3,2
c10000cb 4210018b a18740b9,1
830040b9,2
602c40f9,2
e50240f9,2
013c084e 01000039,1
83f67ed3 6400148b 84f47ed3 840014cb 84f07dd3 c26a64f8,6
154c47f9,1
750300f9,2
a00700f0 00a840f9,45978
62023891 61927539,1
300a00f0 118e46f9,10
600900b0 26ff42f9,1
e60305aa 210080d2 a0400091 a10400f9,1
847c4093 637c4093 8400028b 6300028b 247864b8,7881444
000180d2 840cc0da 000c448b 400700f9,1
00402091 42ac43f9,1
5c0b00d1 e35740f9,2
e10316aa e0430091,1
c60cc0da 420cc0da 630cc0da 4220cb9a 6320cb9a 42fc78d3 40e043cb 20008052 f35341a9,18
01fc58d3 3f0c01f1,2
80003fad,14
0100194b 8007068b 5f00016b,2
00000211 1ffc0571 00008012 220040f9,256
000c0091 21200091 610000f9,1
a0820191 008045f9,1
b8430491 a09300f9,1
211845f9,1
0408c0f2 018406a9,1
00040012 1f040071,2
7f3000f9,2
600240f9,11049
1b0000b9,82
41a0df4c,28
860040f9,66958
822602f9,2
e1e247f9,122
000a00f0 00a446f9,1
4200018b 21040091 40900139,44
f67a20f8,3
b30200f9,40
000a00d0 006447f9,1
f3430091 26008052 60620091 7f0200b9,1
5f00046b,58
2300088a 6ec241f9,2
940240b2 fb7345a9,97
400900f0 39632591 7c0e40f9,1
a0820191 016445f9,1
f30300aa 42400091 620200f9,7
7f1e1071,15
430000f9,2
23aa9c52 d00500d1 88030512 ee030ecb 07008052 180080d2 c90080d2 326aae72 39008052 828eac72 838eac72,4
420900f0 61090090 98090090 94090090 03633991 80622391 42b046f9,1
f71b40f9,48174
540100f0 86621b91 f55b02a9,47
63000191 420001f1,326
410100f0 620380d2 533140f9,1
892c0091 e10304cb 6300098b 290740b9,4
730000f9,1
c2070090 e10313aa 60028052 423847f9,1
42040091 3f00036b 5f0017eb 6300050b 8400030b,2000
0000028b 0000018b 806b28f8,15
21040091 7f0201eb,32
e69f05ad,74
0805088b 210100f0 21e02991 1b0c088b 9f0201eb 580440f9,8
221500f9,15813
892805f9,1
97400091 c55603f9,1
a37700f9,1
f903022a fb0301aa 1f0303eb,40
46f047f9,2
2101012a 816008b9,58145
f403162a f6b340b9,2202
bf000071,3
e10300aa 620240f9,24
010400d1 3f0c00b1,1
9f0200f1 7fc20179,4
3fc024eb,2
031040b9,1
d70600f9,2
253b00f9,1
210040b2 443040f9,5
e0058052 f60319aa 206b3a38,2
61021b8b c2008052 df0201eb 00008052 a21200b9,40
03e041f9,74
29050091 bf01096b,1011
c00a40b9,32
610640f9,6
950000d0 b5623191 940215cb f603002a f76303a9,1
201140b9,1
a60004aa 028440f8,3294
60104039,2191
20fc58d3 1f2001f1,2
23200f91 e2031baa e40318aa 00002e91 05008052,1
84fc44d3 64d70579,4
c2070090 e10313aa 20028052 42cc47f9,1
e24700f9,256
63c20591 3f0000eb,3
027c05a9,4
a5040051 a27c4093 669642a9,1998
21c047f9,1
010a00d0 020a00d0 240080d2 040000f9,1
610a40f9,9
0000018b 602b02f9,2
fc0300aa a01644b9,4
3803178b 3f081071,1138
ff430491 a27740f9,1
1f000aeb,6
7b630091 5f031beb,3401
20db46b9,2173
7b0f40f9,80
e20400d0 e10400d0 030080d2 428c45f9,4
600040b9,87
b5020491 44f87fd3 a53240f9,1
00f07d92 3f0000eb,5654
c00000f0 e10000b0 21000891 007843f9,1
00090090 010080d2 004047f9,1
010840f9,15
013840f9,1
620200f9,74
24008052 21334d39,1
10621f91,8
b5620e91 008c40f9,1
5f3c01f1,4
b40240f9,1
600900d0 994b00b9,1
803340f9,45728
21001c32 81300d39,6
500a0090 117642f9,8
63090090 61090090 84090090 82802091 639843f9,1
f30000f0 60aa40f9,1
f5830291 a1020191 a2620b91 fb7305a9,1
28008052 6b0440f9,1
740e40f9,5
ad213991 8c613991 289c0ca9,1
13008052 200440f9,5
637c40f9,1
02060090 00060090 42803c91 00003d91 04060090 03060090 84003c91 63403c91 228005a9,1
5f8700f8,4
e203002a 81da46b9,1
070440f9,4700
bf8700f9,3
f30300aa b4ce40f9,1
e2b34f39,1
4a050071,4
250040f9,1
020100f0 010280d2 fd030091 f35301a9,1
08682e38,4
fb0315aa,3
800000f0 00e02091 e05f00f9,4
200000d0 00003391 e60300aa 7f161071 a83740f9,1
a00000f0 00600091 a10000f0 21600091 210000cb 22fc7fd3 410c818b ff0781eb 21fc4193,1
a29f40b9,5
10020191,7
e302038b 5a030491 442700f9,1
00038052 e70315aa e603192a e403182a 2553a09b e3031b2a e04740f9,7
810800b0 a2220f91 23008052 21b443f9,1
21400091 00781f53 827a23b8,14383
e10300aa 400900f0 00dc44f9,1
e500058b e400048b 6a080129,21
e00315cb,5
c00700b0 00802991 f3030191 406821f8,1
f30300aa f55b02a9,29
e50a4039,3
a4b300b9,4
300a00f0 119a43f9,4
182400f9,1
e10240b9,2202
10422b91,1
000080d2 9f800039,2
650e01a9,1
752205f9,1
57010090 c1e247f9,6
f8630391 f9230391 e6f348a9,2191
a14b00f9,1
e10300aa a50400d1 00e000d1 220040b9,1
3f0009eb,11305
f76304a9,13
e10304aa 1f2000b9,8
1f01016b 000c0012 840640f9,12
ffc308d1 027d80d2 e10302aa fd7b00a9,1
ff4300d1 f40000f0 96420591 8daa40f9,4
00802991 02008052,45635
5a008052 01070091 21f47ed3 e13b00f9,15321
7f400079,2
300a00f0 11ee43f9,8
9f0200f1 7fe200b9,4
e0e30391 f80317aa fc0306aa f70315aa f4030daa f5031aaa fa0301aa e04700f9,2191
230100cb 7f2c00f1,1
050080d2 04008052 030080d2 01403991 22008052 e00301aa,1
2d3012a9,2
041b40f9,4
01ef7cd3 e26a61f8,1
e00303aa fb7305a9,1
191000b9,1
60686478,1
3f7c16a9,2
e00800b0 010080d2 004047f9,1
0300058b 7f1400f1,30
b00000d0 11a247f9,30644
26040091 00040091 a4c00051 841c0012 9f240071,4
000a00f0 009443f9,1
640800b9,7
a0ab40b9,8
e30300aa e00302aa fd030091 f35301a9,1
f50300aa f7422f91 e10a40b9,429
e53700f9,1
fd030091 051040f9,767335
c1a22791 a0e23c91 e10308a9,1
25008052 21c045f9,1
400500f0 00e02791,1
20fc41f9,1
6001018b 63005df8,4
02040091 5f0400f1,15
21004039,1
40fc44f9,128
00f47ed3,15320
63800191 12488c52 4e0c40f9,4
f56b0da9,3
e003004b 1f000071 0b038052 e703082a 0b312b9b 6b710091 610140b9,4
e40300aa 230080d2 80420291 02008052 010080d2 84004079,1
220080d2 00400091 406706f9,1
000040b2 600400f9,5225
f70301aa f80302aa,1
3f180071,9
666868f8,3
210d40b9,4
410c018b f35341a9,6
a09b40b9,1
3ffc0ff1,58145
a1820191 c2e22991 020c00f9,1
fd830091 aa0840b9,2191
e00900b0 001440f9,8
f40300aa a10a40f9,32
231040f9,1
a00220d1 000041b9,45974
18f47ed3 fb031aaa 00f07dd3,15321
a1070090 fd030091 215447f9,45966
01f444f9,1
610240f9,2388
e203062a e30301aa,28
25c741f9,1
210400d1 3f0000eb,32
e7040011 c6e00091 ff540071,1197
02f77ed3 e33f40f9,15320
3f0c40f2 20400091,332
f603062a a90440f9,2177
3ffc01a9,1
580440f9,1
65334d39,2
820003cb 634000d1 424001d1 600001ad,1
261c41a9,9
a46000b9,4
20bc42f9,1
0800178b 016877b8,15320
80230091 000040b9,27797
e2af88d2 600740f9,4
fd030091 e01700f9,6
250840f9,4
73620091 5f0313eb,1138
640000d0 192080d2 9c403991 220080d2 20b980d2 1a0080d2 15028052,1
221000f9,11305
e15700f9,7
21e00091 1f0001eb,28
200100d0 a19b40b9,1
734200d1 940600d1 a320d41a 637c4093 e10319aa e0031aaa 000400d1 21400091 7f0000ea,2
203f40f9,1
9f0e00f1,1
827a21b8,15305679
a00000f0 a35f40f9,1
200740f9,1
741e40f9,2
000a00f0 00b442f9,1
600a00b9,9
d6820c91 004846f9,1
a18b40b9,7
bffe01a9,1
e05341f9,2
6300018a 840400d1 6300098b 6300048b 6300018a 7f0000eb,4
f48700f9,3
20018052 a1230191 020080d2,4
f30300aa 403040f9,1
2004018b 450440f9,3
000700d1 61010090 22601b91 4c2b40b9,4
63090090 61090090 84090090 82801f91 63d847f9,1
3f6800f1,52
9f0200f1 0a2c40f9,1
424002f1,1
10420691,1
500a0090 11f641f9,1
18633991 004842f9,1
210a00d0 400600f0 fd030091 f30b00f9,1
e00316aa 9402158b,21973
200700b0 00002591 df0200eb,128
ff4300d1 a33f00f9,1
0c34096d,13
211c0012 03ec7c92 0000803d,10
88247fa9,21
010740f9,97
f57a20f8,3
3ffc03a9,1
711ca54e 921ca64e 311eb24e 31bef14e 233e084e 631c274e 841c274e a51c304e c61c304e 711ca54e 921ca64e 31be324e 31be324e 233e084e 428000d1 6300c0da 7f0040f2 4004438b e00313aa,2
b8430491 e20318aa e1ffffd0 1f000071 21c02b91 e0ffffd0 00200d91 a31301b9,1
3f0013eb,45975
61010090 1f000039,2
760e40f9,1
f35303a9,2191
e10316aa 43000191 42600091 038c00f8,1
a10700d0 21802991 9f0201eb 220340b2 610a01aa 210040b2 a10600f9,31413
936b6178,7
000600b0 100600b0 34bc07a9,1
fd7baea9,6
eacb40b9,3
e18640f8,1
c1020e91 200840b9,1
1a000090 1f0400f1 5a032191 17008052,5
21040012 3f080071 190c00f9,82
b51b01b9,4
410900f0 60090090 83090090 62202591 00c044f9,1
0300048b 7f1400f1,5
5f0001f1,15
4200008b 220400f9,6
a65340f9,2
3f0801f1,1
643302f9,2
24040011 010080d2 9f00026b,1
4a0100d0 47810191 860000f0 810000b0 c6801f91 21a02191 84f27dd3 e90306aa 25600091 28200191 02a00091 eb0280d2 030180d2 06fc00a9,1
80009f3c,1
bb0700f0 60832991 7f0200eb,97
40234039,4
c10840f9,15803
400440f9,27799
e00313aa,41736
400500f0 00a02791,1
200043f9,1
f60300aa f44a40f9,10
a25f40f9,1
200400f9,42
b602178b 1f7c00f1 734600d1 c00640f9,45974
f503012a a16877b8,767335
000180d2 840cc0da 000c448b fa0300aa 5f0700f1,2
c13640f9,26
e00a00d1 f4ab00b9,121
07a800a9,70
e00800f0 001440f9,2
610e40f9,12
621240f9,1998
e10300aa c81a80d2 e20000b0 1f0001eb 40cc00f9,1
1f0001eb b65340f9,6
24801891 00d847f9,1
7b0e40f9,15320
e37300b9,45979
020080d2 010080d2 63400091 e3b601f9,1
b702178b f70240b2 583040f9,2
20018052 e10313aa a25700f9,1
401740b9,4
630cc0da a50cc0da 7f0005eb 000080d2 817a60f8,1
fb0300aa 06230091 c0704079,4
030440b9,2
4a031c8b c0008052 df020aeb ff6f00b9,8
200840b9,3
24008052 210c42f9,1
7f00166b,767334
3f040071 7f040031 f702002a,35
87e407f9,1
010080d2 5ff40071,1
1f0006eb,51
614e02f9,1
ab1000f9,8
03078052 c5704079,3
9f020171 006c47f9,1
02fc03a9,4
fd7bb5a9,769346
81c01fb8,2
a04e218b a03b00f9,1
00800191 0207188b e30317aa c102048b f70318aa fc031aaa ea0314aa 21f47ed3 f4ab40b9,81
e70307cb 238440f8,1019
9f00056b,242
3f00006b,332
e00319aa f96b44a9,1
770e40f9,2
21ec44f9,1
19008052 a2634179,1
a6ab47a9,4
60010090 00cc41b9,8
ff4700f9,2191
25008052 212445f9,1
82080090 c1420c91 831245f9,1
e2af88d2 82c9a8f2 4220c0f2 2260e0f2 1f0002eb,2
e00000b0 e10b42a9,12
6100044b 3f000071,15320000
34010090 000c0012 1f280071,74
f60301aa 151040f9,2
1f7c7df2 00fc43d3 7302018b,4
870b40b9,21
34f07d92 f76303a9,45729
22800239,1
a18309a9,1
b34242f9,2
250940f9,4498
e10301cb 604a42f9,6
bf0200f1,1
80080090 b5820a91 740640f9,1
03304d39,12
f35302a9,1
03c40191 001047b8,4
a05740f9,4
f30300aa 407041b9,1
240c17a9,2
3bcf03f9,1
07008052,4
64000191 63600091 048c00f8,2
420047f9,1
000002eb 020080d2,1
410900f0 400900f0 83090090 62e02491 00b847f9,1
824240f9,6
e28f03ad,74
177f03f9,1
f703142a,1
300a00d0 11b647f9,4
80031e12 a0db00b9,4
040041f9,74
000a00f0 00e440f9,1
9f0000eb,331
23e741f9,1
5ffc10a9,1
10021c91,1
fd7bcea8,7
500a0090 11ba44f9,1
bb030391 a19b00b9,1
e09f40b9,12
a2420091 200080d2 0320d79a 6102028b 9f0303eb 0003008b 9c0303ca,1
e14b40f9,4
a2222591 c1ee7cd3 e00319aa 420c40f9,43
853a04b9,2112
f60302aa 010040f9,1
430480b9,767337
810c40f2,1
730200cb 9402008b 610640f9,11032
f30300aa 208041f9,8
61090090 82022991 e30300aa e00313aa 218843f9,1
020080d2 818604f9,1
230440f9,6
fc0301aa fb0305aa 090140f9,8
e48f46a9,1
f90305aa ffc300d1 fa03062a fc03072a 000080d2 a15f00f9,4
730e40f9,12
7f0e40f2,45729
b40700b0 948646f9,1
823340f9,27797
0000018b 00001b8b 003c0091 01bc7092 00ec7c92 e16321cb ff6321eb,4
10e20e91,1
00040091 e04700f9,4
9ffe0ff1,42013
83024039,57
350700f0 b5620291,128
a94f00f9,4
300a00f0 116e40f9,1
241040f9,55168
800241f9,8
a4400091 220400d1 43e87bd3 836863f8,9
a51c4092 a110018b e0124039,3
621c4038,56
39030bcb e10319aa a94700f9,4
60060011 010380d2,1
021040f9,64811
6300018b 210300f9,1
286825f8,2
610900d0 622040b9,1
805b3878,2
200800f9,2
e0031caa fd7b42a9,2191
a50c4079,2177
c3010d8b 230100f9,1
810640b9,2
e703162a e603172a 081047f9,4
188c40f8,8
0f020d8b ef010e8a afb400a9,8
020a00d0 236866f8,2
10623c91,1
e01f0391 e05700f9,4
aca300b9,12
804e42f9,6
0a008052 0c008052 30008052 f1e18452 4d0080d2 7f0100f1 000d198b 410440f9,33494
7f0800b1 131c05f9,1
a0020191 210080d2 00ec7cd3,1
a01240b9,132
601e00f9,1
9f0002eb,39
61ba40f9,3
03008092 400043f9,1
ff6300b9,97
f40300aa ff0200f1,2
420f40a9,1
1f0000f1 a05740f9,6
e303012a e10302aa 607c4093 080a80d2 1f0440b1,5
a47f00b9,1
e20318aa 73060091 e10317aa e003162a,3
59040091 e103032a 9702198b 000080d2 e2088052,57
03547092 e36323cb 00847c92 ff6323eb,1
f90300aa e30314aa e1031aaa e2031caa e0031baa a37b00f9,12
73060091 b5060011 9402138b 81024039,9
24040051 e2ea40f9,1
530440f9,4
7f0018eb,767337
017d80d2 048800a9,1
617c05c8,39
5f0801eb,81
780640f9,15321
e1031caa e00315aa 830000f0 a2038052 63c02091,1
81ca40f9,7
020600f0 010600f0 e00303aa 030080d2 420045f9,4
f80313aa f30316aa 73060091 f6031caa,35
0801008b 000940b9,5
80ee7cd3 01bc7092 e16321cb ff6321eb,1
220c00f9,64611
a13b40f9,1
e61f01a9,74
0100fe92 e00316aa df0201eb,2
e12f40f9,2
f50300aa 160100b0 c0820191 f35301a9,2
f40303aa f55b02a9,6
f50000b0 f35301a9,5
040040b9,4
481c80d2 1ffc3fb1,10
5a0317cb 40141a8b,38
161840f9,128
c122c11a 200300f9,1
02040091 e3430091 e10314aa e00303aa,4
7c010090 9c330791 e0031caa 14a30091 fc0316aa f60313aa f30318aa f80300aa 807a76b8,43
00781f12 603a0d39,6
61090090 82a21e91 e00313aa 21dc44f9,1
26004039,4
5f4400f1,20
400003cb 7b0f40f9,15
7f02006b,153
bc0700f0 9a820191 9c030491 a00700f0 120080d2 00802991 e03700f9,1
000a00d0 00e446f9,1
177b20f8,4
e10300aa 005b43f9,1
f50307aa fb7305a9,40
e00301aa,15322
20008052 21d843f9,1
7a7a20f8,1
df240071,246
852400f9,2
c000038b a05700f9,4
fd7bb4a9,45980
10220c91,4
01e31b91 b54a40f9,1
e50309aa 411440f9,11305
260040b9,10
400900f0 001045f9,22
216c40f9,2
405f45a9,122
490840f9,66958
8b0400d1 9f0000f1 6b010c8a 643b02f9,2
f7820091 f702028b f702068a ff0200f1,93
3f8000f1,9
10e20391,4
a0820191 220840f9,1
451801a9,58145
600700d0 000047f9,1
a014018b 21040091 00400091 a10400f9,9
740014cb 544404f9,5
200040f9,6
210c0012 3f280071,3
660440f9,1
e20317aa e10316aa e003152a,16
b00000f0 116647f9,4
000440f9,73
a6ab48a9,4
f80300aa,10
400003cb 731e40f9,99
a0c340b9,8
fc031aaa fa0317aa 1b483b8b f87300f9,2202
21400091 00781f53 1f00026a,82997
00430091 140700f9,97
e2040090 e10400b0 e00303aa 030080d2 428046f9,4
eec88952 090080d2 ae0aa072 8f0180d2,1
028800f9,1
81ca03f9,1
e00313aa 83ec05f9,1
186746f9,1
94060091 bf0014eb b5420091,2
03800191 02402191 e10303aa 210401a9,1
150100b0 b5820191 f35301a9,1
613240f9,1
213c4092 020180d2,4
e61b40f9,48
82090090 3f0000f1 fd030091 427847f9,1
0000803d,1
14f447f9,2
e70319aa f7031aaa f90318aa fa031caa f603142a eacb40b9,2170
a35340f9,9
22008052,5
ff030491 858f40f8,18
25008052 213042f9,1
6300014b 6300054b,2000
600900b0 00bc44f9,48
84c00011,1177
850800b9,4
250340f9,1
00001a8b 621000b9,6
f35301a9,1674886
e20400d0 e10400f0 030080d2 428046f9,4
22060090 21060090 030080d2 42dc42f9,4
00400091 609c04f9,1
657860f8,4
050280d2 e90305aa 060080d2 040080d2 080080d2 6c8541f8,1
00001ccb 410100d0 a06f00f9,43
09038052 000440f9,5
0d0600b0 0c0600b0 2aa40ba9,2
e4f603f9,1
1f0840f2,1104
9c820091 9f0315eb,97
010841a9,64517
fb0300aa 08004039,2191
233000f9,1
3f4401f1,2
73ee7c92 d70700b0 637e0453 e0ea45f9,45979
682402a9,10
e1a30191 020080d2 60008052,1
813a04b9,2
5f200239,1
730a40f9,6
10e23791,1
01840ba9,1
63c20591 213c0091 20ec7c92 600400f9,41
a11200f9,5
f50304aa f603062a f76305a9,2191
60c641f9,2
f70304aa 7f000071 f96b04a9,47
61420391 e00313aa,8
00400091 801605f9,1
540900f0 400900f0 81ae43f9,22
022403b9,6
090080d2 010080d2 2cfe9f52 0e9c41f9,1
210080d2 010000f9,40
00008052 fd7b42a9,18
9fff01a9,1
22d447f9,1
a1ab40b9,4
61090090 82622391 e00313aa 211c45f9,1
033000f9,1
e33b40f9,1
300a00f0 11fe46f9,1
e103042a e60305aa 420802a9,37266
4000008b e24b00f9,2
98f07dd3 e04640b9,1
f9031a2a fb031a2a 22001a4b 01008052 5a070011 42f87fd3,4
25cb41f9,1
f55b44a9,4382
000080d2,3
600340f9,9
1f000071 9402002a e003142a f35341a9,1
f503012a 80f844f9,1
001840f9,1
008c45f9,1
000013cb 620a01aa e10a40b9,5225
4efc41d3 26004039,4
030900d0 047c01a9,2
210100d0 bf7f10a9,4
612a42f9,2
110600b0 240c04a9,2
9f0201eb,8813
22230091 000080d2 01ec7cd3 00040091 a35740f9,1
fd7baba9,1
20a01a39,1
3f001aeb,10
21400091 20409f3c,498
f50301aa b60800f0 42400091 c3020b91 f35301a9,1
f60305aa f76303a9,6
634e42f9,6
21800091 bf0101eb,92
f7031b2a 7a02158b 8027db9a 7b070091,7
200100f0 00800191 832642f9,1275
21400091 7f7c01a9,4
f30300aa f40301aa,8
00e00091 01005ff8,1
61f77e92 7f0301eb 21040091,2
620a00b0 420047f9,1
5f8000f1 2400028b 0500028b,30645
e23b00f9,1
011040b9,86
810f40b9,21
22632591 80421e91 24008052 212044f9,1
00040091 1f6800f1,52
81020a91 a20800d0 42400591 e0fffff0 00c02d91,1
13040051 737e7dd3 84fe41f9,1
df02016b,42
e73f00f9,45979
f00300aa e08742ad,74
e00100cb 417820f8,6
5fe00179,1
02040011 01787cd3 20008052 457c0553 21800191 a6600891 447c0553 0020c21a 8102018b 827a66b8,24815
10221391,128
1c008012 bf030091 e0031c2a f35341a9,43
e30317aa e20316aa e103152a 806873f8,6
61090090 82420291 e00313aa 217047f9,1
e10300aa 62fa7fd3 a04340f9,2
0004008b e403152a 4b0340f9,4
200500b0 006840b9,14327
640900d0 07e847f9,1
f703032a a8104039,2177
f30301aa 340040f9,1
80220091 f23f0ba9,429
94fe4393 130080d2 a37a73f8,1
5a130091 e303162a e10315aa 027861b8,1998
a7f01f38,4
e11740f9,8
611340f9,10
830080d2 a20080d2 010600b0 000600b0 21403291 00a03291 f35341a9,1
61090090 82232291 e00313aa 21c844f9,1
09840ca9,1
e00314aa 948a41f9,1
e0031caa 42c00091 a4820191 e80308cb 16008052 070080d2 060080d2 8c8eac72 8b8eac72 2a0080d2,1
61f800f9,1
f30300aa 20406b39,10
e00305aa e60301aa e50302aa 7f00156b,767334
2100028b 4200038b 5f0016eb e18b40f9,1
63090090 61090090 84090090 82402191 63a047f9,1
02a001f9,7
a60004aa,192
5f1c0071,2
c40303ca 1d1005a9,13
73621b91 604e40b9,1475
10421d91,8
f30300aa 1a000b8b 990240f9,12
f30300aa 02805ff8,45966
6200018b a20400f9,3
9f0213ab 8002138b,97
a1230391 a2830391 a14700f9,6
01833891 3b0400f9,1
10820291,4
e00313aa 210440f9,29
10620391,1
010740b9,1
567700f9,1
61020712 a19300b9,6
8400008b a500008b 230400d1 e00301cb 6300048b 6300008a bf0003eb 9f0003eb,4
610840f9,1
a60c40f9,36114
800800b0 b60800f0 780640f9,3
200600b0 00600291 220802a9,1
643702f9,2
440008cb 660008cb 850006aa bf1c08ea,27
620b40f9,15
410900f0 211440f9,1
500a0090 11c642f9,4
e1164039,3387
a06f40b9,1
f35342a9,14
880900b0 05e042f9,1
e2124039,3401
56000090 d6c60391 b40240f9,1
300a00f0 119a47f9,1
800800b0 b50800f0 770640f9,1
fd7bc3a8,14436
fd830091 f35303a9,2191
281f41f9,1
a09340b9,3
807a33b8,256
a3020191 b5620091 038c00f8,1
b6010a8b ff0600b1,4
900100b0 110240f9,12
5fff00a9,1
fd030091,14333
800900b0 63cc45f9,1
59010090 00040012 1f080071,2173
6c3484a9,9
f80300aa 1f0700b1 60832991 e81b46a9,94
030080d2 f51300f9,1
300a00f0 11aa44f9,4
f00305aa fd7bc4a8,6
600900d0 022c41f9,1
612e40f9,1
b88340f9,4
4b0440f9,6
761e00f9,2
fb7345a9,1628508
017001f9,1
6c2b02f9,2
600000b0 00402891,1
967c4093 04c31fb8,2
234744f9,94
06008052 a09300f9,1
e003012a 00001cca ff0740eb,5366
600900b0 001045f9,48
500a00b0 118240f9,1
c2658ed2 030440f9,1
007040f9,1
400c4079,2
3f7c08a9,2
7ca20091 9406018b 9f0200f1,2
430c018b 63200091 900100b0 10820191 000240f9,1
bba30391 e10319aa e2031baa e40318aa 23230f91 070080d2 06008052 05008052 a00000f0 00a02d91,1
81010090 21d846b9,1
fa031baa 750100b0 010080d2 186880d2 bfce01b9,4
f30000b0 f40300aa 62ba40f9,41
610340f9,6
013c084e 010000b9,2
e0d30391 e04300f9,2191
40630291 00204039,2
402c40f9,3
4000008b 200400f9,1
f90300aa e1060051 2003158b 350080d2 a18300b9,1
611e40f9,2
f35341a9,856940
440040f9,1
ba0700f0 40030491 f30301aa 010840f9,429
400600f0 00c02c91,1
e40318aa 070080d2 481c41f9,1
000a00f0 00d440f9,1
2300030b 277c4093 63040051 3f00036b 637c4093 608642a9,2
f40301aa f30300aa 210040f9,8
bf8b00f9,6
1b1d04f9,1
69411191 870101cb 662942f9,1
e10800b0 83800391 000080d2 214047f9,1
1fa80071,8
5f7c00f1,4
608a42a9,1998
e00305aa e43700f9,15320
620a40f9,173
211c1853 017b3378,8
e07f40b2 3f0000eb,3
3f7c09a9,2
c26821f8,80
710840b9,1
1f7c01a9,2
813240f9,14220
220c40f9,331
820800b0 e1c20c91 831245f9,1
010080d2 a50240f9,1
5a2000f9,1
3f7c17a9,2
e003132a 7ffe0171,128
9c090090 220800b9,1
ef210691 cea10691 2cac0aa9,1
490500d1 29010aca 6b0109ea a5080091 c00445cb ff0000f1 1f0000f1 e2040090 e1040090 42c846f9,1
167b34f8,32
e0bb41f9,1
000a00f0 003845f9,1
600bdc9a 42010090 e15740f9,2
500a0090 11e643f9,7
e2090090 210080d2 010000f9,10
020080d2 010080d2 63400091 c3aa01f9,1
00008052 620100d0 42801891 830440f9,1
3c600d91 1f0400b1,4
e00704a9,74
e00315aa 9fa601f9,1
2208018b 25010090 a5800191 04000090 42f47ed3 410001cb 82603891 a17861f8,1
e70301aa 61c601f9,2
25004039,46
602f40f9,4
500a0090 111645f9,8
d57a21f8,1
5f6400f1,6
620440f9,43
2100048a 4027c09a 617861f8,4697
a20900f0 830080d2 941e47f9,10
62090090 61090090 94090090 9a090090 83623f91 40832491 42c040f9,1
e10304aa 02f37dd3 e0031caa e59306a9,15321
000100d0 5900078b 820b4079,21
fb7305a9,815230
f40301aa 130080d2 410100d0 21202591 f55b02a9,1
0c3400a9,1
200a00d0 00400c91 210a00d0 21400c91 210000cb 22fc7fd3 410c818b 21fc4193 9f0213eb,1
ac343fa9,15
806861f8,1
7f800039,2
8100df3c,30644
953240f9,5654
fd7b42a9,122
7f0200f1,102
042c4092 e8c300b2 9fc03ff1,97
95fa07f9,1
83300d39,1
a002000b 00200091 f55b42a9,10
646f01f9,1
260840b9,12
24fc52d3 9f0800f1 84f00111,23428
1500018b 00686178,21
f7031b2a 7a02158b 8027db9a 617f7ed3 7f830071 21403b8b 7b070091 c106018b 21e00191 400300f9,1
60fe60d3 7f0e1071 f603132a 8b03088b 1504008b 007b6078,3401
2bb040a9,8
a39f00b9,1
c4058052 00090090 86058052 03090090 220600f0 24840039,1
f7020052 1f00176a,1
f5060011 1f5b37f8,4
000a00b0 176c47f9,1
10c22591,1
24008052 420844f9,1
f30300aa f96b04a9,1
97621b91 61fa42b9,1
005b37f8,8
80010090 b7000090 f35301a9,1
e00200f9,2
827e40f9,6
2e008052,1
212b43b9,4697
638640f8,12
42fc44d3 22d70579,1
f8030caa 4413048b a5081e53 452ac51a a50c0012 852800b9,8
f90300aa fb7305a9,1
040a00b0 0802c0d2 fd030091 f35301a9,48
5f00076b,1
e00314aa,204
10c22191,1
5f001beb,769335
a03240f9,1
1f3b00b9,1
10620b91,1
62090090 61090090 97090090 94090090 e3223b91 80c22391 424047f9,1
ff4300d1 a34300f9,4
e00316aa f35341a9,1
80420591 8daa00f9,1
20fe9f52 62104039,3369
500a0090 114641f9,4
00008052 1f1c0072,1
580c40f9,429
5f6800f1,4
94621b91,1
f30300aa 402040f9,1
b70800f0 006044f9,1
7f7e02a9,42014
80c600f9,12
00380012 7f02006b 2140228b 20084079,80
c60cc0da 420cc0da 630cc0da 4220cb9a 6320cb9a 42fc78d3 40e043cb a0ba41f9,57
42734079,23
10023b91,30645
e1c20e91 821245f9,1
a50c0012 bf100071,9
e20f43a9,74
208c40f8,56
810301cb 610200f9,1
3f0000f1,2
10021f91,14
a5040012 2c0840f9,2
200100d0 00d846b9,6
00008052 81621b91 200440f9,1
f50300aa 60324eb9,1
c00a168b e7800191 62620e91 810080d2 00f47ed3 61de01f9,6
1f031beb 1f0300f1 641640f9,15321
495402a9,4508
3f2001f1,1
0e0c4092 03ec7c92 2c3440a9,1
e30300aa 200040f9,2
428000d1 6300c0da 7f0040f2 4004438b e00313aa,2
007ca39b 2300008b 750840b9,2170
e103002a bf0004eb,4
742200f9,1
20008052 423447f9,1
1f0000f1 f30b40f9,24
500a00b0 117e40f9,4
00401f91 7b400091 bffe02a9,1
63090090 61090090 84090090 82c02091 639041f9,1
611140f9,3
36008052 0e0840f9,1
a04f40f9,14
f7030aaa f96b06a9,2191
a94b00f9,4
140400f9,4
0d2443b9,1
a61c3da9,1
200c014e 0400028b 5f0002f1,4
020080d2 010080d2 63400091 c3c201f9,1
e20400f0 3f0000f1 fd030091 421044f9,1
e2230091 840100d0 84c841b9,1
a0420091,1
3f000071,58
6004803d,344641081
e0230391 ff7300b9,4
01078052 fac30091 0008a19b e10302aa 1f0002eb,4
7b0900d0 75f742f9,1
3ffc02a9,1
21008052 e00314aa 948a41f9,4
7f6800b9,3
41030491 62832991 20008052 212440f9,3
240800b9,3
a00241b9,4
335040b9,1
84000491 42000891 046823f8,1
420447f9,10
0a0040b9,21
21400091 e1da01f9,1
fa03132a 600000b0 00a01091 fb3700f9,12
800800b0 b60800f0 770640f9,2
600440f9,14243
213740f9,1
7fbc0139,2
e61f41a9,74
617820f8,23
60184039,4
21f07d92 3f4000f1 4400018b,66958
300a00f0 119645f9,256
24cf03f9,1
000a00f0 007847f9,1
e41702a9,74
c2070090 e10313aa 20008052 425847f9,1
e00313aa 830406f9,1
1aa041f9,1
c2008052 e10314aa,48
17008052 00801891 000840f9,1
621447f9,1
1f000071,39199
f30301aa f40300aa 210440f9,111
f90300aa 9f7a33f8,1
450440b9,1
5500008a 9f0215eb,332
400100b0 1b800191 e04b40f9,122
e1031caa 001c47f9,1
10422891,2
210400f1 f96b44a9,2
60832991 000440b9,94
fb2b00f9,1
42e00d91 7f0002eb f60300aa,1
600640f9,106782
220c02a9,901
803f42f9,3
45a00091 840040f9,1
430900f0 420900f0 e10313aa 80090090 63d840f9,1
607341f9,4
605240f9,5
609640f9,2
f40300aa 003440f9,7
18430691 a00e40f9,32
5f7c01a9,2
e20300aa 00040091 3ff40071,585
ff0218eb ff0200f1 7b1640f9,2
9aec1a9b 8aeb7bd3 223400f9,2
80fa42b9,1
211540f9,22610
22030090 e10300aa 42c446f9,128
bf00006b,3383
b8222591 03230091 02430091 f35301a9,1
650800f9,2
e142218b e00313aa,42
24008052 219846f9,1
a50108f9,1
601a00f9,1
02084039,1
1f080071,5
f503012a f60302aa 010440f9,6
e16b40f9,74
e10314aa e00313aa,429
2000c03d,30645
a60004aa c60cc0da 420cc0da 630cc0da 4220cb9a 6320cb9a 42fc78d3 40e043cb 730640f9,9
e20300aa 226b37f8,1
603b40f9,4
a122d79a a15700f9,1
e70315aa f60300b9,2191
f76305a9,2191
e50300aa e203062a e30301aa,2
211000d1 3f1000b1,2000
230002aa fd030091 f35301a9,4
e1a20d91 200840b9,1
600100cb 417820f8,24
216860b8,7881444
900100b0 111240f9,18
817240f9,6
05008052 260c40f9,1
620e04b9,6
3f0013eb da0800f9,66958
e19740f9,1
443c4092 020040b9,1
f40300aa 168400f8,4
7f0b00f9,2
020080d2 010080d2,1
e10300aa 400900f0 730e40f9,1
012403b9,1
01008052 e0630191 e38b04a9,12
e003132a 7f621972,256
61121051 7f0a1071 813a44b9,1601
a00a40f9,40
f60300aa 550100b0 208440a9,1
774f40a9,12
061440f9,1
0000198b 206b37f8,1133
620240b9,82
207340f9,1
e20300aa 1f0400b1,3
210000cb 651140f9,4
280840f9,6
81f07dd3 63202691 210004cb 5f0000f1 21f07dd3 6000018b 00a04039,18
e08740b9,4
a06b40f9,4
ff0400f1 9f0400f9,2
c0070090 007447f9,1
63a045f9,4
6b813991 4aa13991 227400f9,1
e00317aa 210080d2 767824f8,1
230040f9,48
64ffff90 63200091 84000391 3f0400f9,1
a0b340b9,9
21200091 5f0003eb f70600d1 a52000d1 3f03176b,6
a60004aa c60cc0da 420cc0da 630cc0da 4220cb9a 6320cb9a 42fc78d3 40e043cb a0ba41f9,14
649402a9,1
3f7c0da9,2
807e5f88,10
020301cb e0031c2a 4103018b,4
47010090 748a01f9,6
500a00b0 116642f9,128
e0777fb2 5f0300eb,15321
e10300aa 409745f9,1
83080090 c4020e91 25008052 e00304aa 63f446f9,1
9f0600f1 7b0640f9,1
003440f9,2
67fe46d3 6dfe49d3 e0c00011 e3031029,1
a0820191 011c45f9,1
010a00b0 20402591 df0200eb,1
ed8740f9,2191
10421e91,4
a26340f9,2
400500f0 00802791,1
023080d2 e00303aa 01008052,1
200140b9,4
5f0002f1,16
213c44d3 40000090 3f0434f1 01000391 200000f0 00003291 e60300aa 7f161071 a83740f9,1
a0f641f9,4
a5830ca9,4
25008052 218041f9,1
b5020d91 009047f9,1
f90316aa e70315aa f603182a ec0314aa f56b4da9,3
940200eb,5
e23f40f9,1
01008052 e00313aa 00c00b91,1
10021091,1
851008f9,1
ba0700f0 436f47f9,45729
017875b8,1998
a20f11a9,2
1f040071,826
200100d0 f30b00f9,6
5fff01a9,1
e00304aa f35341a9,45978
c002158b 000440f9,42013
850003ca 053400f9,13
020800f9,6
61090090 42832491 e00313aa 217844f9,1
63b844f9,1
424001d1 2e0c4092 21ec7c92 03000ecb 42000e8b 200cc13c,30645
00d846b9,21
00040091 400005f9,2191
f30300aa 230040f9,8
c90840f9,66958
428000d1 6300c0da 7f0040f2 4004438b e00314aa f35341a9,5
e20b1029,45978
6802621e e30300aa e2031baa e10314aa e00317aa 680000fd,384667
00200853 410a00b0 fd7bc1a8,1
150440f9,8
ff831091 601200f9,12
021000f9,52993
202f43b9,4697
e23700f9,6
a00e40f9,40
e10e0051 0020c19a 36008052 c122d71a a16f00b9,1
041d04f9,1
1f7c02a9,30808
210c40f9,14243
fd7bcaa8,45859
6003188b 63820091 872f46a9,33494
b96a38f8,31413
e43740f9,15320
7f6000b9,2
000a00d0 005c47f9,1
03202591 e60315aa e5630391 e4230391 63800091 e00313aa 47008052,4
41686078,5
60682478,1
a20a00f9,1
a25300f9,1
a21640f9,1
fc0300aa e00314cb 1f0013eb,45729
0000074b 1f00016b,767335
000a00f0 001841f9,1
7f600239,2
00f07d92 21f07d92 e7f07dd3 028440f8,1019
87c05fb8,10
10020091,16
62f27dd3 a65300f9,2
1f010aea,96
84dc0111,14336
604740f9,4
790900d0 22ff42f9,1
027c04a9,4
01ac07a9,1
80f607f9,1
21dc0111 e1a300b9,45978
b65740f9,1
600a00f9,9
c00000cb 827820f8,3
a00b0da9,3
80202691 f70302aa 81e047f9,1
10623491,10
b60a00f9,2
24008052 42a445f9,1
801242f9,1133
22041f12 5f180071,48
00380012 5f03006b 9c43218b,9
24008052 218043f9,1
00400391,8
747600f9,8
e2a21f91 dffe00a9,1
807a40f9,6
4200018b 21040091 40280139,72
10620291,4
ab4f00f9,4
9c0800b0 b70800f0 780640f9,1
20a341f9,2202
a5400091 880040f9,1
155801a9,13
f803162a f60319aa f9031b2a fbb340b9,3
000a00f0 00b040f9,1
65844029,6
8000008b 607301f9,4
803c42f9,15
a1820191 200c48f9,1
400bc29a 00e8029b 3b7860b8,2204
5500038b 62008052 e10315aa 050080d2 04008012 000080d2 43048052,3
960700f0 d68646f9,4
db060091 7f0318eb 21040011 017835b8,1998
f60301aa 7f7e00f1,45979
e07f40f9,1
781e40f9,15321
60631b91 002040b9,4
0000018b 60cb01f9,4
1f000071 9402002a 60364d39,6
00040011 200800b9,8
610100d0 00340091 201c03f9,1
020080d2 817a04f9,1
010080d2 e00313aa,2
31623891 3ec006a9,1
000400f1,15320
e23b40f9,1
a2f30339,1
080080d2 81de40f9,6
ff430491 e40300aa a82f4ba9,2112
e00313aa f30b40f9,1
f30300aa a0da46b9,4
029400f9,1
80060091 600a803d,2
020040f9,150
a03740f9,1
e08740f9,1
a0e22991 b5e22991 21001e32 449403a9,1
8100018b 032c03b9,6
0000048b 000001cb 606f01f9,3
f55b03a9,12
990900b0 35631e91 dffe02a9,1
bf00036b,3
9f0000f1 20fe9f52 020080d2,74
f00302aa,1
d6021a8b b502148b 1f0316eb,132
609a40f9,1
760900d0 c2ea40f9,1
210400d1 64005ff8,1
eb031aaa 00001a32 60370d39,4
05044039,4
420000d0 42002591 43e00191,2
651440f9,1
210080d2 e23700f9,1
160016cb 62e201f9,6
21008052 02fc5f88,10
fd7bd9a8,12
f7422f91 b5420091 e10a40b9,31512
00001e32 80320d39,6
79ea02a9,2
a94b40f9,4
300a00f0 114a45f9,4
941245f9,2
000a00f0 000046f9,1
e0a700b9,2
fd7bc1a8,64853
6300148b 62820191 e0622891 63f47ed3 610014cb 44f444f9,6
00d840f9,22
3f0314eb,4700
62534178,4
0400148b 9f0002eb,41
fd7bbea9,31124
603342f9,4
a27f40f9,4
610200f9,31
700a00d0 111a40f9,1
fd7ba7a9,12
00f47ed3 000013cb a17b40f9,4
808e01f9,7
f7ae46f9,5
605b36f8,6
2f1440f9,8
61090090 82422891 e00313aa 214440f9,1
d602008b e00316aa,1
87f05f38,4
e00317aa,4
e10300aa 400900f0 009c46f9,1
210000cb 23c741f9,1
e00900f0 001045f9,1
a50040b2 850400f9,8813
648200a9,1
20008052 200000b9,1
400100b0 f66740f9,81
e10c40f9,4
e00314aa f35341a9,2
006842b9,4
610a00b0 400a00f0 00c01891 21bc47f9,1
3f7c13a9,2
227c4093 e10300aa 40201212 030080d2 00600a12 1f105071,48
2100158b 43030191 422340f9,332
00801b91 840446f9,1
21040091 013000f9,82
e10300aa 440c4079,1
020080d2 816e04f9,1
820800b0 a1020d91 831245f9,1
a00240f9,269
024045f9,1
5f100171,25
3fc122eb 5a7c4093,15321
21741912 01300d39,6
58f07d92 1f0313eb,122323
030840b9,1
d70000b9,2
500a00b0 11de41f9,1
60144039,4346
10423d91,1
0000028b 82621b91 400801f9,1
1c008012 780900d0 657000f9,1
202340b9,1
a0820191 25008052 84621b91 c3e22991 02907539,1
e20600d0 3f0000f1 fd030091 427440f9,1
ba0000d0 43cf47f9,1
60010090 07601b91 600340f9,4
0410a19b 800840b9,2112
830800b0 a4620e91 25008052 e00304aa 63a442f9,1
e40318aa f40700f9,2191
08008092 0825c79a 420008aa 630008aa,1019
c1fc41f9,12
2a2c43a9,10
f30300aa e00313aa f35341a9,1
f40300aa f55b02a9,429
3f200639,2
df0200f1 e0f78352,1
f30300aa 000040f9,122
42e19a52 6284a772 09f0a7d2 4000271e 032080d2 0c0084d2 4b0180d2 4a01c0f2 097dc0f2 480180d2 041080d2 018402a9,1
9f0106eb,2
e01f0391 e00300f9,4
21600b91 fd7bc2a8,1
f96b04a9,851
400c41f8,9
22c701f9,1
81c640f9,12
200000cb 840cc0da 05200091 000c448b 3fbf0071 19040091 5a0100b0 f80300aa 5a330791 f50319aa 140080d2,4
015400f9,1
2100008b bf3000f1,1
e10300aa a00700d0 002847f9,1
840080d2 a30080d2 02060090 00060090 42a01591 00801591 f35341a9,1
e1a21f91 02030191 18630091 028c00f8,1
3f9000f1,72
15a00091 7f020039,2
f50318aa b40240f9,57
2100038b 610a00f9,1
23144038,912
4000008b bf3000f1,1
9f0440f2,74
83400191 8505c0f2 220040f9,2
819405f9,1
e24740f9,83
1f0c2871,4
e10315aa 050080d2 04008012 43048052 62008052 000080d2,332
f60301aa 55000012 f76303a9,6
f30000b0 74220691 f55b02a9,1
73fe44d3 c0424039,1
612241f9,1
6c2940b9,4
1f000071 803340f9,45728
42008052 000c1412 1f104071 000b138b 73060091 012800b9,1
a40000d0 84f047f9,1
0824076d,13
d6620b91 20d745f9,1
e00314aa 621a00b9,8
812a40f9,6
440008cb 45d800b2 660008cb 67d800b2,97
f7c20c91 00f441f9,1
a60004aa c60cc0da 420cc0da 630cc0da 4220cb9a 6320cb9a 42fc78d3 40e043cb 000080d2 f35341a9,1
fd7bc8a8,767387
a05f40f9,18
0100018b 610300f9,4
f30300aa 1f040039,1
e30300aa fc634ea9,3
42040011 24c00091 233040b9,332
1f8800f1,165
650b00f9,4
e13f00f9,4
80da46b9,1
613a40f9,1
000a00f0 00b042f9,1
e7800591 f76304a9,1
00344d39,8
400900f0 9a090090 41233391 22008052 009446f9,1
04fb7fd3 91010e8a 8f00188b 6b010e8a 2d1040f9,8
96621b91 c0fe40f9,1
eb032baa 0c5440b9,4
e10b1329,7
a06d0111 e0af00b9,1
060a0090 c64c47f9,1
460f00f9,66958
230600d0 5f0000f1 fd030091 633c41f9,1
01008052 622e42f9,2
7f081071 63fc60d3 5300138b 6104038b a50440f9,74
a0820191 00f047f9,1
63400091 040800b9,2
10221191,1
f30302aa f40307aa f55b04a9,2191
282442a9,10
220840f9,24
00040051 00787cd3 00c00191 8002008b 01045ff8,37165
fd7bd6a8,4
0f0600b0 0e0600b0 32b409a9,2
fb7347a9,4382
500a0090 113e42f9,30651
f30300aa 61b200b9,1
f80313aa f30316aa f6031caa 421b40f9,8
20c000f9,2
f30300aa f40302aa f51300f9,2
000a00f0 00b441f9,1
21001e32 21330d39,1
bf030091 e0031c2a f35341a9,4
3b402591 60024039,1
217c0453 26040051 e403012a c6781f53 86ce268b c6c00191 c5045ff8,568
a0830391 a04f00f9,4
1f2001f1 400000b0 00000f91,1
078c00a9,82
02781f53 5f200031 427c0113,1
ffbc0071 4200048b,3
bffe10a9,1
413446f9,10
c1070090 fd030091 210047f9,331
1f1c0072,29
03781f53 7f200031 637c0113,7
620900b0 bf7600f9,1
0aa041f9,915
e04b40f9,2195
615a41f9,1
10221091,30650
a07826fc,721781496
601600b9,8
820003cb 420004d1 63000291,9
221040b9,87
21040011 010400b9,129
24008052 212043f9,1
ba0040f9,2191
407821b8,44
02704039,1
0040218b 020c4079,9
e0031caa a18b00b9,1
013040f9,1
207c00a9,2
243740f9,1
600900b0 008443f9,7
001b40f9,4
f50307aa fc630ea9,3
0703008b 40141a8b,82
610900b0 600900b0 020080d2 218443f9,1
020080d2 c70240f9,2
410b40f9,31413
b80640f9,19193
ab2b48a9,4
e00315aa bfea00b9,1
2c34c4a9,10
10820091,18
602b42f9,4
801c05f9,1
a0020012 817e40f9,6
3fc000f9,2
500a00b0 11f641f9,1
0100fe92 e0031aaa 5f0301eb,15321
a41711a9,1
24040051 9f00016a,6
1f000071 a09b40b9,1
01ec7cd3 00040091 a35740f9,7
000a00f0 001844f9,1
e03300f9,8
001000d1 1ff87df2,4
5f0001eb,3
ffc30891 f35341a9,1
410000f9,3
f40300aa a0c244f9,1
86f347f9,2
010a00b0 211440f9,48
e30301cb 282c0091 e70100cb,1
01008052 420014cb,1
400003cb 730640f9,79
383340f9,94
a29e07f9,1
823640f9,6
79832991 210018cb 21001a8b 210040b2 234744f9,95
fb7307a9,4382
607821b8,14
a17700f9,5
20008052,122
aa2c3fa9,1
20008052 fd7b42a9,2051
000b40b9,1
000180d2 840cc0da 000c448b fa0300aa 02040091 b97e7cd3 20271391 00001a8b 210080d2 e23700f9,5
940f00f9,2
b47a21f8,1
d7a403f9,1
bff200b9,1
20008052 d87a41f9,5
ff8f00b9,7
202300b9,1
20084079,6
0000138b f30b40f9,107
750900b0 b5da40f9,8
a47823b8,1998
276877b8,15320
820800f9,331
3f7c0fa9,2
42001332 c57400f9,1
74fe60d3 7f0e1071 e903132a 8703178b 9406148b 140f148b,12
000100f0 01800191 821a40f9,12
e40300aa 014000d1 00805ff8,45974
810800f0 04000191 02000391 1f7c01a9,8
a20700d0 fd030091 420047f9,429
e00316aa 17008052 130080d2,8
e00b00f9,2177
b35300f9,1
970640f9,9
ae3c3ca9,1
2a2441a9,70
040a0090 847c47f9,2
053c40f9,2
10822291,1
300a00f0 11d644f9,8
bf000071 e88c8052 0829c21a e803282a 4200040a 04010012 8400022a 7f0201eb,2177
2000008b 206f01f9,1
a03f40f9,6
bf0201eb,20311
22008052 020000b9,1
63602991 000680d2 f76303a9,1
00008052 b53647f9,1
eacb00b9,2205
e30316aa 070080d2 26018052 2000008b 25008052 e10314aa,2
400100d0 00d846b9,8
73060091,2
220440f9,144798
d50a40f9,5
007c4093 e80780d2 1f0440b1,4
42600291 217047f9,2
e33f40f9,1
fb7a21f8,1
61820091 3f0000eb,5654
d60000b9,767334
a44440b8,2284
00f046f9,1
3fa001f1,2
ffc30091 fc03002a 1f040031,47
500a0090 11ea44f9,110
4549258b,915
1f0440f2,1
e44f00f9,45730
f803042a fb7305a9,6
e24300f9,1
c0e22991 03008052 02008052 84781d12 24903539,1
d87a41f9,1
7fca01f9,1
e1024039,3
c4058052 e00800f0 86058052 e30800f0 220600d0 24840039,1
340700d0 f303002a 806e47f9,128
611200f9,1
60080091 e30301aa e10300aa 401c4038,2
60fe52d3 67fe46d3 1f0800f1 410080d2 e2c00011 6dfe49d3 61fe4fd3 6efe4cd3 05f00111 c4b90111 e00301aa f96b04a9,45978
a60004aa c60cc0da 420cc0da 630cc0da 4220cb9a 6320cb9a 42fc78d3 40e043cb f4ab40b9,40
e00302aa f35341a9,74
0a2c086d,13
000a00d0 00bc46f9,1
20d740f9,1
39af46f9,1
c3090090 63001a91,10
7f020471,2712
090c00f9,70
84040091 63e00091 1f0104eb,2
e00313aa e86b00f9,4
94621b91 804a40b9,74
421000b1,49
9f0202eb,1
210845f9,1
fd7bb8a9,767388
24144039,74
80af41f9,5
01090090 83800391 000080d2 214047f9,1
fd7bc7a8,8
017c0488,10
e35f00f9,2
946e47f9,384
e70040f9,1
f7630691 fb2b00f9,1
604a44f9,97
210041f9,2
3f0c00f1,1
7b0340f9,9
227c00f9,1
e35740f9,122
e34340f9,83
e73340f9,11
21008052 821a02f9,2
7ffe0188,1
300a00f0 11b244f9,1
800e40b9,2
60090090 9b090090 61e32c91 22008052 00dc41f9,1
040080d2 f55b02a9,45729
ff0244f1 0102a0d2 9f0217eb,93
5f200539,1
63d846b9,6
600a138b 610100b0 22800191 a16b00f9,4
045c00b9,4
62030191 e5ff9f92 edbf9fd2 f0df9fd2 efe89fd2 6ec79fd2 0b0580d2 87fb9f92 0500b2f2 0a00b212 edffadf2 f0ffadf2 efffadf2 eeffadf2 0c078052 0b00aef2 0700b2f2,4
7f2c00f9,2
e1a21f91 43000191 42600091 038c00f8,1
420040f9,11
1f0c0071,4
0d0100d0 a0810191 fd7bbfa9,1
177b21f8,1
803e40f9,4
fd7bb7a9,685
020b0091,1
210080d2 60f77ed3,2
6300018b 20008052 448c02a9,1
1b0040f9,1
000a00f0 001443f9,1
e23f00f9,2
00040091 1f9000f1,72
400b40f9,1
e1eb40f9,1
94621b91 e103172a e00316aa e2830191 833240f9,1
f90300aa 400100d0 00c03891 a05700f9,8
e203002a 1f040031,4
f87340f9,2202
bf7f10a9,2
4b0840b9,1
820c80d2 011c00f9,1
980000f0 00a32191 621341b8,4
06000039,4
060080d2,18
1f1800b9,1
253300f9,1
825400f9,1
210002eb 020080d2,769738
a0621b91 d602174b ae2740f9,4
500a0090 11f243f9,1
17f47ed3 f80316aa 00f07dd3,2
f55b02a9,781780
2040208b e04300f9,7
fc0315aa 403340f9,4
e00313aa 015080d2,1
3ffc00f1,8
1f4000f1,1
e20301aa 63040011 8510018b 617c4093 e20301aa a00400f9,2
7f4002f8,2
24008052 211845f9,1
e20301aa 7f0600f9,2
422000b1,50
73620091 60825ff8,2232
78ba8952 15008052 580ca272 197d8052 b47eb89b e00316aa 93fe66d3 f40313aa e10313aa 73d6191b 7b7e4093 e2031baa,1
ff831491 62fa42b9,1
c1d64579,5
c02640f9,6
88e007f9,1
60d640f9,2
b8220091 7ff40071,57
07a32191 080080d2 f80305aa 17078052,4
000340b9,25
0c070091 9f0500f1,8
e14f40f9,128
1f0013eb,53
e30303cb 631c274e 841c274e a51c304e c61c304e 711ca54e 921ca64e 63f87fd3 31be324e 05008092 31be324e a324c39a 253e084e,16
802202f9,2112
220600b0 046400b9,2
000c0012 82008052 4020c01a 207000b9,1
648040f9,1
62832991 1f000071 434404f9,1
29050091 84e00091 9f0109eb,4
f7060011 a00e41f8,8
04078052 010340f9,4
c60cc0da 420cc0da 630cc0da 4220cb9a 6320cb9a 42fc78d3 40e043cb 000080d2 f35341a9,3
610a08f9,1
e00313aa 83f003f9,1
e00700b0 fd030091 f35301a9,1
4400018b 9f0003eb,6
810740b9,45728
5a030491 42e30091 41fc5fc8,332
a0222591 000840f9,51
e302038b 010080d2 62832991 1f000071 434404f9,2
618c40f8,57
02044039,25
21f07d92 0000018b df0200eb,1062
81621b91 820100b0 2caa9c52 42600291 4baa9c52 49600091 280c40f9,1
6082833c,2
bf7e00f1,96
850440f9,66958
530000f9,1
410a0090 20803291 e20300b2 0110601e 240080d2 3f5006f9,1
bfc300b9,4
220cc2a9,1
6bc10091 0007188b 4013008b 7f0100eb,8
b9000090 23cf47f9,769335
3f7f00f1,31512
5f00036b,336
000100cb 617820f8,1
61f07d92 026861f8,64517
1f00026a,33544
210440f9,60
1f0004eb,184198
070040f9,2269
810401f8,1
036862f8,1
e30304aa 610002eb,7
00040051 14040091 740e148b 638640f8,4
21040091 f35301a9,1
01ac01a9,1
224dacf2 62acc5f2 828decf2 7f0002eb,1
a07200b9,1
e00313aa 832804f9,1
e003152a,4
5f0000eb,42045
040600b0 030600b0 84400491 63a00491 202800f9,1
1f0400b1 a79340b9,4
210600b0 fd030091 f30b00f9,4
017862b8,2000
21000891 016825f8,1
000400d1 64825ff8,12
e1af40f9,1
21f07d92 3f0000eb,11032
01cc01b9,1
460c40f9,66958
640bd79a f66700f9,121
5f0013eb,22466
7a0200f9,8
005801bd,1
80621b91 a1820191 02f840f9,1
e10400b0 fd030091 f30b00f9,12
615864f8,1
c20800f9,58145
7f920339,4
070840f2,2196
e07f40b9,45728
c60cc0da 420cc0da 630cc0da 4220cb9a 6320cb9a 42fc78d3 40e043cb e00313aa f35341a9,60
606340f9,4
847c4093 637c4093 8400028b 6300028b a47864b8,1998
f7a20d91 409745f9,1
01ec7c92 214000d1 220cc2a9,13
3f044071,4
3f0005eb,137573
814644f9,5654
a07a1f53 00040011 00f07dd3,4
fd030091 f35301a9,17205
020040b9,3
a1820191 202845f9,1
a0000090 00001b91 a03300f9,4
020100f0 42d846b9,4
500a0090 11ca43f9,4
10e23091,30644
401c4038,28
b402148b e00304aa f51340f9,1
a8243fa9,21
f77ea29b 4503038b e002038b 1f0001eb,4
f703022a c002008b 030440f9,45729
d6020b91 806744f9,1
a60004aa c60cc0da 420cc0da 630cc0da 4220cb9a 6320cb9a 42fc78d3 40e043cb 20008052 f35341a9,2
0000018b 606f01f9,4
500a0090 115244f9,1
64600091 63000191 447c00a9,1
a28f00b9,7
a01b4179,2
a20710a9,4
f30300aa 84400091 f51300f9,1
880440f9,1
60334d39,2
880240f9,5
e69f45ad,74
383300f9,95
400340f9,1
a0a340b9,1
000600b0 100600b0 3ebc07a9,1
5c4800b9,1
291140f9,105967
9f7e00f1,45729
42e00091 e30301cb 44fc5fc8,331
220040f9,91968
a1830491 a14300f9,6
010440b9,259
6a2c03a9,10
bc630391 1fcc01b9,1
00040051 a4820191 a5cb40b9,1
e54700f9,1
01e31b91 a34a40f9,1
618241a9,15320
612240d1 e00313aa 347c3cf9,1
01800191 20d84fb9,4
e203022a 042803b9,6
200040b9,1
f30300aa 63400091 630200f9,2
630cc0da a50cc0da 7f0005eb e0ca40b9,10
03000b8b 280440f9,6
a00000d0 00f447f9,1
c00440f9,1197
0000018b 220b00f9,1
950640f9,1
a45202f9,6
811840f9,1
000400d1 21400091 7f0000ea,9
b00000d0 11aa47f9,1
4300018b 416861f8,43
c2070090 c0008052 e10313aa 42c046f9,1
21050090 210847f9,94
039046a9,1
607240f9,1
f76344a9,14
40008052 200800b9,6
500a0090 11aa43f9,8
620004cb e00304aa 01008052 a61707a9,4
5f800039,2
500a0090 11d641f9,1
027040b9,2
e00315aa f55b42a9,45979
42e00d91 7f0002eb 61090090 82420b91 e00313aa 21a044f9,1
63400091 400800b9,2
c2070090 e10313aa 40008052 42d446f9,1
230c00f9,3
400c018b 60e000f9,1
9f00006a,18
740240f9,10
ff3f00f9,6
050840f9,2
d51640f9,128
c26201f9,1
f9630391,4
800900b0 00802091 5ffc01a9,1
836a61b8,2000
18e30091 4214b79b 1f0302eb,23
826a27b8,15321
a1280091 21f47ed3 4003008b 22040091 e11708a9,2
e00315aa,20
dc040091 356805a9,2
60c301f9,4
e00400b0 00dc47f9,1
e10300aa 001345f9,1
030040f9,7
10220391,4
5f031beb 150440f9,8
e0fffff0 00000391 3f0000eb,1
1f0400b1 a62b48a9,4
027cc19b fd030091 f35301a9,4
010a00f0 020a00f0 240080d2 040000f9,1
010700f9,95
f403022a e71440b9,8
a20700f0 200000cb 410047f9,14243
1a2845f9,1
644f02f9,4
a08340f9,1
5f5c00f1,1
f30301aa 410040f9,4
f6430591 640040f9,1
00304d39,6
229002a9,2
e1000090 e203004b 00008012 22cc01b9,51
e10380d2 000480d2 e35700f9,1
f8020a91,1
270440f9,90
e41742a9,74
800240b2 330c00f9,42013
247823b8,721781496
600e40f9,4
a1430491 a10310a9,1
003c4092 ff6320cb 1f0010f1 ff0300f9,7
e0431591 e0a702f9,1
660000f0 c6202e91 f96b05a9,1
021f0091 e00318cb 4200148b 21008052 e16300b9,332
010c40b9,21
e10314aa 60420391,8
e10300aa 1f0400b1,332
a30100cb 7f2c00f1,6
80ba01f9,7
434444f9,3
f70315aa 160080d2 b30240f9,1
10a22c91,256
e33f00f9,15321
40234079,4
e50301aa f55b02a9,48
813b40f9,42013
7faa00f9,1
217047f9,2
600001ad,30
340300b0 f30300aa 84c646f9,1
7f7e01a9,1
021340f9,4
0d0800f9,1
24907539,1
f40303aa e60313aa e30302aa f50302aa e7c30091 281c40f9,48
f30303aa f55b02a9,1
430400d1 04400091 8400038a 000001cb 2100058b 850400d1 020001aa a400048a 4200038a 420004aa c20700b0 42000491 43a00091 64fc5f88,331
000040f9,54
01068052 ea030091 017ca19b 22bc7092 e26322cb ff6322eb,4
ffc300d1 e21700f9,48
f30300aa,1
611600f9,1
500a00b0 116640f9,4
62090090 830900b0 fd030091 421440f9,1
620002cb,2
020440f9,6
010000b0 21800e91 63d206f9,1
e15340f9,59
e0060091 e35700f9,2
180040f9,4
003c44d3 210000b0 1f0434f1 21403391 200000d0 00002491 e60300aa 7f161071 a83740f9,1
007c4093 280780d2 1f0440b1,5
a00000d0 e10313aa a20000f0 42200091 00fc47f9,1
4313038b a6ab08a9,4
0000fe92 9f0200eb,2
ff4300d1 fb0301aa,47
8300dd3c,30644
1f000091 bf030091 f35341a9,1
811445f9,1
e00313aa 831004f9,1
617a20f8,1
e0230191 e2130191 e31340f9,12
84400091 e60040f9,1
a4009c3c,30644
609b40f9,4
10623891,32
0000018b,6
2f3811a9,2
00040011 e00a00b9,1
782240f9,769335
0100048b 610b00f9,4
f50300aa f60302aa e00301aa f35301a9,32
240341f9,1
176002a9,13
42b00191 60686138,4
019c01f9,6
25044039,4
e6031a2a 1303194b a14e3a8b a50f09a9,2
c00900d0 00202d91 e20313aa e10315aa 00400091 80a601f9,1
836a60b8,15320000
42aa9c52 7ef447f9,4
763240f9,97
400700d1 216b6038,2
a15300f9,5
1a601b91 f9230291 e0522691 e03700f9,1
030a0090 63d046f9,1
c04640b9,5
a2820191 47aa9c52 853c4092 6318a49b 0000018b 407806f9,1
020600f0 010600f0 e00303aa 030080d2 42cc41f9,4
23230091 20830091 631e00f9,6
5f0005eb,1
e20f03a9,74
211f40f9,1
e2230091 e6030091 a00000d0 00d047f9,1
9b7a33f8,2
e13f40f9,4
f30305aa f40302aa f55b02a9,2177
000a00f0 005c44f9,1
610b40f9,12
a35300f9,4
1f340071,8
7f0000eb 002000d1 81304d39,6
e20315aa e10314aa 800e178b,4
42400091 c27a01f9,1
5f0014eb,5
a41c4038,28
3f7c14a9,2
a20200f9,2
617820b8,124
4113008b e00302aa 43008152 451340f9,4
210740f9,2
980800b0 b50800f0 770640f9,1
39008052 7b0440f9,1
808240f9,6
f30300aa 00fcdf08,1
3a0b00f9,15320
005c0091 b7070090 f78646f9,45974
e30300aa 417861f8,1
e3031c2a 61e241f9,5
1f1c00f9,8
fd7baaa9,4
000040b9,441
10a22891,8
df2900f1,30649
a94f40f9,4
00008052 437861f8,24
f56340f9,2202
10e23f91,74
500a0090 112642f9,1
456861b8,1998
df0000f9,1
9f080071,18
e2223b91 e23f00f9,1
790e40f9,1
61090090 82421e91 e00313aa 214842f9,1
024840f9,1
9802188b 75a20091 a10e40f9,2
f60300a9,7
18000090 130080d2 f71245f9,32
600003ad,9
000180d2 840cc0da 000c448b 770240f9,10
f442208b 9f0d2871,4
14008092 e00314aa f35341a9,94
f30300aa a03647f9,14328
5f1400f1,6
241440f9,6
500a0090 116e45f9,4
631605f9,1
81801ff8,4
20f443f9,1
615e40f9,1
20304d39,4
a0fd07f9,1
335c0091 f40300aa f76303a9,45979
21040091 3f2c00f1,44
3f7c10a9,2
8800028b 6700028b 420400d1 5f0400b1 c07868fc,1998
d6060091 a0222591 000840f9,21
23c701f9,1
78c20b91,1
000000b0 95220d91 00c03291,1
f60317aa f70300aa 60324eb9,1
a00140f9,1
3f1800b9,1
e20300aa 01fc5f38,53
f40300aa 2100138b 1f0001eb,14220
62040012 7f0440f2,12
601040f9,4
24808052 0402a872 200c014e 02e87b92 900c044e 031040f2 0786b04e,18
b00000d0 118e47f9,1
243b40f9,1
b61c0012 f76303a9,47
d402008b e10316aa 00008052 9f6a2338,8
160440b9,12
b5222591 bf2a00b9,1
84b80111,15942
a09b00b9,1
10220a91,4
b36a74f8,1
e00302aa 5f7000f9,3
a0f30339,1
060000f9,74
640940a9,3
f76343a9,1643200
f55b43a9,14
a00000cb 617820f8,5
b66340f9,1
03008012 bf030091 e003032a f35341a9,4
3f0014eb,429
640a00b0 fd030091 849047f9,1
e0cf40f9,1
a5805df8,4
3f011aeb,66958
3f0c0071,4
e1430091 220080d2 f30301aa 180080d2 20010090 79000090 16601b91 15ef7cd3 39433991 1b0080d2 f7031b2a 7a02158b 8027db9a 7b070091,1
a30040f9,1
c30000cb 7f3c00f1,5
7f7c03a9,2
c2822991 610214cb f76343a9,5
1f800039,10
10e21e91,1
2100008b,6
630cc0da a50cc0da 7f0005eb 73060091 b5060011 9402138b 81024039,39
201000d1 1ff87df2,1
22805ff8,12
63090090 61090090 840900b0 82a02f91 63d047f9,1
e82300f9,48
bf3c00f1,66958
001440f9,53894
a1070090 fd030091 215047f9,45975
fc6700f9,4
010441d3 001445d3 2000002a e1031baa e00313aa,49
200100b0 00d846b9,1
182300d1 1f2300b1,6
f403002a f30302aa 600a00b0 620a00b0 630a00d0 00d047f9,1
3f001071,1
5f03006b 61040091 1f0301eb 0000040b 4200000b,15321
840400d1 85010bcb bf0004ea,8
a60004aa 27207d92 e7207dd2 028440f8,144
3f0000eb,37550
e00319aa,5
fb2b40f9,1
63c201f9,1
e2f27dd3 e1031baa e00319aa,2
b71701b9,1
5f000071,558
f50300aa e00301aa,2
430100cb 7f3c00f1,30
fd7bcba8,769345
e003082a 0508dc9a 0208da9a a5801c9b a5040091 42801a9b a6e87bd3 a016028b,70
e00313aa 13040091 8122c01a 1f1c00f1,11
01090090 42060090 640a40f9,1
a00700f0 008446f9,45729
810400f9,5
732200d1 04304d39,6
65f07d92 c30700f0 63402f91 640c40f9,331
607e0288,1
fd7bdfa8,1
3f7c04a9,2
f50300aa 000840f9,1
e1031baa e00315aa,1
330440f9,14243
a6ab07a9,4
ff4300d1,2
020600b0 42003891 200003a9,1
a00700b0 fd7bc3a8,45635
5f8400f1,3
e10319aa e2031aaa e54300f9,2
201340b9,2
e60300aa 73060011 800241f9,7
80232291 3f7c02a9,1
010005cb ff0001eb c0ec7cd3 45000a8b 636960f8,2
c0060051 a09f00b9,1
f40300aa,7
fd030091 f51300f9,14329
610001cb,4
c10240f9,21
200000f9,163
1b7004a9,13
820800b0 c1c20b91 831245f9,1
e00313aa 83fc05f9,1
f90300aa e00317aa,2
9f0213eb,16
10020491,1
73fe44d3 a10700b0 21a840f9,45973
e0622891,6
3f000c6b,3
a10700d0 e00317aa e81b06a9,97
b31e1c91 f40300aa 1300138b 02e280d2 01008052 730ad59a 737e159b 60021cd1,1
f4000090 81621b91 620440f9,1
7f021071,5036
620100d0 42801891 42a00091 067c7c93 4500068b 00040011 830440f9,3
a90508f9,1
73820191 010040f9,1
641040f9,55164
500a0090 113244f9,1
c2a22791 80a21e91 24008052 21d047f9,1
60024039,1
84fe41f9,5
431400f9,52993
f70600d1 a52000d1 3f03176b,4
83018052 00008012 436821b8,94
00040091 5f00006b,3
f503022a e2000312 b3bf40f9,4
60f341f9,6
10423891,2
fc0300aa a00000f0 a00f09a9,1
400040b9,1
1fc321eb,769335
b5060011 080000fd,384667
0468a1b8,1998
81621b91 313800b9,1
610a00b0 211047f9,1
160440f9,5
600900b0 fd030091 001045f9,14
20010090 00601b91 0d0041f9,1
240840f9,5
03008092 40f047f9,1
3b0440f9,21
df0200f1 731e0012,128
a2bb00b9,4
ff430491 810241b9,74
010445f9,1275
e40300aa 02805ff8,4
300a00f0 11ae43f9,48
10621d91,48
021440f9,1
5f000071 26008052 b40220d1 820241b9,74
a37a73f8,2
020080d2 419304f9,1
0400148b 2100030b dfc221eb 217c4093,768
19008052 12008052 10008052 a91040b9,1
711ca54e 921ca64e 311eb24e 31bef14e 233e084e 631c274e 841c274e a51c304e c61c304e 711ca54e 921ca64e 31be324e 31be324e 233e084e 428000d1 6300c0da 7f0040f2 4004438b e00314aa f35341a9,9
61ec7cd3 6403018b 07040091 786b21f8,2
e10300aa 400900f0 00a443f9,1
253700f9,1
22d30579,1
e1031caa,40
10a23291,4
628000f9,1
026746f9,2
e2c340f9,1
32008052 7a0440f9,1
a45300f9,4
628640f9,5
210040b2 410400f9,97
000080d2 34008052 b86a1291 b7e21291 13040091 8122c01a 1f1c00f1,1
bf030091 f35341a9,11
25008052 7302008b 940600d1 a320d41a 637c4093 e10319aa e0031aaa 000400d1 21400091 7f0000ea,1
a1070090 a20700b0 fd030091 215047f9,1
61320d39,6
e73700f9,1
601200b9,8
a14f00f9,2
00400091 60a404f9,1
81621b91 420440f9,2
00a01191 a25700f9,1
810040f9,3383
006864f8,4
440800b9,8
73060091 7f0202f1,128
040840f9,331
94420591 8ade40a9,4
81621b91 2f1001f9,1
fd030091 f76303a9,1
940800b0 c1020b91 801245f9,1
f7223b91 7be32c91 d6a22791 b5e23c91 94623f91,1
81008152 1f00016a,2173
60084079,4
fd7bc4a8,62446
013c40f9,1
f50301aa f76303a9,1
410080d2 fd030091 f30b00f9,1
600540a9,4
807a76b8,21
a08200d1 220280d2 00ec7c92 c102008b 040040b2 c40600f9,94
810c018b e11b00f9,74
600240fd,1
f96b44a9,877187
603740f9,4
e20346a9,13
e10315aa e03340f9,1
f17bc1a8,74
5f900079,1
400100b0 00800191 c102028b 21f47ed3 3a0002cb 000c1a8b 013040f9,82
846c0111 85040051 a5781f53 85ce258b a5c00191 a9045ff8,2694
740600f9,3
df021beb,1
fc0319aa f90318aa f80315aa 400000d0 00d02691 a03300f9,6
610700f0 40000090 00000791 210047f9,1
f51340f9,14409
400900f0 940900b0 81022991 22008052 006c46f9,1
42400091 a2a201f9,1
e00313aa 7f620039,1
1f0014eb,2
860840f9,669
5f0301eb 603e42f9,2
1f0019eb bc0700f0 9a820191 9c030491 a00700f0 120080d2 00802991 e03700f9,45978
4100008b f96b04a9,5
000d40b9,12
f50300aa e04340f9,2
e30303cb 631c274e a51c304e 841c274e c61c304e 63bc244e a5bc264e 63bc234e a5bc254e 6a3c084e 63f87fd3 08008092 ab3c084e 0525c39a,1
c00000f0 027843f9,3
e00313aa 0101a052,47
634a04f9,97
fd7bc2a8,31112
a42f0ba9,3
61e747f9,122
21bc46f9,1
350840f9,8862
c2070090 e10313aa e0018052 42c047f9,1
603240f9,1
3f7c0aa9,2
3f100071,3
e00304aa 01008052,4
3c00068b 970640f9,12
84040051 647c0588,331
f55b04a9,2191
0000018b 600f00f9,2
794b00b9,1
63e47a92 600002ad,9
6c3404a9,1
003c0091 f55b03a9,1
00380012 7f02006b 60060011 010380d2,6
600b40f9,3390
e30800f0 047c01a9,2
24808052 0402a872 200c014e 02e87b92 900c044e 070080d2 031040f2 0786b04e,1
750240f9,8
ff430491 fc0300aa 802202f9,2
ff0200f1 e20346a9,8
6b01018b,2
e1031aaa f70f00f9,2191
000a00f0 000447f9,1
019c11a9,1
f71b00f9,2194
81621b91 2d2c00f9,1
7f0200eb,45988
10820591 00600a91 33b808a9,1
c56821f8,21
f92340f9,1
1fdc0271,4
19008052 bc3700f9,1
60ef41f9,18
761a00f9,6
22008052 01030372 f9024039,6
a14f40f9,6
350c40f9,33544
1f007af2,4
500a0090 11ba40f9,1
600c843c,344641072
410900f0 82a22891 e30300aa e00313aa 211046f9,1
20008052 3f0014eb,4
80830191 220c40f9,42013
5f7c10a9,3
3f0000eb 8400058b 640401f8,1
05078052 604a43b9,1
ab2b08a9,4
e2031baa 23200f91 05008052 a00000f0 00602e91,1
8400038b 447c05c8,331
a1a082d2 2114018b 2100288b 081c4038,2191
6001008a a79300b9,4
fd7bd7a8,4
684f40a9,3401
010080d2 650a40f9,4
ff8343eb 347c029b f30300aa,4
794600d1 0f0080d2 6003188b 39ff44d3 000440f9,45979
1803018b e10318aa,1
5f2400f1,13
840040f9,3
1f0015eb,45728
000a00d0 00dc46f9,1
df0218eb,767335
3f7c15a9,2
bf040071 241040f9,2
ff7f00f9,4700
c10640f9,1
a0070090 00802991 f40300aa 173040f9,4
a2b340b9,1
9f00026b,8
000a00f0 00f845f9,1
8200018b 20cb41f9,1
02644029,3
21200091 5f0003eb,18
7a0300f9,1
000600b0 020600b0 00803491 42c03491 1e0600b0 100600b0 de833591 10a23591 140600b0 0f0600b0 94e23591 ef213691 0e0600b0 120600b0 ce813691 52a23691 0d0600b0 0c0600b0 adc13691 8ce13691 0b0600b0 0a0600b0 6b013791 4a213791 090600b0 080600b0 29413791 08613791 070600b0 060600b0 e7803791 c6c03791 050600b0 130600b0 a5e03791 73423691 200001a9,1
500a0090 115a41f9,8
7602148b 1f0013eb,45728
661c01a9,10
d4fe01f9,4
420001f1,26
0e0001cb 5f0002f1,4
436d41f9,1
25008052 218441f9,1
933300f9,3715
540000f9,1
e33b00f9,1
e10300aa 400900f0 00e843f9,1
a3009d3c,30644
fc430091 01040051 1b0080d2 3a008052 a13f00f9,1
f30b00f9,45996
a1620e91 200840b9,1
e22740f9,48
016842b9,1
1f0000f1 610340f9,4
7f8000f1,4
3f7c0ca9,2
10c23391,1
500a00b0 11ae41f9,1
630a00b0 840a00d0 800a00d0 e20313aa 632c47f9,1
c10900b0 fd030091 f35301a9,10
10620d91,1
211440f9,122324
050080d2 e50000f9,1
620c028b 00040011 454040f9,1
a14740f9,16
e20300aa 030001aa 3f0000f1 e07f40b2 407c019b,18
000180d2 840cc0da 000c448b 13040091 e00313aa,2
210340f9,1
256827f8,2
e10300aa 400900f0 007844f9,1
46f404f9,6
630040f9,8
206b77f8,1133
e00305aa 620a00d0 416800b9,1
646ba0b8,721781496
d56a24f8,1
080000b9,70
000a00f0 009045f9,1
000a00f0 003442f9,1
ab4f40f9,4
227c4093 080680d2 e10300aa 600c8092 1f0440b1,1
e003182a f35341a9,1
411400f9,901
e203162a e14740f9,4
878eac72 0000038b 44001a79,1
e0fe41f9,6
600341f9,4
3f1c1071,5
a60004aa c60cc0da 420cc0da 630cc0da 4220cb9a 6320cb9a 42fc78d3 40e043cb e00313aa f35341a9,2108
e20300aa e0088bd2 214288d2 c03dadf2 0121a4f2 80b0dcf2 8110c2f2 c0d3e8f2 4108e1f2 45010090 e90380d2 607f409b 422705a9,1
830800f9,4
2f1041f9,1
7f880039,2
e10300aa 000580d2 010f00f9,1
140040f9,14328
3f000b6b,2
e11700f9,14
bf0500b1,3
df0001eb,66959
e20313aa 210a00d0 400600f0 21800b91 00802c91,1
9b080090 b70800f0 780640f9,1
7ffc03a9,2
300a00f0 115646f9,4
880cc0f2 012000fd,1
5fff02a9,1
21dc7892 010000f9,1
c03a0012 820a40b9,2170
e2af00b9,45978
623740f9,29
f40300aa e20319aa e10317aa,4
ff4300d1 a39700b9,6
e503042a a0600891 827a60b8,2
a00a40b9,153
fd7bc5a8,127
00080051 003c0012 1f040071,4
fd030091 0bf447f9,1
20fc58d3 1f4401f1,1
00040012 1f080071,5
500a00b0 115240f9,4
45e447f9,6
27207d92 e7207dd2 028440f8,192
03000d8b 7f1400f1,3
b40640f9,12
7f2200b1,6
8400dc3c,30644
00fc4393 00fc9bcb 640301cb 453700f9,1
800900b0 f96b04a9,1
00001e91 960900b0 7fff00a9,1
880e4079,12
ff030491 630240f9,2173
f30300aa 000840f9,2
7f121071,3398
f6430091 bf4700f9,4
064002f8,4
e24340f9,82
21060090 fd030091 f30b00f9,8
ec031baa f5734da9,32
500a0090 116e41f9,1
820100b0 21008052 fd030091 f30b00f9,1
f30300aa 14008052 f55b02a9,1
24008052 215447f9,1
426f4079,4
5a031c8b 00000a8b ff021aeb,84
3f2c00f9,1
1f000071 5f040031,4
7f0200f1 e00314aa f35341a9,14227
490402a9,11305
16140038,5
e0630391 e04f00f9,4
3fbc0071,55
94090090 220800b9,1
031000f9,1
63000d8b df0103eb,2
5f1800f1,5
a1b300b9,1
1f001beb 21001c8b 41683cf8,51
c03a4d39,4
21040091 7f0002eb 0000018b,1
00f87e92 a1ff9fd2 e1ffaff2 1f0001eb,126
1d0080d2 1e0080d2 e50300aa e10340f9,1
a00700b0 00a840f9,1
e89706a9,1
60c20591 010440f9,40
e07a60f8,10
c3ea40f9,1
a60004aa c60cc0da 420cc0da 630cc0da 4220cb9a 6320cb9a 42fc78d3 40e043cb 800f4079,3
630100cb 7f2800f1,1
e10317aa 050080d2 04008012 43048052 62008052 000080d2 e81b06a9,94
8400028b 6300028b 247864b8,713900052
c0fe41f9,6
3f7c0ea9,2
600600f9,42020
500a0090 11be43f9,1
e10300cb 3f0014eb,38
260400d1 820840f9,1
800900b0 e89746a9,1
5f0000f1 00001c2a e04600b9,1
e35f40f9,3
810240f9,2185
4200008b 4000018a 4200038b 4100018a 1f0001eb,6
6020000b 3f000071 4020000b,2
a3600891,14383
20034039,2
4200050b 020800b9,1
e50301aa,3
fd7bb9a9,8
e05740f9,7
2b2813a9,2
8200de3c,30644
b80e00f9,2
300a00f0 111e46f9,30644
a60004aa c60cc0da 420cc0da 630cc0da 4220cb9a 6320cb9a 42fc78d3 40e043cb 731e40f9,8
e1e30091 602c40f9,1
3ffc00a9,1
b50800f0 b7820a91,1
613e40f9,1
013440f9,3
e20313aa 210a00d0 f30b40f9,2
10221f91,7
9f0200f1 61620039,1
7f0300f1 0103271e 7a0e40f9,2
603340f9,4
243f40f9,1
fd430091 e7fffff0 cae040f9,1
e81a80d2 1ffc3fb1,332
820240f9,391
18f37d92 1f0313eb,19161
00e00091 bf0000eb,8
000a00d0 001c47f9,1
21380012 217ca59b 024862b8,80
e2020052 42000012 c00241b9,45728
7c8202a9,15320
014000d1 a1070090 21802991 3f0014eb,4
f80317aa c0ec009b e5031aaa f70303aa 1c040091 f60305aa fa031caa 8aeb7bd3 fc0315aa f4030aaa e04340f9,121
000940b9,7
060080d2 630240f9,18
e14740f9,256
024c45f9,1
807a00f9,8
7f00026b,2
40040051 600c008b 040040f9,1
600700f0 000047f9,3
807e00f9,8
6d0240f9,3
611240f9,7881444
64000491 42f07d92 40f87fd3 608000f9,331
950600f9,1
820003cb 634000d1 424401d1 600001ad,4
f7020a91 00f043f9,1
410840a9,1
fd7bbaa9,79
213c44d3 40000090 3f0434f1 01000391 200000f0 00003291 e20300aa,1
881f41f9,1
608200f9,2
e827cda8,74
fd7bc6a8,79
e203002a bf0200f1,4
7b832991 0203148b 7f021beb 80027eb2 210014cb f96b44a9,97
025407f9,1
61324eb9,1
10022d91,1
625f4039,4
aa2c3ea9,15
60f77ed3 420340b9,2
1f8414a9,1
f30300aa 203042f9,8
864644f9,66958
f50301aa a24c00f9,1
e05300f9,11
63124129,8
3afc40f9,1
3ffc04a9,1
e10313aa e0031baa,4
607340f9,4
21400a91 fd7bc2a8,1
61ce41f9,4
fd7ba1a9,1
60e60491 022080d2 f35341a9,1
f503012a f603022a,1
f40300aa a2c30391 e103152a 00008052,4
05008052,43
002b45f9,1
880900b0 84d442f9,1
f9024039,1
4200158b 0400148b f51340f9,3
31020591 34c006a9,1
e1a30191 e00313aa e24b00f9,1
010080d2 40240139,2
a00700d0 01d84bb9,4
fd7bd2a8,6
95f247f9,1
22fc44d3 9f1041eb,45729
424025cb 64400091 21787dd3 630c40b9,6
040800b9,4
000a00f0 005446f9,1
1f7c00f1 220400f9,94
a20640f9,1
300a00f0 11e243f9,14
3f000071 a15740f9,2
000180d2 840cc0da 000c448b 61db46b9,4
5f080071,4
610a1051 25008052 3f781e72,1793
f70303aa 99a240f9,1
01300d39,5
a36340f9,2112
000400d1 f30b40f9,110
010000f9,1
e003142a 730000f9,1
5f0009eb,66958
63020191 ecff9f92 eabf9fd2 e9df9fd2 e8e89fd2 67c79fd2 050580d2 84fb9f92 0c00b2f2 0b00b212 eaffadf2 e9ffadf2 e8ffadf2 e7ffadf2 06078052 0500aef2 0400b2f2,1
20cb01f9,1
24fc4fd3 9f1000f1,37764
820800b0 c3620b91 24008052 e00303aa 427840f9,1
040080d2 c4187fa9,48
0b0000f0 040080d2 6be12691 8c0180d2,1
a45740f9,1
e07340b9,4
fc0302aa e53700f9,767335
f70303aa 00001d32 60320d39,6
616a61f8,1
a6b300b9,1
200100f0 21cc41b9,1
0001008b,12
bf030091 e00319aa f35341a9,1
fd7bb6a9,45859
01008092 61c201f9,1
20004039,4
60374079,4
e00a40b9,1
24008052 218846f9,1
dc4a00b9,1
9c0302cb fc5300f9,1
c102038b f54300f9,2
21040051 227c4093 658642a9,7881444
e06a23f8,3
01c00b91 61ce01f9,5
5f040071,920
601604b9,1
730100f0 f55b03a9,1
600100f0 002446b9,1
3f7c07a9,2
619740f9,4
808200f9,8
62420591 410440f9,1
00cc368b 577836b8,1998
42001e32 e2b30f39,1
02004039,58
161440f9,21
fd030091 027c40f9,74
340700f0 f303002a 816e47f9,256
21631e91 429447f9,1
a06340f9,2
3f000871,2
f31740f9,6
e10300aa 400900f0 5a233391 001c45f9,1
040080d2 e00316aa f35301a9,1
fd030091 f30b00f9,233
070001ca eac300b2 ff0840f2,2588
a10700d0 212847f9,3
61161051 3f080071 7f021071,2075
01084079,80
240c40f9,64517
476f47f9,45729
c00640f9,65865
a06f40f9,8
800800b0 d6020c91 630640f9,1
00f87f92 c00600f9,20040
42030491 034444f9,94
0b000bcb 0000198b 6b0300f9,4
63040011 037835b8,2
200000cb 840cc0da 05200091 000c448b 01400091 02040091 20bc7092 21ec7c92 e06320cb ff6320eb,1
00040011 604a03b9,1
e303014b a15340f9,1
e403142a e303162a e20315aa 650f058b e0031aaa,2170
0241228b 4200038a 4240398b 4200068b 4200038a 0000028b 0200078b 5f0005eb,3
1f280071 8300018b,12
022f07f9,1
20534039,2
000a00f0 007c42f9,1
3f000471,7
610900b0 5a5345f9,1
80009e3c,1
a10a00a9,1
e19340f9,1
10e21191,30651
b3e30291 f40300aa f55b02a9,1
73060011 623e0012 826b2178,7
210040f9,124
3f7c0ba9,2
210000cb 22008052,6
41030491 23a00091 62fc5f88,332
e003042a f35341a9,10
3f0002eb,65434
ff2003d5 e1031eaa fd7bc4a8,1
000a00f0 006042f9,1
207c4093 600200f9,48
e403002a 007c7dd3 000004cb e3000090 65202691 a00c008b 050840b9,18
80822191 3f7c02a9,1
300a00f0 114e40f9,4
3d1007f9,1
b4f67ed3 417b75b8,769335
f403002a a16740f9,12
a0060051 47010090 00040091 e5800191 44010090 a5003b91 00ec7cd3 84e02991 66a21291 010080d2 7f0204eb a300018b c200018b 21400091 1f0001eb 530000f9,1
031440f9,55166
81621b91 260c00f9,1
430900f0 61090090 84090090 82002191 63a446f9,1
e10316aa e003152a 6300048b,4
a800178b 676b77b8,767335
e20319aa e01300b9,2191
e1031aaa e00317aa,7
60010090 00d846b9,4
3f041b72,12
e8000a0b 087d0113 007d7f93 00c0288b 800d008b 013440b9,42
f30300aa f40301aa 000840f9,8
400900f0 940900b0 81a22891 22008052 00b846f9,1
290814a9,2
408000d1 230340b9,4
690840b9,1
a0bb00b9,1
430800b9,2
137c019b 5f0000f1 800700f0 005047f9,4
00380012 5f03006b f3031a2a e14340f9,12
610241f9,1
d5070090 a2020491 814600d1 442840f9,45729
1f4000f1 15f07d92,45728
22704079,1
e0024039,21
00060090 00602f91 220802a9,1
00040091 21040091 25004039,200
832602f9,2112
7b0640f9,769337
600700f9,2
f30300aa 202445f9,8
970900b0 622000b9,1
010100d0 22800191 40707f39,2
e13740f9,8813
250b00f9,1
a1820191 80621b91 760100f0 c2e22991 23630091 a35700f9,1
e30400f0 5f0000f1 fd030091 630847f9,1
df000c6b,2284
e003132a f35341a9,12
63040011 230800b9,6
e2031aaa e00319aa,1
617e40f9,1
551c0012 600a00b9,1
e0a300b9,1
15008052 f76303a9,10
220100cb 5f2800f1,1
e04f40f9,45732
e1031baa a34a40f9,1
20008052 a0a300b9,1
01840ea9,1
9f000071,1
f60306aa 180440f9,40
300a00f0 11d642f9,4
8002168b 010440f9,4
8300038b 600440f9,45635
00f07d92 1f0001eb,27797
5ffc02a9,3
7f0000eb,1
000180d2 840cc0da 000c448b 600a00f9,1
14001f12 620a00b0 e06740b9,1
980900b0 1ce31b91 7fff02a9,1
500a00b0 110642f9,30650
e10400d0 fd030091 f30b00f9,8
bf0000eb,1
a26d0111 e14f00f9,45978
220600b0 3f0000f1 fd030091 42cc47f9,1
200700f0 00b046f9,128
c3058052 01090090 42060090 42600291 03200139,1
e07a33f8,10
e2f67ed3 e1031caa e0031aaa,2
770900b0 e01245f9,32
a04700f9,6
21008052 000b138b 73060091 012800b9,7
631041f9,3
1f001beb 380440f9,1
20f047f9,1
daa21a91 19008012 7fff01a9,1
10e22891,22
020600f0 010600f0 e00303aa 030080d2 42dc42f9,4
60403191 fd7bc3a8,1
400100f0 00601b91 00e840f9,4
87805ff8,74
01304d39,18
e70319aa e04740f9,2170
050a0090 a57c47f9,1
a00700f0 002847f9,5
640040f9,45729
e3cf40f9,1
606f41f9,12
806a3338,128
4200018b 21040091 40b80139,52
60d30579,4
e06740b9,1
60364d39,2
b00000d0 118a47f9,1
e04340f9,78
03008052 010080d2 053042f9,1
210400d1 64147ea9,1
f70300aa 80000312 f96b04a9,6
e70300aa 000040f9,4
250040b9,49
746a34f8,42013
88247ea9,1
f7820091 f702028b f70215cb f702068a ff0200f1,4
220c41a9,13
446826f8,3
800100b0 00803691,1
950220d1 a00241b9,4
20008052 213847f9,1
603a4d39,6
f70313aa f6058052 810340f9,1
b00000f0 115a47f9,30650
10023d91,30644
e43300f9,2
a00e41f8,130
000c018b 013040f9,81
e00304aa,15320
e20316aa 230080d2 00e80051 61040091 001c0012 1f040071,1
60c701f9,4
7f0800f9,80
b90a00b9,40
500a0090 111e45f9,22
61090090 82421d91 e00313aa 21f844f9,1
1a0080d2 160080d2 150845f9,1
847a22b8,1998
f60303aa 18008052,1
e4030091 c20900d0 420447f9,1
2d2c40f9,1
000a00f0 00d042f9,1
7f0a0471,2712
02c400f9,12
420c0012 600440f9,3383
fd7bbfa9,79182
40230191 02048052 bfff0fa9,1
400500f0 00a02891,1
037875b8,768
000a00f0 000042f9,1
04004039,53
030080d2 201040f9,1
e10316aa e20318aa,1
e8000090 69324eb9,57
644b02f9,4
00040091 200c08f9,1
400100b0 e1430391 e15300a9,4
637a41f9,1
000a00f0 002c45f9,1
e50313aa e00316aa 830000f0 820000f0 63002191 42402191 040080d2,1
810200f9,1
009447f9,1
020600b0 42000491 200003a9,1
500a0090 11ba41f9,4
d75603f9,1
f30301aa f55b02a9,12
a8243ea9,1
bf2c40f2,440
10a20e91,1
208746a9,4700
001845f9,1
c10700b0 21802991 1f0001eb,1
10021891,1
f30300aa 20a044f9,8
8e3c7ca9,1
73820191 1a0080d2 fc0313aa 160080d2 18008092 77f647f9,1
a30000d0 63e847f9,1
020080d2 010080d2 63400091 a3ce01f9,1
e60206cb e14f40f9,2170
614a02f9,1
930100b0 74820191 f51300f9,1
017843f9,6
018408a9,1
a1220f91 821245f9,1
e10300aa 800800b0 e23f40f9,1
db201d91 a5fc43f9,1
ffc000f1 fb7305a9,45978
e00313aa 831804f9,1
089846a9,2
e10317aa e00318aa,4
a46800b9,4
14008052,1
61923539,1
0103178b 42001f32 020400b9,94
00c00b91 1f0001eb,5
a2b300b9,5
600240b9,1
e38709a9,1
10a20091,12
e41701f9,1
a15740f9,3
a016028b,5
250301f9,1
a47861b8,15321000
000840f9,7
fd7b40a9,1
350a00d0 b6420d91 e00316aa bfaa01f9,1
f8230391 590000f0 20c30b91 e03f00f9,5
940900b0 210080d2 80422891,1
010440f9,1272
81630d91 1f0400b1,5
fd7bbba9,127
05038052 210440f9,6
e00744a9,74
00400091 60f803f9,1
143440f9,1
a92f09a9,4
b80700d0 188746f9,45979
f40300aa e58746a9,15321
60e60091 7fe20039,1
44040011 647c0588,332
10220091,41
c1040091 a100018b 059801a9,3
8a2c7fa9,1
a7801ff8,74
006c40f9,1
04a000f9,1
261c40a9,36
f76345a9,4382
9f0200eb,45737
10a23d91,4
02fc04a9,4
a00f0da9,2
61090090 82822191 e00313aa 219c46f9,1
c60cc0da 420cc0da 630cc0da 4220cb9a 6320cb9a 42fc78d3 40e043cb 730640f9,20
7f161071,3410
000180d2 840cc0da 000c448b 18040091 e00318aa,1
e48300b9,30649
0004803d,1
200700f9,7
360440f9,1
400003cb a0ba41f9,7
e0b34139,8
f30300aa 600040f9,769335
a002138b 220c40f9,31413
bf0400f9,1
06038052 028c41f9,74
b40900f0 f30300aa f50302aa f60301aa 801e47f9,10
f90300aa 20034039,3
e00313aa e1058052 ff1f0339,4
290440b9,4
ac9b00b9,4
615b40f9,41
c60cc0da 420cc0da 630cc0da 4220cb9a 6320cb9a 42fc78d3 40e043cb 731e40f9,4
1f0400f1,133
60035ff8,1
147c00a9,1
a10e40b9,21
10422791,110
027861b8,1998
e00805f9,1
810840b9,2
243340f9,1
200100b0 03601b91 000380d2 a06700f9,2
e30302aa e10306aa,1
3f080071,9
027c03a9,4
16e12091 254c45f9,1
e9040051 df02016b,4
e602038b 010080d2 5f7821b8,4
ed0300aa 1f0400b1,1
40400091 5f7400f9,1
42400091 030800f9,4
1f7836f8,1998
9a010090 40630291 780100d0 000840f9,1
420040b2 a20600f9,5225
60c20b91 60e601f9,6
015807f9,1
61fb7fd3 a00e1b8b 8203018b a24300f9,7
209740f9,1
ff0304d1 fd7b02a9,2191
20008052 60fe9f08,1
25008052 210445f9,1
d6070090 d4822991 813240f9,14243
5b0100b0 c0020412 e08700b9,4
e80900d0 fd030091 081540f9,8
23008052 42a046f9,1
000a00f0 003447f9,1
020c4079,12
266824f8,2
13008052 e05340f9,2
014000d1 a30700b0 60000491 043440b9,331
5f010091 640340f9,4
80d240f9,7
070080d2 06008052 041440a9,1
008080d2 b34700f9,1
00040011 f96b44a9,1
650c4079,3369
0841208b,7
200c41f8,156
427c4093 637c4093 847c4093 c81b80d2 1f0440b1,440
0a050051 ff000a6b,14
a16740f9,6
a0ba41f9,2095
84380012 8408a69b 820840b9,74
b5220f91 006047f9,1
410040b9,2
610540f9,4
e00303aa fb0303aa 7600018b 840440f9,1
601744b9,8
7f1407f9,1
1f0000f1 6000002a a09700b9,6
e10000d0 21000891 1f0001eb,1
1f040071 04008052,10
600e00f9,8
a0bb40b9,1
a25740f9,4
81621b91 200400b9,1
070a0090 e74c47f9,2
010040b9,57
47000acb 48d800b2 450003ca,5826
f4030caa fa4f40f9,3
600900b0 fbf603f9,1
a16340f9,18
81621b91 2b0400f9,1
e40300aa e11b40f9,74
80621b91 012c40f9,1
ebe00191 ea3c40f9,4
000a00f0 008c41f9,1
1f1400f1 e08300b9,26139
e20315aa e10317aa e00313aa,767335
851440f9,1
e77c4093 e5c0218b ff0005eb 691a40f9,767334
e30319aa e46740f9,4
25008052 21fc40f9,1
1f0000f1 fd030091 f30b00f9,30650
750900d0 c5a403f9,1
011000f9,902
84786378,74
820040f9,74
e0777fb2 df0200eb fb7305a9,2
000100d0 00800191 01707f39,1
831c4038,35
1c6c01f9,1
a0f740f9,1
e44740f9,81
630100d0 600100d0 a16340f9,1
81621b91 3afc00f9,1
16587678,2170
200c00f9,31413
130800f9,42013
e20315aa e41f0391 e1630391 e0031caa 05008052 03018052,4
026826f8,1
21040091 22004039,35
7f0001eb 007961b8,15321000
200080f9 2400028b 0500028b 5f8000f1,139
45d800b2 67d800b2,1
e27300b9,21
c57969b8,1011
bf0003eb,4
1f00166b,4
798201f9,6
29c10091,4
213c44d3 420000b0 3f0434f1 41001491 e20300aa 226b37f8,1
2300158b 437c04c8,332
60064039,2
acd14579,1
ec010c8b ac0c00f9,8
8400188b 250440b9,4
2100048b 010400f9,26
60d740f9,4
29c13991 080600b0 070600b0 08e13991 e7003a91 060600b0 050600b0 c6203a91 a5403a91 040600b0 030600b0 84603a91 63803a91 314010a9,1
2a008052 620c41f8,1
417820f8,92
f92300f9,2
0000018b 98621b91 000f01f9,1
414000f9,1
1f0a0071,3
820900b0 3f0000f1 fd030091 421c41f9,1
1f0800f9,3
a50f49a9,2
20008052 42d041f9,1
e82f00fd,1
2208028b 049801f9,6
a7004039,3
20084029,1
80020a91 f35341a9,1
b700178b bf0017eb,4
700a00d0 111640f9,12
81d80fb9,1
aca340b9,12
10623591,12
a07f40f9,12
20fc47f9,1
a2009e3c,30644
e08b40f9,1
8a1540b9,4
01f404f9,1
800800b0 b70800f0 780640f9,1
fd7bbca9,62453
0307188b 02008052 410740f9,4
a19f40b9,7
5ffc03a9,2
01048052 a25f40f9,1
63040091 050840f9,1
b9f47ed3 f703022a 2003058b f803032a f603042a 00f47ed3 000005cb 3b7860f8,12
191440f9,4700
21040091 630e00f9,1
500a00b0 11ca40f9,1
1f0c0171,1
187ca49b c4204079,4
1f5800b9,4
818c02a9,2
c20000b0 436443f9,12
2100038b 816b37f8,12
997b21f8,1
21800191 c0040091 20f007f9,2
ff4315d1 fd7b00a9,1
000040b2 000700f9,99
e3033baa a24f40f9,8
e03f40f9,18
e20316aa e10314aa e00318aa,49
80080090 b60800f0 770640f9,1
e10313aa a2c700b9,4
44e00d91 1f0400b1 050a0090 a5d046f9,2
5f280071 2600008b,3383
d60218cb,66
9bf27dd3 9af67ed3 e0031baa,2
500a0090 11fa43f9,30644
00400091 60e803f9,1
42600291 004042f9,4
10020691,1
090600b0 240c0fa9,2
73060091 7f0204f1,256
21400091 5f0001eb,191
610002eb,5
7f0313eb 0000198b 206839f8,2232
430040f9,3
420f40f9,104124
420900f0 61090090 95090090 94090090 a3e23c91 80222491 426046f9,1
00060090 02060090 00c03a91 42603b91 14060090 10060090 94823d91 10023e91 1e060090 0f060090 dea33e91 ef413f91 0e0600b0 120600b0 ce610091 52a20091 0d0600b0 0c0600b0 ade10091 8c210191 0b0600b0 0a0600b0 6b610191 4aa10191 090600b0 080600b0 29e10191 08210291 070600b0 060600b0 e7a00291 c6400391 050600b0 13060090 a5a00391 73c23f91 200001a9,1
e42700f9,48
8700028b 6600028b 420400d1 5f0400b1 a07867fc,721781496
c62200f9,1
a2030391 206b75b8,2112
5fd00179,3
613640f9,1
e28c8dd2 030040f9,1
10423c91,1
4a050011 5f01116b,58145
e00314aa e1058052,1
80220091 000040b9,45978
001c4092 0110018b e30e4039,3
0040a0d2 5f0004eb,331
8c347fa9,15
63090090 410900f0 96090090 94090090 63c847f9,1
371c0012,2
02040011 220000b9,1
e00306aa e14340b9,48
82621b91 a3820191 420041f9,1
bfea00b9,2
600000ad,9
016861f8,1
7fe00071,1
63a30091 010080d2 1fbc0071 00781f53 607821b8,2
bf4300d1 fd7b41a9,2
200000cb 840cc0da 05200091 000c448b 01400091 22bc7092 21ec7c92 e26322cb ff6322eb,4
80473a8b,4
018b41a9,8
4008028b 00f47ed3 7600168b 000002cb 3b7860f8,12
601200f9,4
62ff42d3 e1031aaa 2004044e 4213028b 21400091 20409f3c,2
00781f53 00040011 00f07dd3,1
730202ca 034c00a9,10
a10700d0 21802991 f7422f91 9f0201eb a302138b 833200f9,5225
e203022a 010040f9,3
6103018b,21
8404048b 7b0c048b 2100038b e27b40f9,1
220700f0 3f0000f1 fd030091 42ec46f9,1
01018052 01c000b9,8
861c7da9,1
a0024039,8
136878f8,6
600a00b0 63001cd1 e2e30191 002c47f9,1
2010008b 01fc58d3 210c7c92 000001ca e10300aa 216c4092 2008c29a 0084029b 00f47ed3 e25f40f9,3
a002198b 1700178b f702068a ff0244f1 0102a0d2 9f0217eb,1
400040f9,8
000c0091 420c0091 00f47e92 42f47e92 0000028b 00300091 2100008b 2000078b 1f0005eb,1
4100038b 5903038b 3f0000eb,4
f50300aa a0b340b9,1
95060091 f512158b,1
c300018b e200028b 640800b9,80
820440f9,2269
600200f9,2174
f60300aa 00004039,1
c1220091 400000b0 22008052 00800191,1
670340f9,4
bf0202eb,1
f60302aa 98a640f9,1
640e40f9,1
010040f9,510
f7031baa f80319aa fb030caa f90307aa f48700f9,2202
ff13416b,3
e20300aa 210080d2 e00318aa 367b22f8,1
830080d2 a20080d2 21060090 20060090 21403291 00a03291 f35341a9,1
ff4300d1 a1ab00b9,1
810800b0 e2c20e91 23008052 21ac41f9,1
ff431591 f50300aa e10340f9,1
c0e22991 5b630291 39008052 b6030ca9,1
f60300aa 830a40f9,1
3f7c03a9,2
1f0400b1 fd7bc1a8,14328
6d0440f9,1
000a00f0 009c42f9,1
b5f27dd3 3703158b b76300f9,3401
10423991,1
013c084e 010000f9,4
c0024039,1
1f000039,4
630d40f9,1
410900f0 60090090 83090090 62002091 001c47f9,1
804744f9,45728
22060090 21060090 030080d2 420045f9,4
e10319aa e0031caa,2
02903539,1
df001aeb,2
f30300aa 39a31291 e1031caa 1900198b 731600f9,6
0e008052 0c008052 0a008052 08008052 0b0080d2 07008052 17008052 160080d2 bb0440f9,1
61040051 21787cd3 21c00191,1
3a7c4093 a15740f9,1
e03340f9,1
bf0009eb,57577
3f001beb,1
130b40f9,1
040c40f9,1
14380091 0000018b,1
5f6821f8,8
1a008052 80334d39,2173
147873f8,1536
030080d2 c00080d2 f4830091 60fe00a9,8
3f0401f1,1
a1d24351 21000971,384667
622e42f9,2
e33700f9,7
f30300aa 208441f9,8
40008052 781e00f9,2
21040012 21040051 3f040071,3387
410440f9,33465
167b20f8,3
e0030091,1
c6f07d92 df0001eb,66958
210010cb 2104018b 21f07dd3 210003d1 21fc43d3,74
10c23c91,1
ff8300d1 ff0700f9,5
64fc5fc8,39
e49704ad,74
827820f8,6
25008052 640440f9,1
400740f9,1
3f0000f1 802e40f9,4
5a0340f9,1
2114018b 2100288b 081c4038,91635
28686e38,4
bca20f91 1f0400b1,4
e303002a 817a76b8,43
a10240b9,253
a57a62b8,2000
000c40f9,2
25008052 210c43f9,1
10a21391,8
e00319aa 010080d2,1
016801a9,31413
c30900d0 63402e91 330a00d0 63400091 73420591 e10316aa e20313aa 340a00d0 a3aa01f9,1
200f40f9,1
20f07dd3 b4222591,1
06a341f9,2170
93621b91 600640f9,1
10021491,1
b47eb89b e00316aa 93fe66d3 f40313aa e10313aa 73d6191b 7b7e4093 e2031baa,384667
603f40f9,8
200940b9,4
b74f40f9,1
001000d1 1f1000b1,15320000
400900f0 00d840f9,22
f40300aa f30301aa e00301aa,8
fd030091 030440f9,64517
400500f0 00002891,1
437b7bb8,2
660bc09a 9aec179b f8eb0ba9,121
63090090 61090090 840900b0 82e02f91 636c40f9,1
800100cb 417820f8,1
e4030091 c20000b0 436443f9,12
5b0000d0 550000d0 7bd32691 b5522691 770640a9,4
c2070090 e10313aa c0018052 428c47f9,1
040440f9,88
634242f9,2
01833891 291000b9,1
210040b2 d50440f9,20311
1f7c00a9,4
800a48f9,1
a1c00051 211c0012 3f240071 e10306aa,4
3f8400f8,83
eeb708a9,45979
e14300f9,5
24080090 7f0000f1 fd030091 844045f9,1
00008052 1f1c0072 e15b40f9,1
e33740f9,8
ff0002eb c37862b8,2000
ff13426b,3401
e60301aa 61ca01f9,1
41104039,5
046400f9,8
610700d1 3f0800f1,2
410100b0 21601b91 fd030091 f55b02a9,1
e50314aa 060080d2 a10440f9,10
3f080071 f96b04a9,15321
000080d2 230080d2 54040091 8127c09a 00040091 6120c09a e10301cb 3f001cea,1
42040012 5f080071,1
830900b0 63e02191 e00303aa 023080d2 01008052,1
efed7cd3 45030f8b 8d010d8b 516b2ff8,8
f50300aa e00341b9,2191
130040f9,8
000001eb 010080d2,45731
17008052 1f040071,4
42001acb,5
7a1300f9,2
001f0091 e70318cb 0000148b 69820191 0a0700d1 0000078a e04300f9,97
207860f8,24
500a00b0 118641f9,4
f60640f9,4
aa7f00f9,1
06040011 bb0e068b 3b7801f9,1
7f1a1071,15
b5420091 f35341a9,5225
9f0010ea,8
060088d2 8500a0d2 038405a9,1
200b00f9,1
5a070091,2
24008052 21d441f9,1
020840f9,2
41380012 7f02016b,21
05833891 313840b9,1
84786178,3
3efb7fd3 080440f9,33494
200800b9,3
070080d2 220040b9,74
e30319aa e2031a2a e50313aa e4031c2a e10316aa e00317aa,4
ad410791 8ce10791 289c0ca9,1
e6068092 201040f9,1
500a0090 11fe47f9,72
410100f0 21800191 4008028b 00f47ed3 000002cb 207860f8,8
a46d41f9,1
a27f40b9,5
6200044b 5f000071,2000
940000d0 94c23191 f55b02a9,1
a03c1a91 00ec7c92 ad810191 fd7bc1a8,1
e06f40f9,4364
01008052,3
01008052 a24f00f9,6
040040f9,53
3f201071,2
058c46a9,74
640440f9,74
e0f740b9,32
623200f9,97
a29300f9,1
e00319aa a16a61b8,21
e30300aa ec031baa f5734da9,2170
210a00d0 800100b0 fd030091 f30b00f9,1
20008052 e01a00b9,1
f70301aa f96b06a9,2191
00c844f9,1
e00313aa f51340f9,8
135000a9,13
610900b0 fd030091 22d840f9,8
42f07d92 804000d1 1f0017eb 422000d1 5f5c00f1,4
82080090 24008052 fd030091 423446f9,1
620a00f9,2
24fc7fd3 8108818b 21fc4193 4408018b 417861b8,10
5f7c0fa9,3
e103042a,15803
bf030091 e0031baa f35341a9,5
e31700f9,8
a2027fb2 ba0700f0 3f0800a9,332
1f0400b1,7
018800a9,1
4340218b 534861f8,74
8c0a40f9,4
f07bbfa9,74
241840f9,10
a0da46b9,4
e40300aa e10314aa e303052a 22004039,513
b85b40f9,1
ff0f94eb,1
20008052 434444f9,5
bf7e10a9,3
c60cc0da 420cc0da 630cc0da 4220cb9a 6320cb9a 42fc78d3 40e043cb 800100b0 00600291 01200191 22008052 3f0400f9,1
391805f9,1
600900d0 bc4a00b9,1
bfcb00b9,5
a10003cb e00303aa e2030c2a 050080d2 04008012 43068052 a6af08a9,2
3f001972 201c0012 f55b42a9,128
282441a9,15
607860f8,1
613442f9,2
211840b9,6
f7120091 e10240b9,3164
1f000071 e00313aa,5
e10240f9,1
00400091 600004f9,1
c20900d0 420447f9,1
847c0513 0122c11a 52060091 84ca248b 896048b9,58145
611040f9,331
220300f9,1
e00316aa,132
84040011 9f100071,5656
fc0301aa 210100f0 e0031caa 354049b9,5
246b41f9,1
a002008b 00201c91,1
7b1e00f9,1998
741a00f9,1
21334d39,82
7b630091 df021beb,12
a2e700b9,5
00825ff8,74
e54340f9,2
f30300aa 801440f9,48
b502002a e00313aa f35341a9,2
210401a9,126
210940f9,4
63090090 61090090 99090090 94090090 634844f9,1
500a0090 118242f9,1
a00700f0 00402f91 040c40f9,331
201340f9,1
f70301aa 5f0000f1 610a40f9,769335
603242f9,6
010080d2 42400091 c26e01f9,1
0004004f fd7bbda9,2
00c01c91 472300f9,1
ff00086b,4
030740f9,4
400500f0 00202891,1
200cc13c,1378533644
b40800f0 e00313aa b40800f0,1
fb3740f9,1
a27700f9,6
e1430091 a2b340b9,5
86e807f9,1
21040011 010000b9,48
40400091,1
e00313aa f35341a9,12
f61341b9,2191
170040f9,8
420100cb 5f2c00f1,1
e30317aa 20fe9f52 e40314aa 650c4079,14
60a045f9,4
000a00f0 00a845f9,1
83621b91 000380d2 e01f00f9,1
a58a41a9,1
40200091,3
e00301aa fd7bc3a8,331
e00000cb 417820f8,4
f30b40f9,76692
e00400d0 00c00191 e10400d0 21c00191 210000cb 22fc7fd3 410c818b ff0781eb 21fc4193,1
001040f9,349
d6f27d92 e10313aa e00314aa,4
410000d0 21702691 a13b00f9,6
200340f9,5
a61747a9,4
e00000b0 006841b9,1
6302018b 00f87fd3 632000d1 62620091 410441f8,1
240040b9,32
e4000090 408440f8,1
740a00b9,8
3f084071,3
222743b9,4700
e14f00f9,128
500a00b0 11c240f9,1
10c20d91,4
20fc46d3 e04b00f9,2191
e2030c2a 390c40f9,4
21400091 010000f9,2
7f0204eb a300018b c200018b 21400091 1f0001eb 530000f9,15
f40303aa f30304aa f76303a9,40
431340f9,4
17008052 a04740f9,1
f303022a f40300aa f55b02a9,6
bf7e0fa9,3
e10302aa 420c40f9,19
fc6340f9,3
55400091 f7422f91 e10a40b9,8813
bf001ceb,1
62c241f9,5
a2030391 006865b8,2
e1031baa e00316aa,62
e20400d0 e10400d0 030080d2 42d447f9,4
a03f00f9,6
a19740b9,4
430c04f9,1
10622b91,4
367300f9,1
e00308aa,4
4200008b 20104039,74
e70c0012 ff180071,2272
000a00f0 00b841f9,1
01004529,332
61090090 82c22391 e00313aa 21e843f9,1
e1e740f9,1
410700f9,1
e203172a 04008052 1f0c0071 e00313aa e303172a,1
ff8310d1 fd7b01a9,12
0d2c40f9,4
24fc49d3 9f5000f1,56400
f67a21f8,1
a0030491 210100f0 a03b00f9,1
a05300f9,1
5f001aeb,135537
a36300f9,1275
c0070090 00802991 9f0300eb,27797
21040091 bf0001eb,16
1f0400b1 a6af48a9,2
1f0065f2 a0c740b9,4
6112028b 42040091 600000f0 630080d2 00400491 200c00a9,1
940900b0 210080d2 80e22791,1
6402048b e0805ff8,48
83c00051 661c0012 a2c00051 df240071 461c0012,246
01044079,6
400500f0 00602791,1
206826f8,2
601a40f9,1
d4070090 826e47f9,1
816a6038,528
8000054b 1f000071,38
810a00d1 a14700f9,1
e10300aa 60b347f9,1
c58442d3 f80300a9,2170
fb7346a9,14
800a40f9,3
a17300f9,4
4248aaf2 2248caf2 22ebebf2 3f0002eb,1
420003cb 3903038b 200340f9,2
a6880039,4
20010090 00601b91 ab5f40f9,1
622240f9,2
43144039,2
7f0101ea,4
660240f9,48
5f0004f1,10
682300f9,1
836aa0b8,721781496
85fc5f88,3
e22f00f9,1
8102018b 214000d1 350c40f9,1
7f7c05a9,2
bf080071,18
02cc228b e50300aa e00301aa e40303aa 412040f9,2
b57e7dd3 f70a0011 e10318aa e20315aa,4
e00315aa 190313cb,22650
c4058052 000900f0 86058052 030900f0 420600d0 24840039,2
200080d2 816a6038,57
82623f91 21632591 00633991 e18306a9,1
351540f9,4508
f8a30291 f70302aa fb7305a9,1
e13340f9,1
001040b9,8
9c621b91 7a0100f0 40230191 bfff0fa9,1
e00313cb 1f0014eb 8002138b,5
611805f9,1
800240f9,6
7f0002eb,2
650a40f9,4
00040012 1f0c0071,2173
e03740f9,6
030440f9,332
fff700b9,4700
e08702ad,74
c0070090 03000491 018040f9,27797
800f44b9,2173
4200068b 5f0005eb,1
604302f9,2
42001112 c300018b 040540b9,21
990800b0 b50800f0 770640f9,1
3f0015eb,45912
94621b91 23634039,2
84600291 214042f9,4
010080d2 f96b04a9,1
1f040031,136
7fc600f9,1
200c40b9,12
e34300f9,82
80621b91 016842b9,1
00008052 e00314aa f35341a9,8
f7c20e91 001445f9,1
61090090 82e22791 e00313aa 212444f9,1
21400091 1f0001eb,1
413406f9,10
800f8052 e0a700b9,1
030000b0 f55b42a9,1
e700068b 7f0207eb,669
80e400fd,1
10c20591,1
a60004aa c60cc0da 420cc0da 630cc0da 4220cb9a 6320cb9a 42fc78d3 40e043cb 7b0f40f9,3
020440b9,94
010800f9,4
02800191 e04340f9,2
017c4093 802006b9,1
a20400d1 c6040091 4200018b 4208c19a 427c019b 4e0005cb 4100018b df0100eb 400000cb 603c02f9,2
730900b0 737240f9,14
d60220d1 20008052 e07f00b9,45728
e12741f9,1
a04b00f9,1
9f00036b,12
21400091 020800f9,2
20432f91 010840b9,45728
a20c00f9,58145
061c00a9,36
1f100071,32
070080d2 26018052 a82f0ba9,2112
f403002a 000a00b0 f30301aa f55b02a9,1
7a8241a9,769335
202c40a9,6
f8000090 e50000d0 001307f9,1
603e40f9,1
5f00006b,14
1f001aeb,4
21040091 fd7bc2a8,10
10a20f91,2
23004039,6
4200008b a09340b9,2
60631b91 62db46b9,4
600000f9,1
0000068b 806b28f8,3386
610900d0 42008252 fd030091 211440f9,8
00000090 e2e30091 00c02291 e1230191 030080d2,1
60324d39,1
00040012 00040051 1f040071,2173
940900b0 210080d2 80420b91,1
94021091 60622991 640e05f9,1
f70300aa e0e702b2 a09999f2 64f67ed3 843c0191 847cc09b 84fc45d3 9408048b 80ea7bd3,1
07050011,24
5fe00071,4
416863f8,3
33010090 64820191 f40300aa f55b02a9,1
20008052 a0620039,1
9ffe0188,10
300a00d0 112a47f9,1
10422591,4
740e00f9,15322
3c4000d1 600b0091 7c021c8b 9f0a00f1 820740f9,1
900100b0 112240f9,7
10e20a91,1
600a00b0 000047f9,1
1f0000f1,6
2024c09a 2124da9a 0000018a 9c070091 1f031ceb,2493
000a00d0 00a047f9,1
418440b8,1
5ffc0fa9,1
fc0305aa f35301a9,1
20384d39,1
20010090 004c40f9,8
000400f1 2100188b 410401f8,4
efc13891 cee13891 2cac0aa9,1
22cb01f9,1
4200058b 0000068b 5f0302eb,14
010100b0 21800191 fd030091 f35301a9,1
82100091,3
9c070091 1f031ceb,34
010080d2 000080d2,1
300a00f0 110e47f9,32
aaa709a9,2
300a00f0 113a44f9,1
00008092 60f601f9,1
e01f40f9,1
00f047f9,1
620040b9,6
256862b8,10
a18b49a9,2
780e40f9,1
21008052 20008052 61060039,1
43000039,1
42400091 c28a01f9,1
24fc4cd3 9f2800f1,53706
000042b2,6
620240f9,6
e0ff01a9,5
500a0090 117a46f9,1
f903162a 170042f9,1
800040b9,4
21400091 a1e601f9,1
53010090 f40301aa f55b02a9,6
330a00d0 73e20e91 148083d2 3400a0f2 e00314aa 7f7e00a9,1
10c20a91,8
600900d0 630900d0 e49b46a9,1
a16b40f9,43
80324d39,12
fc0300aa e00318aa,15321
0000028b,1
020840b9,1
80070090 000047f9,1
14640091 130080d2 f55b02a9,1
5ff40071,13
440c4079,2
f30300aa fb7305a9,767335
a13f40f9,1
020400f9,31413
260040f9,74
020080d2,257
a09740b9,12
3f104071,2
10823891 00a03a91 33b808a9,1
e28300b9,45978
e10300aa 0d14178b 270440f9,2
421041f9,3
001c4092 0110018b e5160091 e00301aa 611c4092 a31c4038,3
fd7bcca8,45980
f40300aa 000840f9,4
057f03f9,1
fb03022a e06b00b9,6
616a41f9,1
a14300f9,5
000a00d0 001447f9,1
22734039,2
422440f9,94
e20300aa e30000d0 fd030091 f76303a9,1
000900d0 001440f9,2
611a04b9,1
21f444f9,48
0000064b 0000044b,15321000
e103042a a21200f9,4508
170440f9,2
10c21f91,30644
2c008052 6f0440f9,1
04084129,80
10e21d91,1
5f7c0171,1
81e01f78,1
63090090 61090090 84090090 82001f91 634847f9,1
594b00b9,1
640800f9,21
00f07dd3 0200058b 840440f9,3
610740f9,8
800900b0 00c02191 dffe01a9,1
ff4304d1 fd7b02a9,2191
fd7bb2a9,7
42400091 c28201f9,1
930340b9,21
b80200f9,1
e2cda5f2 622cccf2 620cedf2 7f0002eb,1
f50300aa f60302aa a05740f9,1
223440f9,2
820900b0 41602091 a3e20191 608601a9,1
53010090 60da46b9,4700
4700078b 7f0207eb,2269
c1070090 218446f9,1
230040b9,767334
00e440f9,4
730900f0 73c22291 e00313aa,1
00040011 000b00b9,1
bfb20339,3
b00000d0 117a47f9,15322
76c640f9,1
e15740f9,769342
c00641f9,1
e04b00f9,16
20f802b9,1
20008052 221000f9,1
01840fa9,1
500a0090 116a45f9,1
bffe0fa9,1
140080d2,14
641541a9,8
fb0300aa e11748a9,2
c0000090 18e00391 e00318aa 81008052,1
fd030091 f55b02a9,46022
01008052 f35341a9,1
f80300aa 840740f9,2
bf0011eb 8400188b 250440b9,4
f48740f9,2205
b802188b a00700d0 00802991 9f0200eb 000740f9,99
bc8780b9,1
620c41f8,18
20ac41f9,4
676a64f8,48
c07827fc,1998
3f0004eb,1
bf02026b,2170
c00d8052 e0ab00b9,1
200000b9,8
e07876f8,6
5f4800f1,1
a20800d0 3f0000f1 fd030091 420c44f9,1
e20800f0 fd030091 421440f9,2
950100b0,1
a55f47a9,6
f60317aa f70313aa,1
210004cb f8eb4ba9,81
d6060011 600640f9,6
840080d2 a30080d2 020600f0 000600f0 42a01591 00801591 f35341a9,1
000a00d0 006847f9,1
00400091 600804f9,1
022080d2 7fe60839,1
a0220091 a04b00f9,1
d6420d91 60b347f9,1
801240f9,1
60031091 a20f4ea9,4
036400a9,2133
7ffe0ff1,150103
c60cc0da 420cc0da 630cc0da 4220cb9a 6320cb9a 42fc78d3 40e043cb 7b0f40f9,11
80003ead,14
e10300aa a000028b e2c30091 25008052,74
e00318aa,1
60686138,208
201440b9,1
010080d2 23af04f9,1
29a10891 080600b0 070600b0 08e10891 e7200991 060600b0 050600b0 c6600991 a5a00991 040600b0 030600b0 84e00991 63200a91 314010a9,1
180700f1,2
e1df8052 6100a072 1f00016b,1
e0031caa e2018052 e15b00f9,1
036862b8,10
ff4f00f9,1
0040218b 01044079,80
010a0090 21b046f9,1
21008052 620c41f8,1
500a0090 11da41f9,1
7f060031 010040f9,128
e58300b9,2191
10223b91,4
95010090 a4820191 69324eb9,1
010a00d0 215444f9,2
1f0000f1 23fe9f52 000080d2,3
010080d2 02d00579,1
b84740f9,2
76820191 f50300aa f71b00f9,6
760440f9,1
fd7ba9a9,4
a00000f0 01403991 050080d2 0400a452 030080d2 02008052 a04700f9,1
239b41f9,4700
00400091 802205f9,1
821a40b9,4
9f0201eb 631640f9,2
d6420c91 006c47f9,1
e08f40f9,2175
031845f9,1
10c20091,1
550000f9,1
280040b9,70
35fc01f9,1
830600f9,1
c2070090 e10313aa 00018052 428847f9,1
00040091 605601a9,2
212c40f9,1
350448f9,1
2024c09a 2124da9a 0000018a e203022a 219f41f9,2204
000a00f0 001840f9,1
e00315aa bf7200f9,2
633242f9,2
f803172a a60040f9,12
20a30091 225b40f9,1
7f0201eb,6
3f7c01a9,2
238440f8,4807
21000ecb 42000e8b 261c41a9,1
c00000f0 0a6c44f9,1
e2030c2a e403152a 0000078b 43028152 a62b08a9,4
c1420d91 200840b9,1
27008052,1
3f7c00a9,76
c1620b91 200840b9,1
0020a052 9f0213eb,1
e16700b9,1
21c301f9,1
200c014e 0400028b 5f8001f1,18
21040091 02686138,12
f60301aa 010040f9,48
c3058052 e10800b0 220600b0 42600291 03200139,1
e302038b 234704f9,95
9c090090 210080d2 80c31d91,1
13ec7c92 f55b02a9,45974
f40300aa f71b00f9,45974
f3000090 f55b02a9,1
028440f8,1177
f40301aa 0101a052 f51300f9,1
210080d2 00f47ed3 bf0600f9,2
ff000a6b,24
2400048b 040400f9,4
010340f9,14225
a30000f9,2
300a00f0 118243f9,1
10422a91,4
00004039,1
fb4f00f9,2
e40300aa a1fe0091 824e40f9,1
007c0453 1f080071,2191
b5020491 20008052 946e47f9,1
f50302aa,769335
e0b300b9,2191
e2031caa e04340f9,7
a7c700b9,4
617fc19b a5f047f9,1
21ac46f9,97
a25b40f9,1
221000b9,1
63200091 09fc00a9,3
10c23a91,30650
000f45f9,1
fd430091 f35302a9,12
df0200f1 e50240f9,1
350c00f9,5
21001c8b 010400f9,8
fd7bc9a8,685
3f7c11a9,2
e40f13a9,1
950900b0 940900b0 f96b04a9,1
610800f9,5
600900d0 640900b0 860900b0 07e042f9,1
18833891 001340b9,1
700a00b0 11fe47f9,2
06a041f9,1
b65300f9,6
e0ffffb0 01000091 20684079,1
00000032 c03a0d39,4
24008052 21d446f9,1
1f0002eb,2171
a83700f9,3
e20400b0 e10400b0 e00303aa 030080d2 428c45f9,4
613242f9,2
e203152a e403132a 050080d2 43008052 000080d2,1
02c041f9,1
3a7c4092 400100b0 02800191 e07f40b2 e06700f9,2191
00800091 a04f00f9,12
e04300f9,123
e40300aa 607e5f88,1
7ffc0ff1 410800f9,64517
e00313aa e203162a e103152a,7
1b0805f9,2
fd030091 f96b04a9,815066
e08f40b9,7
000a00f0 00e040f9,1
a0cb40b9,4
5f3c00f1,6
48d14579,1
236c4079,1
8000054b 09038052 a0621b91 ab010e8a 140080d2 e930299b 6b0141b2 0d0440b9,4
f40000b0 e10b03a9,12
9f180071,14
e00313aa 21008052,2
5f0316eb,8
000080d2 f55b02a9,769335
62820e91,1
734200d1 a2034239,1
e33340f9,12
f30300aa 207047f9,8
4148218b 019c01f9,1
f96b45a9,14
fa0300aa bc0640f9,2
44144fa9,1
646b60b8,15320000
811a42f9,3389
5f300171,57
9f1c0071,32
000a00f0 00c846f9,1
1f0001eb,385
800800b0 d6c20b91 790640f9,1
81d603f9,1
03ec7c92 0000803d,4
3f0800f9,12
73c20591 648200a9,41
24008052 21a046f9,1
732241f9,1
a14b40f9,2
ffc308d1 860100b0 450000b0 e8fffff0 a5400791 08410591 fd7b01a9,1
fa0300aa e1031aaa 000480d2,2
42040011 01304d39,5
000100b0 00800691 010100b0 21800691 210000cb 22fc7fd3 410c818b 21fc4193 9f0213eb,1
c60cc0da 420cc0da 630cc0da 4220cb9a 6320cb9a 42fc78d3 40e043cb 800f4079,18
a0220091 03008052 020080d2,1
9f0001eb,331
e05340f9,2146
21400091 45d800b2 67d800b2,12
425040b9,1
f60300aa e0031aaa,2
500a0090 114644f9,1
020600b0 000600b0 42403591 00603591 040600b0 030600b0 84003591 63203591 228005a9,1
a2e300b9,5
05004039,513
200540f9,1
39cf47f9,769334
400140f9,1
1400148b e00314aa,12
800f48f9,2
e10040f9,45729
f40301aa 930100b0 73820191 21000191 840240f9,1
050440b9,1
620100cb 5f3c00f1,6
f4f78352,1
a1009f3c,30644
a4400091 a10040f9,1
028c3da9,4
e26607f9,1
827b6678,2
00008052 f303002a e20343a9,12
400840f9,24
3b0f00f9,15320
bf0004eb,8
61090090 400900f0 83090090 62401f91 001846f9,1
ff430491 e10300aa a27740f9,2
300a00f0 11de43f9,1
410100f0 640340f9,4
a20400d1 2109028b,767334
1f001beb,6
f30302aa,107
a00640f9,14897
60ae01f9,1
430800f9,3
f8060091 18f77ed3 e00318aa,2
e29f0ba9,2191
e01300f9,12
9402158b 800240b2 600600f9,3715
57734079,4
196803a9,13
610201a9,42013
c202148b df0002eb,3
83304d39,1
a10240f9,2
e103132a,128
600c8092 030080d2 e80980d2 1f0440b1,8
630a00b0 fd030091 639047f9,1
e003132a,384
2100028b 2000008b 000700f9,3
220080d2 00400091 609f05f9,1
e00f04a9,1
210400d1 3f0400b1 437b21b8,1998
80222691 81e647f9,1
94090090 210080d2 80421d91,1
fc0314aa 400c4079,1
e0ff9fd2 9f0200eb,45728
600c803d,344641072
740900d0 730900d0 801245f9,1
f60300aa f96b04a9,4
c09e41f9,4
000280d2 fd030091,1
63040012 63040051 7f040071,2
e49b06a9,1
220800b9,2
e0031caa,2
356b37f8,3
620640f9,1
e00e8052 0e0080d2 f96b04a9,1
04044039,200
a05b00f9,10
090080d2 e03f00f9,8
21fc60d3 840241f9,3
e2031aaa a16740f9,43
42400091 c29201f9,1
7a0900d0 555345f9,1
bfd20339,1
21040051 010400b9,129
061413a9,1
040080d2 610200b9,1
010080d2,134
f55b42a9,1645494
86040091 230840b9,6
000080d2 e10240f9,5
e10900f0 fd030091 211045f9,1
00010090 00ec47f9,1
3f040071,10
022a8852 820aa972 7f00026b,1
20ec00f9,1
62ba00f9,3
1ffc02a9,8
1f1c00f1,6
300a00f0 110240f9,4
aaa749a9,2
330a00d0 73420591 21400b91 e20313aa 00402c91,1
a42f4ba9,3
600900d0 001440f9,8
e00400b0 000047f9,1
f30000b0 73c20591 740a40f9,9
a04740f9,17
e10300aa 801200f9,1
57f47ed3 40040091 f60301aa 7b0e40f9,767335
5f00016b,1282
e1630291 e00313aa,2
42400091 e29a01f9,1
768202a9,2
82c9a8f2 4220c0f2 2200e0f2 1f0002eb,4
fb7306a9,14
e10300aa 806744f9,1
21a341f9,3
e0031baa,17517
bf2020eb,1
841642a9,1
400000f9,2
030200cb 7f2800f1,6
73f27d92 618600d1 3f0000eb,14243
220340f9,769334
a1f30339,1
010600f0 fd030091 f30b00f9,12
7f820329,8
f80303aa f70304aa fb7305a9,4
010100b9,767334
016841f9,8
617e01a9,2
94c646f9,1
400100f0 00601b91 016842b9,4
61e241f9,1
24030191 edff9f92 ebbf9fd2 eadf9fd2 e9e89fd2 68c79fd2 060580d2 85fb9f92 0d00b2f2 0c00b212 ebffadf2 eaffadf2 e9ffadf2 e8ffadf2 07078052 0600aef2 0500b2f2,1
230c4079,74
c2070090 e10313aa 00028052 424447f9,1
f5730da9,2202
83e440f9,1
10c21c91,4
e03b40f9,8
4203148b 761e40f9,769335
1f6000b9,4
38008052 bf7e01a9,1
621640f9,767334
209b40f9,1
00ef47f9,1
840440f9,74
3f0000f9,1
06100091 04008052 847a22b8,2
d30800b0 73223991 60fedf08,1
10222291,1
213c0012 3f002071,12
3f6000f1,1
10a22691,8
160040f9,128
b66f00f9,5
d50700b0 a1020491 3f7000b9,1
e00313aa 83e003f9,1
3f040071 fd030091 f35301a9,1
3f3800f1,1
830800b0 c4420d91 25008052 e00304aa 635840f9,1
3f0300f1,1
fb0301aa 550100d0 a1222591 60010090 fa0306aa 007c40f9,4
3f0000f1 803e40f9,2
bf5100f1,45978
1f000071 21040091 1f0301eb 0000040b 4200000b,15305679
600082ad,17
932203b9,7
261416a9,2
e08340b9,64171
267c40f9,2
242f40f9,1
e30300aa 250740f9,15321
150c40f9,12351
e44b40f9,4697
800000d0 00002991 e05700f9,2191
900100b0 110640f9,41
0000048b 40801df8,3
c2070090 e10313aa 80018052 422447f9,1
c60580d2 8605c0f2 240040b9,4
400045f9,2191
a3c740b9,43
84380012 840ca69b a26300f9,3
c50580d2 827c01a9,2
3b6860b8,3
217ca99b 050840b9,21
f30301aa 5a0100d0 41830191 f50300aa f40305aa 20c044f9,12
1f000171,1
a37a7bf8,7
206860f8,2296
d6820191 9312138b c00e48f9,2
422c47f9,1
600900b0 650900d0 620900d0 860900b0 04e847f9,1
025080d2 840600f9,1
200000cb 840cc0da 05200091 000c448b 13040091 e00313aa,4
e20300aa c81a80d2 21050090 1f0002eb 213447f9,103
a09640f9,4
008c40f9,1
820800b0 c1820c91 831245f9,1
1f0000f9,767359
81010090 80010090 1ce03891 fc5b00f9,1
ca021f12 20374d39,4700
001b00f9,1
e827b3a9,74
1f0c00f9,6
820800b0 c1020c91 831245f9,1
e40300aa e34f40f9,1
a0220091,3
1f0016eb,45750
3f7c05a9,2
c0004039,1140
e00313aa 832004f9,1
000a00f0 005847f9,1
21f07d92 9f0301eb,97
40030491 610640b9,97
e50000f9,2
21e047f9,4
02000c8b 5f1400f1,6
63400091 450800b9,8
640401f8,1
000a00f0 008844f9,1
00e80051 61040091 001c0012 1f040071,29
00801891 001040f9,1
051840f9,12
a14340f9,12
f503032a f30300aa c36842b9,47
55ef7cd3 a002008b 3a0000f9,1
010a00f0 21c444f9,1
10822591,1
b4720291 130080d2 e003132a,1
220600b0 210600b0 030080d2 42cc41f9,4
f30300aa f76303a9,2
f76303a9,1551385
a0820191 00907539,1
606b41f9,4
300a00f0 11ae46f9,12
300a00f0 110a45f9,2
f96b46a9,4382
1f0003eb,55269
5f0c00f1,4
627301f9,4
5f0003eb,2
01840da9,1
f30307aa f55b02a9,8
a7c01fb8,10
bffe00a9,1
2609008b 010140b9,767334
848e41f9,3401
1f5800f9,1
e10316aa e00319aa 22008052,94
e60305aa a504058b e04340f9,2170
c01040f9,3
c07e7dd3 a05b00f9,1
e01740f9,2
24704079,1
35050090 f35301a9,14328
600c8092 080780d2 1f0440b1,48
020900d0 fd030091 421440f9,2
63400091 037c00a9,8
190001f9,1
500a0090 110243f9,1
607b60b8,767335
247f40f9,1
642f02f9,2
620640b9,1
a10a40f9,32
20008052 61fe5f88,1
607f40f9,4
f90300aa,2
208c03a9,2
7f0301eb,253
e00303aa,10
2003008b 800000f9,2
0a8409a9,1
a94740f9,4
e53740f9,15321
e95700f9,8
a35b00f9,4
e10301cb 350000ea,14243
1c0080d2 7f0200f9,18
030040b9,49
6b210891 4a610891 227400f9,1
852300f9,1
010080d2 010900d0 440600b0 800a40f9,2
7f3200f1,4
60234039,2
f96b05a9,13
610f40f9,1
741c0012 fc030091 027c7fd3 403c0091 01447092 00747c92 e16321cb ff6321eb,1
bf1b01b9,6
0200018b e00300cb 420400d1 4200008a 62ba00f9,1
600100d0 a06300f9,1
bf01016b,4
23ac45f9,8
7f7c04a9,2
a07a7cf8,4700
1f000071 a3074aa9,2112
e49744ad,74
2100038b 21000d8b ff0001eb,2
e42f41f9,1
f30300aa a15740f9,1
e34b00f9,2191
f35343a9,4382
02144038,912
c2070090 e10313aa 40018052 42f846f9,1
667b61b8,15321000
1f6000f1,5
e40300aa f55b42a9,4
62d606f9,1
5b7860f8,4
a22c8652 c225a672 7f00026b,1
602a42f9,1
