ab4f40f9,200
80da46b9,25
00004039,25
604640f9,25
e1e740f9,25
a16b40f9,2400
76820191 f50300aa f71b00f9,250
fb0300aa,200
f35343a9,170500
e003012a f35341a9,25
00f47ed3 000013cb a17b40f9,200
2010008b 01fc58d3 210c7c92 000001ca e10300aa 216c4092 2008c29a 0084029b 00f47ed3 e25f40f9,75
24008052 21334d39,25
02903539,25
22008052 020000b9,25
e01f0391 e05700f9,125
0310c1a8,75
f35342a9,575
1f6000f1,225
600200f9,84775
00040051 a4820191 a5cb40b9,25
220300f9,25
22230091 000080d2 01ec7cd3 00040091 a35740f9,25
e0f740b9,8375
078c00a9,1000
80ee7cd3 01bc7092 e16321cb ff6321eb,25
20304d39,125
614e02f9,25
540100f0 86621b91 f55b02a9,2525
000080d2,50
848e41f9,122075
01084079,1100
21040091 7f0201eb,800
e2c340f9,25
e08f40b9,275
e30300aa 020100f0 40e847f9,225
ec010c8b ac0c00f9,400
83f67ed3 6400148b 84f47ed3 840014cb 84f07dd3 c26a64f8,250
61ba40f9,75
a2222591 c1ee7cd3 e00319aa 420c40f9,2400
e70319aa e04740f9,84700
0000018b,175
400003cb a0ba41f9,250
00a01191 a25700f9,25
44144fa9,25
20084029,25
a0220091 03008052 020080d2,25
e50313aa e00316aa 830000f0 820000f0 63002191 42402191 040080d2,25
013c084e 010000f9,175
060000b9,350
2e008052,25
267c40f9,75
6001018b 63005df8,200
22008052,225
7b0340f9,425
9f0600f1 7b0640f9,25
a14f40f9,175
e3033baa a24f40f9,375
410100f0 21800191 4008028b 00f47ed3 000002cb 207860f8,375
14008052,25
050440b9,25
b31e1c91 f40300aa 1300138b 02e280d2 01008052 730ad59a 737e159b 60021cd1,25
608200f9,50
022403b9,250
400100f0 00601b91 016842b9,200
615b40f9,2500
1f000071 5f040031,200
e0431591 e0a702f9,25
00008052 81621b91 200440f9,25
e0fe41f9,225
1c6c01f9,25
e10b47a9,25
c102038b f54300f9,25
210845f9,25
e00313aa,175
e10300aa 440c4079,25
a1f30339,25
ff4300d1 fb0301aa,2525
c1d64579,225
400100b0 e34740f9,25
42001e32 e2b30f39,25
e05340f9,84250
a45202f9,250
a03c1a91 00ec7c92 ad810191 fd7bc1a8,25
1f0400b1 a62b48a9,200
f55b04a9,85250
807a76b8,2800
bf030091 e0031baa f35341a9,200
fc0300aa a00000f0 a00f09a9,25
f3430091 26008052 60620091 7f0200b9,25
e04b00f9,575
900100b0 111240f9,625
03547092 e36323cb 00847c92 ff6323eb,25
840040f9,75
17008052 1f040071,200
660440f9,25
a60004aa c60cc0da 420cc0da 630cc0da 4220cb9a 6320cb9a 42fc78d3 40e043cb e00313aa f35341a9,1575
e1031baa e00315aa,25
212b43b9,362150
0d0100d0 a0810191 fd7bbfa9,25
21000ecb 42000e8b 261c41a9,25
2400048b 040400f9,200
60364d39,25
e14340f9,450
0000018b 600f00f9,75
a05b40f9,850
5c010bea,25
60060011 010380d2,100
a07a1f53 00040011 00f07dd3,200
e30319aa e46740f9,200
e203022a 042803b9,250
1f0400b1,200
01008092 61c201f9,25
200700f9,275
210940f9,125
2114018b 2100288b 081c4038,2702850
7f161071,122350
623740f9,1375
609640f9,50
ff4300d1 f40000f0 96420591 8daa40f9,125
0c34096d,550
000c0091 21200091 610000f9,25
a61c3da9,25
fc0319aa f90318aa f80315aa 400000d0 00d02691 a03300f9,200
e10300aa c81a80d2 e20000b0 1f0001eb 40cc00f9,25
f5060011 1f5b37f8,200
9f00006a,175
4200058b 0000068b 5f0302eb,125
4313038b a6ab08a9,200
233000f9,25
fd7baaa9,250
861c7da9,25
f56340f9,93050
86040091 230840b9,250
a22c8652 c225a672 7f00026b,25
26004039,175
2010008b 01fc58d3 210c7c92 000001ca 611c4092 a31c4038,1150
002b45f9,25
3b6860b8,75
61121051 7f0a1071 813a44b9,43625
60ef41f9,1300
07050011,625
200000cb 840cc0da 05200091 000c448b 13040091 e00313aa,200
fd7bd2a8,175
f503022a,25
bf01016b,125
618c40f8,1450
3f0004eb,25
a00e41f8,5750
060080d2,475
b35300f9,25
6103018b,725
607f40f9,200
682402a9,250
ed0300aa 1f0400b1,25
c0060051 a09f00b9,25
fb0300aa e11748a9,75
7a1300f9,75
7f221071,475
831c4038,875
f70600d1 a52000d1 3f03176b,200
60234039,25
611704b9,50
a13f40f9,25
630cc0da a50cc0da 7f0005eb 000080d2 817a60f8,25
00781f12 603a0d39,225
40630291 00204039,25
620040b9,250
09038052 000440f9,225
870b40b9,725
741c0012 fc030091 027c7fd3 403c0091 01447092 00747c92 e16321cb ff6321eb,25
401c4038,2075
600082ad,75
400100b0 1b800191 e04b40f9,2000
282441a9,1025
1f000171,25
213c4092 ff6321cb 3f0010f1 ff0300f9,350
810100d0 22008052 f35341a9,25
242f40f9,25
350448f9,25
5f00076b,25
2a0400d1 623042f9,50
00801891 001040f9,25
f90300aa e1060051 2003158b 350080d2 a18300b9,25
1f0c0071,200
740600f9,50
a122d81a 217c4093 3f001cea,50
210040f9,25
250301f9,25
c122c11a 200300f9,25
000f45f9,25
416863f8,75
195879b8,100
20008052 200000b9,25
f7030aaa f96b06a9,85250
250840f9,200
60d740f9,200
a00e40f9,1000
fd7bd9a8,550
8400188b 250440b9,200
a00a40f9,1000
e203002a 5f040031,50
d60218cb,1150
408000d1 230340b9,125
4efc41d3 26004039,125
8000008b 607301f9,200
a05300f9,25
0841208b,225
73060091,75
4200008b 4000018a 4200038b 4100018a 1f0001eb,175
011740f9,25
f35302a9,25
a6b300b9,25
00008052 f35341a9,4625
0001008b,450
217ca99b 050840b9,725
53010090 60da46b9,362225
610700f0 40000090 00000791 210047f9,25
e00313aa f35341a9,82450
fa0300aa e1031aaa 000480d2,25
fd7bc7a8,250
1f000071 9402002a 60364d39,250
616a41f9,25
424025cb 64400091 21787dd3 630c40b9,250
f30301aa f40300aa 210440f9,5425
805b3878,75
95f247f9,25
00e00091 01005ff8,25
a0fd07f9,25
e20300aa 226b37f8,25
03202591 e60315aa e5630391 e4230391 63800091 e00313aa 47008052,200
1f000071,25
f7120091 e70319aa f7031aaa f90318aa fa031caa f603142a eacb40b9,8375
13008052 e05340f9,50
208746a9,362225
e142218b e00313aa,1175
025407f9,25
000340f9,25
282442a9,250
400003cb 7b0f40f9,700
e00300cb 3f0101eb 00000a8a 4a0000cb 5f0007eb,50
55ef7cd3 a002008b 3a0000f9,25
c3010d8b 230100f9,25
e20315aa e10314aa 800e178b,200
21d846b9,2600
1a601b91 f9230291 e0522691 e03700f9,25
253300f9,25
3f0314eb,362225
22704079,25
63800191 12488c52 4e0c40f9,200
e2af88d2 82c9a8f2 4220c0f2 2260e0f2 1f0002eb,50
606340f9,200
9f00056b,6950
56000090 d6c60391 b40240f9,25
21800091 bf0101eb,775
60184039,200
841642a9,25
0300058b 7f1400f1,1350
a4b300b9,200
3c600d91 1f0400b1,125
620240b9,1375
a04f40f9,400
e203022a 010040f9,75
84c02091 60a20f91 61c20f91 a200028b,25
00f47ed3 000002cb 00f07dd3 fa02008b 00800091 0000178b e28308a9,2000
a94f00f9,200
00040011 604a03b9,25
00380012 5f03006b f3031a2a e14340f9,450
d4fe01f9,200
e10000d0 21000891 1f0001eb,25
f40301aa 930100b0 73820191 21000191 840240f9,25
41380012 7f02016b,725
21800191 c0040091 20f007f9,50
a6ab47a9,200
155801a9,550
e06f40f9,170025
3f040071,300
e4030091 c20000b0 436443f9,550
aa2c3ea9,1025
200340f9,150
930340b9,725
446826f8,75
5f4400f1,500
a94b00f9,200
e203172a 04008052 1f0c0071 e00313aa e303172a,25
410c018b f35341a9,250
e00319aa,225
a002008b 00201c91,25
3f001beb,75
001845f9,25
c0fe41f9,250
e2cda5f2 622cccf2 620cedf2 7f0002eb,25
e40318aa f40700f9,85250
97621b91 61fa42b9,25
10820091,625
240f04b9,25
bf02026b,2650
25004039,1300
bf0000eb,25
7f0005eb 630cc0da a50cc0da 7f0005eb 000080d2 817a60f8,25
a0ba41f9,83500
80010090 b7000090 f35301a9,25
a2b340b9,25
d6060011 600640f9,250
a00640f9,3975
3f001aeb,475
24801891 00d847f9,25
080080d2 81de40f9,200
615a41f9,25
e35f40f9,75
81e01f78,25
e4000090 408440f8,25
65844029,250
2f1041f9,25
e00100cb 417820f8,250
64ffff90 63200091 84000391 3f0400f9,25
600540f9,125
010080d2 5ff40071,25
2300088a 6ec241f9,50
001b00f9,25
e23740f9,250
200100d0 f30b00f9,175
f76305a9,85250
c60cc0da 420cc0da 630cc0da 4220cb9a 6320cb9a 42fc78d3 40e043cb 7b0f40f9,500
243740f9,25
17008052 a04740f9,25
81008152 1f00016a,84775
1803018b e10318aa,25
f40300aa a2c30391 e103152a 00008052,200
a00140f9,25
6200018b a20400f9,75
a7801ff8,3025
fc430091 01040051 1b0080d2 3a008052 a13f00f9,25
015807f9,25
e7040011 c6e00091 ff540071,30450
0000198b 206b37f8,13225
1f280071 8300018b,300
5f040071,32425
e203032a 231300b9,25
031000f9,25
0c3400a9,25
018800a9,25
711ca54e 921ca64e 311eb24e 31bef14e 233e084e 631c274e 841c274e a51c304e c61c304e 711ca54e 921ca64e 31be324e 31be324e 233e084e 428000d1 6300c0da 7f0040f2 4004438b e00313aa,100
32008052 7a0440f9,25
81ca40f9,275
200100d0 a19b40b9,25
b66f00f9,225
94621b91 e103172a e00316aa e2830191 833240f9,25
240840f9,300
206860f8,2650
ff0304d1 fd7b02a9,85250
80621b91 012c40f9,25
47000acb 48d800b2 450003ca,19925
220440f9,225
62030191 e5ff9f92 edbf9fd2 f0df9fd2 efe89fd2 6ec79fd2 0b0580d2 87fb9f92 0500b2f2 0a00b212 edffadf2 f0ffadf2 efffadf2 eeffadf2 0c078052 0b00aef2 0700b2f2,200
c00440f9,30450
7c010090 9c330791 e0031caa 14a30091 fc0316aa f60313aa f30318aa f80300aa 807a76b8,2400
f9430091 02008052 000b40f9,25
01048052 a25f40f9,25
00600991 740100f0 1b4a8ad2 81621b91 9a4a8ad2 b98889d2 98a888d2 fbc9a8f2 3a68a8f2 39c9a9f2 58a8aaf2 160080d2 3b89c9f2 bae8cbf2 7929c9f2 f8e8cbf2 f70316aa a2e30391 bbe8ebf2 1a4aeaf2 d9e9e8f2 f8a9eaf2 a25f00f9,25
0a0040b9,725
5f00016b,36600
e20319aa e01300b9,85250
5f0005eb,25
a016028b,75
a25340f9,75
60f341f9,325
21400091 1f0001eb,25
f80313aa f30316aa 73060091 f6031caa,1950
a0820191 00907539,25
aaa709a9,100
230440f9,250
031440f9,50
05078052 604a43b9,25
a03b40f9,225
e30313aa 020440f9,25
a13b40f9,25
fb7346a9,575
36008052 0e0840f9,25
a00f0da9,50
ca021f12 20374d39,362225
20a341f9,93050
1f040071,64625
210000cb 23c741f9,25
a0820191 25008052 84621b91 c3e22991 02907539,25
710840b9,25
9c070091 1f031ceb,10025
010080d2,25
640401f8,25
a1230391 a2830391 a14700f9,200
3f03016b,300
a35340f9,425
f603062a a90440f9,84875
440f40f9,25
a0030491 210100f0 a03b00f9,25
7f0000eb 002000d1 81304d39,250
e40300aa e10314aa e303052a 22004039,13050
e10301cb 604a42f9,175
42aa9c52 7ef447f9,200
e30300aa fc634ea9,75
40230191 02048052 bfff0fa9,25
fa03132a 600000b0 00a01091 fb3700f9,450
00008052 fd7b42a9,475
206b77f8,13225
a05b00f9,625
810240f9,2850
05004039,13050
7f0201eb,225
000180d2 840cc0da 000c448b 18040091 e00318aa,25
0824076d,550
a09b00b9,25
20018052 e10313aa a25700f9,25
e203062a e30301aa,3400
210041f9,50
0040218b 020c4079,275
f50304aa 790440f9,25
42fc44d3 22d70579,25
400045f9,85250
01ef7cd3 e26a61f8,25
036400a9,83775
21380012 217ca59b 024862b8,1100
025380d2 fd030091 f35301a9,25
5f000071,13925
634e42f9,175
01f444f9,25
3f3000f1,25
ab4f00f9,200
fc6340f9,75
e6068092 201040f9,25
e0031caa 42c00091 a4820191 e80308cb 16008052 070080d2 060080d2 8c8eac72 8b8eac72 2a0080d2,25
80473a8b,200
000440f9,2575
010080d2 02d00579,25
a0830391 a04f00f9,250
f30000b0 74220691 f55b02a9,25
4100038b 5903038b 3f0000eb,125
260040f9,3025
3f000071,1450
711ca54e 921ca64e 311eb24e 31bef14e 233e084e 631c274e 841c274e a51c304e c61c304e 711ca54e 921ca64e 31be324e 31be324e 233e084e 428000d1 6300c0da 7f0040f2 4004438b e00314aa f35341a9,300
62023891 61927539,25
63040091 050840f9,25
7b0f40f9,4550
9f040071,625
2c34c4a9,250
c26821f8,1100
0000028b,25
211f40f9,25
606f41f9,600
104403a9,200
fd030091 0bf447f9,25
1f000039,200
a15740f9,75
440c4079,50
b8220091 7ff40071,1450
f90300aa c1fe40f9,25
f9630391,200
800a40f9,75
070440f9,362225
620240f9,175
5b0000d0 550000d0 7bd32691 b5522691 770640a9,175
f51340f9,100
00040091 21040091 25004039,5775
94621b91 23634039,100
3f1c0071,25
400100b0 03202591 e03b00f9,125
8c0a40f9,125
631605f9,25
f55b03a9,550
a14300f9,225
2100048a 4027c09a 617861f8,362150
810301cb 610200f9,25
610e40f9,550
400440f9,50
a3d300b9,75
a37700f9,25
221040b9,1300
ff4300d1,25
94021091 60622991 640e05f9,25
261c41a9,225
a14f00f9,50
601604b9,25
1a000090 1f0400f1 5a032191 17008052,225
5f000071 a3008052 82008052 5f00016b,7025
a2e700b9,225
fd830091 aa0840b9,85250
81621b91 2b0400f9,25
a27f40b9,225
f71b40f9,85275
e27300b9,725
010040b9,225
600100d0 a06300f9,25
e3031c2a 61e241f9,200
60080091 e30301aa e10300aa 401c4038,75
e30317aa 20fe9f52 e40314aa 650c4079,350
827820f8,150
05833891 313840b9,25
60010090 00cc41b9,575
6300018b 20008052 448c02a9,25
604302f9,50
f4030caa fa4f40f9,75
f80303aa f70304aa fb7305a9,200
7f1e1071,475
20008052 fd7b42a9,82775
630440f9,25
ff831091 601200f9,550
4000008b e24b00f9,75
630240f9,85275
21c301f9,25
00202591 001040f9,75
ba0040f9,85250
84fc44d3 64d70579,200
a60004aa c60cc0da 420cc0da 630cc0da 4220cb9a 6320cb9a 42fc78d3 40e043cb 20008052 f35341a9,50
03078052 c5704079,100
2a2c43a9,250
f96b05a9,575
610001cb,200
811445f9,25
630100cb 7f2800f1,25
200100f0 00cc41b9,25
81621b91 313800b9,25
e2031caa e04340f9,175
050040f9,85250
000080d2 e0064039,75
5f0000f1 00001c2a e04600b9,25
f40300aa e20319aa e10317aa,200
391805f9,25
827b6678,75
35fc01f9,25
006864f8,200
e0d30391 e04300f9,85250
b84740f9,50
410100f0 640340f9,200
a14340f9,350
030440f9,25
e20313aa e10314aa f35341a9,250
250b00f9,25
4a0100d0 47810191 860000f0 810000b0 c6801f91 21a02191 84f27dd3 e90306aa 25600091 28200191 02a00091 eb0280d2 030180d2 06fc00a9,25
bb030391 a19b00b9,25
a1c00051 211c0012 3f240071 e10306aa,125
243b40f9,25
1f000071 a3074aa9,85200
f90316aa e70315aa f603182a ec0314aa f56b4da9,75
e1eb40f9,25
f30300aa 14008052 f55b02a9,25
0f020d8b ef010e8a afb400a9,400
5f1800f1,125
371c0012,25
f50300aa e00341b9,85250
4200008b a09340b9,50
202c40a9,175
5f010091 640340f9,200
600240fd,25
1f1c00f1,250
e10300aa 801200f9,25
e44740f9,975
400340f9,25
e2031aaa a16740f9,2400
e2031baa,2450
f50300aa f60302aa a05740f9,25
820240f9,275
e10300aa e000028b,1375
e22b40f9,25
63020191 ecff9f92 eabf9fd2 e9df9fd2 e8e89fd2 67c79fd2 050580d2 84fb9f92 0c00b2f2 0b00b212 eaffadf2 e9ffadf2 e8ffadf2 e7ffadf2 06078052 0500aef2 0400b2f2,25
5f6800f1,100
000340b9,1250
5f0001f1,1025
640800b9,25
ab1000f9,400
c00000f0 027843f9,75
e1000090 e203004b 00008012 22cc01b9,2700
e02b40f9,25
e30304aa 610002eb,75
fd430091 a05700f9,25
290440b9,200
fd7bb9a9,275
7fe00071,25
81621b91 2f1001f9,25
bca20f91 1f0400b1,125
1f040031,400
e1430091 220080d2 f30301aa 180080d2 20010090 79000090 16601b91 15ef7cd3 39433991 1b0080d2 f7031b2a 7a02158b 8027db9a 7b070091,25
fd7bcea8,275
4100008b f96b04a9,225
eec88952 090080d2 ae0aa072 8f0180d2,25
19008052 bc3700f9,25
9f0a00f1 a18700b9,25
00600091 01805ff8,1275
761a00f9,250
2100038b 21000d8b ff0001eb,50
a37a7bf8,300
614a02f9,25
1f001beb,200
644f02f9,200
161440f9,725
00001e32 80320d39,175
e39309a9,85250
3f0c0071,100
617fc19b a5f047f9,25
6d0240f9,75
f30305aa f40302aa f55b02a9,84875
25044039,125
e00319aa 010080d2,25
610200f9,25
e10b1329,275
42040012 5f080071,25
610340f9,250
63000191 420001f1,4750
ac343fa9,1025
220c41a9,775
013c084e 01000039,25
e10319aa e0031caa,100
fb0300aa 08004039,85275
8000054b 09038052 a0621b91 ab010e8a 140080d2 e930299b 6b0141b2 0d0440b9,125
e1031aaa e00317aa,175
160440f9,225
fd7bbca9,85850
78c20b91,25
9a010090 40630291 780100d0 000840f9,25
3f0800f9,550
1f0000f1 610340f9,200
210440f9,1225
e0630391 e04f00f9,125
bf080071,175
000400d1 64825ff8,300
0000028b 0000018b 806b28f8,475
21040012 21040051 3f040071,121725
e3cf40f9,25
f35341a9,2625
603a4d39,225
0004803d,25
621c4038,5525
60c20591 010440f9,1600
f51300f9,100
420100f0 42d846b9,50
ff4300d1 a33f00f9,25
e05341f9,50
a46d41f9,25
80009f3c,75
81621b91 260c00f9,25
a03240f9,25
610f40f9,50
200000f9,1250
e42f41f9,25
006842b9,200
000042b2,50
000100cb 617820f8,25
400c41f8,225
f503012a f603022a,25
a0820191 008045f9,25
711ca54e 921ca64e 311eb24e 31bef14e 233e084e 41a0df4c,50
0d2c40f9,125
80621b91 016842b9,25
1f0000f1,200
400100b0 e03b00f9,75
1f000aeb,225
a09640f9,200
213740f9,25
e10300aa 62fa7fd3 a04340f9,75
22c701f9,25
440008cb 660008cb 850006aa bf1c08ea,1700
a0621b91 d602174b ae2740f9,125
000d40b9,450
030340f9,225
ff4300d1 a34300f9,250
1514168b,3125
774f40a9,300
017c4093 802006b9,25
082401a9,1025
a16740f9,225
4113008b e00302aa 43008152 451340f9,200
a29f40b9,225
bf0202eb,25
a41711a9,25
2a2441a9,600
95010090 a4820191 69324eb9,25
df0000f9,25
f71b00f9,85025
4200068b 5f0005eb,25
f76343a9,3800
f60317aa f70300aa 60324eb9,25
610002eb,75
443c4092 020040b9,25
e40318aa 070080d2 481c41f9,25
600c8092 030080d2 e80980d2 1f0440b1,375
01c00b91 61ce01f9,225
0703008b 40141a8b,1000
070080d2 26018052 a82f0ba9,85200
b8430491 a09300f9,25
e00314aa,6450
1f0400b1 a6af48a9,100
80324d39,375
191000b9,25
a27f40f9,200
1f001beb 380440f9,25
020840f9,50
5a0317cb 40141a8b,500
25008052 7302008b 940600d1 a320d41a 637c4093 e10319aa e0031aaa 000400d1 21400091 7f0000ea,25
e0ff01a9,225
820003cb 634000d1 424001d1 600001ad,25
220cc2a9,275
d402008b e10316aa 00008052 9f6a2338,375
200100f0 00800191 832642f9,36525
e00316aa,125
f80300aa e10300aa e50316aa e40319aa e30315aa 820000d0 42001191 e00317aa,25
2c0440f9,362225
f90300aa,100
e30300aa e00302aa fd030091 f35301a9,25
e08340b9,85250
e403002a 007c7dd3 000004cb e3000090 65202691 a00c008b 050840b9,175
0000138b f30b40f9,5850
800000d0 00002991 e05700f9,85250
f30300aa 000040f9,550
42040011 01304d39,225
1f0800f9,25
200000cb 840cc0da 05200091 000c448b fa0300aa 5f0700f1,50
187ca49b c4204079,200
10020091,550
fd7bbba9,150
f40300aa 168400f8,200
f80301aa 4004bc9b 3f0000eb,25
f96b04a9,625
e602038b 010080d2 5f7821b8,100
3afc40f9,25
1c078052 816e41f9,25
000700d1 61010090 22601b91 4c2b40b9,200
860240f9,25
6004803d,150
213440f9,25
1f000071 e00313aa,200
410840a9,25
e1e247f9,2000
810200f9,25
170040f9,75
23e741f9,25
fd7baea9,200
5f8700f8,200
770840b9,25
1f2001f1 400000b0 00000f91,25
e2b34f39,25
a1ab40b9,200
60010090 00d846b9,200
fb2b00f9,25
603f40f9,400
7f061071,43625
f4000090 81621b91 620440f9,25
0004008b e403152a 4b0340f9,200
801242f9,13225
e00a00d1 f4ab00b9,1975
f96b44a9,3775
23c701f9,25
f30300aa 402040f9,25
63a30091 010080d2 1fbc0071 00781f53 607821b8,75
2518c1a8,75
9aec1a9b 8aeb7bd3 223400f9,25
0d0800f9,25
a04740f9,725
2040208b e04300f9,225
61010090 1f000039,75
f70309aa 06f07dd3 2104448b c60000cb 3afc44d3 0608068b 660306cb 40eb7bd3 dc040091 04001acb 7a0304cb 8aeb7bd3 e35740f9,25
01304d39,800
a65340f9,75
420000d0 42002591 43e00191,25
f77ea29b 4503038b e002038b 1f0001eb,200
880240f9,225
f3000090 f55b02a9,25
e10e0051 0020c19a 36008052 c122d71a a16f00b9,25
201340b9,100
f60300aa 830a40f9,25
a0da46b9,125
4000008b bf3000f1,25
e08340f9,25
f403002a a16740f9,550
061c00a9,2825
a0222591 000840f9,2975
14380091 0000018b,25
201340f9,25
620b40f9,475
81d80fb9,25
1f8800f1,6875
fd830091 f35303a9,85275
422000b1,25
a0e22991 b5e22991 21001e32 449403a9,25
2100048b 010400f9,1375
3f201071,50
e10380d2 000480d2 e35700f9,25
21008052 f76343a9,25
a1820191 c2e22991 020c00f9,25
7f0800b1 131c05f9,25
1f01016b 000c0012 840640f9,300
405f45a9,2000
1f0400f9,25
7f0800f9,1100
01833891 291000b9,25
63e47a92 600002ad,150
1f0000f9,25
54040091 8127c09a 00040091 6120c09a e10301cb 3f001cea,175
ff831491 62fa42b9,25
f70300aa 80000312 f96b04a9,250
227c4093 080680d2 e10300aa 600c8092 1f0440b1,25
17008052 00801891 000840f9,25
0100048b 610b00f9,200
61324eb9,25
a60004aa 028440f8,9225
601040f9,125
604740f9,200
1b0000b9,1000
02004039,1475
f80317aa c0ec009b e5031aaa f70303aa 1c040091 f60305aa fa031caa 8aeb7bd3 fc0315aa f4030aaa e04340f9,1975
c04640b9,200
0100018b 610300f9,200
a0b340b9,425
806861f8,25
98f07dd3 e04640b9,25
610b40f9,300
73820191 010040f9,25
f00305aa fd7bc4a8,250
00f87e92 a1ff9fd2 e1ffaff2 1f0001eb,5650
200400f9,1050
e10240b9,93075
e00313aa e1058052 ff1f0339,200
440008cb 45d800b2 660008cb 67d800b2,1225
bf030091 e00319aa f35341a9,25
73620091 60825ff8,71500
8e3c7ca9,25
9c621b91 7a0100f0 40230191 bfff0fa9,25
c58442d3 f80300a9,84700
f703142a,25
135000a9,550
63000d8b df0103eb,50
000100f0 01800191 821a40f9,450
00800191 1bf804f9,25
01833891 3b0400f9,25
5f7821b8,700
a1820191 80621b91 760100f0 c2e22991 23630091 a35700f9,25
80070090 000047f9,25
83304d39,25
842242f9,36525
05008052,2400
e28c8dd2 030040f9,25
39008052 7b0440f9,25
03c40191 001047b8,200
010740b9,25
022a8852 820aa972 7f00026b,25
87c05fb8,350
04fb7fd3 91010e8a 8f00188b 6b010e8a 2d1040f9,400
a14b00f9,25
251840a9,25
e54340f9,75
41004039,25
e07f40b2 3f0000eb,75
01800191 20d84fb9,200
230c00f9,25
812a40f9,200
e24740f9,1000
22805ff8,300
400c018b 60e000f9,25
e1af40f9,25
000100d0 5900078b 820b4079,725
e10300aa 001345f9,25
f96b46a9,170500
f31740f9,175
a30100cb 7f2c00f1,250
241440f9,250
60631b91 002040b9,125
06a341f9,84700
60104039,85250
881f41f9,25
e00302aa f76303a9,25
c0024039,25
001305f9,25
a05340f9,75
644b02f9,200
10220091,1625
4b0440f9,200
230100cb 7f2c00f1,25
602c40f9,50
0000018b 606f01f9,200
f40300aa,275
ff430491 e10300aa a27740f9,50
211440f9,25
61fb7fd3 a00e1b8b 8203018b a24300f9,300
090c00f9,600
1f0000f1 23fe9f52 000080d2,75
200740f9,25
e13340f9,25
f60317aa f70313aa,25
1f001beb 21001c8b 41683cf8,1275
a07f40f9,550
f7120091 e10240b9,70175
59010090 00040012 1f080071,84775
fd7bb4a9,25
a60004aa 27207d92 e7207dd2 028440f8,1750
0e0001cb 5f0002f1,150
e203002a 1f040031,125
00d846b9,725
8a2c7fa9,25
e10c40f9,200
e203152a e403132a 050080d2 43008052 000080d2,25
970640f9,275
ff4300d1 a39700b9,200
fd7bc3a8,2225
16008052 a15740f9,25
e08f40f9,84825
86e807f9,25
02781f53 5f200031 427c0113,25
fb3740f9,25
e003132a,25
020301cb e0031c2a 4103018b,200
a27700f9,250
e14740f9,50
210100d0 bf7f10a9,200
610a08f9,25
82c9a8f2 4220c0f2 2200e0f2 1f0002eb,200
81630d91 1f0400b1,275
2024c09a 2124da9a 0000018a e203022a 219f41f9,94725
47010090 748a01f9,250
3fc000f1,25
a03f40f9,175
a35300f9,200
e20315aa e41f0391 e1630391 e0031caa 05008052 03018052,125
613442f9,50
a50108f9,25
a0820191 220840f9,25
5f040031,75
fc0300aa a01644b9,125
00040091 5f00006b,75
3f0000eb 8400058b 640401f8,25
a94b40f9,200
f76304a9,575
611140f9,100
7f0301eb,3975
0000172a a0c300b9,575
020080d2,25
840400d1 85010bcb bf0004ea,400
bf000071 e88c8052 0829c21a e803282a 4200040a 04010012 8400022a 7f0201eb,84875
a8243fa9,1800
22008052 63124129,100
b700178b bf0017eb,200
a94740f9,200
241840f9,450
e07876f8,250
e33740f9,250
e10319aa e2031aaa e54300f9,75
617820f8,600
07008052,125
7f0313eb 0000198b 206839f8,71500
e20316aa 230080d2 00e80051 61040091 001c0012 1f040071,25
607240f9,25
f60300aa 550100b0 208440a9,25
00008052 f303002a e20343a9,550
a06340f9,50
a09740b9,375
e0ffffb0 01000091 20684079,25
c4e22991 200080d2 637a41f9,25
e2030c2a e403152a 0000078b 43028152 a62b08a9,200
9f0106eb,50
80003ead,175
f55b42a9,89225
f90300aa 400100d0 00c03891 a05700f9,650
21040091 630e00f9,25
0b0000f0 040080d2 6be12691 8c0180d2,25
e00b00f9,84875
a30000f9,75
1a0080d2 160080d2 150845f9,25
01ec7cd3 00040091 a35740f9,175
f40000b0 e10b03a9,550
238440f8,16950
2a008052 620c41f8,25
18e30091 4214b79b 1f0302eb,1150
201140b9,25
000040f9,75
851008f9,25
0040218b 01044079,1100
60d640f9,50
e1031caa e00315aa 830000f0 a2038052 63c02091,50
fd7bb2a9,275
d6820191 9312138b c00e48f9,25
21001e32 21330d39,25
1f001aeb,175
610a1051 25008052 3f781e72,78175
20f802b9,25
02044039,625
e00000b0 006841b9,25
a1820191 62020891 83621b91 380800f9,25
aaa749a9,100
a04e218b a03b00f9,25
b5f27dd3 3703158b b76300f9,122075
81621b91 200400b9,25
932203b9,275
8400008b a500008b 230400d1 e00301cb 6300048b 6300008a bf0003eb 9f0003eb,200
a0c340b9,575
3f6000f1,25
280040b9,600
270440f9,750
81ee7cd3 a13b00f9,25
e4fffff0 830100d0 84000091 63000891 c2000090 42a01191 81010090 e00316aa 64ce06f9,25
010441d3 001445d3 2000002a e1031baa e00313aa,2850
4200050b 020800b9,25
e0622891,250
a5805df8,200
c60cc0da 420cc0da 630cc0da 4220cb9a 6320cb9a 42fc78d3 40e043cb 800100b0 00600291 01200191 22008052 3f0400f9,25
c60cc0da 420cc0da 630cc0da 4220cb9a 6320cb9a 42fc78d3 40e043cb a0ba41f9,900
e37f40f9,25
81621b91 820100b0 2caa9c52 42600291 4baa9c52 49600091 280c40f9,25
200000cb 840cc0da 05200091 000c448b 61db46b9,25
a45300f9,250
5f2400f1,325
5f280071 2600008b,121575
e303012a e10302aa 607c4093 080a80d2 1f0440b1,225
e00313aa e203162a e103152a,275
010800f9,200
21334d39,1000
400100b0 f66740f9,975
21dc7892 010000f9,25
21040091 22004039,875
bf030091 e003032a f35341a9,75
53010090 f40301aa f55b02a9,250
9f0200eb,375
c30000cb 7f3c00f1,125
ff000a6b,625
600700f9,75
a7c01fb8,350
040c40f9,25
a04700f9,250
e1031aaa f70f00f9,85250
e003152a,200
f50300aa 160100b0 c0820191 f35301a9,25
1400148b e00314aa,550
01008052 e00313aa 00c00b91,25
06212691 07008052 c6a00091 c0004039,1450
e05740f9,275
a5040012 2c0840f9,50
1fdc0271,200
63040091 00e00091 9f0003eb,75
e0e30391 f80317aa fc0306aa f70315aa f4030daa f5031aaa fa0301aa e04700f9,85250
1f080071,225
60374d39,6850
a04b00f9,25
e2af88d2 600740f9,200
a94f40f9,200
426f4079,200
602a42f9,25
f30300aa f55b02a9,25
000180d2 840cc0da 000c448b fa0300aa 5f0700f1,50
6b6100d1 e142218b e00313aa,125
7f0000eb,25
21040091 f35301a9,25
00001a8b 6003008b,25
810a00d1 a14700f9,25
00001a8b 621000b9,250
e14b40f9,125
182400f9,25
a0820191 011c45f9,25
f60300a9,175
625f4039,200
e0031caa fd7b42a9,85250
a60004aa c60cc0da 420cc0da 630cc0da 4220cb9a 6320cb9a 42fc78d3 40e043cb f4ab40b9,1000
6d0440f9,25
670340f9,200
1f0400b1 a79340b9,200
20008052 a0a300b9,25
c1040091 a100018b 059801a9,75
0000048b 40801df8,75
240341f9,25
7f121071,121875
c03a0012 820a40b9,2650
21008052 e00314aa 948a41f9,200
e10302aa 420c40f9,1325
ff6700f9,125
bf00006b,121575
e10300aa 000580d2 010f00f9,25
1f0065f2 a0c740b9,200
5f0000eb,350
e10313aa e0031baa,200
f70304aa 7f000071 f96b04a9,2525
9f0200f1 0a2c40f9,25
f30300aa 403040f9,25
bf7a39f8,25
3a7c4093 a15740f9,25
e05f40f9,75
3f0000f1 802e40f9,200
e15340f9,1575
21040091 02686138,300
892805f9,25
03038052 a18e41f9,2650
a0060051 47010090 00040091 e5800191 44010090 a5003b91 00ec7cd3 84e02991 66a21291 010080d2 7f0204eb a300018b c200018b 21400091 1f0001eb 530000f9,25
281f41f9,25
18833891 001340b9,25
602f40f9,200
600640f9,250
7f0200eb,25
d50a40f9,225
f30300aa a15740f9,25
304443a9,200
80af41f9,275
007c4093 e80780d2 1f0440b1,200
643702f9,50
200100b0 fb7f40b2 05601b91 170080d2 fa0305aa 5b00c0f2,25
e24340f9,1000
a18b49a9,50
22d30579,25
580440f9,25
e0b300b9,85250
e2124039,122075
0000018b 602b02f9,50
b51b01b9,200
28008052 6b0440f9,25
a55f47a9,275
240b40f9,25
e10315aa e03340f9,25
62ba00f9,75
fa031baa 750100b0 010080d2 186880d2 bfce01b9,200
617e40f9,25
fb0315aa,125
f60301aa 55000012 f76303a9,200
c00000cb 827820f8,75
c00000f0 0a6c44f9,25
6bc10091 0007188b 4013008b 7f0100eb,400
73060091 e00316aa,25
efed7cd3 45030f8b 8d010d8b 516b2ff8,400
ff8310d1 fd7b01a9,550
a14b40f9,50
9f1c0071,1575
0241228b 4200038a 4240398b 4200068b 4200038a 0000028b 0200078b 5f0005eb,75
211c0012 03ec7c92 0000803d,175
f40303aa f55b02a9,250
602b42f9,200
20008052 800f04b9,25
5f0801eb,975
410100f0 620380d2 533140f9,25
3ffc00f1,400
1f0006eb,50
7f0b00f9,50
3f2c00f1,25
a25f40f9,25
a17700f9,225
ff030491 858f40f8,475
b5222591 bf2a00b9,25
e10300aa e00313aa 340401f8,25
e30319aa e2031a2a e50313aa e4031c2a e10316aa e00317aa,200
5f0001eb,25
06040011 bb0e068b 3b7801f9,25
e09f40b9,450
a10e40b9,725
a7004039,75
20008052,2000
8a1540b9,125
e00317aa,225
7fca01f9,25
640940a9,100
800100cb 417820f8,25
bf030091 f35341a9,325
030740f9,125
00ef47f9,25
400740f9,25
e0031caa a4b340f9,2400
030840b9,25
f70301aa f96b06a9,85275
42008052 000c1412 1f104071 000b138b 73060091 012800b9,25
600040b9,1100
621447f9,25
800a48f9,25
f403162a f6b340b9,93050
100840b9,75
5a230191 00048052 bfff0fa9,25
e50315aa e13f40f9,200
832602f9,85175
031845f9,25
200100b0 03601b91 000380d2 a06700f9,50
7f0005eb,50
20fc41f9,25
8c347fa9,1025
e19740f9,25
603b40f9,200
7b630091 df021beb,300
3f0000eb,550
017001f9,25
2f1440f9,400
ff8f00b9,275
00040012 1f0c0071,84775
f90300aa e30314aa e1031aaa e2031caa e0031baa a37b00f9,550
0000803d,75
a60004aa c60cc0da 420cc0da 630cc0da 4220cb9a 6320cb9a 42fc78d3 40e043cb 731e40f9,375
21008052 a0f340b9,25
01ac01a9,25
3f0c00f1,25
21a341f9,75
810401f8,25
600341f9,200
20fc46d3 e04b00f9,85250
60031091 a20f4ea9,200
4200158b 0400148b f51340f9,75
ebe00191 ea3c40f9,125
400100b0 00800191 c102028b 21f47ed3 3a0002cb 000c1a8b 013040f9,1000
bf8700f9,75
e43300f9,50
c1fc41f9,1075
5ff40071,325
ff8314d1 45080011 06038052 fd7b01a9,25
fb7345a9,3750
613640f9,50
60d34579,200
27207d92 e7207dd2 028440f8,5075
a2820191 47aa9c52 853c4092 6318a49b 0000018b 407806f9,25
e01f0391 e00300f9,200
410000f9,75
a14740f9,525
840000f0 250440f9,25
824240f9,200
e003132a f35341a9,550
a00240f9,225
650c4079,121225
e00308aa,200
4100018b,1375
020440f9,225
200b00f9,25
a6ab07a9,200
7b630091 5f031beb,122050
62820e91,25
9f0010ea,400
a0ab40b9,325
a00000f0 01403991 050080d2 0400a452 030080d2 02008052 a04700f9,25
070080d2 06008052 041440a9,25
1a008052 80334d39,84775
878eac72 0000038b 44001a79,25
a03740f9,25
23aa9c52 d00500d1 88030512 ee030ecb 07008052 180080d2 c90080d2 326aae72 39008052 828eac72 838eac72,200
607821b8,525
ff4304d1 fd7b02a9,85275
40008052 37008052 807a36b8,25
207340f9,25
e07340b9,125
ab2b48a9,200
010100d0 22800191 40707f39,50
81621b91 2d2c00f9,25
600340f9,350
83024039,1450
822989d2 010040f9,25
42734079,1150
00800091 a04f00f9,350
c0004039,29000
f7031b2a 7a02158b 8027db9a 617f7ed3 7f830071 21403b8b 7b070091 c106018b 21e00191 400300f9,25
01008052 420014cb,50
fc6700f9,125
0100194b 8007068b 5f00016b,75
0307188b 02008052 410740f9,200
5f7c0171,25
02144038,32100
800040b9,100
684f40a9,122075
21741912 01300d39,250
2208018b 25010090 a5800191 04000090 42f47ed3 410001cb 82603891 a17861f8,25
420f40a9,25
3b0440f9,725
200000cb 840cc0da 05200091 000c448b fa0300aa 02040091 b97e7cd3 20271391 00001a8b 210080d2 e23700f9,25
427c4093 637c4093 847c4093 c81b80d2 1f0440b1,600
9c0302cb fc5300f9,25
e44b40f9,362150
e30301cb 282c0091 e70100cb,25
400700d1 216b6038,100
600a40f9,50
a00000f0 a35f40f9,25
c40303ca 1d1005a9,550
63040011 230800b9,250
8a2c7ea9,1025
610640f9,200
817a60f8,25
2bb040a9,400
61320d39,250
609b40f9,200
019c01f9,250
000180d2 840cc0da 000c448b fa0300aa 02040091 b97e7cd3 20271391 00001a8b 210080d2 e23700f9,200
7f0a0471,111325
8000054b 1f000071,1050
627301f9,200
73620091 5f0313eb,13275
83c00051 661c0012 a2c00051 df240071 461c0012,7075
730100f0 f55b03a9,25
e03f40f9,150
3f080071,125
640800f9,725
2000008b 206f01f9,25
c0d240f9,725
26040091 00040091 a4c00051 841c0012 9f240071,125
88e007f9,25
b73f00f9,25
5f5c00f1,25
a0000090 00001b91 a03300f9,250
7f1a1071,475
21040091 bf0001eb,600
f50304aa f603062a f76305a9,85275
631c4092 6110018b e3164039,75
6200188b 5f0001eb,200
a01240b9,2100
e203162a e14740f9,200
3f1c1071,50
f60300aa f96b04a9,200
4200008b 220400f9,150
210000cb 651140f9,200
f76303a9,800
fc0301aa 210100f0 e0031caa 354049b9,225
03008012 bf030091 e003032a f35341a9,175
010440f9,3975
ed8740f9,85250
210740f9,100
65334d39,50
601744b9,350
e00314aa 948a41f9,150
f70300aa e0e702b2 a09999f2 64f67ed3 843c0191 847cc09b 84fc45d3 9408048b 80ea7bd3,25
07a32191 080080d2 f80305aa 17078052,200
000080d2 230080d2 54040091 8127c09a 00040091 6120c09a e10301cb 3f001cea,25
c13640f9,950
e0030091,25
62d606f9,25
57734079,200
f92340f9,25
fd7ba7a9,550
c56821f8,725
f903162a 170042f9,25
f50300aa 60324eb9,25
c00e41f9,25
a20400d1 c6040091 4200018b 4208c19a 427c019b 4e0005cb 4100018b df0100eb 400000cb 603c02f9,50
0e008052 0c008052 0a008052 08008052 0b0080d2 07008052 17008052 160080d2 bb0440f9,25
031040b9,25
96621b91 c0fe40f9,25
360440f9,25
a25300f9,25
ff7f00f9,362225
63c201f9,25
16140038,125
ff0200f1 e20346a9,75
8b0400d1 9f0000f1 6b010c8a 643b02f9,50
020c40a9,1250
e20300aa 030001aa 3f0000f1 e07f40b2 407c019b,625
e50000f9,75
73621b91 604e40b9,34550
007c4093 280780d2 1f0440b1,225
051840f9,550
001c4092 0110018b e30e4039,75
fd7bb5a9,100
6c2940b9,200
000180d2 840cc0da 000c448b 00040091 e03f00f9,25
a2e300b9,225
400003cb 731e40f9,4850
bf030091 e0031c2a f35341a9,200
e203002a 81da46b9,25
2100028b 4200038b 5f0016eb e18b40f9,25
a60004aa c60cc0da 420cc0da 630cc0da 4220cb9a 6320cb9a 42fc78d3 40e043cb 7b0f40f9,175
196803a9,550
811840f9,25
9f00036b,600
20ac41f9,125
fd7bd6a8,250
1f0000f1 a05740f9,250
10020191,350
9f0202eb,25
7f1407f9,25
00040091 7f0200eb,50
e403142a e303162a e20315aa 650f058b e0031aaa,84700
660bc09a 9aec179b f8eb0ba9,1975
202f43b9,362150
e00314aa f35341a9,75
e10300aa 0d14178b 270440f9,25
e00000cb 417820f8,100
02040091 e3430091 e10314aa e00303aa,125
f803172a a60040f9,1075
1f000071 9402002a e003142a f35341a9,25
e0230191 e2130191 e31340f9,550
d6021a8b b502148b 1f0316eb,2000
e29f0ba9,85250
203f40f9,25
610240f9,77650
590100f0 22830191 e29306a9,50
f8000090 e50000d0 001307f9,25
3a7c4092 400100b0 02800191 e07f40b2 e06700f9,85250
001040f9,175
f90305aa ffc300d1 fa03062a fc03072a 000080d2 a15f00f9,200
0e0c4092 03ec7c92 2c3440a9,25
c00641f9,25
b6010a8b ff0600b1,125
400100d0 00d846b9,650
fd430091 f35302a9,550
0000018b 60cb01f9,200
240040b9,1575
017843f9,175
e0058052 f60319aa 206b3a38,100
e04300f9,2025
a1820191 202845f9,25
00e00091 9f0003eb,25
0000048b 000001cb 606f01f9,100
060000f9,3025
fd030091 f51300f9,25
e0bb41f9,25
00040012 1f040071,50
41686078,225
420c0012 600440f9,121575
62f27dd3 a65300f9,75
42040091 21400091 7f0000ea 4200048b 22801ef8,300
fb0301aa 550100d0 a1222591 60010090 fa0306aa 007c40f9,250
1b0805f9,75
e03b40f9,375
01080051 200080d2 0020c29a 22830091 1fc021eb 267c4093,25
013440f9,25
c28c41a9,200
f803162a f60319aa f9031b2a fbb340b9,75
e33340f9,450
ff030491 630240f9,84775
d6060091 a0222591 000840f9,2800
7f8000f1,100
024045f9,25
c2658ed2 030440f9,25
fb03022a e06b00b9,250
030080d2 201040f9,25
28686e38,125
e33700f9,250
a06b40f9,225
481c80d2 1ffc3fb1,400
e0060091 e35700f9,25
21008052 000b138b 73060091 012800b9,350
808240f9,200
823640f9,200
e0230391 ff7300b9,125
ae3c3ca9,25
0000028b 99621b91 200701f9,25
460100b0 fd030091 c64844f9,25
610800f9,225
f76344a9,575
620440f9,2400
400000f9,125
424000f1,125
fc031aaa fa0317aa 1b483b8b f87300f9,93050
e1430091 a2b340b9,225
730e40f9,275
f7031baa f80319aa fb030caa f90307aa f48700f9,93050
00040091 400005f9,85250
400bc29a 00e8029b 3b7860b8,94725
600000f9,25
14f447f9,25
8404048b 7b0c048b 2100038b e27b40f9,25
60144039,169550
62040012 7f0440f2,550
81c640f9,550
e30302aa e10306aa,25
a0bb00b9,25
4248aaf2 2248caf2 22ebebf2 3f0002eb,25
20004039,125
00040012 00040051 1f040071,84775
603740f9,200
e10316aa a3d300b9,75
600540a9,200
221300f9,25
e06a23f8,75
e30300aa ec031baa f5734da9,84675
00008052 1f1c0072 e15b40f9,50
200c40b9,450
200100b0 00d846b9,25
980000f0 00a32191 621341b8,200
140080d2,650
000840f9,275
3f0013eb,25
a0f30339,25
a60004aa,5075
fb7306a9,600
201000d1 1ff87df2,25
010445f9,36525
f30300aa b4ce40f9,25
05008052 260c40f9,25
070840f2,3875
4a050071,125
a1103da9,200
16587678,2650
1f0003eb,200
b8222591 03230091 02430091 f35301a9,25
1f000071 a09b40b9,25
69411191 870101cb 662942f9,25
e60300aa 73060011 800241f9,275
20008052 e01a00b9,25
e00313aa 21008052,25
76c640f9,25
f5730da9,93050
136878f8,225
936b6178,300
0000068b 806b28f8,121575
420001f1,300
603342f9,200
e9040051 df02016b,125
1f340071,575
9c8b41f9,275
a0f641f9,125
200100f0 21cc41b9,25
e15700f9,275
f442208b 9f0d2871,125
a17300f9,200
642f02f9,50
00380012 7f02006b 60060011 010380d2,175
20fe9f52 62104039,121225
2000008b e10314aa,85200
1f100071,1425
6300018a 840400d1 6300098b 6300048b 6300018a 7f0000eb,125
e35740f9,2000
810f40b9,725
e20300aa 00040091 3ff40071,14950
246b41f9,25
f90300aa 9f7a33f8,50
600c8092 080780d2 1f0440b1,2550
24030191 edff9f92 ebbf9fd2 eadf9fd2 e9e89fd2 68c79fd2 060580d2 85fb9f92 0d00b2f2 0c00b212 ebffadf2 eaffadf2 e9ffadf2 e8ffadf2 07078052 0600aef2 0500b2f2,25
3f180071,225
1f0016eb,2800
851440f9,25
e1031caa,1000
5500038b 62008052 e10315aa 050080d2 04008012 000080d2 43048052,75
83e440f9,25
00e440f9,200
02c400f9,550
2100038b 816b37f8,300
20010090 00601b91 0d0041f9,25
5f00036b,125
22cb01f9,25
370f00f9,25
012403b9,25
ffc300d1 e21700f9,2550
250340f9,25
253b00f9,25
028c3da9,200
247f40f9,25
609a40f9,25
eacb00b9,93125
61020712 a19300b9,200
fd7b42a9,2000
1a2845f9,25
250040f9,25
a1430491 a10310a9,25
a25740f9,200
e2030c2a 390c40f9,200
e58300b9,85275
e00805f9,25
60084079,200
01cc01b9,25
e4ff9f92 e9bf9fd2 ebdf9fd2 ece89fd2 6ac79fd2 070580d2 85fb9f92 e2830391 0400b2f2 0600b212 e9ffadf2 ebffadf2 ecffadf2 eaffadf2 08078052 0700aef2 0500b2f2,25
c0000090 18e00391 e00318aa 81008052,25
e35f00f9,25
acd14579,25
a08340f9,25
ffbc0071 4200048b,75
a00000cb 617820f8,125
620100cb 5f3c00f1,150
60c20b91 60e601f9,250
00008092 60ae01f9,25
3d1007f9,25
892c0091 e10304cb 6300098b 290740b9,125
188c40f8,575
00e00091 bf0000eb,200
001000d1 1ff87df2,125
610840f9,25
640bd79a f66700f9,1975
f7060011 a00e41f8,450
801c05f9,25
811a42f9,121725
c02640f9,250
0200018b e00300cb 420400d1 4200008a 62ba00f9,25
6112028b 42040091 600000f0 630080d2 00400491 200c00a9,25
610100d0 00340091 201c03f9,25
1f3b00b9,25
a61747a9,200
45d800b2 67d800b2,150
400b40f9,25
010100b0 21800191 fd030091 f35301a9,25
e50300aa e203062a e30301aa,125
209740f9,25
000180d2 840cc0da 000c448b 61db46b9,175
81621b91 3afc00f9,25
040040f9,225
210080d2 e23700f9,25
010c40b9,725
7f021071,165500
01008052,50
a18309a9,25
f56b0da9,75
5f6400f1,150
20034039,75
e11700f9,550
e20300aa e30000d0 fd030091 f76303a9,25
e00000b0 e10b42a9,550
f7031b2a 7a02158b 8027db9a 7b070091,175
a25b40f9,25
3803178b 3f081071,13275
60d30579,200
21040051 010400b9,2250
060080d2 630240f9,475
42001acb,75
06008052 a09300f9,25
a25700f9,200
780200f9,25
20cb01f9,25
a0cb40b9,100
02040091 5f0400f1,475
607340f9,200
3f000c6b,75
f30b40f9,750
c01040f9,100
c00000f0 e10000b0 21000891 007843f9,25
25008052 640440f9,25
a60004aa c60cc0da 420cc0da 630cc0da 4220cb9a 6320cb9a 42fc78d3 40e043cb 000080d2 f35341a9,25
041b40f9,125
e08740f9,25
5f4000f1,6625
008080d2 b34700f9,25
fb7307a9,170525
637c7c93 38040091 416863f8,25
243340f9,25
5f080071,100
200000b9,225
210000cb 22008052,175
e10300cb 3f0014eb,1550
2e3c42a9,200
1f0000f1 6000002a a09700b9,200
fff700b9,362225
0000018b 220b00f9,25
ffc30091 fc03002a 1f040031,2525
e34340f9,1000
e003004b 1f000071 0b038052 e703082a 0b312b9b 6b710091 610140b9,125
25cb41f9,25
c60cc0da 420cc0da 630cc0da 4220cb9a 6320cb9a 42fc78d3 40e043cb 800f4079,600
400100b0 f50317aa 17800191 fb031aaa f4030a2a 56f47ed3 f80307aa c002028b e35700f9,2000
01008052 a24f00f9,200
5c0b00d1 e35740f9,25
20d740f9,25
020b0091,25
03008052 010080d2 053042f9,25
730a40f9,250
007c0453 1f080071,85250
5f4800f1,25
23230091 20830091 631e00f9,250
010040f9,125
0400148b 9f0002eb,1625
030200cb 7f2800f1,250
053042f9,250
f30301aa 5a0100d0 41830191 f50300aa f40305aa 20c044f9,550
21e00091 24005ff8,200
5f8400f1,75
b8430491 e20318aa e1ffffd0 1f000071 21c02b91 e0ffffd0 00200d91 a31301b9,25
60631b91 62db46b9,200
b65300f9,200
0801008b 000940b9,225
823a40f9,200
24040051 e2ea40f9,25
420003cb 3903038b 200340f9,100
661c01a9,250
e1164039,121725
fc0305aa f35301a9,50
0300048b 7f1400f1,125
e10316aa e20318aa,25
e20300aa 1f0400b1,75
a90508f9,25
750300f9,75
e14300f9,225
a29300f9,25
01008092 010000f9,100
d56a24f8,25
a8243ea9,25
45a00091 840040f9,25
817240f9,200
200c014e 0400028b 5f8001f1,500
73c20591 648200a9,1625
950640f9,25
e30300aa 417861f8,25
ffc30091 f303002a e103002a e2c30091 00008052,25
bf8b00f9,200
f8230391 590000f0 20c30b91 e03f00f9,225
00008052 1f1c0072,50
230002aa fd030091 f35301a9,200
050280d2 e90305aa 060080d2 040080d2 080080d2 6c8541f8,25
e8000090 69324eb9,1450
260400d1 820840f9,25
800240f9,175
01f404f9,25
e04b40f9,85400
7f0204eb a300018b c200018b 21400091 1f0001eb 530000f9,375
e00200f9,25
f70300aa 02004039,25
6020000b 3f000071 4020000b,100
620640b9,25
208c40f8,1425
f9031a2a fb031a2a 22001a4b 01008052 5a070011 42f87fd3,200
05044039,125
3f8400f8,2075
e01300f9,550
436d41f9,25
21040091 010405f9,36525
020d0012 f52340f9,84875
a5830ca9,250
7fc600f9,25
e73340f9,400
00f07d92 21f07d92 e7f07dd3 028440f8,2975
a60004aa c60cc0da 420cc0da 630cc0da 4220cb9a 6320cb9a 42fc78d3 40e043cb 800f4079,125
7f5e00f9,25
1f0400f1,5975
1c008012 bf030091 e0031c2a f35341a9,2325
e1df8052 6100a072 1f00016b,25
798201f9,250
200140b9,125
600240f9,25
a2030391 206b75b8,85200
e38709a9,50
60db46b9,200
400100b0 e1430391 e15300a9,200
5f00006b,625
400140f9,25
a122d79a a15700f9,25
802202f9,85175
f40301aa 0101a052 f51300f9,25
f50300aa a0b340b9,25
4000008b 200400f9,25
603240f9,25
f48700f9,75
0000028b 82621b91 400801f9,25
aca300b9,600
b40640f9,550
007ca39b 2300008b 750840b9,2650
0c070091 9f0500f1,400
b65740f9,25
c07e7dd3 a05b00f9,25
a06f40f9,375
62534178,200
200080d2 816a6038,1450
61161051 3f080071 7f021071,85200
734200d1 940600d1 a320d41a 637c4093 e10319aa e0031aaa 000400d1 21400091 7f0000ea,50
62010090 42601b91 630100b0 a36b00f9,200
1f00166b,125
bf0004eb,400
ff430491 e40300aa a82f4ba9,85175
5f0002f1,1050
e00316aa 17008052 130080d2,650
000940b9,225
01300d39,225
f50300aa e00301aa,100
011000f9,25
20ec00f9,25
19008052 a2634179,25
1f001a6b,225
803e40f9,200
bfcb00b9,225
001b40f9,125
000100d0 00800191 01707f39,25
e500058b e400048b 6a080129,725
180040f9,250
fd430091 e7fffff0 cae040f9,25
950100b0,25
410440f9,25
401740b9,200
080000b9,600
c60cc0da 420cc0da 630cc0da 4220cb9a 6320cb9a 42fc78d3 40e043cb e00313aa f35341a9,1075
dc040091 356805a9,25
f55b44a9,170500
06000039,125
ff4700f9,85250
04044039,5775
200000cb 840cc0da 05200091 000c448b 3fbf0071 19040091 5a0100b0 f80300aa 5a330791 f50319aa 140080d2,200
f30300aa e00313aa f35341a9,25
410100b0 21601b91 fd030091 f55b02a9,25
e18640f8,25
01040011 410000b9,25
600bdc9a 42010090 e15740f9,25
830600f9,25
bf0011eb 8400188b 250440b9,200
000c0012 82008052 4020c01a 207000b9,25
f55b02a9,750
0e3c0a6d,550
430400d1 e10302cb 6300148b 630001ea,75
f30000b0 73c20591 740a40f9,375
9f180071,725
801240f9,25
1f000091 bf030091 f35341a9,25
f50318aa b40240f9,1450
00800191 0207188b e30317aa c102048b f70318aa fc031aaa ea0314aa 21f47ed3 f4ab40b9,975
46f047f9,50
752205f9,25
f30300aa 39a31291 e1031caa 1900198b 731600f9,250
e1031baa e00316aa,2575
a39f00b9,25
800241f9,200
a11200f9,225
63c20591 3f0000eb,75
f30300aa 1a000b8b 990240f9,375
611340f9,475
880e4079,300
a18b40b9,300
160016cb 62e201f9,250
24704079,25
3f1800b9,25
9f00026b,400
001c4092 0110018b e5160091 e00301aa 611c4092 a31c4038,75
603242f9,200
e00303aa fb0303aa 7600018b 840440f9,25
22008052 01030372 f9024039,250
bf0500b1,100
e08b40f9,25
e30300aa 200040f9,50
94420591 8ade40a9,125
f55b43a9,575
4400018b 9f0003eb,200
e20300aa 01fc5f38,2800
80ba01f9,275
a1a082d2 2114018b 2100288b 081c4038,85275
c60cc0da 420cc0da 630cc0da 4220cb9a 6320cb9a 42fc78d3 40e043cb 20008052 f35341a9,750
f9024039,25
a50f49a9,75
a92f09a9,200
061440f9,25
21040091 013000f9,1000
e12741f9,25
fd7ba9a9,200
f30000b0 f40300aa 62ba40f9,1625
010840f9,125
630d40f9,25
630040f9,250
e3031caa e60315aa e01f0391 87008052 e00300f9,50
84040091 63e00091 1f0104eb,50
1f0001eb b65340f9,175
42001e32 221300b9,25
54040091 8127c09a 41080091 e20314aa f40301aa 00040091 6120c09a e10301cb 3f001cea,25
825400f9,25
200940b9,125
050840f9,75
a05740f9,100
210004cb f8eb4ba9,975
2c008052 6f0440f9,25
ec031baa f5734da9,8375
e05300f9,400
160440b9,450
21040012 3f080071 190c00f9,1000
fd7bb8a9,2550
63c20591 213c0091 20ec7c92 600400f9,1625
29c10091,125
e70300aa 000040f9,175
424002f1,25
0805088b 210100f0 21e02991 1b0c088b 9f0201eb 580440f9,200
3f040071 7f040031 f702002a,2000
a0020012 817e40f9,200
a6ab48a9,200
600000ad,150
b542208b a0024079,2100
e60206cb e14f40f9,84700
610a40f9,25
13008052 200440f9,225
21040011 010400b9,2250
e70315aa f60300b9,85250
b88340f9,200
804e42f9,175
02cc228b e50300aa e00301aa e40303aa 412040f9,100
0b000bcb 0000198b 6b0300f9,200
f70319aa 816e41f9,25
613240f9,25
000180d2 840cc0da 000c448b 600a00f9,25
fd7bc5a8,150
650b00f9,200
bba30391 e10319aa e2031baa e40318aa 23230f91 070080d2 06008052 05008052 a00000f0 00a02d91,25
fd030091 f76303a9,50
22734039,100
640bda9a 06ec1c9b 42f047f9,25
23200f91 e2031baa e40318aa 00002e91 05008052,25
1f0005eb,550
011040b9,1275
21e047f9,200
f40301aa f60303aa f92300f9,25
f8630391 f9230391 e6f348a9,85250
ffff0da9,85250
211840b9,175
3f3800f1,25
60010090 07601b91 600340f9,200
1c0080d2 7f0200f9,475
601e40f9,225
013c084e 010000b9,50
20fc58d3 1f4401f1,25
b74f40f9,25
850003ca 053400f9,550
b34242f9,25
e0024039,725
01044079,175
050080d2 04008052 030080d2 01403991 22008052 e00301aa,25
620e04b9,250
5f0c00f1,100
f80313aa f30316aa f6031caa 421b40f9,375
a07a7cf8,362225
431340f9,200
42001f32,25
a01b4179,75
000180d2 840cc0da 000c448b 13040091 e00313aa,50
c09e41f9,100
200f40f9,25
6001008a a79300b9,200
f60305aa f76303a9,250
800f44b9,84775
e0cf40f9,25
a45740f9,25
ff13426b,122075
f6430091 bf4700f9,250
e50a4039,75
fd7bbda9,2225
73060011 623e0012 826b2178,300
611805f9,25
f6031caa a06f40f9,75
81801ff8,175
bf040071 241040f9,50
81048052 fd030091 f35301a9,650
020100f0 010280d2 fd030091 f35301a9,25
223440f9,25
e703162a e603172a 081047f9,200
a0a340b9,25
649402a9,25
87805ff8,3025
fd7bcba8,100
5f100171,625
02704039,25
21400091 45d800b2 67d800b2,500
213c4092 020180d2,200
e04f40f9,75
e10300aa 060080d2 5fe80071 221c4038,25
f30301aa f55b02a9,100
800000f0 00e02091 e05f00f9,125
80009e3c,25
a03f00f9,200
02a001f9,275
21200091 5f0003eb,2250
f50301aa a24c00f9,25
b61c0012 f76303a9,2525
646f01f9,100
5f00046b,5600
220040f9,3050
a10240b9,3975
ac9b40b9,200
810040f9,121575
830100cb 7f3c00f1,75
29050091 84e00091 9f0109eb,100
a3c740b9,2400
000180d2 840cc0da 000c448b 400700f9,25
e003012a 22008052 62430d39,50
fd030091 e01700f9,175
a16340f9,475
45e447f9,250
607860f8,25
03304d39,550
08682e38,125
27207d92 e7207dd2 02144038,25
130b40f9,25
25c741f9,25
1500018b 00686178,725
03000d8b 7f1400f1,75
22d447f9,25
209b40f9,25
950600f9,25
00e80051 61040091 001c0012 1f040071,2125
02084039,25
013040f9,25
00344d39,375
600100cb 417820f8,1100
c03a4d39,200
a19f40b9,275
40040051 600c008b 040040f9,25
e1024039,75
191440f9,362225
a19740b9,200
20384d39,25
08008092 0825c79a 420008aa 630008aa,2975
9f080071,925
630100d0 600100d0 a16340f9,25
e03300f9,300
e0031caa a18b00b9,25
900100b0 110240f9,550
7ff203b9,25
c20000b0 436443f9,550
200000cb 840cc0da 05200091 000c448b 01400091 02040091 20bc7092 21ec7c92 e06320cb ff6320eb,25
000080d2 330000f9,25
620640f9,50
4008028b 00f47ed3 7600168b 000002cb 3b7860f8,450
eacb40b9,75
21040091 7f0002eb 0000018b,25
df0001eb,25
900100b0 112240f9,350
e00301aa,25
b57e7dd3 f70a0011 e10318aa e20315aa,200
9f0200eb 74be01f9,200
5a031c8b 00000a8b ff021aeb,925
f35301a9,25
e70307cb 238440f8,2975
ff4300d1 a1ab00b9,25
6300018b 210300f9,25
605b36f8,250
e203002a bf0200f1,200
827e40f9,200
190001f9,25
5f7c00f1,125
030040f9,25
e0031baa,85450
6c2b02f9,50
e00313aa 0101a052,2525
7f0101ea,125
010005cb ff0001eb c0ec7cd3 45000a8b 636960f8,50
4570a59b 7fc601f9,25
400003cb 730640f9,3975
c60cc0da 420cc0da 630cc0da 4220cb9a 6320cb9a 42fc78d3 40e043cb 000080d2 f35341a9,75
210400d1 64147ea9,25
900100b0 110640f9,1625
e12740f9,25
00781f53 00040011 00f07dd3,25
a15f00f9,225
83300d39,25
fd030091 f55b02a9,175
24040011 010080d2 9f00026b,25
a92f49a9,200
227c4093 e10300aa 40201212 030080d2 00600a12 1f105071,2550
016841f9,275
fd030091 f30b00f9,6400
641541a9,400
d602008b e00316aa,25
00040091 e04700f9,200
a0020191 210080d2 00ec7cd3,25
003c0091 f55b03a9,25
6302018b 00f87fd3 632000d1 62620091 410441f8,25
27008052,25
3fbc0071,2900
ff0201eb,121725
810200b9,25
fd7bcca8,25
028440f8,900
040440f9,725
bf0003eb,200
a00a40b9,2825
400100f0 00601b91 00e840f9,200
63d846b9,250
e70301aa 61c601f9,50
20534039,100
01587678,82050
e6031a2a 1303194b a14e3a8b a50f09a9,75
3f041b72,550
eb031aaa 00001a32 60370d39,200
e7800591 f76304a9,25
261c40a9,2825
20010090 004c40f9,75
816a6038,13500
640000d0 192080d2 9c403991 220080d2 20b980d2 1a0080d2 15028052,25
82621b91 a3820191 420041f9,25
a2f30339,25
620c41f8,450
e10317aa e00318aa,175
201440b9,25
20008052 221000f9,25
ff430491 a27740f9,25
ff027ff2 00080011 22380012 5f00006b,82050
1f0840f2,37200
88247ea9,25
2200028b 6300a59b 420004cb 5f0003eb,100
350c00f9,225
a10003cb e00303aa e2030c2a 050080d2 04008012 43068052 a6af08a9,100
46f404f9,250
81621b91 420440f9,50
88247fa9,1800
b9f47ed3 f703022a 2003058b f803032a f603042a 00f47ed3 000005cb 3b7860f8,550
808e01f9,275
df02016b,1175
60324d39,25
f96b45a9,575
021340f9,125
20007592 81621b91 203400f9,25
aca340b9,600
020040f9,1275
200080f9 2400028b 0500028b 5f8000f1,7225
76c600f9,25
018b41a9,650
f8a30291 f70302aa fb7305a9,50
80c600f9,550
607341f9,200
ff4315d1 fd7b00a9,25
e10300aa a50400d1 00e000d1 220040b9,25
f30300aa a0da46b9,125
fb7305a9,3275
00040012 1f080071,150
bf2c40f2,600
e0031caa e2018052 e15b00f9,50
81c01fb8,50
00040091 605601a9,25
95fa07f9,25
f5830291 a1020191 a2620b91 fb7305a9,25
4300018b 416861f8,2400
000400f1 2100188b 410401f8,100
260040b9,350
e1031caa 001c47f9,25
e303002a 817a76b8,2400
63124129,450
210400d1 64005ff8,25
a47f00b9,25
63001b8a 7f0400f1,225
21001c32 81300d39,250
f40300aa 003440f9,275
5f031beb 150440f9,200
f30302aa f40307aa f55b04a9,85275
ff1300b9,225
df001aeb,75
24fc7fd3 8108818b 21fc4193 4408018b 417861b8,125
e203162a e5630391 e4230391 e00313aa,50
c10000cb 4210018b a18740b9,25
61f800f9,25
1f0013eb,3000
f303022a f40300aa f55b02a9,200
220100cb 5f2800f1,25
070104cb 603842f9,50
643302f9,50
5f300171,1450
f90300aa 20034039,125
04084129,1100
fc0315aa 403340f9,125
260840b9,450
000c40f9,50
5b7860f8,200
200040f9,150
00038052 e70315aa e603192a e403182a 2553a09b e3031b2a e04740f9,175
e70319aa f7031aaa f90318aa fa031caa f603142a eacb40b9,84675
e8000a0b 087d0113 007d7f93 00c0288b 800d008b 013440b9,1175
211845f9,25
612240d1 e00313aa 347c3cf9,25
e50301aa,75
f60300aa 00004039,25
613e40f9,25
02000c8b 5f1400f1,150
e40300aa a1fe0091 824e40f9,25
c60cc0da 420cc0da 630cc0da 4220cb9a 6320cb9a 42fc78d3 40e043cb 731e40f9,200
241040f9,200
042c4092 e8c300b2 9fc03ff1,1225
02644029,75
c000038b a05700f9,200
c10240f9,725
a41c4038,3450
603e40f9,25
a60004aa c60cc0da 420cc0da 630cc0da 4220cb9a 6320cb9a 42fc78d3 40e043cb a0ba41f9,125
80031e12 a0db00b9,200
a51c4092 a110018b e0124039,75
430100cb 7f3c00f1,1350
807a40f9,200
03000b8b 280440f9,200
f30302aa,5850
239b41f9,362225
24808052 0402a872 200c014e 02e87b92 900c044e 031040f2 0786b04e,850
a26f40f9,75
200100d0 00d846b9,200
010440b9,4525
4004bc9b 18e30091 1f0300eb,225
1f007af2,200
07a800a9,600
3f040071 fd030091 f35301a9,25
020c4079,450
df240071,7075
8100018b 032c03b9,250
19008052 12008052 10008052 a91040b9,25
200100d0 009c44f9,200
227c00f9,25
0410a19b 800840b9,85200
f503022a e2000312 b3bf40f9,200
176002a9,550
22fc58d3 5f4001f1,25
2024c09a 2124da9a 0000018a 9c070091 1f031ceb,267425
770640a9,13100
b3e30291 f40300aa f55b02a9,25
1f280071,50225
180700f1,50
210d40b9,125
a1b300b9,25
a50c0012 bf100071,150
734200d1 a2034239,25
0a050051 ff000a6b,425
e05700f9,50
aa7f00f9,25
9b7a33f8,100
e00313aa e86b00f9,200
c300018b e200028b 640800b9,1100
fb7347a9,170500
2d2c40f9,25
2100078b 0000048a 2100048a 210000cb 0000068b 200700a9,25
660000f0 c6202e91 f96b05a9,25
39030bcb e10319aa a94700f9,200
200c41f8,6650
820c7ca9,200
1f1c0072,200
620100d0 42801891 42a00091 067c7c93 4500068b 00040011 830440f9,75
5fc001f1,25
236c4079,25
020040b9,75
690840b9,25
fd7bd7a8,200
d87a41f9,25
93621b91 600640f9,25
e10313aa a2c700b9,200
f50000b0 f35301a9,150
3f1300b9,25
230100f0 61324d39,250
60c301f9,200
a7c700b9,250
2100038b 610a00f9,25
a36340f9,85175
600003ad,150
00080051 003c0012 1f040071,200
04004039,1550
c60cc0da 420cc0da 630cc0da 4220cb9a 6320cb9a 42fc78d3 40e043cb 730640f9,950
a20f11a9,50
e03740f9,200
1f0c2871,125
5b0100b0 c0020412 e08700b9,200
e2031aaa e00319aa,50
bc630391 1fcc01b9,25
f50307aa fc630ea9,75
e60301aa 61ca01f9,25
a35b00f9,250
20008052 3f0014eb,200
410000d0 21702691 a13b00f9,200
ffc308d1 860100b0 450000b0 e8fffff0 a5400791 08410591 fd7b01a9,25
fd030091 f35301a9,97275
74fe60d3 7f0e1071 e903132a 8703178b 9406148b 140f148b,300
f87340f9,93050
01ec7c92 214000d1 220cc2a9,650
6300148b 62820191 e0622891 63f47ed3 610014cb 44f444f9,250
810640b9,100
428000d1 6300c0da 7f0040f2 4004438b e00313aa,100
6c3404a9,25
ff00086b,125
070001ca eac300b2 ff0840f2,18725
a60004aa c60cc0da 420cc0da 630cc0da 4220cb9a 6320cb9a 42fc78d3 40e043cb 730640f9,425
213c44d3 420000b0 3f0434f1 41001491 e20300aa 226b37f8,25
036862f8,25
f35303a9,85250
e00313aa 210440f9,1375
280840f9,175
a06f40b9,25
a2bb00b9,250
80420591 8daa00f9,25
aa2c3fa9,25
61923539,25
a2420091 200080d2 0320d79a 6102028b 9f0303eb 0003008b 9c0303ca,25
a07ca69b f35302a9,25
631041f9,50
f70313aa f6058052 810340f9,25
60374079,200
870400d1 e40304cb 0100018b 050740b9,25
1f0001eb,1700
ff3f00f9,250
60c701f9,200
40234039,200
c0e22991 5b630291 39008052 b6030ca9,25
82100091,50
0000018b 00001b8b 003c0091 01bc7092 00ec7c92 e16321cb ff6321eb,250
e34300f9,1000
80e400fd,25
e103002a bf0004eb,100
610241f9,25
000040b9,500
20fc47f9,25
01068052 ea030091 017ca19b 22bc7092 e26322cb ff6322eb,200
5f0004f1,175
e1a30191 020080d2 60008052,25
a20710a9,200
00001ccb 410100d0 a06f00f9,2400
00000032 20380d39,25
a7f01f38,125
a1280091 21f47ed3 4003008b 22040091 e11708a9,75
930100b0 74820191 f51300f9,25
ff8300d1 ff0700f9,250
2208028b 049801f9,250
a20c3ca9,200
648200a9,25
606b41f9,200
150845f9,100
5f3c00f1,150
03781f53 7f200031 637c0113,275
63200091 09fc00a9,75
613a40f9,25
420440f9,1800
00380012 7f02006b 2140228b 20084079,1100
20008052 d87a41f9,225
c1220091 400000b0 22008052 00800191,25
00fc4393 00fc9bcb 640301cb 453700f9,25
87f05f38,125
803c42f9,475
81107da9,200
3f0002eb,2075
bf1b01b9,200
00c00b91 1f0001eb,225
df021beb,25
eb032baa 0c5440b9,125
e20346a9,650
050080d2 e50000f9,50
603340f9,200
600b00f9,25
221b40f9,2000
021440f9,25
81010090 80010090 1ce03891 fc5b00f9,25
bf140038,75
651440f9,25
600001ad,350
04078052 010340f9,200
e34b00f9,85275
ac9b00b9,200
21e00091 1f0001eb,1375
030440b9,50
820003cb 420004d1 63000291,150
a0220091 a04b00f9,25
5fe80071 221c4038,1350
222743b9,362225
a3d340b9,150
020840b9,25
b71701b9,25
637a41f9,25
611a04b9,25
00000032 c03a0d39,200
418440b8,25
02800191 e04340f9,25
760440f9,25
48d14579,25
a36300f9,36525
200000cb 840cc0da 05200091 000c448b 01400091 22bc7092 21ec7c92 e26322cb ff6322eb,125
7f0200f1 e00314aa f35341a9,25
600600f9,250
a05f40f9,875
20db46b9,84775
820100b0 21008052 fd030091 f30b00f9,25
617640f9,25
e0fffff0 00000391 3f0000eb,25
60fe60d3 7f0e1071 f603132a 8b03088b 1504008b 007b6078,122075
5fe00071,200
0a2c086d,550
612e40f9,25
40234079,200
00008052 620100d0 42801891 830440f9,25
fd7bc8a8,2550
61ce41f9,200
ff8343eb 347c029b f30300aa,200
e00319aa a16a61b8,725
80d240f9,275
000400d1 21400091 7f0000ea,225
20010090 00601b91 ab5f40f9,25
05038052 210440f9,175
f50300aa e04340f9,25
f7031aaa 21f47ed3 210003cb 410c018b e15700f9,25
41a0df4c,1225
fd7bc2a8,12500
7f061071 a1001e32 00380012 01038052 971a02f9,85200
21008052 620c41f8,25
f76345a9,170500
821a40b9,200
615864f8,25
e303014b a15340f9,25
e20301aa 000c40f9,225
3c4000d1 600b0091 7c021c8b 9f0a00f1 820740f9,25
224dacf2 62acc5f2 828decf2 7f0002eb,25
853a04b9,85200
3f7c00a9,550
a28f00b9,300
428000d1 6300c0da 7f0040f2 4004438b e00314aa f35341a9,350
23144038,32125
010000b0 21800e91 63d206f9,25
80f607f9,25
0000028b 2100028b 031040a9,25
4148218b 019c01f9,25
9f0e00f1,25
57010090 c1e247f9,250
666868f8,75
5f1400f1,150
600b40f9,121775
f8030caa 4413048b a5081e53 452ac51a a50c0012 852800b9,400
619740f9,200
bfc300b9,250
620004cb e00304aa 01008052 a61707a9,200
00801891 b8820191 000c40f9,25
f61341b9,85250
600100f0 002446b9,25
e003082a 0508dc9a 0208da9a a5801c9b a5040091 42801a9b a6e87bd3 a016028b,600
ab2b08a9,200
3f000b6b,50
253700f9,25
610540f9,200
f48740f9,93125
01078052 fac30091 0008a19b e10302aa 1f0002eb,200
60334d39,50
e07f40f9,25
e20300aa e0088bd2 214288d2 c03dadf2 0121a4f2 80b0dcf2 8110c2f2 c0d3e8f2 4108e1f2 45010090 e90380d2 607f409b 422705a9,25
e19340f9,25
7f020471,111325
5f1c0071,50
0e3c02a9,200
2100008b,175
e08740b9,200
256862f8,25
5f6821f8,200
f503032a f30300aa c36842b9,2525
bc8780b9,25
e20301aa 63040011 8510018b 617c4093 e20301aa a00400f9,50
417820f8,4425
fd7bbea9,12500
a1830491 a14300f9,200
21fe9f52 80124039,300
c10640f9,25
fd7bc4a8,85575
e2031baa 23200f91 05008052 a00000f0 00602e91,25
e003012a 00001cca ff0740eb,163225
42001112 c300018b 040540b9,725
fc7340f9,84775
0000018b 98621b91 000f01f9,25
20018052 a1230191 020080d2,125
f703032a a8104039,84875
2100008b bf3000f1,25
182300d1 1f2300b1,200
82d24579,50
e60305aa a504058b e04340f9,84700
5a070091,100
231040f9,25
221000b9,25
fb0300aa 06230091 c0704079,200
e10316aa e0430091,25
616a61f8,25
a0820191 016445f9,25
3c00068b 970640f9,450
21001c8b 010400f9,200
bf001ceb,25
200540f9,25
80003fad,175
6a2c03a9,250
22800239,25
b8820191 003f47f9,25
003c4092 ff6320cb 1f0010f1 ff0300f9,325
e0031baa fd7b41a9,550
20a30091 225b40f9,25
87e407f9,25
140400f9,200
01008052 e0630191 e38b04a9,550
20f07dd3 b4222591,25
a2b300b9,225
600a138b 610100b0 22800191 a16b00f9,200
1b7004a9,550
657860f8,100
000c0091 420c0091 00f47e92 42f47e92 0000028b 00300091 2100008b 2000078b 1f0005eb,25
c6080091 c0f07dd3,25
e04340f9,1600
00f047f9,25
f40301aa 130080d2 410100d0 21202591 f55b02a9,50
a15300f9,225
59040091 e103032a 9702198b 000080d2 e2088052,1450
8200018b 20cb41f9,25
335040b9,25
24040051 9f00016a,250
e30303cb 631c274e 841c274e a51c304e c61c304e 711ca54e 921ca64e 63f87fd3 31be324e 05008092 31be324e a324c39a 253e084e,825
a50c4079,84875
7f02006b,2825
420100cb 5f2c00f1,25
243f40f9,25
21200091 5f0003eb f70600d1 a52000d1 3f03176b,800
00380012 5f03006b 9c43218b,275
81f07dd3 63202691 210004cb 5f0000f1 21f07dd3 6000018b 00a04039,175
410700f9,25
f803042a fb7305a9,250
1f0a0071,75
005b37f8,450
20084079,175
9c0b00d1,50
3a7c00f9,25
6c3484a9,225
000c018b 013040f9,975
61e747f9,2000
c00a168b e7800191 62620e91 810080d2 00f47ed3 61de01f9,250
bf4300d1 fd7b41a9,25
