e6031a2a 1303194b a14e3a8b a50f09a9,4
81070090 fd030091 215047f9,20685
ff0218eb ff0200f1 7b1640f9,2
1c008052 e003172a a01240b9,100
81621b91 820100b0 2caa9c52 42600291 4baa9c52 49600091 280c40f9,1
a1820191 62020891 83621b91 380800f9,1
010080d2 42400091 c26e01f9,1
f703022a c002008b 030440f9,20665
22230091 000080d2 01ec7cd3 00040091 a35740f9,1
e2cda5f2 622cccf2 620cedf2 7f0002eb,1
55ef7cd3 a002008b 3a0000f9,1
f503032a f30300aa c36842b9,47
400a0090 63001cd1 e2e30191 002c47f9,1
f7031b2a 7a02158b 8027db9a 617f7ed3 7f830071 21403b8b 7b070091 c106018b 21e00191 400300f9,1
010080d2 010900d0 440600b0 800a40f9,2
63040012 63040051 7f040071,2
4401098b 84104092 848000d1 e40704cb c620c49a c624c49a c600c0da 638000d1 df0000f1 6004468b e40300aa 00001acb c1224139,100
210a00d0 800100b0 fd030091 f30b00f9,1
8404048b 7b0c048b 2100038b e27b40f9,1
b4720291 130080d2 e003132a,1
600c8092 080780d2 1f0440b1,48
73820191 1a0080d2 fc0313aa 160080d2 18008092 77f647f9,1
83621b91 000380d2 e01f00f9,3
e20318aa 73060091 e10317aa e003162a,3
0e0c4092 03ec7c92 2c3440a9,1
b3e30291 f40300aa f55b02a9,1
f8230391 590000f0 20c30b91 e03f00f9,5
820900b0 3f0000f1 fd030091 421c41f9,1
41fc42d3 240400d1 9f0003eb,100
210010cb 2104018b 21f07dd3 210003d1 21fc43d3,94
e2020052 42000012 c00241b9,19758
e10304aa 02f37dd3 e0031caa e59306a9,6885
8800028b 6700028b 420400d1 5f0400b1 c07868fc,1098
f903022a fb0301aa 1f0303eb,40
e30300aa e00302aa fd030091 f35301a9,1
13040051 f9031aaa a04340f9,100
81641a53 20008052 21080051 810e018b 21800191,7
21400091 45d800b2 67d800b2,13
1a0080d2 160080d2 150845f9,1
e2031baa 23200f91 05008052 a00000f0 00602e91,1
e20400d0 e10400d0 030080d2 428c45f9,4
61090090 82a21e91 e00313aa 21dc44f9,1
440008cb 45d800b2 660008cb 67d800b2,197
3c4000d1 600b0091 7c021c8b 9f0a00f1 820740f9,1
c302138b 420000cb 7f0202eb,199
820800b0 c1c20b91 831245f9,1
428000d1 6300c0da 7f0040f2 4004438b e00314aa f35341a9,5
c0000090 18e00391 e00318aa 81008052,1
2100028b 210800d1 a19300f9,300
e4030091 c20000b0 436443f9,12
61090090 82421d91 e00313aa 21f844f9,1
7f000071 21fc0011 217c0613 21100011 217c7d93 213c0091 20bc7092 24ec7c92 e06320cb ff6320eb,100
335c0091 f40300aa f76303a9,19800
a0621b91 d602174b ae2740f9,4
f8060091 18f77ed3 e00318aa,2
810700d0 e00317aa e81b06a9,16
9c621b91 7a0100f0 40230191 bfff0fa9,1
000c0091 21200091 610000f9,1
b31e1c91 f40300aa 1300138b 02e280d2 01008052 730ad59a 737e159b 60021cd1,1
e10300aa 000580d2 010f00f9,1
007ca39b 2300008b 750840b9,2190
f30300aa 39a31291 e1031caa 1900198b 731600f9,6
000100b0 00800691 010100b0 21800691 3f0000eb,1
01008052 e0630191 e38b04a9,12
69411191 870101cb 662942f9,1
a1060051 c0ff8352 3f00006b,1
010100b0 21800191 fd030091 f35301a9,1
070080d2 26018052 a82f0ba9,2112
01408152 4200010a 5f00016b,200
a5040051 a27c4093 669642a9,1098
220080d2 00400091 609f05f9,1
e20400d0 e10400d0 030080d2 42d447f9,4
2114018b 2100288b 081c4038,92038
00040051 14040091 740e148b 638640f8,4
a2070090 c0008052 e10313aa 42c046f9,1
c20900b0 210080d2 010000f9,10
e10300aa 170080d2 a67f40f9,100
940900f0 960900f0 991e47f9,1
08210091 df0008eb 00800091 0084a34e 2184a24e,11
330a00d0 73e20e91 148083d2 3400a0f2 e00314aa 7f7e00a9,1
0103178b 42001f32 020400b9,14
f7820091 f702028b f70215cb f702068a ff0200f1,3
7b070051 f72200d1 0100178b e3031c2a 7b7f4093 42001bcb,100
b802188b 800700d0 00802991 9f0200eb 000740f9,10
d60220d1 20008052 e07f00b9,19758
a2420091 200080d2 0320d79a 6102028b 9f0303eb 0003008b 9c0303ca,1
e20400b0 e10400b0 e00303aa 030080d2 42d447f9,4
fa031baa fb0319aa b95340f9,100
20010090 38010090 00e02991 a03300f9,1
590100f0 22830191 e29306a9,1
f50300aa f60302aa e00301aa f35301a9,32
61090090 42832491 e00313aa 217844f9,1
6300134b 637c4093 7f0000f1,100
f40313aa 22001f32 75120291 823608b8,1
003c4092 ff6320cb 1f0010f1 ff0300f9,110
dc0600d0 d30600d0 9cc31391 73821491 17008052 9a018052 19008052 3b008052 80835fb8,100
e30317aa 20fe9f52 e40314aa 650c4079,14
6302018b 00f87fd3 632000d1 62620091 410441f8,1
e1a30191 e00313aa e24b00f9,1
17008052 00801891 000840f9,1
a60004aa c60cc0da 420cc0da 630cc0da 4220cb9a 6320cb9a 42fc78d3 40e043cb 731e40f9,16
070080d2 06008052 041440a9,1
2024c09a 2124da9a 0000018a e203022a 219f41f9,2227
007c4093 e80780d2 1f0440b1,4
00f87e92 a1ff9fd2 e1ffaff2 1f0001eb,126
14001f12 420a0090 e06740b9,1
794600d1 0f0080d2 6003188b 39ff44d3 000440f9,19800
00781f53 00040011 00f07dd3,1
01ec7cd3 00040091 a35740f9,7
e50314aa 060080d2 a10440f9,10
617eb69b e00314aa 3bfc66d3 e1031baa 7bcf171b 627f4093,99999
a00000f0 00600091 a10000f0 21600091 210000cb 22fc7fd3 410c818b ff0781eb 21fc4193,1
e403142a e303162a e20315aa 650f058b e0031aaa,2190
0041601e e30314aa e10315aa 02034092 051c40f9,100
f30317aa a0820191 17008052 00fc44f9,1
e10300aa e0031caa e13700f9,3
990900b0 35631e91 dffe02a9,1
000180d2 840cc0da 000c448b fa0300aa 02040091 b97e7cd3 20271391 00001a8b 210080d2 e23700f9,5
f50300aa f60301aa 001440f9,200
00780091 01bc7092 00ec7c92 e16321cb ff6321eb,1
5a031c8b 00000a8b ff021aeb,84
200100f0 00800191 832642f9,1275
c00900d0 00202d91 e20313aa e10315aa 00400091 80a601f9,1
24030191 edff9f92 ebbf9fd2 eadf9fd2 e9e89fd2 68c79fd2 060580d2 85fb9f92 0d00b2f2 0c00b212 ebffadf2 eaffadf2 e9ffadf2 e8ffadf2 07078052 0600aef2 0500b2f2,1
01090090 42060090 640a40f9,1
ff8343eb 347c029b f30300aa,4
f8c30291 e10315aa e20318aa e00314aa 03008052 f35f00f9,1
220700f0 3f0000f1 fd030091 42ec46f9,1
e20315aa e10314aa 800e178b,4
00000090 e2e30091 00403491 e1230191 030080d2,1
f7223b91 7be32c91 d6a22791 b5e23c91 94623f91,1
ad410791 8ce10791 289c0ca9,1
bf0011eb 8400188b 250440b9,4
420001f1 00000191 21000191,3
ef210691 cea10691 2cac0aa9,1
003c44d3 210000d0 1f0434f1 21400591 200000d0 00003691 e60300aa 7f161071 a83740f9,1
f503022a e2000312 b3bf40f9,4
3f0313eb 3f0300f1 9b1740f9,1
ad213991 8c613991 289c0ca9,1
f80313aa f30316aa 73060091 f6031caa,35
f7f67ed3 e00317aa ffe306a9,1
940900b0 210080d2 80422891,1
d6820191 9312138b c00e48f9,2
61080090 21e00e91 21400091 010000f9,1
e302038b 010080d2 62832991 1f000071 434404f9,1
59040091 e103032a 9702198b 000080d2 e2088052,48
0084a14e 0104085e 0004185e 2084a00e 00bca00e 003c040e ff0005eb,1
5f0000f1 fd030091 f55b02a9,11
94621b91 e103172a e00316aa e2830191 833240f9,1
e1a30191 020080d2 60008052,1
e003082a 0508dc9a 0208da9a a5801c9b a5040091 42801a9b a6e87bd3 a016028b,70
63090090 61090090 99090090 94090090 634844f9,1
f80313aa f30316aa f6031caa 421b40f9,8
400100b0 03202591 e03b00f9,4
82623f91 21632591 00633991 e18306a9,1
fc430091 01040051 1b0080d2 3a008052 a13f00f9,2
20010090 00601b91 ab5f40f9,1
e00303aa fb0303aa 7600018b 840440f9,1
e30319aa e2031a2a e50313aa e4031c2a e10316aa e00317aa,4
e20313aa e1031aaa e00318aa,100
050080d2 04008052 030080d2 01403991 22008052 e00301aa,1
e10300aa 400900f0 730e40f9,1
600bdc9a 42010090 e15740f9,2
7f000071 e2088052 e30c8052 22000039,100
61090090 400900f0 83090090 62c01f91 008c46f9,1
82090090 3f0000f1 fd030091 427847f9,1
430900f0 61090090 840900b0 82602f91 636446f9,1
17f47ed3 f80316aa 00f07dd3,2
640bda9a 06ec1c9b 42f047f9,2
000c0091 420c0091 00f47e92 42f47e92 0000028b 00300091 2100008b 2000078b 1f0005eb,1
73060051 7b1300d1 9f03136b,20
fa03132a 600000b0 00a01091 fb3700f9,12
a20500b0 fd030091 421440f9,11
424025cb 64400091 21787dd3 630c40b9,6
0200b012 4200144b 1fc022eb,100
e20600d0 3f0000f1 fd030091 427440f9,1
9a010090 40630291 780100d0 000840f9,1
e10315aa 050080d2 04008012 43048052 62008052 000080d2,41
c60cc0da 420cc0da 630cc0da 4220cb9a 6320cb9a 42fc78d3 40e043cb 731e40f9,4
e30300aa e00301aa 210080d2 632040f9,200
e10316aa e20314aa e00313aa,200
42040011 24c00091 233040b9,41
600900d0 610900d0 fd030091 001045f9,1
63800191 12488c52 4e0c40f9,4
5f0000eb e00315aa 190313cb,1767
800800b0 b50800f0 770640f9,1
020080d2 010080d2 63400091 c3aa01f9,1
ff430491 e10300aa a27740f9,2
b5020491 20008052 946e47f9,1
e10300aa 800800b0 e23f40f9,1
1f000071 9402002a 60364d39,6
e10314aa e00315aa 022080d2,1
24808052 0402a872 200c014e 02e87b92 900c044e 031040f2 0786b04e,18
8003180b 410318cb 00001a4b 3f0013ab,1060
59010090 00040012 1f080071,2193
020600b0 000600b0 42403591 00603591 040600b0 030600b0 84003591 63203591 228005a9,1
e40300aa 014000d1 00805ff8,19789
0241228b 4200038a 4240398b 4200068b 4200038a 0000028b 0200078b 5f0005eb,3
e103042a e60305aa 420802a9,19170
a20203cb 0008038b 01008052 42f47ed3,1
e20313aa e10314aa f35341a9,6
1a000090 1f0400f1 5a032191 17008052,5
a00000f0 00600091 a10000f0 21600091 3f0000eb,1
e00e8052 0e0080d2 f96b04a9,12
023080d2 e00303aa 01008052,1
0d0600b0 0c0600b0 2aa40ba9,2
820800b0 a1020d91 831245f9,1
e2230091 e6030091 a00000d0 00d047f9,1
c2822991 610214cb f76343a9,2
1700178b 9700178b f902198b 030017cb 2603068a d700038b fa0317aa 990700d0 e00317aa 39af46f9,1
a0070090 00001c91 040c40f9,40
e30400f0 5f0000f1 fd030091 630847f9,1
e00313aa 13040091 8122c01a 1f1c00f1,11
5a008052 01070091 21f47ed3 e13b00f9,6885
a60004aa c60cc0da 420cc0da 630cc0da 4220cb9a 6320cb9a 42fc78d3 40e043cb e00313aa f35341a9,2130
0004004f e0030291 e03300f9,1
200000cb 840cc0da 05200091 000c448b 3fbf0071 19040091 5a0100b0 f80300aa 5a330791 f50319aa 140080d2,4
a1048052 7b070091 bbbf00f9,100
25808052 0502a872 200c014e 03e87b92 a50c044e 091040f2 4a104092,100
a2070090 e10313aa 40008052 42d446f9,1
4100038b 5903038b 3f0000eb,4
e20313aa 210a00d0 f30b40f9,2
f30300aa f40301aa 000840f9,8
200100d0 02601b91 000380d2 a06700f9,3
200c014e 0400028b 5f0002f1,7
f80300aa 1f0700b1 60832991 e81b46a9,14
a0220091 03008052 020080d2,1
800900b0 00802091 5ffc01a9,1
fc0319aa f90318aa f80315aa 400000d0 00d02691 a03300f9,6
63040091 00e00091 9f0003eb,3
c10900b0 21402e91 21400091 010000f9,1
060088d2 8500a0d2 038405a9,1
360900b0 f50300aa fb7305a9,300
1f0019eb 9c0700d0 9a820191 9c030491 800700d0 120080d2 00802991 e03700f9,19799
f40300aa a2c30391 e103152a 00008052,4
e30300aa 020100f0 40e847f9,6
7ca20091 9406018b 9f0200f1,2
f7021c91 b5420091 e10a40b9,13429
e20317aa e10316aa e003152a,16
e30301cb 282c0091 e70100cb,1
e1df8052 6100a072 1f00016b,1
14030090 f30300aa 84c646f9,1
657c4092 63fc60d3 a47c089b 677c089b 261d059b 637c099b 0540248b c480448b 66000b8b ff0004eb a580048b 1f0005eb 457922f8,1130
08008092 0825c79a 420008aa 630008aa,960
7f0300f1 0103271e 7a0e40f9,2
d6060091 a0222591 000840f9,21
0000018b 00001b8b 003c0091 01bc7092 00ec7c92 e16321cb ff6321eb,4
a2070090 e10313aa c0018052 428c47f9,1
a0820191 25008052 84621b91 c3e22991 02907539,1
b5c20011 e003152a f35341a9,150
200000cb 840cc0da 05200091 000c448b 01400091 22bc7092 21ec7c92 e26322cb ff6322eb,4
a0000090 00001b91 a03300f9,4
000080d2 01008052 437860b8,3
e10400b0 fd030091 f30b00f9,12
06212691 07008052 c6a00091 c0004039,48
b402148b e00304aa f51340f9,1
80202691 f70302aa 81e047f9,1
400900f0 9a090090 41233391 22008052 009446f9,1
0a008052 0c008052 30008052 f1e18452 4d0080d2 7f0100f1 000d198b 410440f9,14688
020600f0 010600f0 e00303aa 030080d2 42cc41f9,4
000100f0 01800191 821a40f9,12
000080d2 230080d2 54040091 8127c09a 00040091 6120c09a e10301cb 3f001cea,1
61090090 82c22391 e00313aa 21e843f9,1
2100a0d2 3f0000eb 7f2240f1,100
24bc7092 e5430091 a58f00f9,100
800800b0 b60800f0 770640f9,2
74fe60d3 7f0e1071 e903132a 8703178b 9406148b 140f148b,12
02040091 e3430091 e10314aa e00303aa,4
4200158b 0400148b f51340f9,3
83400191 8505c0f2 220040f9,2
f30300aa 42400091 620200f9,7
e46324cb 21ec7c92 ff6324eb,100
fb430091 fa031baa 1f00016b,100
6003188b 63820091 872f46a9,14688
0b000bcb 0000198b 6b0300f9,4
224dacf2 62acc5f2 828decf2 7f0002eb,1
84000491 42000891 046823f8,1
82621b91 a3820191 420041f9,1
e00316aa 17008052 130080d2,8
81070090 fd030091 215447f9,20702
430400d1 04400091 8400038a 000001cb 2100058b 850400d1 020001aa a400048a 4200038a 420004aa a20700b0 42000491 43a00091 64fc5f88,41
f303022a f40300aa f55b02a9,6
20007592 81621b91 203400f9,1
220600b0 3f0000f1 fd030091 42cc47f9,1
000100f0 00601b91 016842b9,6
0000fe92 f90317aa ff0200eb,2
5f000071 26008052 b40220d1 820241b9,94
410900f0 60090090 83090090 62002091 001c47f9,1
a2070090 e10313aa e0018052 42c047f9,1
0307188b 02008052 410740f9,4
f40301aa 0101a052 f51300f9,1
2208018b 25010090 a5800191 04000090 42f47ed3 410001cb 82603891 a17861f8,1
2100028b 4200038b 5f0016eb e18b40f9,1
610900b0 600900b0 020080d2 218443f9,1
400100b0 e1430391 e15300a9,4
02040011 01787cd3 20008052 457c0553 21800191 a6600891 447c0553 0020c21a 8102018b 827a66b8,13139
73fe44d3 810700b0 21a840f9,20683
f9031a2a fb031a2a 22001a4b 01008052 5a070011 42f87fd3,9
e40300aa a1fe0091 824e40f9,1
b5f27dd3 3703158b b76300f9,3401
e7040011 c6e00091 ff540071,1008
63090090 61090090 84090090 82402191 63a047f9,1
e2f67ed3 e1031caa e0031aaa,2
61f77e92 7f0301eb 21040091,2
22008052 f7830191 e10319aa e00317aa e2030439,1
a53c4092 ff6325cb bf0010f1 ff0300f9,100
800800b0 d6c20b91 790640f9,1
f503012a f60302aa 010440f9,6
f30301aa 5a0100d0 41830191 f50300aa f40305aa 20c044f9,12
630cc0da a50cc0da 7f0005eb e0ca40b9,10
e2f27dd3 e1031baa e00319aa,2
65f07d92 c3070090 63001c91 640c40f9,41
29a10891 080600b0 070600b0 08e10891 e7200991 060600b0 050600b0 c6600991 a5a00991 040600b0 030600b0 84e00991 63200a91 314010a9,1
800800b0 b70800f0 780640f9,1
daa21a91 19008012 7fff01a9,1
040a00b0 0802c0d2 fd030091 f35301a9,148
00800191 0207188b e30317aa c102048b f70318aa fc031aaa ea0314aa 21f47ed3 f4ab40b9,81
9802188b 75a20091 a10e40f9,2
63a30091 010080d2 1fbc0071 00781f53 607821b8,2
740900d0 730900d0 801245f9,1
847c4093 637c4093 8400028b 6300028b a47864b8,1098
f4e30091 e00314aa 351c0012 430040f9,11
9f000071 7f230f71 00798052 1f00046b,100
29c13991 080600b0 070600b0 08e13991 e7003a91 060600b0 050600b0 c6203a91 a5403a91 040600b0 030600b0 84603a91 63803a91 314010a9,1
fc0301aa fb0305aa 090140f9,108
a60004aa c60cc0da 420cc0da 630cc0da 4220cb9a 6320cb9a 42fc78d3 40e043cb e10640f9,108
410700f0 40000090 00001991 210047f9,2
000180d2 840cc0da 000c448b 61db46b9,4
24080090 7f0000f1 fd030091 844045f9,1
61fb7fd3 a00e1b8b 8203018b a24300f9,15
61090090 82c31d91 e00313aa 21f046f9,1
005c0091 97070090 f78646f9,20684
00600091 21008052 02fc5f88,2
e003012a 00001cca ff0740eb,5420
c10700d0 c00700b0 21200c91 00e01c91 210000cb 800200cb 3f0000eb,1
010600f0 fd030091 f30b00f9,12
a08200d1 220280d2 00ec7c92 c102008b 040040b2 c40600f9,14
1c0000d0 9c830191 f96b04a9,1
014000d1 830700b0 60000491 043440b9,41
f60b98cb 18ff4293 1600160b a11240b9,100
c3058052 01090090 42060090 42600291 03200139,1
21f07d92 0000018b df0200eb,460
7f0000eb 002000d1 81304d39,6
e10300aa 400900f0 009c46f9,1
000180d2 840cc0da 000c448b 18040091 e00318aa,1
150100b0 b5820191 f35301a9,1
f70301aa 5f0000f1 610a40f9,200000
e10306aa e00304aa 62f47ed3,3
e20301aa 63040011 8510018b 617c4093 e20301aa a00400f9,2
03781f53 7f200031 637c0113,7
00380012 5f03006b 9c43218b,9
000180d2 840cc0da 000c448b f80300aa a04f40f9,100
e30303cb 631c274e 841c274e a51c304e c61c304e 711ca54e 921ca64e 63f87fd3 31be324e 05008092 31be324e a324c39a 253e084e,17
75430091 7317138b 734200d1 bf0213eb,4
830080d2 a20080d2 010600b0 000600b0 21403291 00a03291 f35341a9,1
e20300aa e0088bd2 214288d2 c03dadf2 0121a4f2 80b0dcf2 8110c2f2 c0d3e8f2 4108e1f2 45010090 e90380d2 607f409b 422705a9,1
41030491 23a00091 62fc5f88,41
0004004f e20300aa c3f67ef2 010080d2,2
61090090 82e22791 e00313aa 212444f9,1
83f67ed3 6400148b 84f47ed3 840014cb 84f07dd3 c26a64f8,6
840080d2 a30080d2 02060090 00060090 42a01591 00801591 f35341a9,1
a3050090 fd030091 631440f9,100
7f0202eb e10316aa d602028b 740202cb,199
61090090 82232291 e00313aa 21c844f9,1
b40800f0 e00313aa b40800f0,1
b602178b 1f7c00f1 734600d1 c00640f9,20684
f70301aa e10300aa f96b04a9,100
00008052 f303002a e20343a9,12
23230091 20830091 631e00f9,6
000180d2 840cc0da 000c448b f30300aa df0200eb,58
210a00d0 400600f0 fd030091 f30b00f9,1
30e00191 21200791 10ca6038,100
a00000f0 01403991 050080d2 0400a452 030080d2 02008052 a04700f9,1
ffc30091 fc03002a 1f040031,47
820900b0 41602091 a3e20191 608601a9,1
430400d1 e10302cb 6300148b 630001ea,3
020900d0 fd030091 421440f9,2
220600b0 210600b0 030080d2 42cc41f9,104
3f001972 201c0012 f55b42a9,128
62090090 61090090 97090090 94090090 e3223b91 80c22391 424047f9,1
430900f0 61090090 84090090 82002191 63a446f9,1
8400028b 6300028b 247864b8,98952293
8700028b 6600028b 420400d1 5f0400b1 a07867fc,101993839
e20300aa c81a80d2 01050090 1f0002eb 213447f9,19
340800d0 f30300aa 816e47f9,1
00f47ed3 000002cb 00f07dd3 fa02008b 00800091 0000178b e28308a9,122
01ec7c92 214000d1 220cc2a9,13
e30300aa ec031baa f5734da9,2190
22060090 21060090 030080d2 420045f9,4
1f001beb 21001c8b 41683cf8,51
e77c4093 e5c0218b ff0005eb 691a40f9,198900
020600f0 010600f0 e00303aa 030080d2 420045f9,4
e20700b0 fd030091 f76303a9,1
000400f1 2100188b 410401f8,4
733e4092 ff6333cb 7f0210f1 ff0300f9,100
a0030491 210100f0 a03b00f9,1
f80301aa 210080d2 f55b02a9,2
980800b0 b50800f0 770640f9,1
21200091 5f0003eb c10042f9,10
9b0700f0 60832991 7f0200eb,16
020600f0 010600f0 e00303aa 030080d2 42dc42f9,4
040600b0 030600b0 84400491 63a00491 202800f9,1
4200018b 21040091 40900139,44
000600b0 100600b0 34bc07a9,1
fc0300aa a00000f0 a00f09a9,1
410100f0 21800191 4008028b 00f47ed3 000002cb 207860f8,8
e10300aa 400900f0 007844f9,1
830800b0 c4420d91 25008052 e00304aa 635840f9,1
800000f0 00e02091 e05f00f9,4
b5020491 44f87fd3 a53240f9,908
61ec7cd3 6403018b 07040091 786b21f8,2
000180d2 840cc0da 000c448b 400700f9,1
f40300aa f30301aa e00301aa,8
2100038b 21000d8b ff0001eb,2
4248aaf2 2248caf2 22ebebf2 3f0002eb,1
f7031aaa 21f47ed3 210003cb 410c018b e15700f9,2
040600b0 030600b0 84203891 63403891 202800f9,1
417c7dd3 e3030091 213c0091 a33700f9,1
213c4092 ff6321cb ff0300f9,100
c60cc0da 420cc0da 630cc0da 4220cb9a 6320cb9a 42fc78d3 40e043cb a0ba41f9,72
f403002a e00900b0 f30301aa f55b02a9,1
fa0300aa e1031aaa 000480d2,2
b6a30391 b7a30491 c2220091 e00317aa a3930391 410080d2,100
20018052 a1230191 020080d2,4
a20400d1 c6040091 4200018b 4208c19a 427c019b 4e0005cb 4100018b df0100eb 400000cb 603c02f9,2
001c4092 0110018b e5160091 e00301aa 611c4092 a31c4038,3
820800b0 e1c20c91 831245f9,1
e00317aa 210080d2 ffc30239,1
e1000090 e203004b 00008012 22cc01b9,51
20010090 00601b91 0d0041f9,1
940900b0 210080d2 80e22791,1
00f07d92 21f07d92 e7f07dd3 028440f8,960
427c4093 637c4093 847c4093 c81b80d2 1f0440b1,69
21008052 20008052 61060039,1
94220c91 f30300aa f70301aa f80302aa 940215cb c00215cb 610a40f9,11
000180d2 840cc0da 000c448b 13040091 e00313aa,2
01080051 200080d2 0020c29a 22830091 1fc021eb 267c4093,1
f90300aa 400100d0 00c03891 a05700f9,8
9c0700d0 9a820191 9c030491 800700d0 120080d2 00802991 e03700f9,1
e0230191 e2130191 e31340f9,12
94021091 60622991 640e05f9,1
f903042a f50300aa 340400d1 f3e30191 e00313aa 040080d2 030080d2 02008012 01009052,100
ff431591 f50300aa e10340f9,1
620c028b 00040011 454040f9,907
030080d2 a002018b 571440f9,1
21400091 00781f53 827a23b8,8513
1c000090 cffb9f52 9c330991 22e00191 21600391 1b008052 0d008052 0a008052 0e008052 43c86038,100
a2222591 c1ee7cd3 e00319aa 420c40f9,43
837f4093 68130091 02008052 010080d2 827a21b8,6885
56000090 d6c60391 b40240f9,1
a1090090 23008052 fd030091 21001a91 e203032a,1
e10300aa e00313aa 340401f8,1
040080d2 e00314aa f55b02a9,1
0100194b 8007068b 5f00016b,4
878eac72 0000038b 44001a79,1
62832991 1f000071 434404f9,1
21200091 5f0003eb f70600d1 a52000d1 3f03176b,6
e00315aa 820c80d2 017d80d2,1
420900f0 61090090 98090090 94090090 03633991 80622391 42b046f9,1
0004004f e20300aa a3f67ef2 010080d2,1
a00000d0 e10313aa a20000f0 42200091 00fc47f9,1
62090090 61090090 94090090 9a090090 83623f91 40832491 42c040f9,1
33010090 64820191 f40300aa f55b02a9,1
210400d1 3f0400b1 437b21b8,1098
a00000d0 631c0012 00cc47f9,1
000180d2 840cc0da 000c448b fa0300aa 5f0700f1,2
200a00d0 00400c91 210a00d0 21400c91 3f0000eb,1
4200018b 21040091 40280139,72
e0777fb2 df0200eb fb7305a9,2
f60303aa f503022a 000040f9,100
6020000b 3f000071 4020000b,2
e10900f0 fd030091 211045f9,1
a60004aa c60cc0da 420cc0da 630cc0da 4220cb9a 6320cb9a 42fc78d3 40e043cb 000080d2 f35341a9,1
1f01016b 000c0012 840640f9,12
e0fffff0 00000391 3f0000eb,1
a1800a9b a07c0b9b 2180c493 1f0001eb,570
60fe52d3 67fe46d3 1f0800f1 410080d2 e2c00011 6dfe49d3 61fe4fd3 6efe4cd3 05f00111 c4b90111 e00301aa f96b04a9,19788
f6830791 820c80d2 e00316aa e10302aa,1
60e60491 022080d2 f35341a9,1
54040091 8127c09a 00040091 6120c09a e10301cb 3f001cea,7
64ffff90 63200091 84000391 3f0400f9,1
06100091 04008052 847a22b8,2
73060011 623e0012 826b2178,15
200080d2 13641a53 e20300aa 73d20051 a08300f9,100
022a8852 820aa972 7f00026b,1
c60cc0da 420cc0da 630cc0da 4220cb9a 6320cb9a 42fc78d3 40e043cb 7b0f40f9,11
210080d2 00f47ed3 bf0600f9,3
00040091 21040091 25004039,196
01fc43d3 20040051 3903028b 3b4f208b 610340f9,4
1d0080d2 1e0080d2 e50300aa e10340f9,1
7f061071 a1001e32 00380012 01038052 971a02f9,2112
f70300aa e0e702b2 a09999f2 64f67ed3 843c0191 847cc09b 84fc45d3 9408048b 80ea7bd3,1
a10900d0 22008052 801e47f9,1
741c0012 fc030091 027c7fd3 403c0091 01447092 00747c92 e16321cb ff6321eb,2
140700d0 f303002a 806e47f9,128
230002aa fd030091 f35301a9,4
e40300aa e50301aa fd030091 fb7305a9,1
0004008b e403152a 4b0340f9,4
410800b0 40080090 21200c91 00e01c91 210000cb 800200cb 3f0000eb,17
e20800f0 fd030091 421440f9,2
0f020d8b ef010e8a afb400a9,8
e303012a e10302aa 607c4093 080a80d2 1f0440b1,6
430900f0 420900f0 e10313aa 80090090 63d840f9,1
0100fe92 e0031aaa 5f0301eb,6885
e30317aa e20316aa e103152a 806873f8,6
c4058052 000900f0 86058052 030900f0 420600d0 24840039,2
200000cb 840cc0da 05200091 000c448b 01400091 02040091 20bc7092 21ec7c92 e06320cb ff6320eb,1
734200d1 940600d1 a320d41a 637c4093 e10319aa e0031aaa 000400d1 21400091 7f0000ea,2
81010090 80010090 1ce03891 fc5b00f9,1
980900b0 1ce31b91 7fff02a9,1
f60300aa f50302aa f92300f9,1
400600d0 00c01391 a07b00f9,100
a2070090 e10313aa 20008052 425847f9,1
f70300aa 80000312 f96b04a9,6
847c4093 637c4093 8400028b 6300028b 247864b8,3041550
400c008b 21040011 f35341a9,198900
130080d2 f30302aa 020040b9,200
80010090 b7000090 f35301a9,1
6100132b 24fc0011 25140072 847c0613,100
41080090 200800f0 21200c91 00e01c91 210000cb 000300cb 3f0000eb,200
64600091 63000191 447c00a9,1
e30316aa 070080d2 26018052 2000008b 25008052 e10314aa,2
1f0000f1 fd030091 f30b00f9,13792
f8000090 e50000d0 001307f9,1
6300134b 00040091 3f0000eb 637c4093 277963b8,100
e1a21f91 43000191 42600091 038c00f8,1
f70313aa f6058052 810340f9,1
1f000071 c0008052 e303002a a37300b9,100
5f000071 a3008052 82008052 5f00016b,319
62e48cd2 637491d2 020baef2 c345b7f2 2295cdf2 8104048b 035dd4f2 e25de7f2 63d1e5f2 810c018b bf6700f9,1
01780091 003c0091 22bc7092 21ec7c92 e26322cb ff6322eb,1
e10317aa e20315aa 030040f9,100
a2070090 e10313aa 40018052 42f846f9,1
c10900b0 21202d91 21400091 010000f9,1
010a00f0 220080d2 020000f9,3
6300018a 840400d1 6300098b 6300048b 6300018a 7f0000eb,4
03800191 02402191 e10303aa 210401a9,1
2100028b 2000008b 000700f9,3
000100b0 00800691 010100b0 21800691 210000cb 22fc7fd3 410c818b 21fc4193 9f0213eb,1
20fc60d3 214c0853 004c1412 0000012a 00200251 1f1c0071,1
21060090 fd030091 f30b00f9,8
e70319aa f7031aaa f90318aa fa031caa f603142a eacb40b9,2190
440008cb 660008cb 850006aa bf1c08ea,26
800700f0 03000491 018040f9,11248
00040051 00787cd3 00c00191 8002008b 01045ff8,16738
21040012 3f080071 190c00f9,82
63090090 61090090 84090090 82802091 639843f9,1
230600d0 5f0000f1 fd030091 633c41f9,1
e20300aa 00040091 3ff40071,494
e10318aa b3a30291 fb7305a9,100
430900f0 61090090 840900b0 82203091 639c47f9,1
f503002a 401c0012 f76303a9,1
e00700d0 00603c91 e0ab00f9,100
01068052 ea030091 017ca19b 22bc7092 e26322cb ff6322eb,4
4200018b 21040091 40b80139,52
f7020012 a500172a e0031baa 02cc5fb8,30
8000054b 09038052 a0621b91 ab010e8a 140080d2 e930299b 6b0141b2 0d0440b9,4
02781f53 5f200031 427c0113,1
21400091 00781f53 1f00026a,47277
e50300aa e203062a e30301aa,2
970900f0 d80900b0 f70647f9,4
f40301aa 130080d2 410100d0 21202591 f55b02a9,1
600900d0 640900b0 860900b0 07e042f9,1
637c7c93 38040091 416863f8,1
e20315aa e10317aa e00313aa,198900
c0800051 011c0012 3f680171,200
d90700b0 da070090 39230c91 5ae31c91 39031acb fb7305a9,1
03202591 e60315aa e5630391 e4230391 63800091 e00313aa 47008052,4
930100b0 74820191 f51300f9,1
63040091 840400d1 630e038b,300
e00313aa 080880d2 f30300aa 1f0440b1,11
1f000071 9402002a e003142a f35341a9,1
81020a91 a20800d0 42400591 e0fffff0 00c02d91,1
61090090 82822191 e00313aa 219c46f9,1
00060090 02060090 00c03a91 42603b91 14060090 10060090 94823d91 10023e91 1e060090 0f060090 dea33e91 ef413f91 0e0600b0 120600b0 ce610091 52a20091 0d0600b0 0c0600b0 ade10091 8c210191 0b0600b0 0a0600b0 6b610191 4aa10191 090600b0 080600b0 29e10191 08210291 070600b0 060600b0 e7a00291 c6400391 050600b0 13060090 a5a00391 73c23f91 200001a9,1
540100f0 86621b91 f55b02a9,47
9c090090 210080d2 80c31d91,1
140700d0 f303002a 816e47f9,256
e30303cb a51ca34e c61ca44e a51c274e c61c274e 63f87fd3 b0bc264e 05008092 10be304e a324c39a 053e084e,200
6b813991 4aa13991 227400f9,1
f7020012 a500172a a1b340b9,20
e10319aa e2031aaa e54300f9,2
21008052 fd030091 f35301a9,4
61090090 82222491 e00313aa 21a443f9,1
21040091 7f0002eb 0000018b,1
430a00b0 fd030091 639047f9,1
e20313aa e0031aaa c1058052,100
24040011 010080d2 9f00026b,1
631c4092 6110018b e3164039,3
f77ea29b 4503038b e002038b 1f0001eb,4
a122d81a 217c4093 3f001cea,2
d40700d0 80e20191 b5021cd1 011040f9,1
a60004aa c60cc0da 420cc0da 630cc0da 4220cb9a 6320cb9a 42fc78d3 40e043cb 800f4079,3
a0430691 a2030691 a1830691 a0c300f9,100
81f07dd3 63202691 210004cb 5f0000f1 21f07dd3 6000018b 00a04039,18
e10316aa e003152a 6300048b,4
7c010090 9c330791 e0031caa 14a30091 fc0316aa f60313aa f30318aa f80300aa 807a76b8,43
5500038b 62008052 e10315aa 050080d2 04008012 000080d2 43048052,3
200000d0 00000591 e60300aa 7f161071 a83740f9,1
130c138b 21040051 f55b42a9,895
810700d0 21802991 f7021c91 9f0201eb 060040b2 55400091 e10a40b9,3
1f031beb 1f0300f1 641640f9,6885
00068052 65330091 600b00b9,100
00040051 a4820191 a5cb40b9,1
970ac29a f7d2029b 970217cb c102178b e00315aa e20314aa,1
137c019b 5f0000f1 600700f0 005047f9,10
f50301aa b60800f0 42400091 c3020b91 f35301a9,1
733e0091 60be7092 73ee7c92 e06320cb ff6320eb,100
610900d0 42008252 fd030091 211440f9,8
f30300aa f40302aa f51300f9,3
f40213cb e20314aa e10313aa e0031aaa,100
fb0305aa 21c00011 614700b8,100
4a031c8b c0008052 df020aeb ff6f00b9,108
400900f0 940900b0 81a22891 22008052 00b846f9,1
8300c0da e403032a c400c0da 1c088052 9c031a4b 7f00046b 9f03046b 737f4093,100
010000b0 21800e91 63d206f9,1
1f0000f1 6000002a a09700b9,6
d90700d0 da0700b0 39230c91 5ae31c91 39031acb 1c008052 80e20191 130800f9,1
e10317aa 050080d2 04008012 43048052 62008052 000080d2 e81b06a9,14
830080d2 a20080d2 21060090 20060090 21403291 00a03291 f35341a9,1
3f040071 7f040031 f702002a,35
d70700d0 d80700b0 f7220c91 18e31c91 f70218cb f35301a9,1
830800b0 a4620e91 25008052 e00304aa 63a442f9,1
070c4092 4200078b 000007cb 210007cb 42c000f1 031040a9,1
00380012 5f03006b f3031a2a e14340f9,12
010a00d0 020a00d0 240080d2 040000f9,1
021f0091 e00318cb 4200148b 21008052 e16300b9,41
c20700f0 a375bf52 2100032a 010000b9,100
ff4300d1 f40000f0 96420591 8daa40f9,4
248100d1 420004ab 631c254e 841c254e 66bc244e c6bc264e c63c084e 24f97fd3 c624c49a c620c49a,100
e1031caa e00315aa 830000f0 a2038052 63c02091,1
db060091 7f0318eb 21040011 017835b8,1098
62400091 6014008b 004000d1 5f0000eb,4
a60004aa 27207d92 e7207dd2 028440f8,140
a2070090 e10313aa 20028052 42cc47f9,1
c30700b0 fd030091 f35301a9,1
930a148b 73f67ed3 730214cb f30e138b,1
e20300aa e30000d0 fd030091 f76303a9,1
41030491 62832991 20008052 212440f9,2
61090090 82421e91 e00313aa 214842f9,1
a3020191 b5620091 038c00f8,1
b30000f0 73820091 e00313aa,1
a03c1a91 00ec7c92 ad810191 fd7bc1a8,1
e07e4093 00200091 a04f00f9,100
820800b0 c1020c91 831245f9,1
090080d2 010080d2 2cfe9f52 0e9c41f9,1
000000b0 95220d91 00c03291,1
a2027fb2 9a0700f0 3f0800a9,41
1f000091 bf030091 f35341a9,2
f30300aa 84400091 f51300f9,1
b6070090 d4822991 813240f9,7421
213c44d3 200000f0 3f0434f1 01001591 200000f0 00000491 e60300aa 7f161071 a83740f9,1
800700f0 00802991 9f0300eb,11248
9b021f12 a0030891 a1048052 241740a9,100
e20400b0 e10400b0 e00303aa 030080d2 428c45f9,4
fc0302aa e20300aa a08708a9,1
540900f0 400900f0 81ae43f9,22
ff0244f1 0102a0d2 9f0217eb,13
42040091 3f00036b 5f0017eb 6300050b 8400030b,1100
82080090 c1420c91 831245f9,1
400100f0 00601b91 00e840f9,4
42040091 20040011 c07a23b8,20000
00fc4393 00fc9bcb 640301cb 453700f9,1
f8a30291 f70302aa fb7305a9,1
711ca54e 921ca64e 311eb24e 31bef14e 233e084e 631c274e 841c274e a51c304e c61c304e 711ca54e 921ca64e 31be324e 31be324e 233e084e 428000d1 6300c0da 7f0040f2 4004438b e00314aa f35341a9,9
820800b0 c3620b91 24008052 e00303aa 427840f9,1
c1040091 a100018b 059801a9,3
84380012 840ca69b a26300f9,3
84040091 63e00091 1f0104eb,2
bf030091 e0031baa f35341a9,5
050080d2 f40300aa f96b04a9,100
4113008b e00302aa 43008152 451340f9,4
630000cb f50301aa f40302aa c00200cb 7f0000eb,1
01078052 fac30091 0008a19b e10302aa 1f0002eb,4
73f27d92 618600d1 3f0000eb,7421
a60004aa c60cc0da 420cc0da 630cc0da 4220cb9a 6320cb9a 42fc78d3 40e043cb 20008052 f35341a9,2
61090090 82420291 e00313aa 217047f9,1
9aec1a9b 8aeb7bd3 223400f9,2
22632591 80421e91 24008052 212044f9,1
010441d3 001445d3 2000002a e1031baa e00313aa,49
00008052 fd030091 f55b02a9,1
67fe46d3 6dfe49d3 e0c00011 e3031029,12
bba30391 e10319aa e2031baa e40318aa 23230f91 070080d2 06008052 05008052 a00000f0 00a02d91,1
24fc7fd3 8108818b 21fc4193 4408018b 417861b8,10
00040051 94e20191 801e00b9,1
410100f0 620380d2 533140f9,1
c0e22991 03008052 02008052 84781d12 24903539,1
b61c0012 f50302aa f76303a9,100
85040051 a5781f53 85ce258b a5c00191 a9045ff8,23175
0004022a 00080a2a a3a30691 000c012a a1db40b9,100
a4400091 220400d1 43e87bd3 836863f8,9
800800b0 b60800f0 780640f9,3
240d028b c624c39a 860000f9,200
62030191 e5ff9f92 edbf9fd2 f0df9fd2 efe89fd2 6ec79fd2 0b0580d2 87fb9f92 0500b2f2 0a00b212 edffadf2 f0ffadf2 efffadf2 eeffadf2 0c078052 0b00aef2 0700b2f2,4
63090090 410900f0 96090090 94090090 63c847f9,1
e10300aa 400900f0 00dc44f9,1
6300018b 20008052 448c02a9,1
430c018b 63200091 900100b0 10820191 000240f9,1
00038052 e70315aa e603192a e403182a 2553a09b e3031b2a e04740f9,7
c008008b c408048b 014480b8,200
0000018b 98621b91 000f01f9,1
f70303aa 00001d32 60320d39,6
a10900d0 a00900d0 21200c91 00400c91 3f0000eb,1
20010090 fd030091 f76303a9,1
a014018b 21040091 00400091 a10400f9,9
421c0012 20040091 84208052 6400040a e10300aa 9f100471,100
3f0000eb 8400058b 640401f8,1
67080051 e8080091 870e078b 08f17dd3 f50840f9,2
80ee7cd3 01bc7092 e16321cb ff6321eb,1
fc031aaa fa0317aa 1b483b8b f87300f9,2225
810800f0 04000191 02000391 1f7c01a9,8
bf030091 e003172a f35341a9,100
020080d2 010080d2 63400091 e3b601f9,1
a4030891 e00313aa 828c3ca9,100
007c4093 280780d2 1f0440b1,5
800900b0 00c02191 dffe01a9,1
8102018b 214000d1 350c40f9,12
64000491 42f07d92 40f87fd3 608000f9,40
47000acb 48d800b2 450003ca,5931
f70300aa 940800f0 960800d0 94220c91 d6e21c91 5c6f40f9,100
00000211 1ffc0571 00008012 220040f9,256
d30800b0 73223991 60fedf08,1
24fc52d3 9f0800f1 84f00111,7060
810800b0 a2220f91 23008052 21b443f9,1
f50300aa f60302aa a05740f9,2
a4000acb 848442d3 8404048b 040d048b 860c4079,2281
1fc00071 1fd40071 a68340f9,100
e10300aa 800700d0 002847f9,1
06060090 fd030091 c61440f9,100
350a00d0 b6420d91 e00316aa bfaa01f9,1
a51c4092 a110018b e0124039,3
e00313aa e203162a e103152a,7
400100b0 1b800191 e04b40f9,122
730200cb 9402008b 7f0200f1,11
410080d2 fd030091 f30b00f9,1
0000048b 000001cb 606f01f9,3
a002198b 1700178b f702068a ff0244f1 0102a0d2 9f0217eb,1
420003cb 3903038b 200340f9,2
61090090 82622391 e00313aa 211c45f9,1
217c4093 9f0002eb e57821b8,20000
020080d2 010080d2 63400091 c3c201f9,1
f70304aa 7f000071 f96b04a9,47
e302038b 5a030491 442700f9,1
7f1c0072 fd030091 f35301a9,1
ffc308d1 027d80d2 810c80d2 fd7b00a9,1
f50302aa f70301aa f30303aa 634440f9,200
f7031baa f80319aa fb030caa f90307aa f48700f9,2225
f50301aa f603032a df020071 80781f12 84000032 75d203a9,101
130100b0 74820191 f55b02a9,1
820003cb 634000d1 424401d1 600001ad,5
e2030c2a e403152a 0000078b 43028152 a62b08a9,4
600900d0 630900d0 e49b46a9,1
63c20591 213c0091 20ec7c92 600400f9,41
014000d1 83070090 638446f9,20651
14008092 e00314aa f35341a9,14
e602038b 010080d2 5f7821b8,4
980000f0 00a32191 621341b8,4
19008052 1f007df2 a0c300b9,100
2100158b 43030191 422340f9,41
18000090 130080d2 f71245f9,32
420400d1 b5c20011 620e40f9,530
a1a082d2 2114018b 2100288b 081c4038,2211
610100d0 00340091 201c03f9,1
17040051 20008052 a08f00b9,100
2100048a 4027c09a 617861f8,4759
847c0513 0122c11a 52060091 84ca248b 896048b9,24674
650a05aa a50040b2 450400f9,3
6300c0da 428000d1 4004438b bf4701b9,100
a102014b 23008052 020080d2,1
711ca54e 921ca64e 311eb24e 31bef14e 233e084e 631c274e 841c274e a51c304e c61c304e 711ca54e 921ca64e 31be324e 31be324e 233e084e 428000d1 6300c0da 7f0040f2 4004438b e00313aa,2
610800d0 21600691 21400091 010000f9,1
7b040011 f7220091 63040091 c66877f8,100
800000d0 00002991 e05700f9,2211
000100f0 01601b91 216842b9,1
e10400d0 fd030091 f30b00f9,8
e10300aa 0d14178b 270440f9,2
04008052 fd030091 a61c40a9,100
f3430091 26008052 60620091 7f0200b9,1
410a0090 20803291 e20300b2 0110601e 240080d2 3f5006f9,1
1fc039eb 207f4093 a07f00f9,100
1f0013eb 00060090 010080d2,100
18e30091 4214b79b 1f0302eb,23
42e00d91 7f0002eb f60300aa,1
846c0111 85040051 a5781f53 85ce258b a5c00191 a9045ff8,1265
e30303cb 631c274e a51c304e 841c274e c61c304e 63bc244e a5bc264e 63bc234e a5bc254e 6a3c084e 63f87fd3 08008092 ab3c084e 0525c39a,1
e0031caa 42c00091 a4820191 e80308cb 16008052 070080d2 060080d2 8c8eac72 8b8eac72 2a0080d2,1
0200018b e00300cb 420400d1 4200008a 62ba00f9,1
7402148b e20314aa 9b0a40f9,100
020600b0 42003891 200003a9,1
e10305aa 62f07dd3 e31707a9,3
a2820191 47aa9c52 853c4092 6318a49b 0000018b 407806f9,1
e10300aa 0200158b 23008052 e00313aa,1
e0e30391 f80317aa fc0306aa f70315aa f4030daa f5031aaa fa0301aa e04700f9,2211
440a00b0 fd030091 849047f9,1
01008092 00008052 614a00f9,18
e003004b 1f000071 0b038052 e703082a 0b312b9b 6b710091 610140b9,4
e10300aa c81a80d2 e20000b0 1f0001eb 40cc00f9,1
e10800b0 83800391 000080d2 214047f9,1
f30300aa 14008052 f55b02a9,1
7b832991 0203148b 7f021beb 80027eb2 210014cb f96b44a9,16
f90305aa ffc300d1 fa03062a fc03072a 000080d2 a15f00f9,4
e20318aa e10319aa 94120091,100
80070090 00802991 f40300aa 173040f9,10
f30300aa d40700b0 80620391 02fc5f88,4
c4e22991 200080d2 637a41f9,1
800800b0 d6020c91 630640f9,1
73ee7c92 b70700d0 637e0453 e08243f9,19800
20001bcb 210013cb 420c008b 42805ff8,100
03008052 010080d2 053042f9,1
840080d2 a30080d2 020600f0 000600f0 42a01591 00801591 f35341a9,1
19008052 12008052 10008052 a91040b9,1
7f0204eb a300018b c200018b 21400091 1f0001eb 530000f9,15
200100b0 03601b91 000380d2 a06700f9,2
c1220091 400000b0 22008052 00800191,1
fc0300aa e00314cb 1f0013eb,20665
c60cc0da 420cc0da 630cc0da 4220cb9a 6320cb9a 42fc78d3 40e043cb 730640f9,20
82c9a8f2 4220c0f2 2200e0f2 1f0002eb,4
63090090 61090090 84090090 82801f91 63d847f9,1
f5830291 a1020191 a2620b91 fb7305a9,1
23200f91 e2031baa e40318aa 00002e91 05008052,1
600900b0 fd030091 001045f9,114
0104085e 0004185e 2084a00e 00bca00e 003c040e 7f0202eb,1
42001112 c300018b 040540b9,21
f60317aa f70300aa 60324eb9,1
e20316aa 230080d2 00e80051 61040091 001c0012 1f040071,1
21040051 94e20191 811e00b9,1
a00700b0 00802991 f3030191 406821f8,1
22060090 21060090 030080d2 42dc42f9,4
227c4093 080680d2 e10300aa 600c8092 1f0440b1,1
0000028b 99621b91 200701f9,1
a07a1f53 00040011 00f07dd3,4
e00313aa e30315aa e10315aa,100
f50300aa 160100b0 c0820191 f35301a9,2
bf000071 e88c8052 0829c21a e803282a 4200040a 04010012 8400022a 7f0201eb,2197
fb0304aa 7f7f00f1 c46e47f9,300
020100f0 010280d2 fd030091 f35301a9,1
0b0600b0 0a0600b0 26940da9,2
6300c0da 428000d1 4004438b a0bf00f9,100
000100d0 00800191 01707f39,1
f70314aa 420000cb 5ffc01f1,1
20018052 e10313aa a25700f9,1
400900f0 940900b0 81022991 22008052 006c46f9,1
a20800d0 3f0000f1 fd030091 420c44f9,1
62ff42d3 e1031aaa 2004044e 4213028b 21400091 20409f3c,2
660000f0 c6202e91 f96b05a9,1
a60004aa c60cc0da 420cc0da 630cc0da 4220cb9a 6320cb9a 42fc78d3 40e043cb f4ab40b9,40
1f0302eb 220c188b 0008188b 5f801ff8,10000
f50304aa f603062a f76305a9,2211
f80303aa f70304aa fb7305a9,4
c10080d2 e203162a f60300aa 9f0300f1 e00314aa e10313aa,100
07a32191 080080d2 f80305aa 17078052,4
000700d1 61010090 22601b91 4c2b40b9,4
4008028b 00f47ed3 7600168b 000002cb 3b7860f8,12
6b6100d1 e142218b e00313aa,4
940800b0 c1020b91 801245f9,1
39030bcb e10319aa a94700f9,4
a1c00051 211c0012 3f240071 e10306aa,4
f40305aa f30301aa f55b02a9,680
a1820191 c2e22991 020c00f9,1
e10314aa e00314aa 430180d2,530
200600b0 00600291 220802a9,1
bf030091 e00303aa f35341a9,300
e10400f0 fd030091 f30b00f9,4
a10900d0 fd030091 f35301a9,10
eec88952 090080d2 ae0aa072 8f0180d2,1
f60301aa 55000012 f76303a9,6
00401f91 7b400091 bffe02a9,1
00040091 9f0000eb 2028601e a07a22fc,9989999
f8030caa 4413048b a5081e53 452ac51a a50c0012 852800b9,8
e203172a 04008052 1f0c0071 e00313aa e303172a,1
42fc4593 41fc81cb a13700f9,1
ff430491 e40300aa a82f4ba9,2112
930700b0 73822991 e10314aa e00313aa,19789
64000191 63600091 048c00f8,2
f30301aa f40300aa 210440f9,111
81048052 fd030091 f35301a9,14
610900b0 fd030091 22d840f9,8
f803162a f60319aa f9031b2a fbb340b9,3
21040012 21040051 3f040071,3387
210080d2 0004004f ff830139,1
200a00d0 00400c91 210a00d0 21400c91 210000cb 22fc7fd3 410c818b 21fc4193 9f0213eb,1
840400d1 85010bcb bf0004ea,8
7300132b 61fe0011 217c0613 217c4093 2200028b a28300f9,100
e0031caa e2018052 e15b00f9,1
1f0000f1 23fe9f52 000080d2,3
640000d0 192080d2 9c403991 220080d2 20b980d2 1a0080d2 15028052,1
940900f0 f30300aa f50302aa f60301aa 801e47f9,10
f7820091 f702028b f702068a ff0200f1,13
02060090 00060090 42803c91 00003d91 04060090 03060090 84003c91 63403c91 228005a9,1
efc13891 cee13891 2cac0aa9,1
a0020191 210080d2 00ec7cd3,1
00008052 620100d0 42801891 830440f9,1
420400d1 5f0400b1 a07867fc,1
e80900d0 fd030091 081540f9,108
200000cb 840cc0da 05200091 000c448b 13040091 e00313aa,4
810700d0 21802991 f7021c91 9f0201eb a302138b 833200f9,3261
6bc10091 0007188b 4013008b 7f0100eb,8
f70315aa 160080d2 b30240f9,1
bf0400f1 fd030091 f35301a9,680
a60004aa c60cc0da 420cc0da 630cc0da 4220cb9a 6320cb9a 42fc78d3 40e043cb 7b0f40f9,3
050280d2 e90305aa 060080d2 040080d2 080080d2 6c8541f8,1
e2af88d2 82c9a8f2 4220c0f2 2260e0f2 1f0002eb,2
18070091 1f0301eb a00e1a8b a07300f9,10000
e0058052 f60319aa 206b3a38,2
a1820191 80621b91 760100f0 c2e22991 23630091 a35700f9,1
a60004aa c60cc0da 420cc0da 630cc0da 4220cb9a 6320cb9a 42fc78d3 40e043cb 730640f9,17
06040011 bb0e068b 3b7801f9,1
217c0453 26040051 e403012a c6781f53 86ce268b c6c00191 c5045ff8,234
820500f0 e10300aa fd030091 421440f9,100
950900b0 940900b0 f96b04a9,1
e403002a 007c7dd3 000004cb e3000090 65202691 a00c008b 050840b9,18
a2070090 e10313aa 00018052 428847f9,1
21008052 fd030091 f55b02a9,4
810700d0 21802991 9f0201eb 220340b2 610a01aa 210040b2 a10600f9,13419
e4ff9f92 e9bf9fd2 ebdf9fd2 ece89fd2 6ac79fd2 070580d2 85fb9f92 e2830391 0400b2f2 0600b212 e9ffadf2 ebffadf2 ecffadf2 eaffadf2 08078052 0700aef2 0500b2f2,1
e40300aa e10314aa e303052a 22004039,432
e00313cb 1f0014eb 8002138b,2
9a0800b0 b60800f0 780640f9,1
025380d2 fd030091 f35301a9,1
c2a22791 80a21e91 24008052 21d047f9,1
42e00d91 7f0002eb 61090090 82420b91 e00313aa 21a044f9,1
40040051 600c008b 040040f9,1
210600b0 fd030091 f30b00f9,104
c60cc0da 420cc0da 630cc0da 4220cb9a 6320cb9a 42fc78d3 40e043cb 20008052 f35341a9,18
c0e22991 5b630291 39008052 b6030ca9,1
00008052 81621b91 200440f9,1
0100b012 2100144b 3f00006b,100
f4000090 81621b91 620440f9,1
3400148b 2208028b 810680b9,3
010a00f0 020a00f0 240080d2 040000f9,1
b502002a e00313aa f35341a9,2
ffc308d1 860100b0 450000b0 e8fffff0 a5400791 08410591 fd7b01a9,1
0004004f e2030891 ff030439,1
9402158b 800240b2 600600f9,2896
00070090 00002591 df0200eb,128
600a138b 610100b0 22800191 a16b00f9,4
05008052 06068052 5f00016b,30
bf030091 e00319aa f35341a9,1
410000d0 21702691 a13b00f9,6
39030052 1fc00071 73060011 39008052 9f03136b,480
f80317aa c0ec009b e5031aaa f70303aa 1c040091 f60305aa fa031caa 8aeb7bd3 fc0315aa f4030aaa e04340f9,121
f70309aa 06f07dd3 2104448b c60000cb 3afc44d3 0608068b 660306cb 40eb7bd3 dc040091 04001acb 7a0304cb 8aeb7bd3 e35740f9,1
f40301aa f30300aa 210040f9,8
f60300aa 550100b0 208440a9,1
227c4093 e10300aa 40201212 030080d2 00600a12 1f105071,48
b5060091 94060091 ff0215eb,100
efed7cd3 45030f8b 8d010d8b 516b2ff8,8
08088052 0801034b e40300aa 092000d1 5f0400f1 c020c89a,200
190700d1 e60318cb 8202198b 170440f9,16
400100b0 00800191 c102028b 21f47ed3 3a0002cb 000c1a8b 013040f9,82
003c44d3 210000d0 1f0434f1 21400591 200000d0 00003691 e20300aa,1
80080090 b60800f0 770640f9,1
420900f0 61090090 95090090 94090090 a3e23c91 80222491 426046f9,1
490500d1 29010aca 6b0109ea a5080091 c00445cb ff0000f1 1f0000f1 c2040090 c1040090 42c846f9,1
f50301aa f60303aa 2200028b e00313aa 3f0002eb 03008052 e10315aa e20314aa,100
78f27dd3 e30300aa a37a33f8,300
95010090 a4820191 69324eb9,1
b702178b f70240b2 583040f9,1
1fd00071 42040a12 5f006071 a6e740b9,100
42f07d92 804000d1 1f0017eb 422000d1 5f5c00f1,10
f703002a e1070090 383049b9,1
60010090 07601b91 600340f9,4
e00800b0 010080d2 004047f9,1
e4030091 a20900d0 420447f9,1
9a0700f0 40030491 f30301aa 010840f9,57
80621b91 a1820191 02f840f9,1
61021b8b c2008052 df0201eb 00008052 a21200b9,40
400bc29a 00e8029b 3b7860b8,2227
00008052 e00314aa f35341a9,4
79832991 210018cb 21001a8b 210040b2 234744f9,15
c1a22791 a0e23c91 e10308a9,1
e20316aa e10314aa e00318aa,49
62010090 42601b91 630100b0 a36b00f9,4
250080d2 e40306aa 267865f8,200
0000028b 2100028b 031040a9,1
00e80051 61040091 001c0012 1f040071,29
5a230191 00048052 bfff0fa9,1
400100b0 f50317aa 17800191 fb031aaa f4030a2a 56f47ed3 f80307aa c002028b e35700f9,122
f30000b0 f40300aa 62ba40f9,41
e0ffffb0 01000091 20684079,1
000013cb 620a01aa e10a40b9,3261
c60cc0da 420cc0da 630cc0da 4220cb9a 6320cb9a 42fc78d3 40e043cb 800100b0 00600291 01200191 22008052 3f0400f9,1
027cc19b fd030091 f35301a9,10
83080090 c4020e91 25008052 e00304aa 63f446f9,1
000c0012 82008052 4020c01a 207000b9,1
f40301aa 930100b0 73820191 21000191 840240f9,1
b50700b0 a1020491 3f7000b9,1
79a20091 271000d1 1f0300f1 290f40f9,6885
6c1f0c2a 8c2d002a ac5b0379,100
00800091 2000008b 030840ad,2
63090090 61090090 840900b0 82e02f91 636c40f9,1
10823891 00a03a91 33b808a9,1
140400d1 f30301aa 940201cb 94f27d92 94220091 9402018b 608640f8,1
630cc0da a50cc0da 7f0005eb 000080d2 817a60f8,1
94fe4393 130080d2 a37a73f8,1
9b080090 b70800f0 780640f9,1
660bc09a 9aec179b f8eb0ba9,121
a1070090 fd030091 210047f9,41
57f47ed3 40040091 f60301aa 7b0e40f9,198900
610a1051 25008052 3f781e72,1793
234c7092 217c7c92 e36323cb ff6323eb,1
2024c09a 2124da9a 0000018a 9c070091 1f031ceb,2532
1c008012 780900d0 657000f9,1
e703162a e603172a 081047f9,4
ffc30091 f303002a e103002a e2c30091 00008052,1
df0000f1 c41c0091 09400091 84f07d92 48200091 9f2000f1 4600048b 2168e93c,1
e00317aa 210080d2 767824f8,1
f7031b2a 7a02158b 8027db9a 7b070091,7
1c008012 bf030091 e0031c2a f35341a9,43
f40300aa 2100138b 1f0001eb,7415
fa031baa 750100b0 010080d2 186880d2 bfce01b9,4
b502138b 010080d2 c600198b 1901198b cd100091 c078a1b8,1
c30700d0 c20700b0 63200c91 42e01c91 630002cb 620202cb 7f0002eb,11
81070090 820700b0 fd030091 215047f9,1
e10e0051 0020c19a 36008052 c122d71a a16f00b9,1
c00a168b e7800191 62620e91 810080d2 00f47ed3 61de01f9,6
e60300aa 73060011 800241f9,7
030080d2 c00080d2 f4830091 60fe00a9,8
630900d0 c1a21a91 e23740f9,1
9bf27dd3 9af67ed3 e0031baa,2
5b0100b0 c0020412 e08700b9,4
e46324cb 25ec7c92 ff6324eb,100
424001d1 2e0c4092 21ec7c92 03000ecb 42000e8b 200cc13c,13781
f30305aa f40302aa f55b02a9,2197
00f07dd3 0200058b 840440f9,3
000180d2 840cc0da 000c448b 600a00f9,1
f30300aa 63400091 630200f9,2
e0ffffd0 00002291 e0ff06a9,1
00f47ed3 000013cb a17b40f9,4
e60305aa a504058b e04340f9,2190
c6f47ed3 aa02138b 22f77ed3 0b110091 0069a2b8,1
800216cb e10300aa a19f00f9,100
210000cb e00304aa 2908ca9a 23850a9b 217d0b9b,570
200c014e 0400028b 5f8001f1,29
1f0400b1 e40300aa 614640f9,200
940600d1 736202d1 9f0600b1 1f000091,1
13080091 73f67ed3 e00313aa,100
26040091 00040091 a4c00051 841c0012 9f240071,4
63090090 61090090 84090090 82001f91 634847f9,1
620004cb e00304aa 01008052 a61707a9,4
003c0091 f5430091 01bc7092 00ec7c92 e16321cb ff6321eb,1
010080d2 e10800f0 240600d0 800a40f9,2
e00313aa e1058052 ff1f0339,4
e00313aa e303192a e2430191 e61f05a9,100
61090090 400900f0 83090090 62401f91 001846f9,1
070001ca eac300b2 ff0840f2,2718
000600b0 100600b0 3ebc07a9,1
60090090 9b090090 61e32c91 22008052 00dc41f9,1
6123da1a 5a070051 f702012a 5f070031 000c028b 59641a53 39070251 00805ff8,100
e10000d0 21000891 1f0001eb,1
00060090 00602f91 220802a9,1
00801891 b8820191 000c40f9,1
01090090 83800391 000080d2 214047f9,1
e20301aa 210080d2 0004004f fd030091 f55b02a9,1
a0e22991 b5e22991 21001e32 449403a9,1
c60cc0da 420cc0da 630cc0da 4220cb9a 6320cb9a 42fc78d3 40e043cb 000080d2 f35341a9,3
e10316aa 43000191 42600091 038c00f8,1
730900f0 73c22291 e00313aa,1
00008052 1f1c0072 e15b40f9,1
81e20191 c00700b0 133042f9,1
42040091 01008052 42f47ed3,1
0400148b 2100030b dfc221eb 217c4093,1100
0000028b 0000018b 806b28f8,15
00200853 410a00b0 fd7bc1a8,1
5f8000f1 2400028b 0500028b,13881
f40300aa f30303aa f55b02a9,100
001c4092 0110018b e30e4039,3
f40303aa f30304aa f76303a9,40
eb031aaa 00001a32 60370d39,4
25008052 7302008b 940600d1 a320d41a 637c4093 e10319aa e0031aaa 000400d1 21400091 7f0000ea,1
f7120091 e70319aa f7031aaa f90318aa fa031caa f603142a eacb40b9,35
e203152a e403132a 050080d2 43008052 000080d2,1
00040091 2100030b 1f0018eb,10
a10700b0 21802991 1f0001eb,1
820800b0 c1820c91 831245f9,1
810100d0 22008052 f35341a9,1
213c44d3 420000b0 3f0434f1 41002691 e20300aa 226b37f8,1
c30700d0 63200c91 766e40f9,1
d40700f0 80e20191 d6021cd1 011040f9,1
400900f0 39632591 7c0e40f9,1
61090090 60090090 83090090 62402091 007c47f9,1
3f040071 fd030091 f35301a9,2
e40300aa 230080d2 80420291 02008052 010080d2 84004079,1
417c4093 42cc191b 427c4093,100000
042c4092 e8c300b2 9fc03ff1,197
60080091 e30301aa e10300aa 401c4038,2
f30300aa 1a000b8b 990240f9,12
00001e91 960900b0 7fff00a9,1
e10300aa a50400d1 00e000d1 220040b9,1
f40301aa f30302aa a00e4e29,11
e00400f0 00c00191 e10400f0 21c00191 210000cb 22fc7fd3 410c818b ff0781eb 21fc4193,1
63602991 000680d2 f76303a9,1
00040091 9f0000eb a07a22fc,10000
e20300aa 030001aa 3f0000f1 e07f40b2 407c019b,18
e500058b e400048b 6a080129,21
f8630391 f9230391 e6f348a9,2211
f90300aa e1060051 2003158b 350080d2 a18300b9,1
b57e7dd3 f70a0011 e10318aa e20315aa,4
a2070090 e10313aa 80018052 422447f9,1
837c439b 21f47ed3 63fc4193 227c429b 63fc84cb a33f00f9,1
00090090 010080d2 004047f9,1
e30b41cb 63044092 7f0013eb 660203eb c40c0091 84f47e92 6200048b 60f47ed3 9f1000f1 2068e03c,1
21800191 c0040091 20f007f9,2
81208052 0000010a ff0700f9,100
000100d0 5900078b 820b4079,21
ff8314d1 45080011 06038052 fd7b01a9,1
014000d1 81070090 21802991 3f0014eb,10
27207d92 e7207dd2 028440f8,205
f50303aa f60304aa f96b04a9,680
892c0091 e10304cb 6300098b 290740b9,4
c00700d0 fd030091 f35301a9,1
61121051 7f0a1071 813a44b9,1601
e20300aa 210080d2 e00318aa 367b22f8,1
e503042a a0600891 827a60b8,24
bf030091 e00317aa f35341a9,100
02001bcb e1031baa e0031aaa,100
f50302aa 22090090 f76303a9,100
820700d0 fd030091 420047f9,57
21f07d92 3f4000f1 4400018b,27727
843c4092 ff6324cb 9f0010f1 ff0300f9,100
1f000071 21040091 1f0301eb 0000040b 4200000b,6076214
fb0301aa 550100d0 a1222591 60010090 fa0306aa 007c40f9,4
1f7c7df2 00fc43d3 7302018b,4
410800b0 40080090 21200c91 00e01c91 210000cb a00200cb 3f0000eb,1
00600991 740100f0 1b4a8ad2 81621b91 9a4a8ad2 b98889d2 98a888d2 fbc9a8f2 3a68a8f2 39c9a9f2 58a8aaf2 160080d2 3b89c9f2 bae8cbf2 7929c9f2 f8e8cbf2 f70316aa a2e30391 bbe8ebf2 1a4aeaf2 d9e9e8f2 f8a9eaf2 a25f00f9,1
e0070090 c20700f0 00200c91 42e01c91 000002cb e20202cb 1f0002eb,1
c4058052 00090090 86058052 03090090 220600f0 24840039,1
420000d0 42002591 43e00191,2
f30000b0 73c20591 740a40f9,9
fb0300aa 937f4093 613e0091 e20313aa 20bc7092 21ec7c92 e06320cb ff6320eb,100
03008012 bf030091 e003032a f35341a9,4
6112028b 42040091 600000f0 630080d2 00400491 200c00a9,1
000600b0 fd030091 006444f9,100
1f2001f1 400000b0 00002191,1
10820591 00600a91 33b808a9,1
e00300cb 3f0101eb 00000a8a 4a0000cb 5f0007eb,2
42e00d91 7f0002eb 81070090 211440f9,100
63090090 61090090 840900b0 82a02f91 63d047f9,1
94060091 bf0014eb b5420091,2
e10300aa a000028b e2c30091 25008052,94
bfc300d1 e003142a fd7b43a9,100
e00305aa e60301aa e50302aa 7f00156b,198900
f90302aa 82080090 420847f9,100
c60cc0da 420cc0da 630cc0da 4220cb9a 6320cb9a 42fc78d3 40e043cb 800f4079,18
7f0313eb 0000198b 206839f8,2232
820003cb 420004d1 63000291,14
4200058b 0000068b 5f0302eb,14
970700f0 000080d2 f8ae46f9,7415
61161051 3f080071 7f021071,2075
a60004aa c60cc0da 420cc0da 630cc0da 4220cb9a 6320cb9a 42fc78d3 40e043cb a0ba41f9,11
630100d0 600100d0 a16340f9,1
21000ecb 42000e8b 261c41a9,1
61090090 82422891 e00313aa 214440f9,1
e20318aa e10317aa e00313aa,11
80080090 b5820a91 740640f9,1
940900b0 210080d2 80420b91,1
630cc0da a50cc0da 7f0005eb 73060091 b5060011 9402138b 81024039,39
e3ff9fd2 21001cd1 224c42f9,100
63020191 ecff9f92 eabf9fd2 e9df9fd2 e8e89fd2 67c79fd2 050580d2 84fb9f92 0c00b2f2 0b00b212 eaffadf2 e9ffadf2 e8ffadf2 e7ffadf2 06078052 0500aef2 0400b2f2,1
027c4093 240600b0 840847f9,1
02cc228b e50300aa e00301aa e40303aa 412040f9,2
42e19a52 6284a772 09f0a7d2 4000271e 032080d2 0c0084d2 4b0180d2 4a01c0f2 097dc0f2 480180d2 041080d2 018402a9,1
e30302aa e20301aa a16864f8,100
a2070090 e10313aa 80028052 422047f9,1
0d0100d0 a0810191 fd7bbfa9,1
000080d2 34008052 b86a1291 b7e21291 13040091 8122c01a 1f1c00f1,1
62090090 830900b0 fd030091 421440f9,1
82080090 24008052 fd030091 423446f9,1
14640091 130080d2 f55b02a9,1
e7200091 df0007eb 00800091 0084a34e 2184a24e,124
1a601b91 f9230291 e0522691 e03700f9,1
a002000b 00200091 f55b42a9,10
330a00d0 73420591 21600a91 e20313aa 00003891,1
0041601e e60300aa b9830291 e1031baa e00319aa e4031caa e30313aa a2058052 a65300f9,100
4200008b 4000018a 4200038b 4100018a 1f0001eb,6
d6f27d92 e10313aa e00314aa,10
410900f0 60090090 83090090 62202591 00c044f9,1
60fe60d3 7f0e1071 f603132a 8b03088b 1504008b 007b6078,3401
f40303aa e60313aa e30302aa f50302aa e7c30091 281c40f9,148
02c0601e 0002f092 0100679e 4020611e,100
f8430091 5903138b 1f040071,100
f70a0091 f702138b e03e0091 01bc7092 00ec7c92 e16321cb ff6321eb,100
0000028b 82621b91 400801f9,1
00080051 003c0012 1f040071,4
000180d2 840cc0da 000c448b 770240f9,10
d6021a8b b502148b 1f0316eb,132
440400d1 08088052 0801034b 07200091 257864f8,100
220080d2 00400091 406706f9,1
f50300aa f7021c91 e10a40b9,57
e50313aa e00316aa 830000f0 820000f0 63002191 42402191 040080d2,1
213c4092 ff6321cb 3f0010f1 ff0300f9,111
e20b41cb 42044092 5f0005eb a60002eb c30c0091 63f47e92 4700038b 40f47ed3 7f1000f1 2068e03c,1
00040091 2100030b 1f0013eb,200
990800b0 b50800f0 770640f9,1
e10300aa 400900f0 00e843f9,1
f90300aa e30314aa e1031aaa e2031caa e0031baa a37b00f9,12
2010008b 01fc58d3 210c7c92 000001ca e10300aa 216c4092 2008c29a 0084029b 00f47ed3 e25f40f9,3
84380012 8408a69b 820840b9,94
21008052 000b138b 73060091 012800b9,7
18f47ed3 fb031aaa 00f07dd3,6885
4af07dd3 69fc60d3 687c4092 e20302cb 21000a8b 2b00c0d2 0a000a8b 000080d2 237862f8,830
000600b0 020600b0 00803491 42c03491 1e0600b0 100600b0 de833591 10a23591 140600b0 0f0600b0 94e23591 ef213691 0e0600b0 120600b0 ce813691 52a23691 0d0600b0 0c0600b0 adc13691 8ce13691 0b0600b0 0a0600b0 6b013791 4a213791 090600b0 080600b0 29413791 08613791 070600b0 060600b0 e7803791 c6c03791 050600b0 130600b0 a5e03791 73423691 200001a9,1
f40313aa a00800d0 006047f9,1
a2070090 e10313aa 00028052 424447f9,1
400100f0 00601b91 016842b9,4
a10800d0 020080d2 fd030091 f35301a9,1
020080d2 010080d2 63400091 a3ce01f9,1
612240d1 e00313aa 347c3cf9,1
140014cb 9302138b f55b42a9,1
a1230391 a2830391 a14700f9,6
e20400f0 3f0000f1 fd030091 421044f9,1
730200cb 9402008b 610640f9,3024
34010090 000c0012 1f280071,94
42e00091 e30301cb 44fc5fc8,41
e70400d1 000001cb ff0400b1,570
c60580d2 8605c0f2 240040b9,4
24bc7092 e0430091 a07f00f9,100
410900f0 82a22891 e30300aa e00313aa 211046f9,1
b8430491 e20318aa e1ffffd0 1f000071 21c02b91 e0ffffd0 00200d91 a31301b9,1
f30300aa 60e01c91 f55b02a9,1
83018052 00008012 436821b8,14
410100b0 21601b91 fd030091 f55b02a9,1
94090090 210080d2 80421d91,1
e00305aa 420a00d0 416800b9,1
fd430091 e7fffff0 cae040f9,1
8424c39a c720c89a 840007aa 247925f8,200
7f0200f1 e00314aa f35341a9,7419
df0000f1 c51c0091 08400091 a5f07d92 67200091 bf2000f1 6600058b 2168e83c,1
9c6300d1 2003000b 00040051 1f00036b,1300
03547092 e36323cb 00847c92 ff6323eb,1
f403002a f30302aa 400a00b0 420a00b0 430a00d0 00d047f9,1
e60305aa 210080d2 a0400091 a10400f9,1
42008052 000c1412 1f104071 000b138b 73060091 012800b9,1
2010008b 01fc58d3 210c7c92 000001ca 611c4092 a31c4038,46
0b0000f0 040080d2 6be12691 8c0180d2,1
9f0000f1 20fe9f52 020080d2,94
54040091 8127c09a 41080091 e20314aa f40301aa 00040091 6120c09a e10301cb 3f001cea,1
e00400f0 00c00191 e10400f0 21c00191 3f0000eb,1
42040091 21400091 7f0000ea 4200048b 22801ef8,12
3a7c4092 400100b0 02800191 e07f40b2 e06700f9,2211
7f081071 63fc60d3 5300138b 6104038b a50440f9,94
410a00b0 600a0090 00a00191 21bc47f9,1
00040091 ac040011 cc7a23b8,100
0100669e 26fc7fd3 25f874d3 660000b9,100
211c0012 03ec7c92 0000803d,15
7c0e0091 1c081c8b e00316aa,100
5f03006b 61040091 1f0301eb 0000040b 4200000b,6885
c10000cb 4210018b a18740b9,1
b5070090 a2020491 814600d1 442840f9,20665
a22c8652 c225a672 7f00026b,1
00040012 00040051 1f040071,2193
213c44d3 200000f0 3f0434f1 01001591 200000f0 00000491 e20300aa,1
21040051 227c4093 658642a9,3041549
24808052 0402a872 200c014e 02e87b92 870c044e 031040f2,200
a0420091 43600091 42000191 a37e00a9,1
f30300aa e00313aa f35341a9,1
f30300aa f40302aa 001c40f9,101
830800b0 e4a20d91 25008052 e00304aa 632046f9,1
020301cb e0031c2a 4103018b,4
e4fffff0 830100d0 84000091 63000891 c2000090 42a01191 81010090 e00316aa 64ce06f9,1
73060091 b5060011 9402138b 81024039,9
c300018b e200028b 640800b9,80
00001ccb 410100d0 a06f00f9,43
e0fffff0 00002291 e0ff06a9,1
a0060051 47010090 00040091 e5800191 44010090 a5003b91 00ec7cd3 84e02991 66a21291 010080d2 7f0204eb a300018b c200018b 21400091 1f0001eb 530000f9,1
830900b0 63e02191 e00303aa 023080d2 01008052,1
f9030491 e00319aa e10318aa 4080903c,1
c1070090 021080d2 228003f9,1
a10003cb e00303aa e2030c2a 050080d2 04008012 43068052 a6af08a9,2
200080f9 2400028b 0500028b 5f8000f1,642
0805088b 210100f0 21e02991 1b0c088b 9f0201eb 580440f9,8
428000d1 6300c0da 7f0040f2 4004438b e00313aa,2
940000d0 94c23191 f55b02a9,1
0f0600b0 0e0600b0 32b409a9,2
e2040090 e10400b0 e00303aa 030080d2 428046f9,4
a37c4093 5f0000eb 477923b8,100
e00313aa e103042a f35341a9,11
e10300aa 400900f0 00a443f9,1
efffaf72 e30300aa 0ba00f91 8103018b 02008052 bfbb00b9,100
e10318aa e20313aa e00317aa 633040f9,100
76ba8952 f8a39052 13008052 560ca272 177d8052 783daa72 990c8052 617eb69b e00314aa 3bfc66d3 e1031baa 7bcf171b 627f4093,1
61040051 21787cd3 21c00191,12
83c00051 661c0012 a2c00051 df240071 461c0012,239
c3058052 e10800b0 220600b0 42600291 03200139,1
f40300aa e20319aa e10317aa,4
6003629e e0777fb2 1a00789e 5a031b8b 5f0300eb,3
e1430091 220080d2 f30301aa 180080d2 20010090 79000090 16601b91 15ef7cd3 39433991 1b0080d2 f7031b2a 7a02158b 8027db9a 7b070091,1
40230191 02048052 bfff0fa9,1
e1a21f91 02030191 18630091 028c00f8,1
410900f0 400900f0 83090090 62e02491 00b847f9,1
88070090 fd030091 e023803d,100
1b001f12 00008012 60c200b9,1
430a00b0 640a00f0 600a00f0 e20313aa 632c47f9,1
e20400d0 e10400f0 030080d2 428046f9,4
4a0100d0 47810191 860000f0 810000b0 c6801f91 21a02191 84f27dd3 e90306aa 25600091 28200191 02a00091 eb0280d2 030180d2 06fc00a9,1
0e008052 0c008052 0a008052 08008052 0b0080d2 07008052 17008052 160080d2 bb0440f9,1
020080d2 c002018b e027803d,2
2200028b 6300a59b 420004cb 5f0003eb,3
600900b0 650900d0 620900d0 860900b0 04e847f9,1
21380012 217ca59b 024862b8,80
820003cb 634000d1 424001d1 600001ad,1
e10316aa e00319aa 22008052,14
44000012 400842d3 fb7305a9,100
42e00d91 7f0002eb f30300aa e1030491 e2830491 e4038012 e00f8012 e28b05a9,100
23aa9c52 d00500d1 88030512 ee030ecb 07008052 180080d2 c90080d2 326aae72 39008052 828eac72 838eac72,4
55400091 f7021c91 e10a40b9,3050
820100b0 21008052 fd030091 f30b00f9,1
6300148b 62820191 e0622891 63f47ed3 610014cb 44f444f9,6
29050091 84e00091 9f0109eb,4
e40318aa 070080d2 481c41f9,1
810800b0 e2c20e91 23008052 21ac41f9,1
800500f0 04048052 00b847f9,1
f5e30091 e10315aa 030040f9,1
01008052 e00313aa 00c00b91,1
010005cb ff0001eb c0ec7cd3 45000a8b 636960f8,2
e30300aa e20301aa 00008052 617040b9,1
bf030091 e0031c2a f35341a9,4
b9f47ed3 f703022a 2003058b f803032a f603042a 00f47ed3 000005cb 3b7860f8,12
61090090 82022991 e30300aa e00313aa 218843f9,1
f70600d1 a52000d1 3f03176b,19
e2230091 840100d0 84c841b9,1
d402008b e10316aa 00008052 9f6a2338,8
330a00d0 73420591 21400b91 e20313aa 00402c91,1
190000d0 39630191 f76303a9,1
7ca20091 e40300aa 7f001aeb 7f0000f1 860740f9,3
820900f0 830080d2 941e47f9,10
e20313aa 210a00d0 400600f0 21800b91 00802c91,1
00380012 7f02006b 60060011 010380d2,6
e10800b0 220600b0 640a40f9,1
2300030b 277c4093 63040051 3f00036b 637c4093 608642a9,2
b8222591 03230091 02430091 f35301a9,1
24808052 0402a872 200c014e 02e87b92 900c044e 070080d2 031040f2 0786b04e,1
e103016b 00cc248b 23140012 e10317aa,100
d6060091 bf02166b 00040051 804b03b9,7
c60cc0da 420cc0da 630cc0da 4220cb9a 6320cb9a 42fc78d3 40e043cb e00313aa f35341a9,58
80e20191 c1070090 333042f9,1
000400d1 21400091 7f0000ea,9
600c8092 030080d2 e80980d2 1f0440b1,8
00380012 7f02006b 2140228b 20084079,80
820700f0 200000cb 410047f9,7421
fb0300aa 06230091 c0704079,4
04fb7fd3 91010e8a 8f00188b 6b010e8a 2d1040f9,8
ff430491 fc0300aa 802202f9,2
a2070090 e10313aa 60028052 423847f9,1
010100d0 22800191 40707f39,2
e10380d2 000480d2 e35700f9,1
8400008b a500008b 230400d1 e00301cb 6300048b 6300008a bf0003eb 9f0003eb,4
420400b1 0480448b 6000048b,1130
627eb89b 6803621e e30300aa e00315aa 42fc65d3 680000fd,100000
21008052 e00314aa 948a41f9,4
5f0000f1 00001c2a e04600b9,1
e20315aa e41f0391 e1630391 e0031caa 05008052 03018052,4
9c0800b0 b70800f0 780640f9,1
76f27dd3 73060091 3f0013eb,1536
c30900d0 63402e91 330a00d0 63400091 73420591 e10316aa e20313aa 340a00d0 a3aa01f9,1
5a130091 e303162a e10315aa 027861b8,1098
63090090 61090090 84090090 82c02091 639041f9,1
f90316aa e70315aa f603182a ec0314aa f56b4da9,3
ff2003d5 e1031eaa fd7bc4a8,1
020600b0 42000491 200003a9,1
f30302aa f40307aa f55b04a9,2211
620100d0 42801891 42a00091 067c7c93 4500068b 00040011 830440f9,3
e3c30091 e20316aa e13700f9,100
f5070090 b5e21c91 166c40f9,11
78400391 f70301aa f96b04a9,100
8b0400d1 9f0000f1 6b010c8a 643b02f9,2
f60306aa f70303aa f96b04a9,108
a00000d0 e10319aa 00e047f9,1
5b0000d0 550000d0 7bd32691 b5522691 770640a9,4
e8000a0b 087d0113 007d7f93 00c0288b 800d008b 013440b9,39
76820191 f50300aa f71b00f9,6
130080d2 28008052 0ca841a9,100
c4058052 e00800f0 86058052 e30800f0 220600d0 24840039,1
22008052 01030372 f9024039,6
7f0005eb 630cc0da a50cc0da 7f0005eb a00800d0 001440f9,1
fc0301aa 210100f0 e0031caa 354049b9,5
c00000f0 e10000b0 21000891 007843f9,1
02030090 e10300aa 42c446f9,128
61080090 21a00d91 21400091 010000f9,1
e10900b0 20402591 df0200eb,1
44e00d91 1f0400b1 e5090090 a5d046f9,202
e00313aa 020080d2 010080d2,1
a1280091 21f47ed3 4003008b 22040091 e11708a9,2
f30000b0 74220691 f55b02a9,1
13040051 737e7dd3 84fe41f9,1
e10300aa 62fa7fd3 a04340f9,4
010a00d0 220080d2 020000f9,1
5a030491 42e30091 41fc5fc8,41
6b210891 4a610891 227400f9,1
e10300aa 400900f0 5a233391 001c45f9,1
53010090 f40301aa f55b02a9,6
950000d0 b5623191 940215cb f603002a f76303a9,1
42602f91 010080d2 850a40f9,4
001f0091 e70318cb 0000148b 69820191 0a0700d1 0000078a e04300f9,16
0100fe92 e00316aa df0201eb,2
