42040011 6200024b 8300020b 2128c39a 1f00016b 200080d2 4200040b 0020c29a a004808b fd7bc1a8,15253016
24808052 0402a872 200c014e 02e87b92 870c044e 031040f2,4539
a2070090 e10313aa 60028052 423847f9,1
63c20591 213c0091 20ec7c92 600400f9,38
0a008052 4e018052 9f000071,207
e30316aa e20314aa e00313aa a1030090 21201191,1
22001f12 21008052 e14b00b9,500000
24030191 edff9f92 ebbf9fd2 eadf9fd2 e9e89fd2 68c79fd2 060580d2 85fb9f92 0d00b2f2 0c00b212 ebffadf2 eaffadf2 e9ffadf2 e8ffadf2 07078052 0600aef2 0500b2f2,1
1f0000f1 23fe9f52 010080d2,1
c0800051 011c0012 3f680171,6353
f703022a c002008b 030440f9,15003772
2e0400d1 cefd44d3 4310c1a8,1
a0008052 fd030091 f76303a9,1
6bc10091 0007188b 4013008b 7f0100eb,8
200c00cb 001c4092 556b6038,29
637c7c93 38040091 416863f8,1
427c4093 637c4093 fd030091 f55b02a9,20013
e00313aa 030080d2 040080d2 280980d2 1f0440b1,1
f503012a f60302aa 010440f9,6
62764cd3 f00c028b 0a0240f9,2
64744cd3 b60d048b cc0240f9,1
60865ed3 69866292 06ec7cd3 4700068b 416866f8,128
b40500f0 f30302aa 816a47f9,500172
97420391 48048052 49020090 0301a052 22c10491 610c8012 000780d2 e80600b9,1
7f010deb cf011f5a ff050031,1
060004cb e9e701b2 c6040091 2933e3f2,2000002
7300132b 61fe0011 217c0613 217c4093 2200028b a28300f9,2541
81621b91 820100b0 2caa9c52 42600291 4baa9c52 49600091 280c40f9,1
a500014b a57c4093 e17863f8,98
930000b0 f40300aa 61da47f9,1
630100d0 600100d0 a16340f9,1
e2c30091 e1a30091 640040f9,201
1f040272 80021932 60420091 140000b9,406
c0038052 fd030091 f35301a9,1
32fe46d3 c523d19a c17872f8,743
e003072a e0031baa f35341a9,4
aefd64d3 df0107eb e7011f5a ff040031,15
e0fffff0 00000391 3f0000eb,1
7f0001eb 401c4092 000c35cb 001c4092 416b2038,191
f60300aa 95b20191 33088052,4
340200f0 94c22e91 f55b02a9,1
73060091 8ffd4cd3 e80500d1 1f0113eb,5
c60cc0da 420cc0da 630cc0da 4220cb9a 6320cb9a 42fc78d3 40e043cb e00313aa f35341a9,142
61161051 3f080071 7f021071,116
19008052 12008052 10008052 a91040b9,1
000080d2 f70302aa 000280d2 f35301a9,1
f60302aa f30301aa f96b04a9,2
e203132a e0430191 210080d2,1
5b0000d0 550000d0 7bd32691 b5522691 770640a9,4
e32f8052 2100030a 3f0c0071,268
01044091 0200eed2 3f0002eb,13
007ca39b 2300008b 750840b9,235
ff8314d1 45080011 06038052 fd7b01a9,1
e603002a e203142a e10315aa 60420591 cb1c0072 23008052,32
a10700b0 21802991 1f0001eb,1
a1048052 7b070091 bbbf00f9,3629
417c0453 21080051 21080091 010f018b 3f0301eb,63433
360f118b f50319aa 3c2300d1 7e0b40f9,4
ac0300d0 8dc11b91 df010deb,1
000080d2 010080d2 f5e30191 e18307a9,1
df290071 6c0103cb 9f011ceb,223
000013cb 620a01aa e10a40b9,1986
a00700b0 00802991 f3030191 406821f8,1
46060090 c7603a91 e8400091 09fddf88,1
f7031b2a 7a02158b 8027db9a 617f7ed3 7f830071 21403b8b 7b070091 c106018b 21e00191 400300f9,1
170500d0 e20318aa e30313aa 05008052 e1f646f9,1
ff431591 f50300aa e10340f9,1
e4030091 a20900d0 420447f9,1
010080d2 c40400f0 84f047f9,1215
f50300aa 23008052 170500f0 800a8052 c34a01b9,1
1f0000f1 a10500b0 fd7bc1a8,1
00040012 00040051 1f040071,245
3e13198b 81121e8b 244860f9,1
bf030091 e00303aa f35341a9,2714
854323d1 9e3e0391 d3e77a92 86420291 3c0f41f8,1
2e0400d1 eb0308cb 1f2100f1 ca0d4092 cefd44d3 09008092 4310c1a8,87
3c008052 62008052 bc020039,1
e30300aa 80080012 1f080071,64144
c00000f0 e10000b0 21000891 007843f9,1
140500b0 f30300aa 826e47f9,1
e103042a e00308aa fd030091,13947723
f70301aa f80302aa 01009052 02008012 ff8300f9,22
433c084e 443c184e 7f0000f1 400000cb 004000d1 630cc0da 09200091 000c488b 1f0001eb f80300aa df0200eb,57
ff0200eb 730202aa 810080d2 730219aa 930600f9,40
ff8343eb 347c029b f30300aa,4
f50305aa f60306aa f76304a9,15
e00700d0 00603c91 e0ab00f9,201
f70300aa 80220b91 001041b9,4
a2420091 200080d2 0320d79a 6102028b 9f0303eb 0003008b 9c0303ca,1
e10300aa 00008052 3f7c0029,406
94621b91 e103172a e00316aa e2830191 833240f9,1
cf01c0da df0100f1 f1031c2a 920940f9,15
0000018b 98621b91 000f01f9,1
41030491 62832991 20008052 212440f9,3
ff0008eb 2a011f5a 5f050071,5
3f03166b 130080d2 3f040071,1
61040051 21787cd3 21c00191,64275
44846292 69ec7cd3 fd030091 2600098b f35301a9,2
5b1b7f92 7c8299d2 5abb7ff2 bca1baf2 c90300f0,2
7b040011 f7220091 63040091 c66877f8,14
f30300aa 14008052 f55b02a9,1
e003072a f8031c2a 55df40f9,4
a00000f0 01403991 050080d2 0400a452 030080d2 02008052 a04700f9,1
e70319aa f7031aaa f90318aa fa031caa f603142a eacb40b9,239
8f010eea f001c0da 4a7e4093 1e030d8b 7f0d00f1 63050091 c20740f9,13
e6c30391 e3028012 e50f8012 e62f00f9,201
020400d1 4220c19a 621600f9,8
9c6300d1 2003000b 00040051 1f00036b,33033
860400f0 070787d2 e0031aaa 7a02078b c8b847f9,1
1f000071 9402002a e003142a f35341a9,1
f90304aa 1b03178b 42001e32 e26b00b9,500196
041080d2 210202d1 15fe0091 fe956692 b5e67a92 c0030eaa 120215cb b7020291 3600128b 605e00a9,15
800600f0 01278052 016000b9,1
60fe60d3 7f0e1071 f603132a 8b03088b 1504008b 007b6078,264
611c4092 40040090 00400391 42001a8b 1978a1b8,500847
e4030091 c20000b0 436443f9,12
bf4300d1 e003162a fd7b41a9,201
01fb7fd3 fa078052 230400d1 e4018052 10008092 5103004b c5018052 3f02046b 1203108b 3f02056b c80f0051 2a390051 0722c89a f600128a c626c89a cb040012 6c090a0b 8c0200b9,1
21fc82cb 200c008b 000003cb 605a00f9,4
e00600b0 17200b91 e0c30291 e03700f9,1
03202591 e60315aa e5630391 e4230391 63800091 e00313aa 47008052,4
000c0091 420c0091 00f47e92 42f47e92 0000028b 00300091 2100008b 2000078b 1f0005eb,1
ff830291 7f1240f1 050088d2 0600eed2 f6031aaa 7f0206eb,4
21040012 21040051 3f040071,250
070080d2 a6620891 f76304a9,201
9402000b 20040091 a0bf00f9,2720
7f781e72 7f280071 bfcb0239,201
627f4093 e0031aaa 01048052 a3bb00b9,4
80230b91 00000591 000040b9,500000
f50300aa f60301aa 001440f9,4113
f503022a e2000312 b3bf40f9,4
00001cd1 53060090 61623a91 200c00f9,1
76bc5ed3 75fc5ed3 f76303a9,4
24180011 3f2400f1 33080091,6
f6030391 c30080d2 e503142a e10303aa 22008052 e00316aa e40200b0 84002191,201
8300c0da e403032a c400c0da 1c088052 9c031a4b 7f00046b 9f03046b 737f4093,14
f30315aa 9802158b 820640f9,34
f30300aa e00313aa f35341a9,610
61008052 e00300b2 9f8209a9,1
20007592 81621b91 203400f9,1
a2070090 e10313aa 40008052 42d446f9,1
ffc30091 fc03002a 1f040031,47
fc03032a 9947238b cf0e198b e11540b9,2
fb0301aa a3cc7492 e10342f9,1
83040051 2228c21a 6100010a 42040071,13947722
03018052 42018052 140080d2 40070090 41070090 00800291 21e00191 7f020071 29c86338,605
e46324cb 25ec7c92 ff6324eb,2718
ae85def2 cf6fcff2 2e0aebf2 af80e2f2 1c3e0e9b 7c0600f9,1
61ba8952 410ca272 007ca19b 00fc66d3 a20100a9,1000686
ed00198b 2e0080d2 b00500d1 f19766b2 730740f9,14
b50600f0 b5220b91 23008052 e00314aa 42018052 010080d2 a39a00b9,1
ff030891 f40300aa c81e184e a006c03d,2
8ef97fd3 ef078052 d00500d1 f1018052 c9018052 e201124b 850500d1 5f00116b 03008092 5f00096b 860c0051 ea380051 6b20c69a 6c01058a 8d25c69a ae050012 cf090a0b 104c2f8b f1030f2a 123a40f9,15
e20300aa 00040091 3ff40071,436
f90305aa ffc300d1 fa03062a fc03072a 000080d2 a15f00f9,4
820100b0 21008052 fd030091 f30b00f9,1
6112028b 42040091 600000f0 630080d2 00400491 200c00a9,1
210500d0 fd030091 f55b02a9,12
86cc258b 6702068b 678018f8,4
65023d91 a6800291 c40000f9,1
620700f0 fd030091 42e847f9,464
21400091 45d800b2 67d800b2,12
070080d2 26018052 a82f0ba9,242
01008052 e0630191 e38b04a9,12
b75a7392 e2de6692 419014aa 3ae86e92 43030eaa 230b00f9,1
a03c1a91 00ec7c92 ad810191 fd7bc1a8,1
c90300b0 2bc11b91 161c0012 5f010beb,14
e503022a 401d8052 0600024b a74c0091 c800058b 89820291 9c0e078b 360d088b ca021ccb 4b2100d1 6cfd43d3 8d050091 ae0940f2,4
81fb7fd3 e0078052 270400d1 e8018052 09008092 0200134b cb018052 5f00086b 8a03098b 5f000b6b ac0e0051 ae390051 2f21cc9a f0010a8a 1126cc9a 32060012 430a0e0b e36f00b9,1
0e008052 0c008052 0a008052 08008052 0b0080d2 07008052 17008052 160080d2 bb0440f9,1
41070090 43070090 02018052 170080d2 216840f9,402
01408152 4200010a 5f00016b,4113
73ee7c92 b70700d0 637e0453 e08243f9,8378600
1e7f83d2 6b021e8b 7f0100f9,1
210002ab e60300aa 7f161071 a83740f9,1
eeff9dd2 2f430291 b40240f9,1
42040091 c6cc328b 6a02068b 8a8501f8,1
43a8316e 683c084e ce0500f1,652
e203002a 5f7c0071 fd030091 f35301a9,1
60fa7fd3 f9078052 040400d1 01008092 6602018b 2703054b e80c0051 e9140051 2a20c89a 4b01068a 6c25c89a 8d050012 b909090b,4
e40300aa e10314aa e303052a 22004039,387
03048052 070080d2 fd030091 441440a9,1
a0220091 03008052 020080d2,1
740300d0 e1e30091 946a47f9,3
21200091 5f0003eb f70600d1 a52000d1 3f03176b,6
fc0300aa a00000f0 a00f09a9,1
e20300aa e30000d0 fd030091 f76303a9,1
e10300aa f40300aa 030880d2 e00315aa 02348dd2,1
00380012 5f03006b 9c43218b,8
00380012 7f02006b 2140228b 20084079,32
e303192a e1031a2a e00313aa,500172
7f0202eb e10316aa d602028b 740202cb,4112
f201110b c17b1f53 3f500071,4
00e80051 61040091 001c0012 1f040071,29
81070090 fd030091 215047f9,7000923
f60317aa f70300aa 60324eb9,1
427c4093 072000d1 00008012 200000b9,8000000
ad0300d0 ab0400f0 ae9947f9,1
f30317aa a0820191 17008052 00fc44f9,1
f30300aa 39230091 e00319aa,75
20018052 a1230191 020080d2,4
f7020012 a500172a e0031baa 02cc5fb8,1328
e9f87fd3 ea078052 2b0500d1 ec0400d1 0e008092 4f010d4b f00d0051 d121d09a 32020c8a 5726d09a fe060012 c10b0f0b 224c0051,1
a1060051 c0ff8352 3f00006b,1
428000d1 6300c0da 7f0040f2 4004438b f30300aa 130080d2 946e47f9,2
560300b0 d5622191 466c47f9,201
1c008012 bf030091 e0031c2a f35341a9,43
a10900d0 a00900d0 21200c91 00400c91 3f0000eb,1
400100f0 00601b91 00e840f9,4
f50304aa f603062a f76305a9,258
b100108b 32aa6b92 5f020ceb 3f0301eb,1
f40300aa 200080d2 420440f9,201
4e027392 04f06e92 4f027292 83001eaa e00313aa ea6f40f9,14
f70a0091 f702138b e03e0091 01bc7092 00ec7c92 e16321cb ff6321eb,2718
631c0012 fd030091 f55b02a9,4
020500d0 e30313aa 05008052 24008052 41f446f9,1
e87c7d93 6902088b 891200f9,1
420600f0 fd030091 420047f9,40711
02040091 e3430091 e10314aa e00303aa,4
a2070090 e10313aa 40018052 42f846f9,1
350200f0 b5822e91 940215cb f603002a f76303a9,1
7f061071 a1001e32 00380012 01038052 971a02f9,242
540100f0 86621b91 f55b02a9,47
200080f9 2400028b 0500028b 5f8000f1,70612
0a00138b 9f0204eb 090c40f9,6
e20a0012 1f00166b 785a34fc,1
e70309aa e6030b2a e5031b2a e40314aa e2031aaa e1031caa e00319aa,14
e2230391 6ccd7492 e6c30291 8d010aaa e5a30291 aef97392 391f4092 f20240f9,14
024888d2 e201a0f2 03008092 770640f9,500000
410700f0 40000090 00001991 210047f9,1
decd2a8b 61021e8b 61001df8,4
bf0209eb 680007ca 887825f8,14
000080d2 880280d2 1f0440b1,1
f40300aa 13008052 005040f9,8000003
800000d0 00a00291 810000d0 21a00291 3f0000eb,1
f8000090 e50000d0 001307f9,1
36010090 22010090 21010090 c0f247f9,1
a20300b0 fd030091 f55b02a9,1
9e420391 04008012 e1031aaa 050080d2 000080d2 c30740b9,1
800000f0 00e02091 e05f00f9,4
881580d2 0000154a e10600b0 34200b91,1
e1f99ed2 616abcf2 034888d2 a174d3f2 e301a0f2 8118e4f2 e41f40f9,40705
00f87e92 a1ff9fd2 e1ffaff2 1f0001eb,127
428000d1 6300c0da 7f0040f2 4004438b e00313aa,3
fa03132a 600000b0 00a01091 fb3700f9,12
000180d2 840cc0da 000c448b f80300aa a04f40f9,2718
54050090 13008052 816a47f9,1
7f030071 01000052 a0d300b9,4
d30400b0 14600291 626a47f9,2
d50400b0 f603032a f76305a9,14
200100b0 00800b91 210100b0 21800b91 210000cb 22fc7fd3 410c818b ff0781eb 21fc4193,1
fb3f0291 3e008052 ff030039,4
ea0400f0 eb06178b 4cad47f9,602
1e0087d2 77021e8b 0b1687d2 6c020b8b ffa20239,1
c20700f0 a375bf52 2100032a 010000b9,223
9b021f12 a0030891 a1048052 241740a9,910
94220b91 80b20191 01fc5f88,200
360900b0 f50300aa fb7305a9,2714
79832991 210018cb 21001a8b 210040b2 234744f9,1
e203142a 0020c19a 0400f892 41040011 df0200eb,8
e403002a 007c7dd3 000004cb e3000090 65202691 a00c008b 050840b9,19
6e017392 6f017192 f75340f9,14
220002aa 00040011 02088052 4200034b 4000004b 2128c09a 217c4093 2020c09a 0b00229e 609640f9,4
8424c39a c720c89a 840007aa 247925f8,2930
ff830291 fb0300aa 87031a8b e6420091 ed0440f9,10
e903002a e203142a e10315aa 60820a91 2b1d0072 23008052,32
00001ccb 410100d0 a06f00f9,43
e20700b0 fd030091 f76303a9,1
610300f0 040087d2 fd030091 225841f9,1
e0070090 c20700f0 00200c91 42e01c91 000002cb e20202cb 1f0002eb,6
4248aaf2 2248caf2 22ebebf2 3f0002eb,1
e20316aa e1031aaa e00313aa,14
e4c201aa 8b0009aa ebfc9fc8,14
a30020d1 a5e017d1 64fc40f9,689
d20300f0 fe03342a d703160b 80060011 582246fd,1
f70307aa f80303aa f96b05a9,15
f403002a b30900b0 60e23891 02fc5f88,1
bb764cd3 600e1b8b 0b0040f9,1
b60300f0 f50301aa fb7305a9,2
c60cc0da 420cc0da 630cc0da 4220cb9a 6320cb9a 42fc78d3 40e043cb 000080d2 f35341a9,4
820700f0 42000491 604600d1 452840f9,51444
39030052 1fc00071 73060011 39008052 9f03136b,5438
847c0513 0122c11a 52060091 84ca248b 896048b9,435691
211c4092 42040090 42400391 4178a1b8,500621
734200d1 940600d1 a320d41a 637c4093 e10319aa e0031aaa 000400d1 21400091 7f0000ea,2
d302108b e00313aa d402118b,4
8000054b 09038052 a0621b91 ab010e8a 140080d2 e930299b 6b0141b2 0d0440b9,4
000180d2 840cc0da 000c448b e40300aa e303002a bfeb00b9,686
400100b0 e1430391 e15300a9,4
59030090 15008052 39a32191 040080d2 fb2b00f9,1
2200028b 6300a59b 420004cb 5f0003eb,2
04f07dd3 07008092 e420c49a 84c001b2 420024aa 650024aa 1f007df2,30
f303002a e003132a f35341a9,20215
1f0000f1 23fe9f52 000080d2,3
7f000071 050700f0 040700f0 a5803e91 84203f91 e30300aa e00301aa 5f280071,223
c603030b 87410191 09220091,1
060000b0 050000b0 c6001b91 a5c03691 040000b0 84603b91 22010090 010000b0 42203091 21201f91 400100b0 00400f91 66e807f9,1
0300028b 03107e1e 0518426d,16
800000d0 00c00291 00200091,1
340500b0 e7030291 866e47f9,406
ad050011 e503172a f7520011 b60240b9,5
010080d2 01050090 21f047f9,1
480012aa 1cf97392 61a20091 e30240f9,14
f40300aa c1060091 f76303a9,1
001f0091 e70318cb 0000148b 69820191 0a0700d1 0000078a e04300f9,3
940900d0 b30900b0 826e47f9,3999999
03f87fd3 e4078052 660400d1 07008092 8900084b 2a0d0051 eb20ca9a 6c01058a 8d25ca9a ae050012 cf09090b f0550051 114e0091 32f27dd3,20
e10317aa 070082d2 060080d2 040080d2 039183d2 e302038b fb9b00b9,11
23aa9c52 d00500d1 88030512 ee030ecb 07008052 180080d2 c90080d2 326aae72 39008052 828eac72 838eac72,4
e40300aa e00303aa 01144038,2720
84000491 42000891 046823f8,1
59007f92 3800138b f40301aa 060740f9,457
110f178b 59060051 3e1240f9,602
01078052 fac30091 0008a19b e10302aa 1f0002eb,4
200000cb 840cc0da 05200091 000c448b 01400091 22bc7092 21ec7c92 e26322cb ff6322eb,4
bf030091 e00319aa f35341a9,1
fa0309aa e1031caa 00008052 f86f00b9,10
04fc4cd3 850400d1 bf0400f1,11
e50314aa 060080d2 a10440f9,1
f30300aa e10314aa e00313aa,1
424025cb 64400091 21787dd3 630c40b9,6
f30301aa f40300aa e00301aa,2
e603002a df1c0072 e0820891,4
000180d2 840cc0da 000c448b 400700f9,1
e10313aa e0031baa d5431caa 750200f9,2
f50302aa d60240b2 330080d2 a30640f9,3
f60300aa 200080d2 0320c29a 7f0004eb 750200d0 b4030090 85220f91 460100f0 b58247f9,1
ff2003d5 e1031eaa fd7bc4a8,1
440400d1 08088052 0801034b 07200091 257864f8,2718
10100091 327a1f53 5f520071,1
f60300aa d538a872 009740b9,1
427c4093 637c4093 847c4093 c81b80d2 1f0440b1,19
780300d0 000880d2 18633091 790640f9,4
03008052 82018052 7f0600f9,1
790300b0 7a0300b0 39630c91 5aa30d91 fb7305a9,1
8400008b a500008b 230400d1 e00301cb 6300048b 6300008a bf0003eb 9f0003eb,4
961c0072 661e0013 a60e0039,1
e20316aa e10307aa e00317aa,2000000
f80313aa f30316aa 73060091 f6031caa,35
f90305aa f60303aa f76305a9,14
f7020012 a500172a a1b340b9,3
21040051 008000d1 3f040031,212
1f2001f1 400000b0 00002191,2
227c4093 e10300aa 600040f9,2
c0800051 0a1c0012 5f690171,16
94fe0091 f5078052 9ee67a92 bc02124b 81d30011 b6e58fd2 f72990d2 b692a9f2 f7ecbef2 700640f9,3
e1031baa e00315aa 32ce7492 420640d1,1
c20e1c8b 05050051 5e0c40f9,2
030600f0 fd030091 f35301a9,1
ec7b0391 e10317aa 840440f9,10
733e4092 ff6333cb 7f0210f1 ff0300f9,2718
e00400f0 00c00191 e10400f0 21c00191 3f0000eb,1
bf1c0072 f30302aa f55b02a9,4
f40304aa b91c0012 faa20091 61865ed3 62866292 24ec7cd3 4703048b 486b64f8,2
60060091 7f00176b 0000168b,500848
e4df0191 e3db0191 e1031caa 000080d2,1
000180d2 840cc0da 000c448b b6264078,1
03400051 e1fb8f52 7f00016b,16
e003004b 13008012 a06a21b8,201
f50300aa 014000d1 1f0301eb,382
000180d2 840cc0da 000c448b 13040091 e00313aa,203
e403002a e203142a e10315aa 60c20191 8b1c0072 23008052,32
a27e7dd3 c00102cb c10d17cb,4
a4fc64d3 62fc64d3 9f0002eb ca001f5a 270440f9,5
21008052 fd030091 f55b02a9,4
730200cb 9402008b 7f0200f1,683
1f0000f1 6000002a a09700b9,6
b3e30291 f40300aa f55b02a9,1
213c4092 ff6321cb 3f0010f1 ff0300f9,2728
dc060090 80230b91 01d00191 03a440b9,500172
c50000f0 e70300aa a3a00b91 040080d2 620040f9,1
41b97f92 bf0640f1 ab0600d1,2
a20600f0 42200691 fd7bbba9,1
930100b0 74820191 f51300f9,1
8dfd70d3 0e0500d0 d6620191 d7f547f9,1
a4000acb 848442d3 8404048b 040d048b 860c4079,2281
4103f8d2 4100018b a50200b0 a0e01691 23cc6dd3 24fc7493 63240091 212c4c92 410001cb 8400621e 62ec7cd3 a1dc42fd,16
000180d2 840cc0da 000c448b 18040091 e00318aa,1
020100f0 010280d2 fd030091 f35301a9,1
420400b1 0480448b 6000048b,21745
8102018b 214000d1 350c40f9,64275
fb0300aa d70400b0 f7d246f9,1
a1090090 23008052 fd030091 21001a91 e203032a,1
e62f8052 47101e72 4200060a,270
005c0091 97070090 f78646f9,7000922
810700d0 21802991 9f0201eb 220340b2 610a01aa 210040b2 a10600f9,383767
60080091 e30301aa e10300aa 401c4038,2
f40300aa b3060090 73021291 617e5fc8,2
e3030090 fd030091 f55b02a9,1
3202108a 44020dcb 9c02048b df031ceb,15
c300018b e200028b 640800b9,32
01068052 ea030091 017ca19b 22bc7092 e26322cb ff6322eb,4
9b0700f0 60832991 7f0200eb,3
c20202aa a50040b2 420019aa 820600f9,34
e40300aa 014000d1 00805ff8,376172
070001ca eac300b2 ff0840f2,739
ea03002a 5f1d0072 e0c21d91,4
e10314aa e00313aa f35341a9,1
20010090 00601b91 0d0041f9,1
335c0091 f40300aa f76303a9,8378991
800700b0 00802991 41084092 ff0200eb 210003aa 8002038b 820080d2 210019aa 810600f9,1
ef0300aa 18008052 b60300f0 b70300f0 e30140f9,1
d40500b0 f30300aa 826a47f9,678
6e0300d0 ec230491 fb7305a9,1
01000090 21b00191 1f7c02a9,1372
a122d81a 217c4093 3f001cea,2
e9058012 e80f8012 fd030091 f30b00f9,6
a70400b0 8afd43d3 df0640f1 f4e847f9,2
07f87fd3 e8078052 ea0400d1 ec018052 0d008092 0b01004b 4f020d8b 7f010c6b ce018052 7f010e6b 100f0051 323a0051 3e0080d2 a221d09a 49000f8a 2125d09a 24040012 8308120b 647c0653 c523c39a e60305cb 87f07dd3 f8c21a91 086b67f8,15
fc031a2a f8031a2a ea3b40f9,12
f30300aa f40313aa 731640f9,201
961c0012 f50300aa f76303a9,4
410800b0 40080090 21200c91 00e01c91 210000cb a00200cb 3f0000eb,1
020088d2 e17f40b2 00008012 82060aa9,201
fc0319aa f90318aa f80315aa 400000d0 00d02691 a03300f9,6
0f020d8b ef010e8a afb400a9,8
e10300aa e00316aa f60240b9,1
f80300aa 00200091 f96b04a9,60650
a40020d1 fd030091 f35301a9,268
41020090 35800691 e20316aa e10315aa e00317aa,1
430a00b0 fd030091 639047f9,1
b80400b0 f70300aa 086b47f9,2
df600171 e1030baa e2030e2a e0030daa aa9300b9,223
0805088b 210100f0 21e02991 1b0c088b 9f0201eb 580440f9,8
054888d2 9b030291 e501a0f2 e0031baa 417f059b,1
e00313aa 681980d2 1f0440b1,202
500d068b f601118b 3600168b 121240b9,128
200c014e 0400028b 5f0002f1,898
fb03032a 8400c0da 1c088052 9c031a4b 9f03046b 1b008052 130080d2,1451
020080d2 e1e30091 20008052 f51300f9,1
bf0400f1 fd030091 f35301a9,10150
1fd00071 42040a12 5f006071 a6e740b9,45
f60b98cb 18ff4293 1600160b a11240b9,2718
a0030491 210100f0 a03b00f9,1
41001e32 5f007ff2 ffff04a9,1500196
c60cc0da 420cc0da 630cc0da 4220cb9a 6320cb9a 42fc78d3 40e043cb 20008052 f35341a9,20
f70304aa f80306aa fb7307a9,14
f803162a f60319aa f9031b2a fbb340b9,4
84000ccb e703072a 8100018a e43f99d2 4473a7f2 212c079b 2124ca9a 3f0004eb,1041393
bf0011eb 8400188b 250440b9,4
a60900b0 e40302aa fd030091 c36c47f9,2
810220d1 137c4093 200041b9,201
070087d2 5f0007eb b402148b df0207eb 9f0640f1 4c010b0a,2
e30303cb 00008052 430000f9,721
e20316aa e1031baa e00313aa,62
7bfa7fd3 7e0700d1 fc078052 9a03194b 02008092 540f0051 7b02028b 41170051 4320d49a 60001b8a 0524d49a a6040012 d508010b bfae0371,3
2010008b 01fc58d3 210c7c92 000001ca e10300aa 216c4092 2008c29a 0084029b 00f47ed3 e25f40f9,4
410100f0 21800191 4008028b 00f47ed3 000002cb 207860f8,8
77060051 b80300f0 1e9b47f9,13
42040091 c6cc3e8b 6102068b 818501f8,1
2208018b 25010090 a5800191 04000090 42f47ed3 410001cb 82603891 a17861f8,1
82621b91 a3820191 420041f9,1
ff63218b 000500f0 020c47f9,1
a3030090 610200d0 02028052 21c03f91 602447f9,1
e10300aa 9c230091 9f0316eb,4
f40301aa e1030090 f55b02a9,3
80070090 00802991 f40300aa 173040f9,8002436
ed03002a e20301aa 1f3c0071,40711
070500f0 c80300f0 03008052 01212291 e07c47f9,1
940800f0 960800d0 94220c91 d6e21c91 5c6f40f9,687
9a230291 010080d2 e0031aaa,1
01008052 00400091 9f0200f9,1
f9630591 b7030090 f7021791 00040011 bc030090 bb030090 ba030090 007c4093,1
73820191 1a0080d2 fc0313aa 160080d2 18008092 77f647f9,1
d502158b 73060011 b40640f9,1
e00314aa e40313aa 03000090 42008052 63601b91 218c40b9,499996
c60cc0da 420cc0da 630cc0da 4220cb9a 6320cb9a 42fc78d3 40e043cb 7b0f40f9,4
61020090 03008052 fd030091 21601691 02008012 f35301a9,39
f70300aa 180800d1 63024079,1
aee58fd2 ef2990d2 ae92a9f2 efecbef2 700640f9,1
0100669e 26fc7fd3 25f874d3 660000b9,2718
03402591 e50315aa 4a7c4093 8b0600d1 000080d2 683440f9,1007
0000b012 0000144b a3bb40b9,4
ca0008ea 4c01c0da e5030d2a aa7c4093 4c19048b 800500d1 1f1c03f1,1
42040090 fd030091 f30b00f9,200
940300f0 94e21291 e00600b0 15200b91 a00641b9,1
f603012a a212028b 42c017d1 b5021cd1 20008052 a0421039,1
d40600b0 94220b91 f55b02a9,4
a60004aa c60cc0da 420cc0da 630cc0da 4220cb9a 6320cb9a 42fc78d3 40e043cb 000080d2 f35341a9,1
c0000090 18e00391 e00318aa 81008052,1
73060011 623e0012 826b2178,11
1a000090 1f0400f1 5a032191 17008052,5
78f27dd3 e30300aa a37a33f8,2714
213c44d3 420000b0 3f0434f1 41002691 e20300aa 226b37f8,1
bf030091 e0031c2a f35341a9,4
1f0000f1 fd030091 f35301a9,608
e20315aa e10314aa e00319aa,1
64c40051 841c0012 9f200071,2000002
f203002a 5f1e0072 e0821991,4
7f230f71 00798052 1f00046b,2720
61c40051 00008012 211c0012 3f200071,3999283
d70700d0 d80700b0 f7220c91 18e31c91 f70218cb f35301a9,268
841c4092 4011009b b3044039,2013
a40700f0 e00700b0 e1fffff0 020080d2 840447f9,1
1400140b 60c2348b 22f05f38,16
44ce218b 6002048b 600017f8,4
892c0091 e10304cb 6300098b 290740b9,4
f7230191 030380d2 e20317aa e103002a e00780d2,1
81040091 23008052 a10400f9,1
c10000cb 4210018b a18740b9,1
c73c0091 e34c7092 3801044b e46323cb 430040f9,4
c6cf2b8b 6402068b 64801ef8,4
060400d1 a5e58fd2 e42990d2 a592a9f2 c70446aa e4ecbef2 b24a40f9,2
f60300aa 014000d1 00805ff8,457
9f0000f1 e2c30291 e10305aa 007c4093 030180d2 c81080d2 1f0440b1,4
7612138b b712168b f27660f9,1
e10316aa e20313aa e00314aa,3
9a010090 40630291 780100d0 000840f9,1
08008092 0825c79a 420008aa 630008aa,69
400a0090 63001cd1 e2e30191 002c47f9,1
54060090 80623a91 13800091 00800191 f55b02a9,1
29050091 84e00091 9f0109eb,4
066c83d2 0700068b 086e83d2 69030090 0000088b 21013291 ff7c00a9,1
e00304aa 63c00011 c3f61f38,1
430400d1 e10302cb 6300148b 630001ea,3
1f0000f1 e2020012 476f47f9,8002742
878eac72 0000038b 44001a79,1
c1220091 400000b0 22008052 00800191,1
3f040071 fd030091 f35301a9,2
60fe52d3 67fe46d3 1f0800f1 410080d2 e2c00011 6dfe49d3 61fe4fd3 6efe4cd3 05f00111 c4b90111 e00301aa f96b04a9,375349
e00313aa 280780d2 1f0440b1,201
7902148b 010080d2 e00319aa,1
600c8092 080780d2 1f0440b1,50
e40300aa e303012a 9f0800b9,268
e703002a ff1c0072 e0c20c91,4
60010090 07601b91 600340f9,4
f30300aa f40301aa e00400f0 00f047f9,2
2020c09a e50300aa e10306aa e00304aa,1
80010090 b7000090 f35301a9,1
340080d2 14b0a4f2 410040f9,1
e40300aa a1fe0091 824e40f9,1
a0040090 01000791 20fcdf88,1
150100b0 b5820191 f35301a9,1
80230091 21008052 010000b9,8002802
2ae895d2 09050091 0af4bef2 ca18c2f2 3f010aeb,1
a0200091 c1000a91 03008052 42008052 a40200f9,1
d6f27d92 e10313aa e00314aa,8002436
6300c0da 428000d1 4004438b bf4701b9,24
800000d0 00002991 e05700f9,258
034888d2 e301a0f2 612640f9,500000
f50301aa 49000191 a20400d0 240080d2 0b80a0d2 4a4847f9,128
e203022a fd030091 f51300f9,202
b5fe0091 f6078052 bbe67a92 c102084b 3ad00011 f86b40f9,1
630000cb f50301aa f40302aa c00200cb 7f0000eb,1
d702184b df021aeb f702130b,6
f1030090 e503162a e403152a e20313aa 21f646f9,2
6123da1a 5a070051 f702012a 5f070031 000c028b 59641a53 39070251 00805ff8,1467
00040051 a4820191 a5cb40b9,1
f50301aa f603032a df020071 80781f12 84000032 75d203a9,224
030080d2 000080d2 f30b00f9,1
b50500f0 f60301aa a36a47f9,4
4100038b 5903038b 3f0000eb,4
5500038b 62008052 e10315aa 050080d2 04008012 000080d2 43048052,3
027c4093 240600b0 840847f9,1
e10313aa e003162a 14338dd2,1
800900b0 03402591 a1064039,402
03008052 fd030091 f35301a9,500001
f40300aa f30303aa f55b02a9,223
630cc0da a50cc0da 7f0005eb f96b44a9,3
b89999f2 000080d2 57787bf8,250000
f70302aa 820500b0 fb7305a9,6
98623a91 05430091 a3fc9f88,1
21633191 e0031aaa 03008052 62018052,1
000400d1 21400091 7f0000ea,9
610300b0 e00314aa 21e00d91,1
f50301aa 161c4091 e203142a e10315aa 23008052 e00313aa,1
020080d2 e00300f0 a22e40fd,12
740300d0 f30300aa 826a47f9,406
960500b0 f50300aa d6c247f9,5999284
a0641253 f303002a 6e0007cb 660a208b 0f7cac9b a37973b8,128
a10200d0 03008052 fd030091 f30b00f9,1
0000044b 73060011 1300130b 3f0002eb,1
794600d1 0f0080d2 6003188b 39ff44d3 000440f9,388180
740500f0 f30300aa 826a47f9,8000002
f70302aa f803032a f96b04a9,4
59010090 00040012 1f080071,245
65620391 81040091 f96b44a9,1
d502158b 42018052 010080d2 73060011 a00640f9,1
210004cb 2100058b 4100018b 017823f8,1568
e2031baa e30314aa e04309fc,201
42040091 c6cc298b 6e02068b 8e8501f8,1
e103042a e0031caa e46f00b9,200
a0764cd3 400e008b 040040f9,1
830000d0 820000d0 60f800b9,1
ad0400b0 fc031a2a a34547f9,2
f50305aa a5fc3f91 f76306a9,1
f50302aa 22090090 f76303a9,2720
64ffff90 63200091 84000391 3f0400f9,1
a5ea7bd3 a20015cb 831240f9,1
f30300aa 39a31291 e1031caa 1900198b 731600f9,6
6a420091 6b821091 cea900a9,1
ae0400b0 8f0400d1 b00400b0 d1e947f9,2
d6820191 9312138b c00e48f9,2
00c01591 e4e30091 e22700f9,1
e70400d1 000001cb ff0400b1,8666
a2070090 e10313aa e0018052 42c047f9,1
43a8316e 643c084e 423c084e 433c184e 5f0000f1 200000cb 420cc0da 05200091 000c448b e10313aa e20300aa e00314aa f35341a9,1
42040091 21400091 7f0000ea 4200048b 22801ef8,12
d90700b0 da070090 39230c91 5ae31c91 39031acb fb7305a9,1
13040051 f9031aaa a04340f9,2718
0e0c4092 03ec7c92 2c3440a9,4913
aa0400d0 eb03182a eb3b00f9,12
030080d2 f50301aa e10316aa ff4f00b9,8000002
8003180b 410318cb 00001a4b 3f0013ab,16411
14030090 f30300aa 84c646f9,1
33010090 64820191 f40300aa f55b02a9,1
54040091 8127c09a 00040091 6120c09a e10301cb 3f001cea,7
fc0300aa fb0315aa f96b04a9,20013
e5031b2a e30315aa e20314aa e10313aa e00317aa 040080d2,2
f30300aa 75865ed3 f8630191 17846292 e00318aa b5ee7cd3,1
f0fd70d3 d10400f0 32f647f9,1215
e203132a e3a30191 f37300b9,1000196
d72600d1 1c0080d2 00e05f38,29
070080d2 080280d2 870e078b 43008052 130480d2 f50840f9,391
d6060091 bf02166b 00040051 804b03b9,7
820500d0 fd030091 42c047f9,2000000
b40600f0 94220b91 d502158b 7c0300b0 9cc30f91 73060011 e0031caa,1
f503022a 761c0012 c2018052 03008052,3
f70303aa 00001d32 60320d39,6
73e23891 e003142a 810900f0 21401a91,1
60f87fd3 e50c038b 433040f9,51444
881580d2 007c4093 000015ca,1
f50300aa 200500f0 f35301a9,201
760300d0 f50303aa c56a47f9,3
8ef97f92 6f1d4092 d0010faa d0fe9fc8,1
f4000090 81621b91 620440f9,1
1fc00071 1fd40071 a68340f9,567
61ec7cd3 6403018b 07040091 786b21f8,2
d40400b0 f30301aa 836a47f9,1
39030bcb e10319aa a94700f9,4
40028052 02000090 fd030091 f30b00f9,1
60cc3ecb 3f00026b 130040f9,593
26008052 9ffe3ff1 66000039,13
7803188b 22fb7fd3 000740f9,1
800200d0 8fd20f91 30008052 83a20191 06ac47f9,1
32ce21cb 1f02026b 590240f9,2
340800d0 f30300aa 816e47f9,1
a60004aa c60cc0da 420cc0da 630cc0da 4220cb9a 6320cb9a 42fc78d3 40e043cb 800f4079,3
d40700d0 80e20191 b5021cd1 011040f9,1
41f87fd3 e5078052 230400d1 e4018052 ca018052 a800064b c90640d1 1f01046b 07008092 1f010a6b 6c0d0051 ae390051 e10316aa ef20cc9a f001098a 1126cc9a 32060012 530a0e2b,14
b30400d0 f40301aa 676a47f9,1
26040091 00040091 a4c00051 841c0012 9f240071,4
ff430491 e40300aa a82f4ba9,242
c0c00051 04008052 1f240071,2720
41fc42d3 240400d1 9f0003eb,2718
f80301aa f70303aa 486847f9,14
32021c8a 28027392 5f2a40f1,1
a60004aa 27207d92 e7207dd2 028440f8,227
f8230391 590000f0 20c30b91 e03f00f9,5
c10700f0 22008052 c00700f0 00002591 223009b9,1
0000012a 00000a2a a0eb40b9,223
e50600b0 040080d2 030080d2 210080d2 a06401f9,1
f3030090 f40301aa 636e47f9,201
068080d2 a5830691 e10314aa e20315aa b4400091 e00316aa a4d30291 a3e30291 bfb700b9,201
a0e22991 b5e22991 21001e32 449403a9,1
810700d0 21802991 f7021c91 9f0201eb a302138b 833200f9,1986
f60300aa e10317aa e20314aa,5999283
d80400b0 f70301aa 64ca47f9,14
f70315aa 160080d2 b30240f9,1
07008092 437c4093 410700f9,2
140400d1 f30301aa 940201cb 94f27d92 94220091 9402018b 608640f8,1
a0000090 00001b91 a03300f9,4
211c0012 03ec7c92 0000803d,452
1c000090 cffb9f52 9c330991 22e00191 21600391 1b008052 0d008052 0a008052 0e008052 43c86038,3629
e302038b 5a030491 442700f9,1
f70313aa f6058052 810340f9,1
04f687d2 0503048b ba000191 e53f00f9,14
627cc59b 7f2400f1 42fc43d3 4408028b 640404cb e30302aa 22686438,606
630700f0 620700f0 fd030091 84070090 635047f9,1
b8222591 03230091 02430091 f35301a9,1
e10319aa e2031aaa e54300f9,2
670008aa e9f47192 24008052 4c2d4092 30010eaa eb0640f9,14
410800b0 40080090 21200c91 00e01c91 210000cb 800200cb 3f0000eb,678
0200d8d2 e20ae8f2 4000679e 29192f1e,4
e00317aa 22008052 030740f9,34
fb0301aa 550100d0 a1222591 60010090 fa0306aa 007c40f9,4
6c010aaa 843506aa 8df87192 f02d4092 ae0172b2 1a021aaa 2e4a00a9,1
f30305aa f40302aa f55b02a9,250
014888d2 e101a0f2 b502019b,1
6300018a 840400d1 6300098b 6300048b 6300018a 7f0000eb,4
bf030091 e0031baa f35341a9,4
025380d2 fd030091 f35301a9,1
22e895d2 83040091 02f4bef2 c218c2f2 7f0002eb,1
4200034b 8400020b 42040011 2128c49a 2000004b 4220c51a 0000020b e103002a c05040b9,16000000
6c054091 0d00eed2 9f010deb,14
e003012a 00001cca ff0740eb,512
f30300aa c00500f0 00dc46f9,1
e30303cb 631c274e a51c304e 841c274e c61c304e 63bc244e a5bc264e 63bc234e a5bc254e 6a3c084e 63f87fd3 08008092 ab3c084e 0525c39a,1
e00314aa e30315aa e10313aa,15
f60300aa e103152a 200780d2,1
c0060090 00200b91 f55b42a9,499996
63080011 e20316aa c3c0238b 634a00f9,2
01d49052 42068052 2100a072 9ffe03a9,1
f60302aa f50303aa f76303a9,2
027c4093 e10315aa 605240f9,500001
47000acb 48d800b2 450003ca,851
25f87fd3 e4078052 a60400d1 e3018052 280400d1 8900074b 0a008092 3f01036b cb018052 3f010b6b 8d0d0051 cf390051 5021cd9a 1102088a 3226cd9a 53060012 770a0f0b fe3a0091 f30317aa f80317aa c0f37dd3 e10315aa 8002008b,14
62cc7492 4330138b 6a846292 66845ed3 cbec7cd3 8c020b8b 8d6a6bf8,5
f30300aa 3f380071 f51300f9,8000006
a0621b91 d602174b ae2740f9,4
340600f0 87623a91 f5230291 f9400091 160080d2 78ff47f9,1
078083d2 2800078b fd030091 f35301a9,1
0f0500d0 110500d0 f13b00f9,1
e30300aa e00302aa fd030091 f35301a9,1
1e0600d1 0000f292 df0300eb,4
0d8083d2 6e020d8b c00100b9,1
20001bcb 210013cb 420c008b 42805ff8,14
e30303cb 631c274e 841c274e a51c304e c61c304e 711ca54e 921ca64e 63f87fd3 31be324e 05008092 31be324e a324c39a 253e084e,83
e3031c2a 84001bcb a48b00f9,1451
711ca54e 921ca64e 311eb24e 31bef14e 233e084e 631c274e 841c274e a51c304e c61c304e 711ca54e 921ca64e 31be324e 31be324e 233e084e 428000d1 6300c0da 7f0040f2 4004438b f30300aa 60074039,27
65007392 6cf16e92 71007292 920110aa ef6340b9,14
a2070090 e10313aa 80018052 422447f9,1
610a1051 25008052 3f781e72,242
ecc300b2 02ec7c92 080c40f2,88
810280d2 34008052 007c019b 0000629e,8
c90e1a8b 0a040051 271140f9,2
03000090 63a02c91 84008052 e10313aa 020080d2 00048052 e32b00f9,1
f30302aa 7f0640f1 a26a47f9,4
a9764cd3 400d098b 0b0040f9,602
a1280091 21f47ed3 4003008b 22040091 e11708a9,2
e20316aa e10314aa e00315aa,6
e7040011 c6e00091 ff540071,903
400600d0 00c01391 a07b00f9,909
f8630391 f9230391 e6f348a9,258
bfc300d1 e003142a fd7b43a9,910
e30317aa 20fe9f52 e40314aa 650c4079,14
f50300aa e00400f0 00f047f9,602
b685def2 d76fcff2 360aebf2 b780e2f2 1a5e169b 7a0600f9,3
240d028b c624c39a 860000f9,2930
234c7092 217c7c92 e36323cb ff6323eb,1
cb040090 cc0500d1 6de947f9,11
1f8040f1 4100a0d2 22010090 530100b0 a1c241f9,1
657c4092 63fc60d3 a47c089b 677c089b 261d059b 637c099b 0540248b c480448b 66000b8b ff0004eb a580048b 1f0005eb 457922f8,21745
070080d2 06008052 041440a9,1
220002aa 00040011 02088052 4200034b 4000004b 2128c09a 217c4093 2020c09a e50300aa e10306aa e00304aa,29200756
000100d0 00800191 01707f39,1
961c0012 4aec7cd3 2b000a8b e4846292 751c0012 f80305aa 21686af8,29
210500b0 f30300aa 23e846f9,1
8404048b 7b0c048b 2100038b e27b40f9,1
c0e22991 5b630291 39008052 b6030ca9,1
62400091 6014008b 004000d1 5f0000eb,4
428000d1 6300c0da 7f0040f2 4004438b f30300aa 60074039,35
e60302aa fd030091 f35301a9,1
b5220b91 561f8052 a09a40f9,678
c60cc0da 420cc0da 630cc0da 4220cb9a 6320cb9a 42fc78d3 40e043cb 7f02186b,1
a60004aa c60cc0da 420cc0da 630cc0da 4220cb9a 6320cb9a 42fc78d3 40e043cb 7b0f40f9,7
ac2d7dd3 8e010f8b d6fddfc8,4
42001112 c300018b 040540b9,20
f3430091 26008052 60620091 7f0200b9,1
f80300aa f70301aa 80fc5f88,2
01d898d2 63a20491 a105a0f2 400180d2 7f8200b9,4
05cd7492 a90010aa 21010e8a 2082813c,1
c500c0da df0000f1 0a7d4093 7f0500f1 cb0f40f9,13
d60600d0 c0220b91 f92300f9,1
45100091 48140091 49180091 4a1c0091 4b200091 c0cc248b 42240091 6602008b 660000f9,4
20010090 00601b91 ab5f40f9,1
01fc3fd1 0200eed2 e50300aa 3f0002eb,43
e40301aa e30302aa e10300aa e20304aa 600c8092 c80980d2 1f0440b1,1
e303182a e20319aa e10314aa e00315aa,6
7b3f50d3 32be4092 54021baa d4fe9fc8,1
82c9a8f2 4220c0f2 2200e0f2 1f0002eb,4
970ac29a f7d2029b 970217cb c102178b e00315aa e20314aa,1
0b000bcb 0000198b 6b0300f9,4
faa30191 7902188b e0031aaa d80600d1 022080d2 01008052,29
980000f0 00a32191 621341b8,4
f70300aa e3cc7492 9f0001eb,29
c600050b 37110091 e7a00091 f60040b9,2
63020191 ecff9f92 eabf9fd2 e9df9fd2 e8e89fd2 67c79fd2 050580d2 84fb9f92 0c00b2f2 0b00b212 eaffadf2 e9ffadf2 e8ffadf2 e7ffadf2 06078052 0500aef2 0400b2f2,1
2100038b 21000d8b ff0001eb,2
3f0000f1 40040090 00400391 1878a1b8,500622
f5430091 e00200b0 b40a4091 00c01591 0101a052 b4d307a9,1
0e008052 2a008052 21e00191 20c86038,16
e10319aa e20315aa e30313aa e00313aa 040881d2,1
74298bd2 f54788d2 d410a7f2 f6cf92d2 d4bad8f2 810500b0 1a0080d2 00008052 b48de6f2 f501a0f2 1613a0f2 ff6f00b9,6
b30900d0 e3a30091 e11700f9,2
fa0300aa 1b0080d2 620a40f9,250000
8d040090 8e040090 f05340b2 60040011 2f008052 1f1c0371 ef9b0139,1
bba30391 e10319aa e2031baa e40318aa 23230f91 070080d2 06008052 05008052 a00000f0 00a02d91,1
94fe4393 130080d2 a37a73f8,1
e10300aa 030880d2 e00316aa 6c050b8b 6d090c8b a2ed7cd3,1
612240d1 e00313aa 347c3cf9,1
03008012 bf030091 e003032a f35341a9,4
f803002a 750214cb f70304aa e00314aa e20315aa f96b04a9,1
e503062a c7040011 2a0080d2 a8040091 4b21c79a ec030bcb 0bfd46d3 6df17dd3 0e7b6bf8,13
440100b0 e1030191 60008052 420400d1 85b801f9,1
3a00008b 80021a8b 9902038b f76303a9,12
6cfd70d3 6d0200f0 39630191 aef547f9,1
c2fe3fd1 0000eed2 5f0000eb,14
000c0091 21200091 610000f9,1
73744cd3 d50f138b bf0200f1 d50000f9,29
461f7892 4e7f7092 cf001bca d0010fca 312547f9,1
f40301aa f30302aa 413840f9,6
e12f8052 4100010a 5f101e72,2
0f0500b0 f403152a d8020791 f0f547f9,605
a20600b0 42001291 417c5fc8,609
000180d2 840cc0da 000c448b fa0300aa 5f0700f1,2
1f000071 800b0051 a1db40b9,223
000180d2 840cc0da 000c448b f30300aa e10316aa e31f80d2 96058052 627e4093 e0270191 f6230139,30
c2070c2a c001122a 376e1c53 4300002a e50e102a 33040051 6400052a df4a01b9,1
81c082d2 950500d0 1f0001ea,2000723
03781f53 7f200031 637c0113,5
7faf0071 a1008052 e0008052 400300b9,2000000
e20313aa e303152a e00316aa 04008052 010080d2,3
e20315aa e10314aa 800e178b,4
a60004aa c60cc0da 420cc0da 630cc0da 4220cb9a 6320cb9a 42fc78d3 40e043cb 731e40f9,9
e103016b 00cc248b 23140012 e10317aa,2541
f803012a 24008052 e56a47f9,1
e503042a a0600891 827a60b8,4416
42040011 6200024b 8300020b 2128c39a 1f00016b 200080d2 4200040b 0020c29a a000008b fd7bc1a8,13947739
00f840ca 3fdc04f1 0004029b 607821f8,310
0e0400d1 f70300aa df0d00b1,1
f60300aa 200080d2 e20640f9,201
2100048a 4027c09a 617861f8,1248
53010090 f40301aa f55b02a9,6
62030191 e5ff9f92 edbf9fd2 f0df9fd2 efe89fd2 6ec79fd2 0b0580d2 87fb9f92 0500b2f2 0a00b212 edffadf2 f0ffadf2 efffadf2 eeffadf2 0c078052 0b00aef2 0700b2f2,4
730500f0 eac30391 eb830491 736a47f9,2
000180d2 840cc0da 000c448b 600a00f9,1
3f020beb 07021f5a ff040031,1
f40305aa f30301aa f55b02a9,10150
6d008052 050080d2 9f020071 04008012 830540b9,1
690320d1 8802088b a10a40f9,7939367
810900b0 23402591 633c40f9,3
b5020491 44f87fd3 a53240f9,14628411
ab7a8ad2 6d8299d2 4b28a2f2 de0493d2 2b72cff2 ada1baf2 6bf8f0f2 7e43b5f2 ee2647f9,1
f7031b2a 7a02158b 8027db9a 7b070091,7
f30300aa a00300f0 f55b05a9,43
83c00051 661c0012 a2c00051 df240071 461c0012,230
c10700d0 c00700b0 21200c91 00e01c91 210000cb 800200cb 3f0000eb,1
3a7c4092 400100b0 02800191 e07f40b2 e06700f9,258
4113008b e00302aa 43008152 451340f9,4
f30300aa 807e7b93 f51300f9,1
118383d2 62030090 6002118b 41203191 03008052 62028052,1
760216cb e1fc3f91 d3fe3f91 8bfa43f9,20
12fe46d3 de21d09a 287972f8,14
010488d2 03328dd2 7a02018b 7c02038b e0031aaa,1
e20300aa fd030091 f30b00f9,1
18040011 e0031aaa 1b7f7d93 e1031baa,10
b8430491 e20318aa e1ffffd0 1f000071 21c02b91 e0ffffd0 00200d91 a31301b9,1
23200f91 e2031baa e40318aa 00002e91 05008052,1
08228052 0a0c88d2 0c0488d2 097fa89b 2b010a8b 2d010c8b 9a020b8b 93020d8b e0031aaa,1
e00600b0 15200b91 a0d640b9,1
930500d0 e1a30091 736a47f9,40705
86000191 08008052 4300c0da 5f0000f1 2e7d4093 0f0080d2,562
e00315aa 03008052 42008052 016e84d2 6102018b,1
a1220b91 20b00191 e39b45a9,678
f403002a 580400b0 190080d2 18a33491,6
000180d2 840cc0da 000c448b e30313aa 81070091 f30303aa 20008052,4
a1230391 a2830391 a14700f9,6
f40300aa e20317aa e103192a e00318aa,1
e003072a e003182a f35341a9,1
6002118b 03008052 a2018052 609a1ffd,1
e503002a e203142a e10315aa 60820391 ab1c0072 23008052,32
220002aa 00040011 02088052 4200034b 4000004b 2128c09a 217c4093 2020c09a e01c00f9,13947723
01fc43d3 20040051 3903028b 3b4f208b 610340f9,4
003c4092 ff6320cb 1f0010f1 ff0300f9,2726
69030191 04008052 4101c0da 5f0100f1 077c4093 190080d2,14
f903042a f50300aa 340400d1 f3e30191 e00313aa 040080d2 030080d2 02008012 01009052,201
a100028b 83080012 7f080071,196
f8030caa 4413048b a5081e53 452ac51a a50c0012 852800b9,8
a2222591 c1ee7cd3 e00319aa 420c40f9,43
130c138b 21040051 f55b42a9,6624750
01008052 e00313aa 00c00b91,1
042c4092 e8c300b2 9fc03ff1,3740
6b12138b aa120b8b 574960f9,8
6300148b 62820191 e0622891 63f47ed3 610014cb 44f444f9,6
e50300d0 fb030291 e1031baa a0c01f91 020082d2,1
0000b012 0000144b a3eb40b9,682
f40301aa 0101a052 f51300f9,1
e903002a 3f1d0072 e0421591,4
f50300aa 006e83d2 f71b00f9,1
2003000a 94060091 df02146b,500000
f30300aa e20314aa e10316aa 0000158b,1000346
e40302aa fd030091 f35301a9,1
627e4093 e10318aa e00315aa,4
b27a8ad2 fe6f92d2 5228a2f2 bee8a4f2 3272cff2 7ea8d5f2 72f8f0f2 be9ee9f2 688299d2 d90493d2 e07e129b a8a1baf2 647f129b 7943b5f2 3900c0f2 a79991d2 a7aabdf2 0984c093 e7fad5f2 8b84c493 27eafff2 638a9dd2 2a7d1e9b a350a3f2 6c7d1e9b c33fd7f2 4d0108ca c399f8f2 950108ca ae01088b b001198b af02088b b102198b c2854eca 058650ca e6854fca 328651ca 5e7c079b a17c079b c87c079b 407e079b c7875eca 248441ca d20300b0 198548ca 098440ca eb7c039b 8c7c039b 2a7f039b 237d039b 6d854bca 8e854cca 55854aca b0010e8b 6f8443ca b1020f8b 021e7dd3 450030cb 261e7dd3 5e2647f9,14
a1830391 e00314aa 42018052 b46b00f9,201
e5090090 04040051 230080d2 e10302aa a58c43f9,2
63040091 00e00091 9f0003eb,3
04f687d2 60030090 03008052 01c03191 e2018052 6002048b,1
427c4093 072000d1 fd7bbfa9,4
4af07dd3 69fc60d3 687c4092 e20302cb 21000a8b 2b00c0d2 0a000a8b 000080d2 237862f8,19031
a2070090 e10313aa 00028052 424447f9,1
640000d0 192080d2 9c403991 220080d2 20b980d2 1a0080d2 15028052,1
010000b0 21800e91 63d206f9,1
6e030090 6fe20091 70030090 11e787d2 c06146fd,1
0008039b 000001cb 602a00f9,500000
a2e58fd2 a292a9f2 a285def2 220aebf2 00f840ca 3fdc04f1 0004029b 607821f8,1
eb03002a 7f1d0072 e0022291 f7422691,4
610500f0 77060091 f702188b 21c047f9,500622
e003072a e00315aa fd7b42a9,13
168183d2 5aff4cd3 9402168b 817e5fc8,4
7f0204eb a300018b c200018b 21400091 1f0001eb 530000f9,15
94060091 bf0014eb b5420091,2
0004008b e403152a 4b0340f9,4
a20400d1 c6040091 4200018b 4208c19a 427c019b 4e0005cb 4100018b df0100eb 400000cb 603c02f9,2
011b80d2 fd030091 f71b00f9,201
0a3d4092 ff632acb 5f0110f1 ff0300f9,4
f7031baa f80319aa fb030caa f90307aa f48700f9,272
01008052 217c4093 05686138,4000004
682c7dd3 0501178b 437967f8,64
42008052 000c1412 1f104071 000b138b 73060091 012800b9,1
a5000eaa c70005aa e70cc0da 630cc0da 840cc0da 6320cc9a 8420cc9a 63fc78d3 60e044cb 660300b0 c7a047f9,1
b3220b91 561f8052 60ce40b9,678
e2031caa e00318aa e40313aa e10314aa 07008052 050082d2 030080d2,4
0e0f148b f0050051 d10d40f9,605
e00313aa 42040091 621600f9,200
200100b0 00800b91 210100b0 21800b91 3f0000eb,1
e10317cb 0203008b 5c00018a 0300198b 7b001ccb 810300eb,1
000180d2 840cc0da 000c448b f60300aa e00313aa c10277b2,32
fc430091 01040051 1b0080d2 3a008052 a13f00f9,2
b602178b 1f7c00f1 734600d1 c00640f9,7000922
63764cd3 100d038b 0b0240f9,2
850200b0 100080d2 1c008052 f5008092 b7fc47f9,4
f30300aa e403162a 430400b0 02008092 63803491 21008052,6
841c4092 4711079b b3044039,16
4200008b 4000018a 4200038b 4100018a 1f0001eb,6
090080d2 010080d2 2cfe9f52 0e9c41f9,1
f8a30291 f70302aa fb7305a9,1
61fb7fd3 a00e1b8b 8203018b a24300f9,11
e50313aa e00316aa 830000f0 820000f0 63002191 42402191 040080d2,1
217c0453 26040051 e403012a c6781f53 86ce268b c6c00191 c5045ff8,61109
d502158b 010080d2 42018052 73060011 a00640f9,1
b50700b0 a1020491 3f7000b9,1
a2090090 fd030091 422c47f9,1
a102018b a50600d1 21002091 e20315cb 3f0003eb 2100058b 2100028a e12300f9,1
e00e8052 0e0080d2 f96b04a9,12831
f70300aa 110488d2 851e40a9,128
ff0308d1 9f0440f1 fd7b00a9,2
0f8183d2 70020f8b 1f0200f9,1
fa031c2a e303182a e20319aa e10314aa e00315aa,7
fa0315cb 39400191 f35301a9,4
e0230191 e2130191 e31340f9,12
83001cd1 fd030091 f35301a9,1
127e199b 4086d293 1e7c189b c3031cca 62001c8b 6700178b 488442ca ea8447ca 057d169b 4b7d169b ac8445ca 6d854bca 847d159b a17d159b 9b8444ca 3c8441ca 69031c8b 261d7dd3 ce0029cb cfed7cd3 f0010191 fb01118b 1c02118b e0031caa,1
e50313aa e30318aa e20314aa e10315aa e0031caa e4031baa 060080d2,1
4401098b 84104092 848000d1 e40704cb c620c49a c624c49a c600c0da 638000d1 df0000f1 6004468b 13040091 d30200f9,1
1f0019eb 9c0700d0 9a820191 9c030491 800700d0 120080d2 00802991 e03700f9,388179
400100f0 00601b91 016842b9,4
557f7b93 6200158b 606875b8,1000172
620100d0 42801891 42a00091 067c7c93 4500068b 00040011 830440f9,3
02040011 01787cd3 20008052 457c0553 21800191 a6600891 447c0553 0020c21a 8102018b 827a66b8,385774
01ec7c92 214000d1 220cc23c,2
6020000b 3f000071 4020000b,4
06f587d2 6703068b e00307aa e75700f9,1
cf01c0da df0100f1 e503112a 12030b8b 9f0800f1 9e080091 490640f9,14
000100f0 00601b91 016842b9,6
2209e8d2 4000679e 6b192f1e,4
f30300aa 0000fc92 9f0200eb,2
940e098b e00314aa f35341a9,4
137c019b 5f0000f1 600700f0 005047f9,8002435
840005eb 050080d2 417c419b 21fc4793 21fc82cb 0004039b,40705
20018052 e10313aa a25700f9,1
200080d2 f40301aa 010880d2 c20640f9,2
00040090 fb430291 f4030291 006443fd,201
0008c05a 2000002a 600000b9,201
0bcd2a8b 6c020b8b 8c1e00f9,1
200000cb 840cc0da 05200091 000c448b 13040091 e00313aa,4
651ca54e 861ca64e b01ca64e 10bef04e 033e084e a51c274e c61c274e b0bc264e 10be304e 033e084e 6300c0da 428000d1 4004438b bf4701b9,886
007c4093 00080091 0000018b a04f00f9,2718
f90400d0 e10316aa f35301a9,1
02088052 4200034b a3040011 4200044b 001c40b9,16000000
9c621b91 7a0100f0 40230191 bfff0fa9,1
e003072a b60400d0 d12e47f9,1
02c880d2 01008052 40a30291,1
80030090 00e01291 210440f9,2
e1f99ed2 616abcf2 84220b91 a174d3f2 8118e4f2 850441b9,4
600200d0 a2030090 fd030091 00e047f9,1
e7200391 8600030b ff000deb e9520091,6
bf030091 e003132a f35341a9,1
990219cb 53f87fd3 e04f40b2 5f0000eb 42004491 760080d2 7ffa03f1 37008052,500848
e40303aa e30305aa 00008052 431000a9,129042
a2070090 e10313aa 00018052 428847f9,1
a10700b0 c30700f0 63801f91 000080d2 210447f9,1
400bc29a 00e8029b 3b7860b8,286
420001cb 20008052 53040091 3f0000f1 7400138b,59017
e20317aa e10316aa e003152a,5
a1800a9b a07c0b9b 2180c493 1f0001eb,8666
f30301aa f40302aa f55b02a9,1
13080091 73f67ed3 e00313aa,2718
200100d0 02601b91 000380d2 a06700f9,5
200100f0 00800191 832642f9,8
7f0001eb fd030091 f30b00f9,201
e303162a e20317aa e10314aa e00315aa f35341a9,3
e4fffff0 830100d0 84000091 63000891 c2000090 42a01191 81010090 e00316aa 64ce06f9,1
010080d2 fd030091 f35301a9,1693
6300c0da 428000d1 4004438b a0bf00f9,2947
940900f0 960900f0 991e47f9,1
00001cd1 88623a91 090d40f9,1
42f07dd3 0e008092 ce21c29a,1
417c7dd3 e3030091 213c0091 a33700f9,1
f7021c91 b5420091 e10a40b9,8374598
c00700d0 fd030091 f35301a9,1
640400f0 d62600d1 9be847f9,1
f30301aa f40300aa e11f8052,11
940400f0 82420391 1f0440f1 400400f9,1
8ecd298b 72020e8b 72801bf8,4
0000148b 7302148b b50214cb c01600f9,267
e203142a e10315aa 23008052 e00313aa,31
9004048b e10319aa 23008052 9108108b 42018052 1310118b 74e20091 7be20191 e00314aa,96
95010090 a4820191 69324eb9,1
970900f0 d80900b0 f70647f9,4
f60307aa fa0301aa fb7305a9,2
b5c20011 e003152a f35341a9,6355
ff830291 f60300aa 8a0300d0 6dca74f9,4
e2af88d2 82c9a8f2 4220c0f2 2260e0f2 1f0002eb,1
f30000b0 73c20591 740a40f9,7
0000028b 99621b91 200701f9,1
f30302aa e20301aa 010080d2,1
f60300aa f70301aa f96b04a9,1
e30301aa 020080d2 e103002a a82080d2 000080d2 1f0440b1,1
80060051 00040091 2014008b 3f0402b8,1
050280d2 e90305aa 060080d2 040080d2 080080d2 6c8541f8,1
eb031aaa 00001a32 60370d39,4
f50300aa bf0200f1 40040051 e81b00fd,8
a60004aa c60cc0da 420cc0da 630cc0da 4220cb9a 6320cb9a 42fc78d3 40e043cb 9fb70071,2
49fa7fd3 f8078052 210500d1 e4018052 03008092 0503024b 4702038b bf00046b c6018052 bf00066b 0a0d0051 6c390051 2d0080d2 6e20ca9a cf01078a f025ca9a 1c060012 910b0c0b 227e0653 b221d19a fe0312cb 40f07dd3 f8c21a91 096b60f8,28
7c010090 9c330791 e0031caa 14a30091 fc0316aa f60313aa f30318aa f80300aa 807a76b8,43
01d898d2 63c20491 a105a0f2 400180d2,4
3c4000d1 600b0091 7c021c8b 9f0a00f1 820740f9,1
014000d1 83070090 638446f9,15003356
000100f0 01601b91 216842b9,1
59040091 e103032a 9702198b 000080d2 e2088052,43
d40700f0 80e20191 d6021cd1 011040f9,1
a40700d0 e0070090 e1ffffd0 020080d2 840447f9,1
447f0113 e303172a e10318aa e00314aa c2420091,4
e1f99ed2 616abcf2 a174d3f2 8118e4f2 60e87bd3 417c419b 000003cb 21fc4793 6008008b 635640f9,4
1f000091 bf030091 f35341a9,2
940200cb 9f0215eb 9f5200f1,267
94020c8b 2dcd7492 7ecd7492 f1010d8b eb834239,15
e2f97fd3 e1078052 430400d1 e40180d2 f00500d1 3100054b 320080d2 3f0204eb e65340b2 1e0f00d1 4822de9a 0902088b ea0308cb 27010a8a eb00068b 6ca96b92 830240b9,1
630cc0da a50cc0da 7f0005eb 9c2300f1 7302158b 7f0219eb,5
017f83d2 0400018b 807c5fc8,1
619b86d2 024888d2 c1f6baf2 e201a0f2 41d0dbf2 6163e8f2 017c419b 21fc5293 21fc80cb 2080029b,20012
e00600b0 00200b91 00cc40b9,1
200080d2 541c88d2 0020c19a 140014ea,8000006
f40300aa f303012a c0020191 f71b00f9,1
ff430a91 fb0300aa ee5740f9,10
64846292 67845ed3 edec7cd3 0c030d8b 0a6b6df8,1
7c0e0091 1c081c8b e00316aa,2718
f50303aa f60304aa f96b04a9,10150
410100b0 430100b0 22008052 60bc01f9,1
a07a1f53 00040011 00f07dd3,4
df410071 9c001c0b 9f030071,223
01008092 00008052 614a00f9,679
e203152a e403132a 050080d2 43008052 000080d2,1
26c00191 841c0012 fd030091 f35301a9,4
e20304aa e1031caa e0031aaa a3db00b9,4
fb0300aa eb03162a 80020191 e02f09a9,11
e602038b 010080d2 5f7821b8,4
f503022a ac46228b 0a038052 2d0c0c8b 4b04aa9b 73410091 ae1140b9,5
4900c0da 5f0000f1 8a7c4093 7f0900f1 63090091 c60b40f9,13
0c038052 e403152a e10313aa e59f0191 b562ac9b e20318aa e00316aa a3420091,12
e00300f0 00201291 00487338,2
540700f0 f30300aa f55b02a9,66
0a0080d2 6d01068a 8e01068a f55b02a9,1
800700f0 00802991 9f0300eb,794
e403142a e303162a e20315aa 650f058b e0031aaa,241
16040011 e0031aaa d77e7d93 d47e4093 e10317aa,6
200000d0 00000591 e60300aa 7f161071 a83740f9,1
e10300aa c81a80d2 e20000b0 1f0001eb 40cc00f9,1
e10304aa e2230391 e35b40f9,2
21f07d92 3f4000f1 4400018b,438095
e1031caa f30300aa 3c040091 20008052 22044039,77
91028052 f201110b fe7840b9,2
00040051 00787cd3 00c00191 8002008b 01045ff8,375349
a0060051 47010090 00040091 e5800191 44010090 a5003b91 00ec7cd3 84e02991 66a21291 010080d2 7f0204eb a300018b c200018b 21400091 1f0001eb 530000f9,1
9f0215eb e10313aa e00319aa,2
000180d2 840cc0da 000c448b e10300aa e00313aa f30b40f9,2
a53c4092 ff6325cb bf0010f1 ff0300f9,2718
e30316aa e20314aa e00313aa a1030090 21000f91,1
410100f0 620380d2 533140f9,1
630cc0da a50cc0da 7f0005eb 000080d2 817a60f8,1
a4400091 8850288b 66008052 e00309aa e30309aa f96b04a9,20012
d402008b e10316aa 00008052 9f6a2338,8
24808052 0402a872 200c014e 02e87b92 900c044e 070080d2 031040f2 0786b04e,1
200300d0 010080d2 00e01291,500619
f403002a f30302aa 400a00b0 420a00b0 430a00d0 00d047f9,1
820500d0 010880d2 fd030091 42c047f9,721
428000d1 6300c0da 7f0040f2 4004438b e00314aa f35341a9,7
a3011e8b 670012cb e54340f9,15
069183d2 3600068b e30316aa e2030191 ff2300f9,1
210000cb e00304aa 2908ca9a 23850a9b 217d0b9b,8666
f60301aa 55000012 f76303a9,6
610100d0 00340091 201c03f9,1
a40400b0 a00600d1 88e847f9,2
227c4093 e10300aa 40201212 030080d2 00600a12 1f105071,48
63a30091 010080d2 1fbc0071 00781f53 607821b8,2
2f010e0b 117a1f53 3f520071,3
0241228b 4200038a 4240398b 4200068b 4200038a 0000028b 0200078b 5f0005eb,3
f30303aa f60302aa f50304aa a0040091 1f0440f1,20
0d4888d2 59030291 ed01a0f2 e00319aa 817f0d9b,1
d90600d1 36ff43d3 03050090 62e847f9,1
00008052 fd030091 f55b02a9,1
e40300aa e60301aa fd7bbfa9,29200757
00040091 64c40051 841c0012 9f200071,721
e20316aa e45f0191 e10313aa e00314aa 030880d2,4
140500d0 f30300aa f76303a9,1
e1031aaa e00315aa ff2b00f9,1
58f07d92 190080d2 600700f0 008446f9,457
210002cb 2103018b 610300f9,1
010080d2 58230291 e00318aa,1
e50317aa e40316aa 43030a8b e20314aa e1031aaa e00313aa,14
21008052 fd030091 f35301a9,4000005
af854dca d0854eca f17d029b 127e029b 378651ca 588652ca fe7e019b 007f019b c6875eca 038440ca c400038b 851c7dd3 a70024cb e2ec7cd3 41000191 57000a8b 38000a8b e00318aa,1
f303022a f40300aa f55b02a9,6
6c1f0c2a 8c2d002a ac5b0379,2720
0414048b 60620391 985c00a9,1
1b001f12 00008012 60c200b9,1
a0020191 210080d2 00ec7cd3,1
730200cb 9402008b 610640f9,804
94021091 60622991 640e05f9,1
e302038b 010080d2 62832991 1f000071 434404f9,2
7f0000eb 002000d1 81304d39,6
f706178b 50070011 92ca41b9,602
93050090 eac30391 eb830491 736a47f9,4
60c20191 64c21a91 e30300aa 7f8400f8,3
80621b91 a1820191 02f840f9,1
fc0300aa e00314cb 1f0013eb,15003772
f60302aa f50306aa 096847f9,43
e20301aa 63040011 8510018b 617c4093 e20301aa a00400f9,2
54040091 8127c09a 41080091 e20314aa f40301aa 00040091 6120c09a e10301cb 3f001cea,1
390800f0 3a0800d0 39230c91 5ae31c91 39031acb 160080d2,4
007c4093 e80780d2 1f0440b1,5
80ee7cd3 01bc7092 e16321cb ff6321eb,1
0000028b 82621b91 400801f9,1
b402148b e00304aa f51340f9,1
000400f1 2100188b 410401f8,4
ff430491 e10300aa a27740f9,2
21800191 c0040091 20f007f9,1
3f0000eb 8400058b 640401f8,1
967e139b 9700018b f96b04a9,1
a80e7cd3 09774cd3 6a02088b 0b876292 6c6a68f8,4
97040090 a50500b0 a6c03f91 84040090 f71247f9,1
600f084e c2cf7492 f04300f9,14
3f0000f1 f30300aa f55b02a9,463
810100d0 22008052 f35341a9,1
c10400b0 24600291 800c00f9,1
81070090 820700b0 fd030091 215047f9,1
030080d2 f40300aa 80008052 e15300b9,1
e3ff9fd2 21001cd1 224c42f9,2718
14000032 e203142a e003132a 41008052,1
a1820191 c2e22991 020c00f9,1
1d0080d2 1e0080d2 e50300aa e10340f9,1
637c4093 fd030091 f55b02a9,1000002
a0820191 25008052 84621b91 c3e22991 02907539,1
14001f12 420a0090 e06740b9,1
fc031aaa fa0317aa 1b483b8b f87300f9,272
44000012 400842d3 fb7305a9,2720
e2030c2a e403152a 0000078b 43028152 a62b08a9,4
f70314aa 420000cb 5ffc01f1,6
c30700f0 fd030091 609c04f9,1
e30300aa e20301aa 00008052 617040b9,1
0004022a 00080a2a a3a30691 000c012a a1db40b9,2720
55ef7cd3 a002008b 3a0000f9,1
f30300aa 020088d2 630c40f9,500001
f30000b0 74220691 f55b02a9,1
74fe60d3 7f0e1071 e903132a 8703178b 9406148b 140f148b,12
f30300aa 140500d0 000500d0 f55b02a9,1
66180011 7f2400f1 60080091,10
224dacf2 62acc5f2 828decf2 7f0002eb,1
19008052 05f687d2 6303058b 7c000191 e35f00f9,1
62010090 42601b91 630100b0 a36b00f9,4
617c4093 0200018b 42044039,2
23230091 20830091 631e00f9,6
04050090 f303142a f8020791 85f447f9,1
a0050090 01600591 fd7bbea9,1
a1c00051 211c0012 3f240071 e10306aa,4
e20301aa fd030091 f35301a9,1000346
42fc3f91 42cc7492 fd030091 f35301a9,3
4140661e 4200649e 230c511f 43187fd3 4000008b 65380091 633c0091 230c461f 267865fc,8
f50300aa f6e30091 806a47f9,1360
1a601b91 f9230291 e0522691 e03700f9,1
1a1c43d3 611c4092 40040090 00400391 42001a8b 1978a1b8,1
60030f8b 1e060011 d103190b 3f021c6b 72333fb9,1
89040090 4a0300d0 03008052 41211191 209147f9,1
fc0301aa 210100f0 e0031caa 354049b9,5
130100b0 74820191 f55b02a9,1
fa030291 f9031aaa f76303a9,201
f40302aa 0c228052 f76303a9,128
27207d92 e7207dd2 028440f8,338
000c0012 82008052 4020c01a 207000b9,1
e40314aa e20313aa e30316aa df010071 e00315aa 06008052 050080d2 010080d2,2
61121051 7f0a1071 813a44b9,11
ba0400b0 64fd43d3 a80400b0 45eb47f9,2
2000008b f60300aa 000040b9,1
21040091 f503022a 626b6138,162
540500b0 f30300aa 806a47f9,4000000
25800091 0014048b 1f0005eb e20305aa,1
981c0012 040087d2 5f0004eb,1
e10300aa 0200158b 23008052 e00313aa,1
b69991d2 758a9dd2 f76303a9,2
0c0888d2 ff632ccb fd7b00a9,500001
f30301aa f40300aa 210440f9,120
e703162a e603172a 081047f9,4
e10316aa e003152a 6300048b,4
e203172a 04008052 1f0c0071 e00313aa e303172a,1
e2230091 840100d0 84c841b9,1
21400091 00781f53 827a23b8,351
127e83d2 6a02128b 530100f9,1
21200091 5f0003eb c10042f9,10
43a8316e 643c084e 423c084e 433c184e 5f0000f1 200000cb 420cc0da 05200091 000c448b e10300aa e00313aa f30b40f9,1
711ca54e 921ca64e 311eb24e 31bef14e 233e084e 631c274e 841c274e a51c304e c61c304e 711ca54e 921ca64e 31be324e 31be324e 233e084e 428000d1 6300c0da 7f0040f2 4004438b e00314aa f35341a9,7
00600091 21008052 02fc5f88,2
61220091 200080d2 020080d2 840461b2 030180d2 e81080d2 e42f00f9,1
e6830391 e5630391 f8830039,1
140014cb 9302138b f55b42a9,1
f303002a f40301aa 420441f9,40711
3f7c00f1 fd030091 f35301a9,500622
fb0303aa 2300028b f50300aa 000c88d2 f96b04a9,12
20010090 38010090 00e02991 a03300f9,1
a2070090 e10313aa 20008052 425847f9,1
a10600b0 21001291 227c5fc8,602
0000eed2 f90302aa fa03032a f40304aa f50305aa ff0100eb,1
370500f0 00030012 fc230291 18031912 f7c247f9,201
00038052 e70315aa e603192a e403182a 2553a09b e3031b2a e04740f9,9
02c0601e 0002f092 0100679e 4020611e,2718
800000d0 00a00291 810000d0 21a00291 210000cb 22fc7fd3 410c818b ff0781eb 21fc4193,1
630cc0da a50cc0da 7f0005eb 946e47f9,33
f40300aa a2c30391 e103152a 00008052,4
01080051 200080d2 0020c29a 22830091 1fc021eb 267c4093,1
fb0302aa 620500b0 f55b03a9,201
e80847aa 23088052 a585def2 091148aa c46fcff2 250aebf2 a480e2f2 2a2149aa 4b414aaa 6c814baa 8d0500b1 ae01c0da 7100104b 5212059b 4126d19a 1f0001eb,2
f90316aa e70315aa f603182a ec0314aa f56b4da9,4
5f0000f1 00001c2a e04600b9,1
020600d0 fd030091 f76303a9,608
0200d8d2 020be8f2 4000679e 8c192f1e,4
2108441f 2200679e 101840fd,16
940900f0 f30300aa f50302aa f60301aa 801e47f9,1
71bc244e a51c304e c61c304e a5bc264e 31be314e a5bc254e 2a3e084e ab3c084e 631c274e 841c274e 63bc244e 63bc234e 6a3c084e 490500d1 29010aca 6b0109ea a5080091 c00445cb ff0000f1 1f0000f1 c2040090 c1040090 42c846f9,1
c10309ea 2400c0da f103052a 297e4093 2119028b 240400d1 9f1c03f1,13
b30600d0 f40300aa 626e47f9,1
e10318aa e00314aa 98ce41b9,2
6402048b 60800091 1f0004eb,1
009183d2 23008052 6102008b 22008052 e00315aa,1
340500d0 130080d2 f55b02a9,1360
630400f0 e75340b2 fd030091 669847f9,1
820003cb 634000d1 424401d1 600001ad,882
05068052 5f00016b 021000d1 1f001aeb,37
f9031caa 943e0012 fc0300aa b6c20091 77530091,201
e8000a0b 087d0113 007d7f93 00c0288b 800d008b 013440b9,38
c60cc0da 420cc0da 630cc0da 4220cb9a 6320cb9a 42fc78d3 40e043cb a0ba41f9,137
c20900b0 210080d2 010000f9,1
e10300aa 800700d0 002847f9,1
e1df8052 6100a072 1f00016b,1
82050090 012280d2 fd030091 42c047f9,201
2000008b 94060051 64060091 e10313aa 8400148b 23004039,1
7f081071 63fc60d3 5300138b 6104038b a50440f9,12
d60220d1 947e0453 810a0051 c30241b9,8002802
e103022a 230c031b 00008052 618e0629,8
f30300aa 9406148b cfca41b9,12
e10600d1 047cd89b 84fc43d3 8308048b 030403cb e00304aa 63c00011 c3f61f38,4000000
f8e30191 570b0091 f47f40b2 e10318aa e0031caa 02008052,201
40040051 600c008b 040040f9,1
040500b0 fd030091 836c47f9,1
77a8d5f2 9685cc93 b79ee9f2 d07e179b 11020dca 32020d8b 23021e8b 428652ca 648443ca 457c1a9b 817c1a9b a68445ca 208441ca c77c199b 087c199b e98447ca 0a8548ca 2b010a8b 6c1d7dd3 8d012bcb b6ed7cd3 d7020191 c001178b,1
63c00051 3f0800f1 440080d2 2a008052 637c4093,721
e10300aa e00313aa 340401f8,1
f40302aa f30301aa f55b02a9,29
417c419b 60e87bd3 000003cb 21fc4793 6008008b 21fc82cb 200c008b 805400f9,4
a302138b 840700f0 82802991 9f0202eb 620440f9,51444
e10300aa e00312aa 431840f9,1
e20318aa e1031baa e00313aa,8
e70316aa e50313aa e2031caa e10314aa e00318aa 060082d2 040080d2,4
a102014b 23008052 020080d2,1
0004004f 45fd64d3 bf0007eb 2080823c,1
e10318aa e00315aa 020280d2,16
c0050090 fd030091 016847f9,500000
e00301aa f80300aa df0200eb,5
ff4300d1 f40000f0 96420591 8daa40f9,4
c72c7dd3 e800058b 19fddfc8,1
6b023d91 6ca10291 880100f9,1
f503002a 401c0012 f76303a9,1
42f07d92 804000d1 1f0017eb 422000d1 5f5c00f1,8002436
820900f0 830080d2 941e47f9,1
410500b0 f6e30191 78f20291 21c047f9,8000002
a0030090 21008052 fd030091 00f446f9,1
200000cb 840cc0da 05200091 000c448b 01400091 02040091 20bc7092 21ec7c92 e06320cb ff6320eb,1
e4ff9f92 e9bf9fd2 ebdf9fd2 ece89fd2 6ac79fd2 070580d2 85fb9f92 e2830391 0400b2f2 0600b212 e9ffadf2 ebffadf2 ecffadf2 eaffadf2 08078052 0700aef2 0500b2f2,1
30e00191 21200791 10ca6038,2720
e00313aa 050180d2 c80280d2 1f0440b1,20013
81e20191 c00700b0 133042f9,1
c30700d0 63200c91 766e40f9,1
24f87fd3 e6078052 830400d1 e0018052 cb018052 c900074b aa0440d1 3f01006b 08008092 3f010b6b 8d0d0051 cf390051 e00305aa 1021cd9a 11020a8a 3226cd9a 42060012 41080f2b,43
e00315aa e40313aa e3fffff0 22008052 63a03791 218c40b9,500000
e2031caa e70316aa e50313aa 8302038b e10314aa e00318aa 7a064091 060082d2 040080d2 fe3f0239,4
00781f53 00040011 00f07dd3,1
ffc308d1 860100b0 450000b0 e8fffff0 a5400791 08410591 fd7b01a9,1
780e4091 1b3786d2 63021b8b 1fc30639,1
650216cb 800700b0 42084092 00802991 bf7c00f1,74
f9020191 e00319aa 8500158b e56300f9,43
b10400b0 92071c8b 21ae47f9,2
ff430a91 f50300aa bc0300b0 df0200f1 9cf346f9,1
000080d2 f30301aa 000087d2 df0200eb,4
e70301aa e60300aa e80302aa fd7bbfa9,16000000
f60300aa 550100b0 208440a9,1
e00313aa 022280d2 e11f8052,201
e00313aa e203162a e103152a,7
89623a91 2d810091 2a2d45a9,1
e803022a e7430491 e20304aa e4430491 e49f04a9,201
67fe46d3 6dfe49d3 e0c00011 e3031029,12831
146c0012 944e0812 01040412 0200a252 3f00026b,406
410000d0 21702691 a13b00f9,6
f50300aa 010d80d2 200080d2,8
e10314aa 60e20191 f35341a9,4
e20313aa e303182a e10314aa e00315aa,1
42040091 e30301aa 7f0205eb,5
1f000071 9402002a 60364d39,6
81048052 fd030091 f35301a9,14
e1000090 e203004b 00008012 22cc01b9,51
21c1221e 00c1221e 610300d0 625e40f9,4
fb030291 7c0300d0 f55b02a9,500000
20008052 61108152 fd030091 0020cd1a 1f00016a,40711
24bc7092 e0430091 a07f00f9,2718
620500d0 e10300aa e00319aa 42c047f9,447
52020090 01008052 40420591,1
050500d0 660600d1 a7e847f9,1
e00313aa e303192a e2430191 e61f05a9,201
d90700d0 da0700b0 39230c91 5ae31c91 39031acb 1c008052 80e20191 130800f9,1
73023d91 010180d2 e00313aa,1
550100b0 e1e30091 a0020e91,1
a4c9248b ec6b8152 aa639e52 e3030daa 841000d1 cc69b072 2a00a072 e7348852 66628112 0500b012 027c2c9b 42fc60d3 0200020b 427c1013 427c804b 40800a1b 427c061b 0008071b 1f000071 0100050b 604c00b8,1
ea03002a e203142a 60420c91 e10315aa 73020e91 4b1d0072 23008052,32
42040091 bf02026b c6cc2b8b 6402068b 848501f8,1
53f07dd3 e10314aa 732200d1 420400d1 e00314aa 430180d2 956a73f8,6261
022a8852 820aa972 7f00026b,1
6100018b e00303aa e20313aa,59017
6300168b 24078652 2110151b 205450d3 00c00011 40140038,1
020080d2 a00220d1 000041b9,1
e46324cb 21ec7c92 ff6324eb,2718
f70300aa 80000312 f96b04a9,6
b31e1c91 f40300aa 1300138b 02e280d2 01008052 730ad59a 737e159b 60021cd1,1
04fc4cd3 850400d1 77f446f9,1
020301cb e0031c2a 4103018b,4
a5a00b91 00008052 a510048b a10400f9,1
000001eb 010080d2 0018611e,1360
7306138b e20319aa e00316aa 01008052,1
a50006cb 0000068b a5040051 bf000071,2
e1031baa e20318aa 7b0274b2 1b0300f9,11
22230091 000080d2 01ec7cd3 00040091 a35740f9,1
1f001beb 21001c8b 41683cf8,51
f60302aa c20300b0 f76303a9,14
0300eed2 a8cc7492 02fd3fd1 5f0003eb,15
810700d0 21802991 f7021c91 9f0201eb 060040b2 55400091 e10a40b9,2397
c60cc0da 420cc0da 630cc0da 4220cb9a 6320cb9a 42fc78d3 40e043cb 9fb70071,2
b702178b f70240b2 583040f9,2
a10003cb e00303aa e2030c2a 050080d2 04008012 43068052 a6af08a9,2
567c7cd3 d542228b 8513158b a53700f9,4
c60cc0da 420cc0da 630cc0da 4220cb9a 6320cb9a 42fc78d3 40e043cb 730640f9,8
e20314aa e00313aa a1030090 21601291,1
e00313aa 020080d2 010080d2,1
7f0313eb 0000198b 206839f8,18389
f30303aa f40305aa 050080d2,12
06040011 bb0e068b 3b7801f9,1
24031acb c10100b0 21400591 217864b8,201
1a0f0091 f60318aa 808a42a9,2
e20317aa e1031baa e00313aa,1
f40300aa e00314aa f35341a9,500001
79030090 e0031caa 21633191 03008052 62018052,1
8b028052 0a198052 2c4947f9,1
e5a30391 e4830391 ed830039,14
9c0700d0 9a820191 9c030491 800700d0 120080d2 00802991 e03700f9,1
e00313aa 040080d2 050080d2 c81980d2 f30300aa 1f0440b1,500001
e00300cb 3f0101eb 00000a8a 4a0000cb 5f0007eb,2
3700178b 42018052 e10316aa e0031baa,1
e20300aa fd030091 008c40b9,1
0307188b 02008052 410740f9,4
f90304aa 1b03178b 600040b9,500000
93001a8a b602138b f40301aa f76303a9,4
044b85d2 e00315aa 6102048b 03008052 62008052,1
81641a53 20008052 21080051 810e018b 21800191,332
e10000d0 21000891 1f0001eb,1
e10300aa 000580d2 010f00f9,1
e0ffffb0 01000091 20684079,1
f50300aa f7021c91 e10a40b9,3
e50500b0 03040051 63040091 e20316aa a11040b9,1
21008052 000b138b 73060091 012800b9,7
967c4093 e000168b 00044039,4000000
420400d1 b5c20011 620e40f9,10056
18e30091 4214b79b 1f0302eb,16
f30f12cb 96121e8b 1c0080d2 f23f00f9,12
f40300aa f30302aa 004c40f9,500000
f40302aa f30300aa 420040f9,14
f40313aa 22001f32 75120291 823608b8,1
2114018b 2100288b 081c4038,2928
e2830091 03791f53 e41710a9,687
f30300aa 60e01c91 f55b02a9,1
d60220d1 20008052 e07f00b9,376120
fe01120b 01120091 43781f53 7f500071,1
84781f53 e3830091 e61f03a9,201
8b0900d0 e90301aa fd030091 626d47f9,1
a3030090 e203002a 60800f91,1
f30300aa f40301aa 200080d2 420440f9,2000000
2a01088b 194d0091 8b820291 750d0a8b 990e198b ac0219cb 8d2100d1 aefd43d3 cf050091 f00940f2,15
210010cb 2104018b 21f07dd3 210003d1 21fc43d3,12
03008052 010080d2 053042f9,1
620400f0 01008052 fd030091 42e447f9,1
e3008012 fd030091 f30b00f9,404
6100229e 2000229e 60f20191 2118221e 0018221e 4a19211e 0819201e 040000b9,678
140500f0 090500f0 0a0500f0 2b008052 94fe47f9,1
b9f47ed3 f703022a 2003058b f803032a f603042a 00f47ed3 000005cb 3b7860f8,12
428fa852 4f00271e 2800221e 0000229e 609640f9,4
fb0303aa d999f8f2 f76303a9,1
e00301aa fd030091 f35301a9,3
c60cc0da 420cc0da 630cc0da 4220cb9a 6320cb9a 42fc78d3 40e043cb 800f4079,17
8e75a0f2 98060091 b80200f9,1
25008052 fd030091 f35301a9,2
f80300aa 170080d2 f96b04a9,1010
00380012 7f02006b 60060011 010380d2,6
0300669e 2400669e 0240601e 62fc74d3 85fc74d3 40040051 e603022a 1ff41f71,8
6702158b a60500d0 8cfe43f9,20
f30300aa d40700b0 80620391 02fc5f88,4
a2070090 e10313aa 20028052 42cc47f9,1
ec7d0b9b f76f92d2 3e00c0f2 b7e8a4f2 ef3b00f9,1
f5230191 62060011 730a0011 e10315aa e00317aa b6ca2238,30
81220b91 f70301aa 21a440b9,4
ff027ff2 00080011 22380012 5f00006b,7
213c44d3 420000b0 3f0434f1 41002691 e60300aa 7f161071 a83740f9,1
24bc7092 e5430091 a58f00f9,2718
014000d1 81070090 21802991 3f0014eb,8002436
e20313aa e403172a 000080d2,1
e10300aa 00008052 614e00f9,2
1f040071 fd030091 f35301a9,1
f9430291 36008052 38fe47f9,1
410100b0 21601b91 fd030091 f55b02a9,1
420003cb 3903038b 200340f9,4
f50300aa 160100b0 c0820191 f35301a9,2
6300018b 20008052 448c02a9,1
6b6100d1 e142218b e00313aa,4
bf000071 e88c8052 0829c21a e803282a 4200040a 04010012 8400022a 7f0201eb,250
11ce7492 92ce7492 230640d1 6300128b 7e846292 60845ed3 0cec7cd3 62020c8b 616a6cf8,29
e5f99ed2 60e87bd3 656abcf2 000003cb a574d3f2 418fa852 8518e4f2 2200271e 6008008b 8200024b c57c459b e827036d,678
f60300aa e10314aa e00313aa,2
e00315aa 64cc7492 45cc7492 8200058b,1
f70304aa 7f000071 f96b04a9,47
46f87fd3 e9078052 c40400d1 e7018052 ce018052 2c010a4b 0d0540d1 9f01076b 0b008092 9f010e6b f00d0051 323a0051 ec0308aa 6321d09a 65000d8a a224d09a 49040012 2409122b,15
e303012a e10302aa 607c4093 080a80d2 1f0440b1,6
600a138b 610100b0 22800191 a16b00f9,4
e20304aa e1031caa e0031aaa a3eb00b9,682
c00600b0 14200b91 80020591 fb7305a9,500000
e60300aa 73060011 800241f9,7
64744cd3 430d048b 7f0000f1 030300f9,27
c80007aa 400000cb 002000d1 e70306aa 002000d1 e70cc0da 000c4d8b 1f0001eb 3903008b 7f0219eb,26
69fb7fd3 ea078052 2b0500d1 cc2600d1 0e008092 4f010d4b f00d0051 f1150051 d221d09a 5c020c8a 9e27d09a c3070012 6208110b,3
f50301aa f80300aa e40306aa e30305aa e20317aa e10314aa e00316aa,1
f30303aa 427c4093 210080d2 430180d2 755a00a9,8
050080d2 f40300aa f96b04a9,2720
010080d2 a37a8ad2 e66f92d2 4328a2f2 a6e8a4f2 2372cff2 66a8d5f2 63f8f0f2 a69ee9f2 648299d2 c50493d2 c77e039b a4a1baf2 6543b5f2 a29991d2 2500c0f2 a2aabdf2 e2fad5f2 e984c793 22eafff2 618a9dd2 a150a3f2 c80300f0 2b7d069b c13fd7f2 c199f8f2 6c0104ca 8d01048b 8e01058b 0a2547f9,1
f50300aa e2c30091 600040f9,2
7f000071 21fc0011 217c0613 21100011 217c7d93 213c0091 20bc7092 24ec7c92 e06320cb ff6320eb,2718
620c028b 00040011 454040f9,6624850
a4060011 f50304aa bf4024eb,96
ba9991d2 798a9dd2 baaabdf2 b950a3f2 fafad5f2 d93fd7f2 f35301a9,1
e5fffff0 e7fffff0 e8fffff0 a2c02d91 e1002391 00411c91 860000b9,1
f30300aa 80000491 62420091 f55b02a9,268
52040091 5e080091 410c0091 247a62b8,4
440a00b0 fd030091 849047f9,1
69764cd3 cf0c098b e70140f9,128
c0e22991 03008052 02008052 84781d12 24903539,1
5248461f 4708671e 4628651e 4000501f 5144531f 5008671e a338661e e7c0621f 1146521f c528701e 6328621e 4208701e c638651e 8328631e 0002511f c628701e 6328671e 6328661e 420c401f a028621e 2308601e a538601e 208c601f 6200669e a228621e 44f874d3 2000421f 81240f51 3ff80071,8
080001ca ebc300b2 1f0940f2 0e084092,1
8b0400d1 9f0000f1 6b010c8a 643b02f9,1
5f0000f1 fd030091 f55b02a9,683
a0430691 a2030691 a1830691 a0c300f9,2720
000100f0 01800191 821a40f9,12
e003072a e00316aa f35341a9,1
0200b012 4200144b 1fc022eb,3629
e2030caa e10303aa e0031aaa ac7f00f9,223
e00316aa 17008052 130080d2,8
640800f0 610800f0 a30800b0 a0630791 840447f9,687
fa0302aa e90014cb 630240f9,15
213c44d3 200000f0 3f0434f1 01001591 200000f0 00000491 e60300aa 7f161071 a83740f9,1
020100b0 42800191 43fc47f9,1
5e2e7dd3 c403178b 81fcdfc8,64
e4008012 3f980071 fd030091 f35301a9,406
f90300aa e1060051 2003158b 350080d2 a18300b9,1
a10400b0 20008052 21000691,1
430c018b 63200091 900100b0 10820191 000240f9,1
25fe46d3 03c01a91 220080d2 4920cf9a 647865f8,15
01ec7cd3 00040091 a35740f9,7
92cd2e8b 7e02128b 7e8015f8,4
2100a0d2 3f0000eb 7f2240f1,2718
e0031caa 42c00091 a4820191 e80308cb 16008052 070080d2 060080d2 8c8eac72 8b8eac72 2a0080d2,1
6bf17dd3 4a01088b 2925cb9a ce114a8b 630009aa 850009aa,87
040082d2 e63f0391 e53b0391 e3031aaa e1031baa e00313aa 020080d2,1
020080d2 fd030091 f35301a9,2
03ec7cd3 e5078052 660400d1 930400d1 270080d2 a900084b 780200f0 2a7d4093 4b0d00d1 10ff47f9,1
22008052 01030372 f9024039,6
02781f53 5f200031 427c0113,1
602c7dd3 0500168b b6fcdfc8,1
e30314aa e20318aa e10317aa e00319aa,457
010100d0 22800191 40707f39,1
c30700b0 fd030091 f35301a9,1
600c8092 030080d2 e80980d2 1f0440b1,8
24fc52d3 9f0800f1 84f00111,1
480005aa ae2d4092 04cc7492 1c0111aa 8300148b c50106aa 7c0f00a9,14
617f6ed3 7faf0371 fb031b2a 02dc6692 460001aa 660000f9,1
410a00b0 600a0090 00a00191 21bc47f9,1
85040051 a5781f53 85ce258b a5c00191 a9045ff8,374495
e00600b0 00200b91 00a040b9,1
1f0000f1 e2020012 000440f9,60
e20300aa c81a80d2 01050090 1f0002eb 213447f9,4
e30303cb a51ca34e c61ca44e a51c274e c61c274e 63f87fd3 b0bc264e 05008092 10be304e a324c39a 053e084e,3653
1700178b 9700178b f902198b 030017cb 2603068a d700038b fa0317aa 990700d0 e00317aa 39af46f9,1
846c0111 85040051 a5781f53 85ce258b a5c00191 a9045ff8,87
43040011 42040091 bf00026b,2
b50400f0 f60303aa f35303a9,4
003c44d3 210000d0 1f0434f1 21400591 200000d0 00003691 e60300aa 7f161071 a83740f9,1
f40300aa d6ce7492 f76303a9,14
00008052 620100d0 42801891 830440f9,1
80060011 a2018052 41018052 39070091 62ca3438,16
f30300aa f403022a f55b02a9,1
23040011 21040091 5f00016b,4000726
ea530091 e1030aaa e00309aa,1
6ace7492 0d010c8b 7501158b ae010acb 95fa03f9,20
e7fa7fd3 e8078052 e90400d1 ca008052 ec0600d1 0d010b4b ae008052 bf010a6b 19008092 bf010e6b f00d0051 32160051 3b23d09a 7c030c8a 9e27d09a c3070012 7708120b ff9e0071 e2048052 049f0051 9316048b 61620b91 227c5fc8,4
4bcd28cb 3f01016b 760140f9,1
007c4093 280780d2 1f0440b1,6
631c4092 6110018b e3164039,4
210200b0 03008052 21200991 22028052,1
06212691 07008052 c6a00091 c0004039,43
e00319aa 58f56e92 980300f9,14
e20315aa e41f0391 e1630391 e0031caa 05008052 03018052,4
f40300aa 9402188b bf0e0071,500622
6302018b 00f87fd3 632000d1 62620091 410441f8,1
7b0300b0 757e7d93 d4da73f8,1
f50300aa 3aeafff2 fb7305a9,1
5f9c00f1 63600391 277a72b8,4
e50304aa 22000012 67801fb8,1000172
f30300aa f40301aa 000380d2,200
0020c29a a004808b fd7bc1a8,1
c60cc0da 420cc0da 630cc0da 4220cb9a 6320cb9a 42fc78d3 40e043cb 731e40f9,2
030080d2 e00314aa a1220291 b6020291,2
217c4093 280380d2 1f0440b1,406
810600b0 21a00191 f30300aa 21e00091 010000f9,201
e30301cb 282c0091 e70100cb,1
e00313aa e1ffffd0 21803e91,201
0cf587d2 0d030c8b e0030daa ed3b00f9,14
030003cb 010001cb 8a00221e 604600f9,678
4b01c0da 5f0100f1 ae7d4093 0f651a53 d0010f8b 3e0080d2 110600d1 e29766b2 870440f9,181
7f0248f1 0204a0d2 7f0301eb,1
0c1282d2 ff632ccb 200500b0 fd7b00a9,1
39000191 f70300aa e00319aa e12f00f9,1
cccc288b 6d020c8b 6d001af8,4
85020090 22008052 a1200091,3
f60301aa 33008052 f76303a9,1
430a00b0 640a00f0 600a00f0 e20313aa 632c47f9,1
6255cdd2 a50200d0 2203f8f2 6200028b 462c4c92 a1600b91 44cc6dd3 42fc7493 630006cb a36c41fd,8
f70300aa e0e702b2 a09999f2 64f67ed3 843c0191 847cc09b 84fc45d3 9408048b 80ea7bd3,1
84040091 63e00091 1f0104eb,2
e30319aa e2031a2a e50313aa e4031c2a e10316aa e00317aa,4
5f8000f1 2400028b 0500028b,7500252
140080d2 fb0318aa 174f3a8b e83740f9,1
741c0012 fc030091 027c7fd3 403c0091 01447092 00747c92 e16321cb ff6321eb,2
f50300aa 160080d2 206847f9,12
020080d2 e20301aa 278840b9,4
d3000090 e4430191 e5830191 73da47f9,404
e8f87092 c9cc7492 882400a9,1
4200158b 0400148b f51340f9,3
a1280012 00008052 21f80e51 3ffc0171,8
010080d2 fd030091 f30b00f9,3
620004cb e00304aa 01008052 a61707a9,4
b57e7dd3 f70a0011 e10318aa e20315aa,4
e2230091 e6030091 c00500f0 009c47f9,1
630005cb 4700058b 63040051 7f000071,4000000
1c070051 930200b0 91070091 5f0300f1 ab630291 52a30091 77f646f9,4
e9023d91 72820091 2aa10291 121704f9,1
00008052 81621b91 200440f9,1
f90305aa fa0306aa fb2b00f9,1
190700d1 e60318cb 8202198b 170440f9,3
1a0080d2 160080d2 150845f9,1
e20318aa e10317aa e00313aa,683
f60304aa 690440d1 0403048b f70302aa 820009ab,1
64c20051 841c0012 9f240071,2634
6112138b b212018b 584a60f9,1
2100028b 210800d1 a19300f9,2714
62832991 1f000071 434404f9,1
f50300aa c0008052 b30240f9,3
840040b2 95420091 040400f9,1
75430091 7317138b 734200d1 bf0213eb,4
25cc20cb 9f00036b a00040f9,12
21f07d92 0000018b df0200eb,376120
9f040071 8808040b 08791f53 08050051,1
e10e0051 0020c19a 36008052 c122d71a a16f00b9,1
f30302aa f40307aa f55b04a9,258
e00303aa fb0303aa 7600018b 840440f9,1
200100b0 03601b91 000380d2 a06700f9,2
77fd70d3 ec0400f0 e20317aa 8f0e40f9,602
a60000d0 e40302aa fd030091 c3d847f9,2
41018052 7302008b 730300f9,1
c1070090 021080d2 228003f9,1
f30300aa 1a000b8b 990240f9,12
424001d1 2e0c4092 21ec7c92 03000ecb 42000e8b 200cc13c,875249
f70300aa 940800f0 960800d0 94220c91 d6e21c91 5c6f40f9,223
240100b0 f3430191 238401f9,1
21000ecb 42000e8b 261c41a9,4913
68764cd3 530d088b 6f0240f9,1215
00008052 e00314aa f35341a9,3
b40300d0 f30300aa 886a47f9,1
130080d2 f30302aa 020040b9,4113
34010090 080c80d2 81da47f9,1
010005cb ff0001eb c0ec7cd3 45000a8b 636960f8,2
a30700d0 e2070090 e0a30191 01008052 630447f9,1
6100132b 24fc0011 25140072 847c0613,2541
fa0300aa 800200b0 690740b9,4
f5070090 b5e21c91 166c40f9,683
94220c91 f30300aa f70301aa f80302aa 940215cb c00215cb 610a40f9,683
e103042a e60305aa 420802a9,374572
1fc00071 1fd40071 1fd00071 42040a12 5f006071 a6e740b9,2151
e00313aa e1058052 ff1f0339,4
fd430091 e7fffff0 cae040f9,1
617c0e9b 38fc66d3 3e9460d3 8820de9a 2d7978f8,128
810700d0 e00317aa e81b06a9,3
c600050b 37110091 e7a00091 c87a1f53 1f510071,4
ed0300aa 01008052 e0430091 fd030091 e20300aa e3630091 6057ff10,1000687
250800b0 df027ef2 a0602791 250800d0 a5800991 e30319aa ff0600b1 e10319aa e20202cb e00313aa e5ab00f9,22
e60305aa 210080d2 a0400091 a10400f9,1
e003072a a10300f0 276847f9,29
a51c4092 a110018b e0124039,4
d30400b0 f40302aa f55b04a9,14
e303004b 00008092 436821b8,1
e53f9992 00008052 a58cb8f2 2100058b 00040011 3f0004eb,5317
010400d1 e00301aa fd7bc1a8,4
16228052 0d0488d2 0f0c88d2 f9430091 6c7db69b 8e010d8b 90010f8b b03f00f9,4
80202691 f70302aa 81e047f9,1
02001bcb e1031baa e0031aaa,3629
75f07d92 4400158b f96b04a9,4
7f010071 bf010071 0e27c039,1
d80500f0 f703012a 016b47f9,20013
0104004f ccfc64d3 a4fc64d3 9f0104eb 2180823c,1
e003072a e40314aa e20316aa e70315aa e60313aa 85220291 e10314aa 834448b8,1
e0060011 007c4093 210040f9,6
620c02cb 421c4092 426b6238,66
03800191 02402191 e10303aa 210401a9,1
04048052 e2038092 a00a40f9,20004
d30700b0 64620391 f55b02a9,2
1f7c7df2 00fc43d3 7302018b,4
622c7dd3 44001e8b 85fcdfc8,1
01008052 000080d2 840400d1 21008052 00040091 1f0003eb,1
25008052 1fd00071 42040a12 5f006071 a6e740b9,522
000080d2 40201212 030080d2 00600a12 1f105071,1
3f000071 88008052 fd030091 f30b00f9,22
40201212 030080d2 00600a12 1f105071,1
220006cb 42040051 6000068b 5f000071,4000003
e10314aa e00314aa 430180d2,10056
83f67ed3 6400148b 84f47ed3 840014cb 84f07dd3 c26a64f8,6
f40300aa f30301aa f51300f9,1
027cc19b fd030091 f35301a9,8002435
800216cb e10300aa a19f00f9,910
e503022a fd030091 f35301a9,1
a60004aa c60cc0da 420cc0da 630cc0da 4220cb9a 6320cb9a 42fc78d3 40e043cb e00313aa f35341a9,93
f80300aa 37400091 e00319aa fb7305a9,4
7b832991 0203148b 7f021beb 80027eb2 210014cb f96b44a9,3
000100d0 5900078b 820b4079,20
f90300aa 400100d0 00c03891 a05700f9,8
20010090 fd030091 f76303a9,1
711ca54e 921ca64e 311eb24e 31bef14e 233e084e 631c274e 841c274e a51c304e c61c304e 711ca54e 921ca64e 31be324e 31be324e 233e084e 428000d1 6300c0da 7f0040f2 4004438b e00313aa,1
e303002a 000080d2 640200d0 84f047f9,1
04fb7fd3 91010e8a 8f00188b 6b010e8a 2d1040f9,8
e103152a f60300aa 200780d2,1
24808052 0402a872 200c014e 02e87b92 900c044e 031040f2 0786b04e,84
f7820091 f702028b f70215cb f702068a ff0200f1,3
010100b0 21800191 fd030091 f35301a9,1
e40300aa e303012a 5f000471,2
e20316aa 010080d2 000080d2,196
711ca54e 921ca64e 311eb24e 31bef14e 233e084e 631c274e 841c274e a51c304e c61c304e 711ca54e 921ca64e 31be324e 31be324e 233e084e 428000d1 6300c0da 7f0040f2 4004438b f30300aa 130080d2 946e47f9,2
03e00e91 6006060f fd030091 f35301a9,1
600e084e 66021091 e90313aa c0809b3c,1
1a830191 19430091 33ff5fc8,60650
150080d2 14008052 e1024039,1
f60300aa f50302aa f92300f9,268
800700f0 00000491 734600d1 022840f9,7939367
030600b0 fd030091 f55b02a9,1
035bff10 60d02d8b 00800091,5
5f0000f1 600700f0 005047f9,1
e0060090 00e00a91 e1060090 21e00a91 210000cb 22fc7fd3 410c818b ff0781eb 21fc4193,1
c900080b 8e791f53 df510071,4
e20316aa 230080d2 00e80051 61040091 001c0012 1f040071,1
c00a168b e7800191 62620e91 810080d2 00f47ed3 61de01f9,6
6a744cd3 700d0a8b 16fe9fc8,5
ad0500f1 68000bcb 69d800b2 660004ca,3
650a05aa a50040b2 450400f9,2397
e30300aa 81070091 f30303aa 20008052,4
e20300aa 030001aa 3f0000f1 e07f40b2 407c019b,15
25008052 7302008b 940600d1 a320d41a 637c4093 e10319aa e0031aaa 000400d1 21400091 7f0000ea,1
0100b012 2100144b 3f00006b,2720
4a010052 df4c0171 9f040031,686
e7030b2a 060082d2 e04740f9,10
5f010deb cf011f5a ff050031,1
fe770391 250e128b e8730391 3b008052 fb030039,11
66cd2d8b 6e02068b 8e2a00f9,1
0b0000f0 040080d2 6be12691 8c0180d2,1
1c008052 e003172a a01240b9,2718
e6030acb eb000a8b 4c3d0291 2a0140f9,1
250080d2 e40306aa 267865f8,2930
fc0300aa fb0303aa c06a47f9,2
9c030ceb e4031c2a 67030c4b acbb00b9,223
e6430191 e5230191 e20316aa e10314aa e00315aa 24008052 03008052,1
0000048b 000001cb 606f01f9,2
337c4093 200080d2 010680d2,1809
68000ccb 69d800b2 8a000ccb 8bd800b2,88
a60004aa c60cc0da 420cc0da 630cc0da 4220cb9a 6320cb9a 42fc78d3 40e043cb a0ba41f9,25
f50303aa 0000eed2 036b47f9,2
24402591 e50315aa 4a7c4093 8b0600d1 070080d2 01008052 883440f9,3
2100028b 4200038b 5f0016eb e18b40f9,1
4a0100d0 47810191 860000f0 810000b0 c6801f91 21a02191 84f27dd3 e90306aa 25600091 28200191 02a00091 eb0280d2 030180d2 06fc00a9,1
f40301aa f30300aa 41f05f38,500001
e003012a 22008052 62430d39,1
b3865ed3 ba866292 98020791 99a20091 9612138b c81640f9,602
f30300aa f40302aa 001c40f9,224
41080091 7b03018b 6003008b 1f0003eb,3999283
530400f0 e0830491 ebc30391 ea058012 736e47f9,687
0a008052 0c008052 30008052 f1e18452 4d0080d2 7f0100f1 000d198b 410440f9,386400
e10300aa 9c230091 e0031caa,10
098183d2 ea02098b 24fc4cd3 427d5fc8,11
6508038b 00c00051 a8f87fd3 071c0012 007c4093 ff240071 e70320aa,11982113
f30300aa 20e30091 39030191,90
a05e0091 140480d2 1f7c00f1 00ec7c92 000020d1 000041b9,457
41040011 3f200071 a2da62f8,1809
4728611e 061a421f a30c421f 4508621e 2138671e 5008651e 2128621e c20c451f 2106441f 0004451f 0002421f 0028671e 0018681e 0000701e 0010601e 007c4093 600a00f9,8
81623a91 25800091 220c45a9,1
ffc30391 f30300aa 2413198b 0c1688d2 e0031aaa 7a0300f0 8aec7cd3 8b020a8b 4d010c8b 8e020d8b 412fc33d,1
02008052 427c4093 01686238,2
e30317aa e20314aa e1031aaa e00313aa,1
e803002a e203142a e10315aa 60c20891 0b1d0072 23008052,32
d4060090 93220b91 f76303a9,4
733e0091 60be7092 73ee7c92 e06320cb ff6320eb,2718
200000cb 840cc0da 05200091 000c448b f60300aa e00313aa c10277b2,30
000080d2 f603042a f50303aa 040080d2 e00313aa 030080d2 f76303a9,22
e0031baa 3e0e108b 92630091 05d55c92 2102128b 02008052 c31340b9,11
070080d2 e6030291 e62b00f9,406
65620391 81820091 020680d2 820601a9,1
14008052 00040011 75020129,268
03000090 84008052 63a02f91 0400a272 e10313aa 020080d2 20048052 e32b00f9,1
010080d2 e00316aa e10315aa,1360
e20318aa e10319aa 94120091,2718
60620291 010087d2 f30b40f9,1
fa031baa 750100b0 010080d2 186880d2 bfce01b9,4
81028052 4402010b e2a040b9,4
e302018b 070082d2 e10317aa 060080d2 040080d2 e24f00f9,10
e20318aa 73060091 e10317aa e003162a,2
e30318aa 02008092 21008052,16
e500058b e400048b 6a080129,20
f40301aa 817ca59b f55b02a9,12
81220b91 7b030052 600640f9,200
17008052 00801891 000840f9,1
000700d1 61010090 22601b91 4c2b40b9,4
0200669e 4002f8d2 01e0de92 6100e0f2 4000008b 1f0001eb 40fc70d3,16
210800f0 200800d0 21200c91 00e01c91 210000cb 800200cb 3f0000eb,4
f503052a d91c0012 fb7305a9,14
81010090 80010090 1ce03891 fc5b00f9,1
a1820191 62020891 83621b91 380800f9,1
800900b0 03402591 673c40f9,605
631d8352 620080d2 810300f0 21c03d91 810600f9,1
d6060091 a0222591 000840f9,21
a20600f0 43601391 210080d2 406c02f9,1
e0058052 f60319aa 206b3a38,2
f60302aa 020488d2 fb7305a9,12
3f007ef2 47001f32 3f007df2 3f007cf2 62c01fb8,1000171
e10300aa a50400d1 00e000d1 220040b9,1
b97a8ad2 5928a2f2 d70493d2 b6aabdf2 b550a3f2 3972cff2 78a8d5f2 7743b5f2 f6fad5f2 d53fd7f2 79f8f0f2 b89ee9f2 3700c0f2 36eafff2 d599f8f2 fb7305a9,2
010441d3 001445d3 2000002a e1031baa e00313aa,49
fa031baa fb0319aa b95340f9,2718
e803002a 1f1d0072 e0021191,4
e1430091 220080d2 f30301aa 180080d2 20010090 79000090 16601b91 15ef7cd3 39433991 1b0080d2 f7031b2a 7a02158b 8027db9a 7b070091,1
940500d0 b30600f0 816a47f9,1
f703002a e1070090 383049b9,1
c10400f0 fd030091 224c47f9,1215
f70600d1 a52000d1 3f03176b,19
e2430191 e303162a e00313aa e61f05a9,22
05228052 fd030091 f35301a9,12
027c2c9b 42fc60d3 0200020b 427c1013 427c804b 40800a1b 427c061b 0008071b 1f000071 0100050b 604c00b8,29
e2031baa 23200f91 05008052 a00000f0 00602e91,1
f7230191 e00317aa 42d8615e 1020611e 004c611e 0018611e 01106c1e 0004421f 0100789e 3f0000f1 e10315aa,12
e00315aa 22008052 218c40b9,200
e10300aa 030880d2 e00317aa 0204a0d2,1
930a148b 73f67ed3 730214cb f30e138b,1
b6a30391 b7a30491 c2220091 e00317aa a3930391 410080d2,2718
f50301aa f60303aa 2200028b e00313aa 3f0002eb 03008052 e10315aa e20314aa,223
b802188b 800700d0 00802991 9f0200eb 000740f9,20
1f000071 e17e4093 020080d2 e00316aa f6a30291,4
eec88952 090080d2 ae0aa072 8f0180d2,1
e10313aa c40013cb e7ff9dd2 80276692 a800048b 62022191 8775a0f2 090007aa 9fa600a9,1
e10300aa 170080d2 a67f40f9,1465
13641a53 e20300aa 73d20051 a08300f9,2
e10300aa a000028b e2c30091 25008052,12
e20315aa e00314aa 050080d2 24008052 030880d2,1
007d8052 417f001b 81c3218b 810600f9,678
f7120091 e70319aa f7031aaa f90318aa fa031caa f603142a eacb40b9,33
b30000b0 e1930091 42a03591 73da47f9,1
a4030891 e00313aa 828c3ca9,910
e10300aa 80e30091 9c030191,32
400100b0 03202591 e03b00f9,4
e10300aa e00312aa 010100f9,14
f9031a2a fb031a2a 22001a4b 01008052 5a070011 42f87fd3,9
e50300aa e203062a e30301aa,2
f30301aa 5a0100d0 41830191 f50300aa f40305aa 20c044f9,12
95420091 e00315aa f35341a9,74
f40303aa f30304aa e30304aa,3
f5830291 a1020191 a2620b91 fb7305a9,1
cf017492 d0314cd3 d16552d3 b20110aa c3651253 5ec211aa 1efc9fc8,1
00140553 010a8052 ff02016a,2
e20313aa e10318aa e0031caa,1
000180d2 840cc0da 000c448b 61db46b9,4
f30304aa 98a30091 77030191 e00317aa,2
e20300aa e003012a 414040b9,29947726
c4e22991 200080d2 637a41f9,1
b80400b0 f70300aa f55b02a9,2
e00313aa 080880d2 f30300aa 1f0440b1,683
f60300aa f50301aa c21240f9,200
5f000071 26008052 b40220d1 820241b9,12
13040051 737e7dd3 84fe41f9,1
84380012 8408a69b 820840b9,12
651ca54e 861ca64e b01ca64e 10bef04e 033e084e a51c274e c61c274e b0bc264e 10be304e 033e084e 6300c0da 428000d1 4004438b a0bf00f9,682
1fac0071 1a008052 b502008b b3024039,1010
940600d1 736202d1 9f0600b1 1f000091,1
0000018b 00001b8b 003c0091 01bc7092 00ec7c92 e16321cb ff6321eb,4
83080090 a20800d0 a0630791 01008052 630447f9,687
050080d2 04008052 030080d2 01403991 22008052 e00301aa,1
f30304aa f40305aa f55b02a9,1
ec20cb9a 6d020c8b ee030ccb af010e8a 9f000feb 01fedfc8,1
fa03002a e0050090 f55b02a9,1
e20317aa e103132a e00314aa,1
4728611e 061a421f a30c421f 4508621e 2138671e 5008651e 2128621e c20c451f 2106441f 0004451f 0002421f 0028671e e00300f0 08b043fd,8
f40301aa f30302aa a00e4e29,683
81f07dd3 63202691 210004cb 5f0000f1 21f07dd3 6000018b 00a04039,19
777e7b93 f503022a 980a40f9,1000196
30e00191 21400591 10ca6038,4
e503002a e0420491 bf1c0072,4
e1a30191 020080d2 60008052,1
5f0005ea 840002aa e2030391 630c0453 e41b00f9,2
a1820191 80621b91 760100f0 c2e22991 23630091 a35700f9,1
0000c8d2 e011e8f2 0a00679e 606640f9,4
f80313aa f30316aa f6031caa 421b40f9,8
e2cda5f2 622cccf2 620cedf2 7f0002eb,1
21400091 00781f53 1f00026a,2144984
630cc0da a50cc0da 7f0005eb df0204f1,29
e6030391 e5e30291 e00313aa 24008052 03008052,14
e60305aa a504058b e04340f9,241
0000028b 0000018b 806b28f8,19
cf0107aa f0dd6692 f503152a 11021caa e00312aa 5e067092 48027192,14
e30300aa 3f0c0071 c0028052,406
e30302aa e20301aa a16864f8,2720
8e028052 2f010e0b f05040b9,3
2110151b 205450d3 00c00011 40140038,2
200c014e 0400028b 5f8001f1,467
209000aa 02f06e92 473c03aa ebf87292 2f0a40f9,1
0d0100d0 a0810191 fd7bbfa9,1
6606138b 070f068b e81440b9,1
63040011 01008012 00008092 a10000b9,2
e30300aa 020100f0 40e847f9,6
dc0600d0 d30600d0 9cc31391 73821491 17008052 9a018052 19008052 3b008052 80835fb8,2541
e40313aa 030000b0 42008052 63601b91 218c40b9,200
437c7cd3 c10000f0 21a00b91 c0028052 216863f8,1
a2070090 e10313aa 80028052 422047f9,1
0ccc278b 6d020c8b 6d0014f8,4
030500b0 3f240071 fd030091 646c47f9,406
e30305aa 00008052 431000a9,3742226
1f001aeb c00400d0 a03700f9,1
3f0000f1 fd030091 f35301a9,2
a22c8652 c225a672 7f00026b,1
bf030091 e003172a f35341a9,2720
2201c0da 3f0100f1 e503032a 460a40f9,14
e30317aa e20316aa e103152a 806873f8,6
e81c4092 551d8052 a902074b f96b04a9,15
83420391 e10313aa e00318aa 050080d2 04008012 630440b9,3
2024c09a 2124da9a 0000018a e203022a 219f41f9,286
020080d2 65800391 ea0300aa 67400491 26008052 e9038092 e20303aa e00305aa 010380d2 680c80d2 6ad000b9,1
e00400f0 00c00191 e10400f0 21c00191 210000cb 22fc7fd3 410c818b ff0781eb 21fc4193,1
e2230191 230080d2 e103002a e00780d2,1
400003cb 610300b0 e00314aa 21a00f91,1
f40313aa e10315aa 730640f9,318
820003cb 634000d1 424001d1 600001ad,210
0018681e 0200681e a002629e 5f000071 42040051 622200b9,8
f703002a 18040051 f96b04a9,1
810200d0 02038052 80821091 245047f9,1
e3230191 e203142a 61008052,500000
950300d0 f60302aa a26a47f9,4
e2020052 42000012 c00241b9,376120
f40300aa e20319aa e10317aa,4
130080d2 e00313aa f35341a9,686
54f07d92 7502148b 770a40f9,63433
e40318aa 070080d2 481c41f9,1
00008052 f303002a e20343a9,12
9c070091 ff021c6b 5a070011 806833f8,756
80e20191 c1070090 333042f9,1
5b0100b0 c0020412 e08700b9,4
f86f92d2 b8e8a4f2 f96b04a9,2
c80031cb a1ec7cd3 00ed7cd3 27000191 d903008b e03b00f9,14
41744cd3 930c018b f55b02a9,2
56000090 d6c60391 b40240f9,1
e20314aa e00313aa a1030090 21c00f91,1
390f0051 3f030071 7f030071,2
fb0300aa 06230091 c0704079,4
000080d2 230080d2 54040091 8127c09a 00040091 6120c09a e10301cb 3f001cea,1
69411191 870101cb 662942f9,1
a00600f0 21008052 019003b9,1
b30500b0 74c23f91 80264039,1
010080d2 9401c8f2 f55b02a9,1
a30700f0 e20700b0 e0a30191 01008052 630447f9,1
e81c0091 0af17d92 fd030091 f35301a9,1
00040051 14040091 740e148b 638640f8,4
64865ed3 63866292 a812048b 091540f9,2
e00301aa 420400f1 217c039b,24
42040091 c6cc288b 6d02068b 8d8501f8,1
9f0000f1 20fe9f52 020080d2,12
38400191 f70300aa e00318aa f35301a9,15
25010090 410100b0 840018d1 20200c91 a5e847f9,1
050080d2 058183d2 2700058b 48fc4cd3 e57c5fc8,1
711ca54e 921ca64e 311eb24e 31bef14e 233e084e 41a0df4c,29
e20313aa e10314aa f35341a9,207
84008052 fd030091 f35301a9,1
a10900d0 22008052 801e47f9,1
f80303aa f70304aa fb7305a9,4
6001c0da 7f0100f1 aa7d4093 9f0640f1,13
f40303aa 130080d2 9f020039,5127
26040051 c40300f0 839847f9,21
ffc303d1 08058052 fd7b02a9,14
a60400d0 070087d2 ff0207eb f903182a d7f447f9,4
e1930091 800900f0 00401a91,4000000
f30300aa 400500b0 f40301aa f55b02a9,8000003
f50300aa f60301aa 606a47f9,1
7b070051 f72200d1 0100178b e3031c2a 7b7f4093 42001bcb,14
e40314aa a3030291 a2e30191 e10315aa 13008052,1
001c4092 0110018b e5160091 e00301aa 611c4092 a31c4038,4
25808052 0502a872 200c014e 03e87b92 a50c044e 091040f2 4a104092,1
800700f0 03000491 018040f9,794
bb865ed3 ba866292 73ef7cd3 5200138b 5e6873f8,1
d7050090 f8023d91 19830291 fb7305a9,1
00600991 740100f0 1b4a8ad2 81621b91 9a4a8ad2 b98889d2 98a888d2 fbc9a8f2 3a68a8f2 39c9a9f2 58a8aaf2 160080d2 3b89c9f2 bae8cbf2 7929c9f2 f8e8cbf2 f70316aa a2e30391 bbe8ebf2 1a4aeaf2 d9e9e8f2 f8a9eaf2 a25f00f9,1
970ac29a f7d2029b 970217cb e00313aa f35341a9,5
200080d2 13641a53 e20300aa 73d20051 a08300f9,2716
620300f0 42402d91 e10313aa e00315aa fa430191,1
f50300aa f60302aa a05740f9,2
d7500011 ed048052 8b028052 0b582db8,1
a5fc86cb a00c008b ea2300fd,678
24040011 21040091 7f00016b,17982113
3f000071 2100024b a1b300b9,37
00000090 e2e30091 00403491 e1230191 030080d2,1
1600168b e10314aa 42070091 e00316aa,500401
a10900d0 fd030091 f35301a9,1
3f040071 7f040031 f702002a,35
003786d2 6102008b 240040f9,1
f90300aa 7f000071 fa0301aa 000f80d2,200
2d060090 4e008052 ae4901b9,1
60420091 4a0300b0 03008052 41a11191 42028052,1
b5020491 20008052 946e47f9,1
440008cb 660008cb 850006aa bf1c08ea,55
1c4e1a9b f602118b 760300f9,14
ff430a91 f50300aa e0031baa,13
e00315aa 42008052 218c40b9,500000
7f1c0072 fd030091 f35301a9,1
a20600f0 21008052 fd030091 f35301a9,30
00040051 94e20191 801e00b9,1
7ade6692 25c202aa 5c031caa 002f4092 be0012aa 140014aa fc0200f9,14
73fe44d3 810700b0 21a840f9,7000921
f50300aa 1700178b f3821ff8,6
e30400f0 880600d1 6be847f9,2
2614048b 4400621e 02107e1e 270840fd,8
5a0700d0 180700d0 5ac30091 18232791,2
97020791 1f001cf1 04f07dd3,1
6003188b 63820091 872f46a9,386400
4200038b 4208c39a 427c039b a2c201f9,1
230400d1 3f0000f1 63000d8a 613a02f9,1
2024c09a 2124da9a 0000018a 9c070091 1f031ceb,962
e49f0191 e39b0191 e10318aa 0204a0d2 000080d2,1
63040091 840400d1 630e038b,2714
7f0200f1 e00314aa f35341a9,3
86000191 08008052 4300c0da 5f0000f1 08050011 ca5868f8,181
f303002a 610500f0 21c047f9,2
f77ea29b 4503038b e002038b 1f0001eb,4
f40213cb e20314aa e10313aa e0031aaa,910
05ff46d3 84c21a91 260080d2 896a43f9,14
9a071c8b 86040011 c00a40b9,2
1f000071 4000002a fb2b00f9,1000196
001c4092 0110018b e30e4039,4
00f47ed3 000013cb a17b40f9,4
e5e702b2 a59999f2 627cc59b 7f2400f1 42fc43d3 4408028b 640404cb e30302aa 22686438,223
20fc60d3 214c0853 004c1412 0000012a 00200251 1f1c0071,1
3f000071 00408052 424c1412 00008052 426c0412 4100012a 610000b9,406
aefd64d3 df0107eb e7011f5a 110440f9,1
0200018b e00300cb 420400d1 4200008a 62ba00f9,1
410100b0 21400e91 60a20b91 e22340f9,1
61020491 60420491 020e80d2,4
c60cc0da 420cc0da 630cc0da 4220cb9a 6320cb9a 42fc78d3 40e043cb 800100b0 00600291 01200191 22008052 3f0400f9,1
e87c7c92 ff6324eb f55b03a9,4
e10318aa e0031caa 02008052,603
4008028b 00f47ed3 7600168b 000002cb 3b7860f8,12
ffc30091 f303002a e103002a e2c30091 00008052,1
f503032a f30300aa c36842b9,47
20008052 fd030091 f30b00f9,40705
81070090 fd030091 215447f9,15005567
16010090 f50301aa f35301a9,406
070500b0 f403152a 040087d2 d8020791 e8f447f9,3
94220b91 e10313aa 806240f9,200
4402010b 43781f53 7f500071,2
a1a082d2 2114018b 2100288b 081c4038,258
2010008b 01fc58d3 210c7c92 000001ca 611c4092 a31c4038,61
840400d1 85010bcb bf0004ea,8
e00314aa 22008052 218c40b9,499996
e803002a e00301aa e10302aa e20303aa e30304aa e40305aa e50306aa e60307aa 1ffc3fb1,5
e20303aa c3008052 e42f803d,22
a2820191 47aa9c52 853c4092 6318a49b 0000018b 407806f9,1
130013cb 00001bcb 210c138b 21805ff8,1451
e30300aa ec031baa f5734da9,239
660000f0 c6202e91 f96b05a9,1
c400c0da df0000f1 640080d2 e503082a 9f0640f1,14
230002aa fd030091 f35301a9,4
140800f0 f3e30191 946e47f9,22
580300b0 b70500b0 80fec13d,1
e0060090 00e00a91 e1060090 21e00a91 3f0000eb,1
9402158b 800240b2 600600f9,817
a2070090 e10313aa c0018052 428c47f9,1
21008052 e00314aa 948a41f9,4
c0060090 14200b91 80e20191 010040b9,500000
a3030090 e203002a 60801191,1
b5070090 a2020491 814600d1 442840f9,15003772
211c0012 fd030091 f35301a9,1
8514431f 6300679e 262040fd,8
ff4317d1 440500f0 fd7b01a9,201
85f07dd3 a62000d1 876a66f8,5
f40301aa 130080d2 410100d0 21202591 f55b02a9,1
67080051 e8080091 870e078b 08f17dd3 f50840f9,8002424
4202c0da 5f0200f1 620080d2 f103002a 9f0640f1,15
ecff87d2 b1cd7492 3f020ceb,1
21040051 94e20191 811e00b9,1
2300c0d2 6208c19a 418c019b 3f0000f1 040000b9,39
04e787d2 5503048b bb020191 e0031baa,14
f70300aa 200600f0 02603a91 f35301a9,1
63c00051 240080d2 0a008052 637c4093,2000002
e10314aa e00317aa 22008052,382
df031a6b d6060011 df021e6b,383
c30700d0 c20700b0 63200c91 42e01c91 630002cb 620202cb 7f0002eb,16417
227c4093 080680d2 e10300aa 600c8092 1f0440b1,1
f90302aa 82080090 420847f9,910
ff2003d5 e2031eaa fd7bc5a8,1
00080051 003c0012 1f040071,4
f40301aa 930100b0 73820191 21000191 840240f9,1
43200091 e1030d2a a05dff10,40706
efed7cd3 45030f8b 8d010d8b 516b2ff8,8
000180d2 840cc0da 000c448b fa0300aa 02040091 b97e7cd3 20271391 00001a8b 210080d2 e23700f9,5
0000b012 0000144b 9fc120eb,223
cf0500d1 f0030ecb fb7306a9,15
930700b0 73822991 e10314aa e00313aa,376172
1f01016b 000c0012 840640f9,12
a60004aa c60cc0da 420cc0da 630cc0da 4220cb9a 6320cb9a 42fc78d3 40e043cb 730640f9,11
c10309ea 2400c0da f103052a 4d040091 bf0d00f1 a6f17dd3 077b6df8,15
63800191 12488c52 4e0c40f9,4
230003aa 03088052 6300024b 021840b9,29200757
400400d0 00c02c91 75c21291 01000090 21001691 615a02f9,1
e800c0da ff0000f1 f1030b2a 0c03068b 5f0800f1 4d080091 8e0540f9,15
00f07d92 21f07d92 e7f07dd3 028440f8,69
f90301aa 41018052 fb2b00f9,1
5b040091 e10316aa 42018052 e0031baa a43300f9,1
e0e30391 f80317aa fc0306aa f70315aa f4030daa f5031aaa fa0301aa e04700f9,258
f403022a f30301aa 056847f9,201
843c4092 ff6324cb 9f0010f1 ff0300f9,2718
0000f092 00c03a8b 1f0007eb,3
000180d2 840cc0da 000c448b e10313aa e20300aa e00314aa f35341a9,1
9402158b 00080012 1f080071,1000346
24040011 010080d2 9f00026b,1
000180d2 840cc0da 000c448b e30313aa e20300aa e10318aa e00313aa,4
210500f0 00008092 e03300f9,201
be0400b0 860600d1 c9eb47f9,2
00380012 5f03006b f3031a2a e14340f9,12
e90300aa 01001b8b 33801ff8,10
f80300aa f30301aa f70302aa 21008052 62008052 61000039,3
efffaf72 e30300aa 0ba00f91 8103018b 02008052 bfbb00b9,3629
a70400b0 8a0600d1 b40400b0 ebe847f9,2
08088052 0801034b e40300aa 092000d1 5f0400f1 c020c89a,2930
3f800071 fd030091 f76303a9,4
e0031baa fb0315aa fc031aaa bf021beb fa0300aa,201
c302138b 420000cb 7f0202eb,4112
e003072a e20314aa e10315aa e00317aa,1
e1a30091 a0008052 430040f9,1
130500d0 73420091 21602c91 60220091 22008052,1
e3230191 e203142a 41008052,1000196
217c4093 4000000b 2020c09a e90300aa e91400f9,13947722
6cfd70d3 ed0400f0 9f0640f1 aef547f9,2
b5f27dd3 3703158b b76300f9,264
630300b0 610300b0 63003e91 21203e91 20008052,4
670200d0 a102148b e8e047f9,1
00801891 b8820191 000c40f9,1
e3ff9dd2 8375a0f2 e00314aa 910313cb e40313aa 8f010e8b b0956692 fb011a8a 180203aa d6011bcb 72021b8b 3e02168b 384800a9,4
024b85d2 e1031baa 6303028b e00313aa e20317aa,1
d6050090 f503032a c46a47f9,200
34060090 f303002a 806e47f9,2
4bc10051 6c1d0012 9f050071 8d420339,1
f72ace1a b00400d0 f203172a 7e110b8b 11058052 054a47f9,12
60c21291 00200091 e12740f9,1
14a00091 67865ed3 68866292 e9ec7cd3 8a02098b 8b6a69f8,1215
e0e701b2 a9008052 2033e3f2 42018052 140080d2 7f020071,3
0128631e 20b4008b 2214501f 2010471f 2308611e 2128661e 6408631e 6104421f 8104401f 0000679e 2000401f 0000781e 610a40f9,8
93040090 c70400d1 696a47f9,1
a2070090 c0008052 e10313aa 42c046f9,1
4d0400d1 adfd43d3 038440f8,1
e003004b 1f000071 0b038052 e703082a 0b312b9b 6b710091 610140b9,4
34010090 000c0012 1f280071,12
fb0304aa 7f7f00f1 c46e47f9,2714
21040091 7f0002eb 0000018b,1
5b0200b0 6d630391 cfd546f9,1
e00305aa 420a00d0 416800b9,1
9e20c19a 32021e8b 120700f9,1
820003cb 420004d1 63000291,242
024099d2 4273a7f2 2300029b 7f0013eb 8600054b df040071 a70200f9,3
ca0008ea 4c01c0da e5030d2a 9e040091 df0f00f1 cbf37dd3 0e7b7ef8,14
200000cb 840cc0da 05200091 000c448b 3fbf0071 19040091 5a0100b0 f80300aa 5a330791 f50319aa 140080d2,4
c80500f0 0d013d91 fd030091 f35301a9,128
08198052 c900080b ec2840b9,2
e5f99ed2 656abcf2 037d8052 a574d3f2 8518e4f2 849c0f91 857c459b a5fc4793 a4fc84cb 6310061b,20013
8d0114aa 11020faa 03008052 e13300f9,14
020080d2 030500b0 63f047f9,608
f30300aa 39230091 bf0219eb,15
f90300aa e30314aa e1031aaa e2031caa e0031baa a37b00f9,12
480400f0 1f000071 fd030091 089547f9,687
21380012 217ca59b 024862b8,32
f30301aa f40300aa 210040f9,200
94030090 f30300aa 81a24a39,1
e7c30391 e6038012 e50f8012 e72f00f9,22
f30000b0 f40300aa 62ba40f9,38
07a32191 080080d2 f80305aa 17078052,4
9a0700f0 40030491 f30301aa 010840f9,3
631c254e 841c254e 66bc244e c6bc264e c63c084e,1
e00313aa e30315aa e10315aa,201
c1040091 a100018b 059801a9,3
c4fa7fd3 e5078052 860400d1 c90600d1 270080d2 aa00084b 4b7d4093 6c0d00d1 ed20cc9a 2e010d8b ef030dcb d0010f8a df0210eb,4
8775a0d2 09dd6692 320107aa 720200f9,2
f30301aa 610200f0 21a03f91 f55b02a9,3
e1031caa e00313aa 220080d2,77
9106148b 120f118b 5e1640b9,605
9f080071 860c0011 670200b9,1
1f0400b1 82200091 43000039,1
e1031caa e00317aa 4af46e92 4c4105aa 8c0300f9,13
0a186a1e 4a41621e 60ce40b9,4
0440601e 0000c8d2 41c1221e e011e8f2 0300679e 00c1221e e20316aa 2219631e 610300f0 8318631e 21002891 20008052,678
f70300aa a00800b0 003049b9,687
f80317aa b5cd8952 e09640b9,1
e00313aa 040080d2 050080d2 e81980d2 f30300aa 1f0440b1,500001
820200f0 41203591 42a446fd,8
e20300aa 1f0000f1 fd030091 200080d2 f35301a9,1
76820191 f50300aa f71b00f9,6
05008052 06068052 5f00016b,1328
631c0091 420400d1 fd030091 f55b02a9,4
5a230191 00048052 bfff0fa9,1
e703002a e203142a e10315aa 60020791 eb1c0072 23008052,32
000001cb 610500f0 21c047f9,500621
820700d0 fd030091 420047f9,3
0004c05a 003c0012 ff8300d1 ff0700f9,201
40230191 02048052 bfff0fa9,1
790600d1 33ff43d3 0d0500b0 aee947f9,605
617c4093 0b00018b 65054039,4000004
030080d2 36008052 e3130191 e203162a c1008052 f64700b9,1
f50300aa 730300f0 73022d91 e10313aa 620300f0 42e02c91,1
93623a91 78820191 e00318aa,1
80a30291 02c880d2 01008052,1
590100f0 22830191 e29306a9,1
01ec7c92 214000d1 220cc2a9,13
047cd89b 84fc43d3 8308048b 030403cb e00304aa 63c00011 c3f61f38,43999999
e10316aa e0031a2a 9f4601b9,1
86040051 c70300f0 ea9847f9,14
010080d2 f40300aa 000440b9,1000196
0600b012 c000144b a3db40b9,4
03547092 e36323cb 00847c92 ff6323eb,1
860400d1 dfc023eb 667c4093,4
e10316aa e00307aa e2230191,2000000
80030faa 04dc6692 e97c6ed3 8a0009aa eb0303aa 70047092 66007192,14
440008cb 45d800b2 660008cb 67d800b2,3726
00040091 21040091 25004039,188
d0010f8b 3e0080d2 110600d1 e29766b2 870440f9,562
