21f07d92 0000018b df0200eb,1257
1f7c7df2 00fc43d3 7302018b,1
c8202b91 a0040051 01411491 67e10691 0a212291 e7e00191 08211a91 030080d2 05008052 29008052 24c82038,1
e3008052 42118052 04280091 e90000d0 84c8218b 27212791 02180091 06008012 00008052 00040011 e103082a 1f00036b 48004079,2258
e20300aa e30000d0 fd030091 f76303a9,1
73060011 623e0012 826b2178,5
f30315aa 9802158b 820640f9,2164
611e7fd3 f503132a 41686178,5680558
20010090 00601b91 ab5f40f9,1
007ca39b 2300008b 750840b9,162
95420091 e00315aa f35341a9,7283
f50300aa 014000d1 1f0301eb,23321
60204051 7f0071f2 003c0012 40240078,1212416
20018052 e10313aa a25700f9,1
13040051 737e7dd3 84fe41f9,1
6302018b 00f87fd3 632000d1 62620091 410441f8,1
e20000d0 40202791 01e01191 1f440078,1130
e40300aa a1fe0091 824e40f9,1
800700f0 03000491 018040f9,880
a0060051 47010090 00040091 e5800191 44010090 a5003b91 00ec7cd3 84e02991 66a21291 010080d2 7f0204eb a300018b c200018b 21400091 1f0001eb 530000f9,1
e4030091 a20900d0 420447f9,1
a302138b 840700f0 82802991 9f0202eb 620440f9,12601
f80301aa f70302aa f35301a9,16
0a00138b 9f0204eb 090c40f9,7
680500d0 e703062a fd030091 f35301a9,2
070080d2 06008052 041440a9,1
43a8316e 643c084e 21400091 423c084e 433c184e 5f0000f1 200000cb 420cc0da 05200091 000c448b fc0300aa 0000158b 1ff40ff1,76473
a2090090 fd030091 422c47f9,2
620700f0 fd030091 42e847f9,45878
e2830091 03008052 e41710a9,16
090080d2 010080d2 2cfe9f52 0e9c41f9,1
800000f0 00e02091 e05f00f9,1
f30301aa f40300aa 210440f9,18
b5f27dd3 3703158b b76300f9,182
4200158b 0400148b f51340f9,1
4a0100d0 47810191 860000f0 810000b0 c6801f91 21a02191 84f27dd3 e90306aa 25600091 28200191 02a00091 eb0280d2 030180d2 06fc00a9,1
81ca218b fb03002a 000400d1 1f0800f1 21044079,6286
430a00b0 fd030091 639047f9,1
c50000d0 e27f40b2 000080d2 a2bc01f9,1110
e10313aa e20314aa 7302148b,32
ff04016b 267c4093 23781f53,778416
fd430091 a4830391 a5430791 f76304a9,16
2000008b f60300aa c20240f9,324604
e50313aa e00316aa 830000f0 820000f0 63002191 42402191 040080d2,1
7b832991 0203148b 7f021beb 80027eb2 210014cb f96b44a9,3
43a8316e 643c084e 423c084e 433c184e 5f0000f1 200000cb 420cc0da 05200091 000c448b fc0300aa 0000158b 1ff40ff1,100000
7a7f4093 60c22791 a1008052 3c2740b9,1101
0103178b 42001f32 020400b9,1
190700d1 e60318cb 8202198b 170440f9,3
e20317aa e10316aa e003152a,1
c314034a 63380012 832700b9,1110037
a2070090 e10313aa e0018052 42c047f9,1
e17d7e93 29a10a91 ee7d4093 0c686178,277400
490500d1 29010aca 6b0109ea a5080091 c00445cb ff0000f1 1f0000f1 c2040090 c1040090 42c846f9,1
730200cb 9402008b 610640f9,67
637c7c93 38040091 416863f8,1
81070090 fd030091 215447f9,190631
20c8208b 61008052 00044079,15810
6000054b 01008052 e003012a f35341a9,1
a2070090 e10313aa 80018052 422447f9,1
47000acb 48d800b2 450003ca,486285
e0031caa 42c00091 a4820191 e80308cb 16008052 070080d2 060080d2 8c8eac72 8b8eac72 2a0080d2,1
6300c0da 428000d1 4004438b a0bf00f9,64
f60304aa f70301aa fb7306a9,2
e20700b0 fd030091 f76303a9,1
94220c91 f30300aa f70301aa f80302aa 940215cb c00215cb 610a40f9,32
410a00b0 600a0090 00a00191 21bc47f9,1
21040491 21f47ed3 45686178,276078
213c44d3 200000f0 3f0434f1 01001591 200000f0 00000491 e60300aa 7f161071 a83740f9,1
000400d1 21400091 7f0000ea,9
f70313aa f6058052 810340f9,1
21540091 20bc7092 21ec7c92 e06320cb ff6320eb,16
600c8092 080780d2 1f0440b1,25352
a2070090 e10313aa 80028052 422047f9,1
06c8218b 07008012 85008052 1f010071 64008052 c70c0079,2258
03781f53 7f200031 637c0113,2
150080d2 800300b0 00a02891,1
0500064b 43df8f52 bf00036b 43df9f52,581155
fa0000b0 42232791 f55b02a9,1129
000700d1 61010090 22601b91 4c2b40b9,1
00040091 21040091 25004039,40
140100d0 33010090 f92300f9,1147
63800191 12488c52 4e0c40f9,1
600000f0 00803891 00587378,1
02209152 fd030091 f35301a9,176474
00380012 7f02006b 60060011 010380d2,3
55ef7cd3 a002008b 3a0000f9,1
130100d0 73c20091 61ca48b9,1
b5020491 44f87fd3 a53240f9,199265
8400008b a500008b 230400d1 e00301cb 6300048b 6300008a bf0003eb 9f0003eb,1
a122d81a 217c4093 3f001cea,2
03547092 e36323cb 00847c92 ff6323eb,1
f90305aa ffc300d1 fa03062a fc03072a 000080d2 a15f00f9,1
846c0111 85040051 a5781f53 85ce258b a5c00191 a9045ff8,278
424025cb 64400091 21787dd3 630c40b9,3
000180d2 840cc0da 000c448b fa0300aa 5f0700f1,2
f30306aa f90303aa f76304a9,2
e00313aa e303192a e2430191 e61f05a9,16
1c010090 02040091 952b47f9,176474
a1230391 a2830391 a14700f9,3
bf030091 e003132a f35341a9,16
41fc43d3 00fc43d3 3f0000eb 62001a8b 828604f9,1129
f50304aa f603062a f76305a9,172
21f07d92 3f4000f1 4400018b,39270
e10319aa 020080d2 40008052,1110
f4000090 c6a01391 82a247f9,3388
a500010b 63040091 7f7800f1,14
03008052 010080d2 053042f9,1
421c7ed3 a102028b a06a6278,557881
a0c20091 21008052 1c0080d2 016c09b9,1
f7120091 e70319aa f7031aaa f90318aa fa031caa f603142a eacb40b9,14
e0fffff0 00000391 3f0000eb,1
f8000090 e50000d0 001307f9,1
43a8316e 643c084e 21400091 423c084e 433c184e 5f0000f1 200000cb 420cc0da 05200091 000c448b 62024039,53465
9f0000f1 e2c30291 e10305aa 007c4093 030180d2 c81080d2 1f0440b1,6
ea401891 eb000090 fd030091 69e10691 e7401491 040080d2 05008052 28008052 f35301a9,1
423c0013 421c0012 210340b9,521232
410100f0 620380d2 533140f9,1
000180d2 840cc0da 000c448b 600a00f9,1
f50301aa f603032a df020071 80781f12 84000032 75d203a9,16
e2230091 e6030091 000100f0 00c447f9,1
43a8316e 643c084e 21400091 423c084e 433c184e 5f0000f1 200000cb 420cc0da 05200091 000c448b 81c20091 e20300aa 205844f9,283
fc031aaa fa0317aa 1b483b8b f87300f9,176
24010090 84200091 130100d0 f55b02a9,1110
f9031a2a fb031a2a 22001a4b 01008052 5a070011 42f87fd3,3
7f0200f1 e00314aa f35341a9,651
e1031c2a e00313aa 74e22391,1101
200000cb 840cc0da 05200091 000c448b 1f0014eb,324596
e00700d0 00603c91 e0ab00f9,16
c2000090 42a02691 fd030091 f76303a9,14156
6300148b 62820191 e0622891 63f47ed3 610014cb 44f444f9,3
3f0000eb 8400058b 640401f8,1
f70600d1 a52000d1 3f03176b,4
a10900d0 a00900d0 21200c91 00400c91 3f0000eb,1
84000491 42000891 046823f8,1
ff031191 20010090 21008052 f35341a9,16
92222791 d7222b91 b57e4093 3b040051 52c22a91 faa20a91 7c4780d2 7b7f4093 420a1b8b 590640b9,3387
230002aa fd030091 f35301a9,1
54040091 8127c09a 00040091 6120c09a e10301cb 3f001cea,7
730200cb 9402008b 7f0200f1,32
b3060011 f703162a 7f02026b 96024079,325845
e10317aa 03008092 22008052,16
050280d2 e90305aa 060080d2 040080d2 080080d2 6c8541f8,1
1700178b 9700178b f902198b 030017cb 2603068a d700038b fa0317aa 990700d0 e00317aa 39af46f9,1
63c20051 601c0012 1f240071,16
020000d0 42303691 41586178,16
200100d0 02601b91 000380d2 a06700f9,4
27207d92 e7207dd2 028440f8,485894
0e008052 0c008052 0a008052 08008052 0b0080d2 07008052 17008052 160080d2 bb0440f9,1
20010090 fd030091 f76303a9,1
2100038b 21000d8b ff0001eb,2
02040091 e3430091 e10314aa e00303aa,1
940900f0 960900f0 991e47f9,1
430400d1 e10302cb 6300148b 630001ea,1
200080d2 0120c19a 3f0002ea 20008052 207309b9,1
e20304aa e1031caa e0031aaa a3eb00b9,64
9402000b 20040091 a0bf00f9,32
a0030491 210100f0 a03b00f9,1
02000012 21040051 4200032a 3f000071 007c0153 43781f53,619189
83018052 00008012 436821b8,1
c60cc0da 420cc0da 630cc0da 4220cb9a 6320cb9a 42fc78d3 40e043cb 800100b0 00600291 01200191 22008052 3f0400f9,1
200000ca e0031baa f35341a9,162302
0e0c4092 03ec7c92 2c3440a9,8939
94fe4393 130080d2 a37a73f8,1
211c0051 2121c11a 3f000071,14
80230091 21008052 010000b9,13597
55400091 f7021c91 e10a40b9,13915
e70319aa f7031aaa f90318aa fa031caa f603142a eacb40b9,162
f50302aa f70301aa f30303aa 634440f9,16
610a1051 25008052 3f781e72,165
030500b0 3f240071 fd030091 646c47f9,28312
010441d3 001445d3 2000002a e1031baa e00313aa,7
000100f0 01601b91 216842b9,1
61040051 21787cd3 21c00191,23152
0000148b 7302148b b50214cb c01600f9,48
0000028b 99621b91 200701f9,1
f60000f0 c5222b91 f76303a9,3387
81048052 fd030091 f35301a9,5
f70304aa 7f000071 f96b04a9,17
6340248b e203162a e103002a f35341a9,1107
a40900b0 e30301aa fd030091 856c47f9,4440
200000cb 840cc0da 05200091 000c448b 3fbf0071 19040091 5a0100b0 f80300aa 5a330791 f50319aa 140080d2,1
400500f0 a2008052 00401a91,16
f30300aa d40700b0 80620391 02fc5f88,1
e16321cb 00ec7c92 ff6321eb,16
84040091 63e00091 1f0104eb,2
24030191 edff9f92 ebbf9fd2 eadf9fd2 e9e89fd2 68c79fd2 060580d2 85fb9f92 0d00b2f2 0c00b212 ebffadf2 eaffadf2 e9ffadf2 e8ffadf2 07078052 0600aef2 0500b2f2,1
63a30091 010080d2 1fbc0071 00781f53 607821b8,2
180a00b0 f40300aa a28709a9,16
e3c02791 257c7e93 66686578,93585
840040b2 95420091 040400f9,1118
227c4093 e10300aa 40201212 030080d2 00600a12 1f105071,18
42008052 000c1412 1f104071 000b138b 73060091 012800b9,1
e07e7e93 f303152a 2103008b 206b6078,1658
a0220091 03008052 020080d2,1
420001f1 00000191 21000191,42
0241228b 4200038a 4240398b 4200068b 4200038a 0000028b 0200078b 5f0005eb,3
81070090 820700b0 fd030091 215047f9,1
21008052 fd030091 f35301a9,1
20001091 f60000f0 e13f00f9,1110
5b0000d0 550000d0 7bd32691 b5522691 770640a9,1
a1820191 80621b91 760100f0 c2e22991 23630091 a35700f9,1
82222791 d6222b91 d6a21391 4ec02a91 0d008052 a9478052 4c4c45f9,2
60fe52d3 67fe46d3 1f0800f1 410080d2 e2c00011 6dfe49d3 61fe4fd3 6efe4cd3 05f00111 c4b90111 e00301aa f96b04a9,14366
41080090 200800f0 21200c91 00e01c91 210000cb 000300cb 3f0000eb,16
600c8092 030080d2 e80980d2 1f0440b1,8
9ac20091 01008012 600240b9,1110
007c40d2 e2431f32 001c0012 410340b9,1110
b5020491 20008052 946e47f9,1
e30303cb 631c274e a51c304e 841c274e c61c304e 63bc244e a5bc264e 63bc234e a5bc254e 6a3c084e 63f87fd3 08008092 ab3c084e 0525c39a,1
e60780d2 01ec7c92 04084092 05007df2 2200c03d,911
6b6100d1 e142218b e00313aa,1
001c4092 0110018b e30e4039,3
e603012a 85008052 e3008052 00008052 42100091 9f0002eb,80442
0200024b 5f044071 210040b9,140460
070001ca eac300b2 ff0840f2,494993
63040091 00e00091 9f0003eb,3
000c0091 420c0091 00f47e92 42f47e92 0000028b 00300091 2100008b 2000078b 1f0005eb,1
4100038b 5903038b 3f0000eb,1
83c00051 661c0012 a2c00051 df240071 461c0012,50
a2070090 e10313aa 40008052 42d446f9,1
651ca54e 861ca64e b01ca64e 10bef04e 033e084e a51c274e c61c274e b0bc264e 10be304e 033e084e 6300c0da 428000d1 4004438b bf4701b9,16
41202791 20e02391 21c02591 1f440078,1130
607c0753 61231a91 00000411 20486038,160712
ff2003d5 e2031eaa fd7bc5a8,1
794600d1 0f0080d2 6003188b 39ff44d3 000440f9,24917
22050051 427c4093 c37962b8,10
e2030c2a e403152a 0000078b 43028152 a62b08a9,1
a60004aa c60cc0da 420cc0da 630cc0da 4220cb9a 6320cb9a 42fc78d3 40e043cb a0ba41f9,17
29050091 84e00091 9f0109eb,4
020301cb e0031c2a 4103018b,1
a60004aa c60cc0da 420cc0da 630cc0da 4220cb9a 6320cb9a 42fc78d3 40e043cb 730640f9,7
e30300aa 020100f0 40e847f9,3
e20316aa 230080d2 00e80051 61040091 001c0012 1f040071,1
f40300aa e20319aa e10317aa,1
3f00026b 22040011 041c0012,536
f403002a 21008052 606a44f9,1
c0202791 63181f53 ff0840f2 03b42a39,833959
e20313aa 24010090 84c00091 84201291 038080d2 e10315aa e00304aa,25333
1f0000f1 6000002a a09700b9,3
400100b0 e1430391 e15300a9,1
00040012 00040051 1f040071,165
a1060091 7302018b 60024039,176473
a102014b 23008052 020080d2,1
e0f300b2 60aa8af2 9f0300eb,27343
b8222591 03230091 02430091 f35301a9,1
00080051 003c0012 1f040071,1
630700f0 620700f0 fd030091 84070090 635047f9,1
ffc30091 fc03002a 1f040031,17
81222791 c9222b91 2bc02a91 29a10a91 827c4093 0c008052 284845f9,9
14008092 e00314aa f35341a9,1
030080d2 02008052 c5686378,3388
030100f0 007c0853 25080011 639047f9,536
e20316aa e10317aa 0003148b,16
e60000d0 c7202b91 e1345279,1110
e40300aa e10314aa e303052a 22004039,432
f8a30291 f70302aa fb7305a9,1
a60900b0 e40302aa fd030091 c36c47f9,12
22008052 01030372 f9024039,3
eec88952 090080d2 ae0aa072 8f0180d2,1
6006138b 02008092 f90302aa 00f47ed3 130013cb 750c138b 617833f8,16
f7031b2a 7a02158b 8027db9a 617f7ed3 7f830071 21403b8b 7b070091 c106018b 21e00191 400300f9,1
1f240071 42781f53 d3ea47f9,1110
a0e22991 b5e22991 21001e32 449403a9,1
000c0091 0000018b 808a04f9,28
2010008b 01fc58d3 210c7c92 000001ca 611c4092 a31c4038,46
a10900d0 fd030091 f35301a9,1
7f020071 e10314aa e003152a,1110
43a8316e 6a3c084e 6204813c,67212
e1000090 e203004b 00008012 22cc01b9,24
6709028b 42040091 c100018b 5f040071 e30400b9,2
61eb0051 5f0000f1 211c0012,1
a500010b 84040091 9f7000f1,28
01ec7c92 214000d1 220cc2a9,324632
e20318aa 73060091 e10317aa e003162a,1
800216cb e10300aa a19f00f9,32
01ec7cd3 00040091 a35740f9,7
e2230091 840100d0 84c841b9,1
8000054b 09038052 a0621b91 ab010e8a 140080d2 e930299b 6b0141b2 0d0440b9,1
0805088b 210100f0 21e02991 1b0c088b 9f0201eb 580440f9,5
734200d1 940600d1 a320d41a 637c4093 e10319aa e0031aaa 000400d1 21400091 7f0000ea,2
a51c4092 a110018b e0124039,3
a08200d1 220280d2 00ec7c92 c102008b 040040b2 c40600f9,1
800700f0 00802991 9f0300eb,880
070080d2 080280d2 870e078b 43008052 130480d2 f50840f9,29
f30000b0 f40300aa 62ba40f9,23
6300018b 20008052 448c02a9,1
eb030caa e7030faa e3030a2a e1c05f78,1
00801891 b8820191 000c40f9,1
c0c222cb e1031baa a002008b 5b7c4093,170072
f80300aa a0478052 f35301a9,3387
600a138b 610100b0 22800191 a16b00f9,1
e1ff8f52 20008052 ff00016b,833942
64ffff90 63200091 84000391 3f0400f9,1
e4ff9f92 e9bf9fd2 ebdf9fd2 ece89fd2 6ac79fd2 070580d2 85fb9f92 e2830391 0400b2f2 0600b212 e9ffadf2 ebffadf2 ecffadf2 eaffadf2 08078052 0700aef2 0500b2f2,1
e0ffffd0 00002291 e0ff06a9,1
69411191 870101cb 662942f9,1
022a8852 820aa972 7f00026b,1
007c40d2 78060011 e1431f32 005c1053 7f02016b,1110
62400091 6014008b 004000d1 5f0000eb,1
bf300071 f50301aa f603052a,16
00040051 a4820191 a5cb40b9,1
fc0319aa f90318aa f80315aa 400000d0 00d02691 a03300f9,3
a10003cb e00303aa e2030c2a 050080d2 04008012 43068052 a6af08a9,1
e002188b e1031baa f8031caa,134974
1a0100f0 a0c20091 425f47f9,1
e603012a 65008052 43118052 00008052,22945
c1040091 a100018b 059801a9,3
03008012 bf030091 e003032a f35341a9,1
a2070090 e10313aa c0018052 428c47f9,1
02781f53 5f200031 427c0113,1
c0202b91 61881191 07a01391 83c00111 00483691 e2008052 e41c4079,1
940900f0 f30300aa f50302aa f60301aa 801e47f9,1
d90700b0 da070090 39230c91 5ae31c91 39031acb fb7305a9,1
000c0091 0000028b 208804f9,1101
e3431f32 02fc50d3 3f00036b 005c1053 23040011,1110
410700f0 40000090 00001991 210047f9,1
02040011 01787cd3 20008052 457c0553 21800191 a6600891 447c0553 0020c21a 8102018b 827a66b8,9527
eb030caa c47c4093 e3030a2a,1
e07b40b2 f703152a bf0200eb,16
e40315aa c00900d0 006c47f9,16
42003791 4300148b 050100d0 e75047f9,1110
e50000f0 81c20091 a27847f9,1110
040080d2 e4008012 e47f0e29,1110
000100d0 e17f40b2 e20a40f9,37
a60004aa c60cc0da 420cc0da 630cc0da 4220cb9a 6320cb9a 42fc78d3 40e043cb e00313aa f35341a9,144
e0031b2a e10317aa 020080d2,1
892c0091 e10304cb 6300098b 290740b9,1
417c0453 21080051 21080091 010f018b 3f0301eb,13594
e40318aa 070080d2 481c41f9,1
7f0204eb a300018b c200018b 21400091 1f0001eb 530000f9,15
a4000acb 848442d3 8404048b 040d048b 860c4079,2281
f40301aa f30302aa a00e4e29,32
c60cc0da 420cc0da 630cc0da 4220cb9a 6320cb9a 42fc78d3 40e043cb e00313aa f35341a9,18
025380d2 fd030091 f35301a9,1
e803012a 2f008052 20796078,492244
e20300aa 20040051 1ffc0071,6
200000cb 840cc0da 05200091 000c448b e40300aa e303002a bfeb00b9,32
000180d2 840cc0da 000c448b 1f1000f1,1
1f000091 bf030091 f35341a9,2
e7207dd2 028440f8,1
efffaf72 e30300aa 0ba00f91 8103018b 02008052 bfbb00b9,64
73820191 1a0080d2 fc0313aa 160080d2 18008092 77f647f9,1
f60300aa f403002a e0031baa,162302
f60300aa f50302aa f92300f9,80
e10300aa 800700d0 002847f9,1
f30301aa 140100f0 f51300f9,177584
a05e0091 140480d2 1f7c00f1 00ec7c92 000020d1 000041b9,31721
8102018b 214000d1 350c40f9,23152
5f0000f1 fd030091 f55b02a9,32
217c4093 280380d2 1f0440b1,28312
73fe44d3 810700b0 21a840f9,190613
63c20591 213c0091 20ec7c92 600400f9,23
e2030caa e3030191 041501a9,16
f30800f0 f40300aa 73a246f9,16
1f00026b 9f0e0071 603647f9,574006
e103082a 42fc43d3 21000acb 20008052 5f0441eb,31
85040051 a5781f53 85ce258b a5c00191 a9045ff8,996
00f07d92 21f07d92 e7f07dd3 028440f8,21
c20700f0 a375bf52 2100032a 010000b9,16
e0c02791 257c7e93 03686578,1668
9402158b 800240b2 600600f9,695
e30300aa ec031baa f5734da9,162
94021091 60622991 640e05f9,1
a1820191 c2e22991 020c00f9,1
60232291 737e0153 007862b8,271826
ffc30091 f303002a e103002a e2c30091 00008052,1
43a8316e 643c084e 21400091 423c084e 433c184e 5f0000f1 200000cb 420cc0da 05200091 000c448b f70300aa 1f800071,90370
63040091 42800091 1f0003eb,16
c10000f0 c00000f0 c9202791 e4000090 215447f9,48
4248aaf2 2248caf2 22ebebf2 3f0002eb,1
e00313aa 080780d2 1f0440b1,177584
81010090 80010090 1ce03891 fc5b00f9,1
22230091 000080d2 01ec7cd3 00040091 a35740f9,1
b6070090 d4822991 813240f9,647
641c0012 02c1258b 000080d2 44682038,16
5b0100b0 c0020412 e08700b9,1
84781f53 e3830091 e61f03a9,16
00040051 00787cd3 00c00191 8002008b 01045ff8,451
14180091 00008012 b3060011 f703162a 7f02026b 96024079,2202
f0030c2a 2a000a0b 5555239b 5ff00871,104681
e0230191 e2130191 e31340f9,3
a1c20091 19633e91 20001091 f7030291 fb0300aa 39830191 130080d2 228004b9,1
3a7c4092 400100b0 02800191 e07f40b2 e06700f9,172
fc0301aa 210100f0 e0031caa 354049b9,2
980000f0 00a32191 621341b8,1
007c4093 280780d2 1f0440b1,14158
a10900d0 22008052 801e47f9,1
21040012 21040051 3f040071,168
c8202b91 67e10691 0a212291 e7e00191 a57c0713 08211a91 29008052 e17863b8,1
a07a1f53 00040011 00f07dd3,1
2100028b 4200038b 5f0016eb e18b40f9,1
e103002a fd030091 f35301a9,14156
e50300aa e203062a e30301aa,2
40232791 737e0153 00a84ab9,562133
14e87bd3 3fb80171 6003148b 776b74b8,16
970900f0 d80900b0 f70647f9,1
f803162a f60319aa f9031b2a fbb340b9,3
c0000090 18e00391 e00318aa 81008052,1
58f07d92 190080d2 600700f0 008446f9,31721
230080d2 6320c09a 00008052 210003aa 410000f9,6
60fe60d3 7f0e1071 f603132a 8b03088b 1504008b 007b6078,182
1f000071 e003012a f35341a9,164537
600000f0 00200891 205404f9,1
e40300aa 014000d1 00805ff8,14196
1a830191 19430091 33ff5fc8,9059
f40300aa f30303aa f55b02a9,16
6300018a 840400d1 6300098b 6300048b 6300018a 7f0000eb,1
e503042a a0600891 827a60b8,3261
f80313aa f30316aa 73060091 f6031caa,8
000c0091 21200091 610000f9,1
21008052 000b138b 73060091 012800b9,7
f70300aa 940800f0 960800d0 94220c91 d6e21c91 5c6f40f9,32
e603082a 65008052 c3008052 00008052,65
f30300aa 1a000b8b 990240f9,6
292c4092 ecc300b2 310c4092 3fc13ff1 e80311cb,176489
c2000090 c4000090 fd030091 f55b02a9,1110
43a8316e 643c084e 423c084e 433c184e 5f0000f1 200000cb 420cc0da 05200091 000c448b 62024039,72449
06040011 bb0e068b 3b7801f9,1
5a230191 00048052 bfff0fa9,1
24808052 0402a872 200c014e 02e87b92 900c044e 031040f2 0786b04e,7
e1df8052 6100a072 1f00016b,1
e50000f0 a5602391 fd030091 f35301a9,1129
b9f47ed3 f703022a 2003058b f803032a f603042a 00f47ed3 000005cb 3b7860f8,3
620100d0 42801891 42a00091 067c7c93 4500068b 00040011 830440f9,3
fa031baa 750100b0 010080d2 186880d2 bfce01b9,1
940200cb e00313aa f35341a9,32
e2af88d2 82c9a8f2 4220c0f2 2260e0f2 1f0002eb,1
330800d0 eac30391 eb830491 736e47f9,16
2100024a 1f0003eb 211c4092 817861f8,4010140
810700d0 e00317aa e81b06a9,3
56000090 d6c60391 b40240f9,1
a60004aa c60cc0da 420cc0da 630cc0da 4220cb9a 6320cb9a 42fc78d3 40e043cb 800f4079,1
2100a052 fd030091 f35301a9,1147
010100d0 030100d0 1a0100d0 fb7305a9,1110
400100f0 00601b91 00e840f9,1
1f2001f1 400000b0 00002191,2
63020191 ecff9f92 eabf9fd2 e9df9fd2 e8e89fd2 67c79fd2 050580d2 84fb9f92 0c00b2f2 0b00b212 eaffadf2 e9ffadf2 e8ffadf2 e7ffadf2 06078052 0500aef2 0400b2f2,1
0200018b e00300cb 420400d1 4200008a 62ba00f9,1
010005cb ff0001eb c0ec7cd3 45000a8b 636960f8,1
0a008052 42040091 647c7e93 a700048b b701048b e1044079,226614
94060091 7fa20171 00008052 22008052,16
540100f0 86621b91 f55b02a9,17
ad212791 adc12a91 af7926b8,284174
007c40d2 007c1853 404b3838,1110
63387fd3 63404091 66687578,1110037
650216cb 800700b0 42084092 00802991 bf7c00f1,7282
fc0300aa e00314cb 1f0013eb,215863
a27c4093 641c0012 42000491 000080d2 0201028b 44682038,14
f40301aa f303022a f55b02a9,1110
3f0000f1 f30300aa f55b02a9,45877
820100b0 21008052 fd030091 f30b00f9,1
a2070090 e10313aa 60028052 423847f9,1
9c0700d0 9a820191 9c030491 800700d0 120080d2 00802991 e03700f9,1
62030191 e5ff9f92 edbf9fd2 f0df9fd2 efe89fd2 6ec79fd2 0b0580d2 87fb9f92 0500b2f2 0a00b212 edffadf2 f0ffadf2 efffadf2 eeffadf2 0c078052 0b00aef2 0700b2f2,1
42001112 c300018b 040540b9,4
0000018b 98621b91 000f01f9,1
d5000090 c3000090 a57a47f9,1110
a60004aa c60cc0da 420cc0da 630cc0da 4220cb9a 6320cb9a 42fc78d3 40e043cb 000080d2 f35341a9,1
7f061071 a1001e32 00380012 01038052 971a02f9,165
21200091 5f0003eb c10042f9,1
e30315aa e003132a 01008052,14156
140100d0 81c20091 f55b02a9,176474
e2431f32 01040011 1f00026b,1110
53010090 f40301aa f55b02a9,3
c00a168b e7800191 62620e91 810080d2 00f47ed3 61de01f9,3
020100f0 030100f0 040100f0 010100f0 63bc47f9,574006
73ee7c92 b70700d0 637e0453 e08243f9,37489
f5830291 a1020191 a2620b91 fb7305a9,1
f30301aa 5a0100d0 41830191 f50300aa f40305aa 20c044f9,3
26040091 00040091 a4c00051 841c0012 9f240071,1
f30305aa f40302aa f55b02a9,169
020080d2 e2c30291 007c4093 010080d2 030180d2 c81080d2 1f0440b1,6
81070090 fd030091 215047f9,190615
00380012 5f03006b 9c43218b,1
00600991 740100f0 1b4a8ad2 81621b91 9a4a8ad2 b98889d2 98a888d2 fbc9a8f2 3a68a8f2 39c9a9f2 58a8aaf2 160080d2 3b89c9f2 bae8cbf2 7929c9f2 f8e8cbf2 f70316aa a2e30391 bbe8ebf2 1a4aeaf2 d9e9e8f2 f8a9eaf2 a25f00f9,1
a2070090 e10313aa 20028052 42cc47f9,1
9c0b00d1 8400060b 04682978,113307
f503032a f30300aa c36842b9,17
a2820191 47aa9c52 853c4092 6318a49b 0000018b 407806f9,1
e30317aa 20fe9f52 e40314aa 650c4079,14
f40300aa a2c30391 e103152a 00008052,1
080080d2 fd030091 f76303a9,16
f7031baa f80319aa fb030caa f90307aa f48700f9,176
2b050011 08050011 48692278,276078
23200f91 e2031baa e40318aa 00002e91 05008052,1
e50306aa e40319aa a64f40f9,16
000080d2 230080d2 54040091 8127c09a 00040091 6120c09a e10301cb 3f001cea,1
60f87fd3 e50c038b 433040f9,12601
6b0500d1 e6030a2a c17a6b78,12
200100f0 00800191 832642f9,3
e7040011 c6e00091 ff540071,1008
00781f53 00040011 00f07dd3,1
000180d2 840cc0da 000c448b 00400091 01bc7092 00ec7c92 e16321cb ff6321eb,16
f50300aa f60301aa 001440f9,32
e10319aa e2031aaa e54300f9,2
59010090 00040012 1f080071,165
80202691 f70302aa 81e047f9,1
0040218b a10001cb 03008052,16
20007592 81621b91 203400f9,1
940200cb 9f0215eb 9f5200f1,80
e20313aa 330080d2 600000d0 e20313aa 15603e91,1
400600d0 00c01391 a07b00f9,32
e00000f0 00602391 19008052 dc0000f0 f35301a9,1129
430a00b0 640a00f0 600a00f0 e20313aa 632c47f9,1
130100b0 74820191 f55b02a9,1
070c4092 4200078b 000007cb 210007cb 42c000f1 031040a9,22
741c0012 fc030091 027c7fd3 403c0091 01447092 00747c92 e16321cb ff6321eb,2
000100f0 010100f0 82d647f9,574
1300b012 e20313aa f55b02a9,2257
23aa9c52 d00500d1 88030512 ee030ecb 07008052 180080d2 c90080d2 326aae72 39008052 828eac72 838eac72,1
810700d0 21802991 9f0201eb 220340b2 610a01aa 210040b2 a10600f9,5271
020700d0 42601291 1a0700d0 41231091 e003162a 5ac87638,16
40230191 02048052 bfff0fa9,1
e90000f0 29212b91 ed0000d0 a4212791 267c4093 84c02a91 27a542b9,284173
f503012a f60302aa 010440f9,3
74fe60d3 7f0e1071 e903132a 8703178b 9406148b 140f148b,12
2024c09a 2124da9a 0000018a e203022a 219f41f9,183
e1090090 9f0200f1 e003162a b60301b9,16
82c9a8f2 4220c0f2 2200e0f2 1f0002eb,1
e50300aa 7f060071 03008052 010080d2,15
f403002a e003142a f35341a9,2257
e10316aa e003152a 6300048b,1
003c44d3 210000d0 1f0434f1 21400591 200000d0 00003691 e60300aa 7f161071 a83740f9,1
9f040071 e107044b 22fc0811 21040911 a3478052 e3221491 240c0051 e1a21391 053740a9,3387
1d0080d2 1e0080d2 e50300aa e10340f9,1
a2070090 e10313aa 00028052 424447f9,1
f30317aa a0820191 17008052 00fc44f9,1
010100d0 22800191 40707f39,1
e60305aa a504058b e04340f9,162
f403002a f30302aa 400a00b0 420a00b0 430a00d0 00d047f9,1
007c4093 637c4093 080b80d2 1f0440b1,1110
00e80051 61040091 001c0012 1f040071,29
43a8316e 643c084e 423c084e 433c184e 5f0000f1 200000cb 420cc0da 05200091 000c448b 1ff80ff1,79379
f40301aa e10300aa e20314aa 33010090 73c20091 73221291 e00313aa,178693
43a8316e 643c084e 423c084e 433c184e 5f0000f1 200000cb 420cc0da 05200091 000c448b 02040091 1c0302ab a00218cb 1f0002eb,74376
f70303aa 00001d32 60320d39,3
e0fffff0 00002291 e0ff06a9,1
007c4093 e80780d2 1f0440b1,1
b8430491 e20318aa e1ffffd0 1f000071 21c02b91 e0ffffd0 00200d91 a31301b9,1
61071b0b 21440011 217c4093,1129
17008052 180100d0 e13700f9,1110
f40301aa 0101a052 f51300f9,1
e10304aa e2230391 e35b40f9,6
000000f0 060000f0 08c03591 c6603591 000000f0 07403591 030080d2 400040b9,16
000180d2 840cc0da 000c448b e10300aa e00313aa 21040091 f30b40f9,162302
ff4324d1 ea058012 ec432491 eb832391 e90f8012 0dfa80d2 fd7b00a9,16
a1c00051 211c0012 3f240071 e10306aa,1
40202791 21008052 01000879,1130
e20300aa 030001aa 3f0000f1 e07f40b2 407c019b,9
c60900f0 fd030091 c66c47f9,16
f7230291 e00317aa 0019803d,16
21008052 e00314aa 948a41f9,1
f90302aa 82080090 420847f9,48
f30300aa 14008052 f55b02a9,1
a0020191 210080d2 00ec7cd3,1
f50300aa f60302aa a05740f9,2
e8032091 e1830191 eaaf46a9,16
a1048052 7b070091 bbbf00f9,64
930a148b 73f67ed3 730214cb f30e138b,1
85222791 c2222b91 9f040071 21008052 2100044b a30500d1 84040011 2100038b 2303040b e36f00b9,9
6402048b 60800091 1f0004eb,1120
200000ca bf4300d1 e00318aa fd7b41a9,16
d60217cb 930216ab 9f0313eb,16
820003cb 634000d1 424401d1 600001ad,1110
d90700d0 da0700b0 39230c91 5ae31c91 39031acb 1c008052 80e20191 130800f9,1
e20315aa e10314aa 800e178b,1
1f000071 9402002a e003142a f35341a9,1
a2222591 c1ee7cd3 e00319aa 420c40f9,16
2c008052 63000c0b 63792778,116694
f80313aa f30316aa f6031caa 421b40f9,8
1c000090 cffb9f52 9c330991 22e00191 21600391 1b008052 0d008052 0a008052 0e008052 43c86038,64
213c44d3 420000b0 3f0434f1 41002691 e60300aa 7f161071 a83740f9,1
810100d0 22008052 f35341a9,1
02040051 00008052 21486238,557278
427c4093 637c4093 847c4093 c81b80d2 1f0440b1,6
c1202b91 20a01391 21201491 1f240078,1
000100f0 00601b91 016842b9,3
01fc43d3 20040051 3903028b 3b4f208b 610340f9,1
b402148b e00304aa f51340f9,1
820700f0 42000491 604600d1 452840f9,12601
2208018b 25010090 a5800191 04000090 42f47ed3 410001cb 82603891 a17861f8,1
e500058b e400048b 6a080129,4
e20318aa e10317aa e00313aa,32
04fb7fd3 91010e8a 8f00188b 6b010e8a 2d1040f9,2
75430091 7317138b 734200d1 bf0213eb,1
e70cc0da 090780d2 030c4f8b 2f010fcb a520cf9a 651000f8,42910
010100d0 40050011 633647f9,276078
f30300aa 39a31291 e1031caa 1900198b 731600f9,3
59040091 e103032a 9702198b 000080d2 e2088052,48
f30300aa 180080d2 f55b02a9,14156
c0e22991 03008052 02008052 84781d12 24903539,1
efed7cd3 45030f8b 8d010d8b 516b2ff8,2
f30302aa f40307aa f55b04a9,172
60010090 07601b91 600340f9,1
ff430491 e10300aa a27740f9,2
e00313aa e80780d2 f30300aa 1f0440b1,2257
14030090 f30300aa 84c646f9,1
03800191 02402191 e10303aa 210401a9,1
820900f0 830080d2 941e47f9,1
0004008b e403152a 4b0340f9,1
a2070090 e10313aa 00018052 428847f9,1
ffc30191 620500d0 610500d0 a3824db9,2
440a00b0 fd030091 849047f9,1
01078052 fac30091 0008a19b e10302aa 1f0002eb,1
130080d2 e00313aa f35341a9,16
847c0513 0122c11a 52060091 84ca248b 896048b9,23894
003c4092 ff6320cb 1f0010f1 ff0300f9,37
f50300aa f7021c91 e10a40b9,3
a40220d1 137c4093 e5030291 e6430291 e69b05a9,1110
6020000b 3f000071 4020000b,1
001f0091 e70318cb 0000148b 69820191 0a0700d1 0000078a e04300f9,3
a2420091 200080d2 0320d79a 6102028b 9f0303eb 0003008b 9c0303ca,1
f4000090 81621b91 620440f9,1
0307188b 02008052 410740f9,1
b31e1c91 f40300aa 1300138b 02e280d2 01008052 730ad59a 737e159b 60021cd1,1
010000b0 21800e91 63d206f9,1
e003004b 13008012 a06a21b8,16
000100d0 5900078b 820b4079,4
00001ccb 410100d0 a06f00f9,16
800700b0 00802991 41084092 ff0200eb 210003aa 8002038b 820080d2 210019aa 810600f9,1118
61161051 3f080071 7f021071,79
0000b012 0000144b a3eb40b9,64
21040091 7f0002eb 0000018b,1
95070091 b5065c8b e00317aa e10315aa e23700f9,27343
c10000cb 4210018b a18740b9,1
c60cc0da 030c4f8b e96100f1,7765
070080d2 26018052 a82f0ba9,165
810101cb 0102014b 1f01016b,692234
014000d1 83070090 638446f9,190614
21040091 42100091 bf02016b,261536
14001f12 420a0090 e06740b9,1
bf000071 e88c8052 0829c21a e803282a 4200040a 04010012 8400022a 7f0201eb,169
21380012 217ca59b 024862b8,15
7f0001eb fd030091 f30b00f9,16
f503022a e2000312 b3bf40f9,1
06212691 07008052 c6a00091 c0004039,48
9a0700f0 40030491 f30301aa 010840f9,3
bba30391 e10319aa e2031baa e40318aa 23230f91 070080d2 06008052 05008052 a00000f0 00a02d91,1
050100f0 007c0853 26080011 260300b9,521232
000180d2 840cc0da 000c448b 18040091 e00318aa,1
010100f0 21c00091 fd030091 f96b04a9,162302
18280091 18cb218b f96b04a9,2202
020100f0 010100f0 1f040031 42d447f9,1110
e30303cb a51ca34e c61ca44e a51c274e c61c274e 63f87fd3 b0bc264e 05008092 10be304e a324c39a 053e084e,80
440008cb 660008cb 850006aa bf1c08ea,974391
eb031aaa 00001a32 60370d39,1
f30000b0 64222791 f55b02a9,1129
9c621b91 7a0100f0 40230191 bfff0fa9,1
050080d2 04008052 030080d2 01403991 22008052 e00301aa,1
e10e0051 0020c19a 36008052 c122d71a a16f00b9,1
82621b91 a3820191 420041f9,1
9ac20091 130100b0 73e20091 220040f9,176474
15010090 80c20091 018c48b9,162302
010080d2 f30303aa e20304aa e10305aa f55b03a9,16
9a070091 e10316aa e2031aaa 038080d2 e00318aa,176473
e30300aa e00302aa fd030091 f35301a9,1
010080d2 b5e20091 e00318aa ba7a21f8,162302
e00300cb 3f0101eb 00000a8a 4a0000cb 5f0007eb,1
ff4300d1 f40000f0 96420591 8daa40f9,1
5f00076b 8c090491 1f01036b a37c0253 120a40b9,574006
610a0011 053c0853 64483338,1110
000c0012 82008052 4020c01a 207000b9,1
b5070090 a2020491 814600d1 442840f9,215863
60040411 00247ed3 a102008b a06a6078,276078
150100d0 b4e20091 22a347f9,162302
24808052 0402a872 200c014e 02e87b92 870c044e 031040f2,96
7f0005eb 630cc0da a50cc0da 7f0005eb 01008052 e003012a f35341a9,14156
c00000f0 e10000b0 21000891 007843f9,1
21040051 213c0012 41782c78,2
83f67ed3 6400148b 84f47ed3 840014cb 84f07dd3 c26a64f8,3
00008052 f303002a e20343a9,3
2000008b 5a0000d0 81c20091 f9e30291 5a033991 e04f00f9,1110
e00302aa 03008052 411c4038,1844323
a00000f0 01403991 050080d2 0400a452 030080d2 02008052 a04700f9,1
400003cb f77e4093 fb021bcb 1b031b8b,6
00380012 5f03006b f3031a2a e14340f9,3
0d0100d0 a0810191 fd7bbfa9,1
00040051 94e20191 801e00b9,1
e2031baa 23200f91 05008052 a00000f0 00602e91,1
e003132a a1008052 73060011,30
e10303aa 007c4093 030180d2 e81080d2 1f0440b1,4440
1f000071 9402002a 60364d39,3
a0621b91 d602174b ae2740f9,1
e00316aa 17008052 130080d2,2
f30300aa f40302aa 001c40f9,16
e10300aa 000580d2 010f00f9,1
13208152 16010090 238848b9,176474
21400091 00781f53 827a23b8,672
f90300aa e30314aa e1031aaa e2031caa e0031baa a37b00f9,3
00008052 fd030091 f55b02a9,1
e203152a e403132a 050080d2 43008052 000080d2,1
540600d0 f303002a 836e47f9,14156
f303002a e003132a f35341a9,189871
a60004aa c60cc0da 420cc0da 630cc0da 4220cb9a 6320cb9a 42fc78d3 40e043cb 731e40f9,6
f8030caa 4413048b a5081e53 452ac51a a50c0012 852800b9,2
e602038b 010080d2 5f7821b8,4
f403002a 00040051 f55b02a9,1110
ffc301d1 1f000071 fd7b01a9,2
00040091 1f0019eb 01e87bd3 3f6921b8,16
000180d2 840cc0da 000c448b 61db46b9,1
c4202b91 62081091 80482f91 21018052 84f44979,1
21000ecb 42000e8b 261c41a9,8939
25040011 20080011 43482138,1110
9f0000f1 20fe9f52 020080d2,4
e30303cb 631c274e 841c274e a51c304e c61c304e 711ca54e 921ca64e 63f87fd3 31be324e 05008092 31be324e a324c39a 253e084e,7
010016cb e00317aa 6102018b,324604
c60cc0da 420cc0da 630cc0da 4220cb9a 6320cb9a 42fc78d3 40e043cb f77e4093 fb021bcb 1b031b8b,161186
020080d2 e20301aa 278840b9,6
94621b91 e103172a e00316aa e2830191 833240f9,1
0000028b 2100028b 031040a9,170851
e003004b 1f000071 0b038052 e703082a 0b312b9b 6b710091 610140b9,1
f30300aa e00313aa f35341a9,1
c60cc0da 420cc0da 630cc0da 4220cb9a 6320cb9a 42fc78d3 40e043cb 20008052 f35341a9,5
e4030091 c20000b0 436443f9,3
643c084e 21400091 423c084e 433c184e 5f0000f1 200000cb 420cc0da 05200091 000c448b f70300aa 1f800071,1
011c7ed3 e203002a e402018b f803052a e23300f9,276078
00008052 e00314aa f35341a9,4
42000090 400280d2 42e00291 e1018052,1129
4113008b e00302aa 43008152 451340f9,1
a7c8278b 5ff00871 ff040079,3387
d402008b e10316aa 00008052 9f6a2338,8
a4030891 e00313aa 828c3ca9,32
f5830191 e2060091 e00315aa e10318aa 230480d2,8
43a8316e 643c084e 423c084e 433c184e 5f0000f1 200000cb 420cc0da 05200091 000c448b 7b0240f9,6
f50300aa e00315aa f55b42a9,1
e00303aa fb0303aa 7600018b 840440f9,1
54040091 8127c09a 41080091 e20314aa f40301aa 00040091 6120c09a e10301cb 3f001cea,1
e003172a 83008052 e2008052 15008052 94120091 1f0314eb,79477
9a010090 40630291 780100d0 000840f9,1
000180d2 840cc0da 000c448b 13040091 e00313aa,2
040080d2 03008052 e5430191 e6830191 e4008012 e35b40b9,1109
1f204071 f603002a 010100d0 821b40b9,276067
8002004b 00040051 a0ca6038,170072
e30319aa e2031a2a e50313aa e4031c2a e10316aa e00317aa,1
000180d2 840cc0da 000c448b fa0300aa 02040091 b97e7cd3 20271391 00001a8b 210080d2 e23700f9,2
00380012 7f02006b 2140228b 20084079,15
f40300aa 2100138b 1f0001eb,647
95010090 a4820191 69324eb9,1
fb0300aa 06230091 c0704079,1
d6060091 bf02166b 00040051 804b03b9,4
f40800f0 f30301aa 836e47f9,16
620004cb e00304aa 01008052 a61707a9,1
fa0000d0 59232791 39c32791 15008052 f35301a9,2202
f30319aa 1a010090 7b000090 f8e30491 7bc30891 40cf47f9,14156
61ec7cd3 6403018b 07040091 786b21f8,1
e1430091 220080d2 f30301aa 180080d2 20010090 79000090 16601b91 15ef7cd3 39433991 1b0080d2 f7031b2a 7a02158b 8027db9a 7b070091,1
e00313aa 080880d2 f30300aa 1f0440b1,1142
b40000b0 94a21391 f55b02a9,1
017c4093 f5830191 218000d1 e00315aa 0103018b 220480d2,162294
4a010052 df4c0171 9f040031,64
b50000f0 f60301aa a3a247f9,1110
f77ea29b 4503038b e002038b 1f0001eb,1
20010090 38010090 00e02991 a03300f9,1
0200b012 4200144b 1fc022eb,64
000690d2 140090d2 743a80b9,14156
f30300aa e30316aa e20315aa 210080d2,16
610100d0 00340091 201c03f9,1
e20300aa c81a80d2 01050090 1f0002eb 213447f9,6
0000032a 1f000071 f71b00f9,176474
2000008b 020100d0 030100d0 f30300aa 610000b0 63cc47f9,16
e6c30391 e3028012 e50f8012 e62f00f9,16
5f0000f1 00001c2a e04600b9,1
33010090 64820191 f40300aa f55b02a9,1
711ca54e 921ca64e 311eb24e 31bef14e 233e084e 631c274e 841c274e a51c304e c61c304e 711ca54e 921ca64e 31be324e 31be324e 233e084e 428000d1 6300c0da 7f0040f2 4004438b e00314aa f35341a9,2
820700d0 fd030091 420047f9,3
c00000b0 c10000b0 004c47f9,1110
400100b0 03202591 e03b00f9,1
01008052 e0630191 e38b04a9,3
24404091 e20304aa 25804091 632040d1 030000f9,37
e0058052 f60319aa 206b3a38,2
010080d2 e003022a 61024039,16
a002198b 1700178b f702068a ff0244f1 0102a0d2 9f0217eb,1
1f001beb 21001c8b 41683cf8,51
e203152a e10314aa f35341a9,16
f70301aa 18008052 e03b00f9,1129
420003cb 3903038b 200340f9,1
3c4000d1 600b0091 7c021c8b 9f0a00f1 820740f9,1
fc430091 01040051 1b0080d2 3a008052 a13f00f9,2
2114018b 2100288b 081c4038,1747
800000d0 00002991 e05700f9,172
29050011 e103062a e1040079,4
c60cc0da 420cc0da 630cc0da 4220cb9a 6320cb9a 42fc78d3 40e043cb a0ba41f9,75
e40300aa e30315aa e20313aa e00316aa e10600f0 21a00191,16
e2020052 42000012 c00241b9,25407
200080f9 2400028b 0500028b 5f8000f1,727419
000180d2 840cc0da 000c448b e10300aa e0031aaa fb0301aa a14300f9,16
f40302aa f60301aa 800500f0 003042b9,16
130c138b 21040051 f55b42a9,176418
1a000090 1f0400f1 5a032191 17008052,2
e00e8052 0e0080d2 f96b04a9,10551
213c4092 ff6321cb 3f0010f1 ff0300f9,20
430c018b 63200091 900100b0 10820191 000240f9,1
400bc29a 00e8029b 3b7860b8,183
c2822991 610214cb f76343a9,2
6300c0da 428000d1 4004438b bf4701b9,16
930700b0 73822991 e10314aa e00313aa,14196
c300010b 8200010b df00046b 631c0012 421c0012 a26a3a38,113307
200080d2 0120c19a 3f0002ea e0031b2a e10317aa 020080d2,5
e203062a e803062a c6040091 01004039,2
1f080071 fd030091 f35301a9,202918
027c4093 240600b0 840847f9,1
61c20051 211c0012 3f240071,16
83008052 65008052 fd030091 f55b02a9,2202
d60220d1 20008052 e07f00b9,25407
224dacf2 62acc5f2 828decf2 7f0002eb,1
f80303aa f70304aa fb7305a9,1
9402168b 940240b2 740600f9,6
a00700b0 00802991 f3030191 406821f8,1
43a8316e 643c084e 423c084e 433c184e 5f0000f1 200000cb 420cc0da 05200091 000c448b f70300aa 1f800071,71930
1f0000f1 e2020012 000440f9,9
c60cc0da 420cc0da 630cc0da 4220cb9a 6320cb9a 42fc78d3 40e043cb 000080d2 f35341a9,3
e503002a c2060051 235747f9,19
f8230391 590000f0 20c30b91 e03f00f9,2
e30314aa e20318aa e10317aa e00319aa,31721
f30000b0 73c20591 740a40f9,4
2100028b 22280091 614e05f9,1129
2024c09a 2124da9a 0000018a 9c070091 1f031ceb,174
c60cc0da 420cc0da 630cc0da 4220cb9a 6320cb9a 42fc78d3 40e043cb 800f4079,3
41030491 62832991 20008052 212440f9,2
428000d1 6300c0da 7f0040f2 4004438b e00313aa,1
f70300aa e002188b e1031baa f8031caa,41499
410000d0 21702691 a13b00f9,3
3f040071 7f040031 f702002a,8
428000d1 6300c0da 7f0040f2 4004438b e00314aa f35341a9,3
f9000090 3ce30b91 e0031caa 9ba30091,1129
e10316aa e00319aa 22008052,1
a0820191 25008052 84621b91 c3e22991 02907539,1
b57e7dd3 f70a0011 e10318aa e20315aa,1
820003cb 634000d1 424001d1 600001ad,1
e50314aa 060080d2 a10440f9,1
424001d1 2e0c4092 21ec7c92 03000ecb 42000e8b 200cc13c,37
a1a082d2 2114018b 2100288b 081c4038,172
335c0091 f40300aa f76303a9,37518
e3008012 fd030091 f30b00f9,28312
25e12391 e27c7dd3 080040b9,48
84380012 8408a69b 820840b9,4
13201291 00000090 e10313aa 02a00991 a0e30391,16
031c0012 043c0853 1a5c1053 187c1853 81008052 829247f9,1110
c6202b91 84600011 c0402691 a3600211 02018052 d4602491 13008052 b5008052 02c40879,1
f90300aa 400100d0 00c03891 a05700f9,2
440a1c8b 217f7e93 a9f67ed3 0700018b 467c7e93 a53e0012 0800068b fc0a05b9,113307
21800191 c0040091 20f007f9,1
e303002a 6200068b 44686138,574006
f30301aa f40300aa e00301aa,162302
e10300aa c81a80d2 e20000b0 1f0001eb 40cc00f9,1
82080090 600800f0 42200c91 00e01c91 420000cb 000300cb 5f0000eb,16
e4fffff0 830100d0 84000091 63000891 c2000090 42a01191 81010090 e00316aa 64ce06f9,1
43a8316e 643c084e 2204c03d,1190035
94060091 bf0014eb b5420091,1
e10316aa 038080d2 e00315aa,176474
f603002a 010100d0 821b40b9,11
e00317aa e10315aa e23700f9,14156
e10300aa a50400d1 00e000d1 220040b9,1
060100d0 070100d0 040100d0 620000b0 c65447f9,1110
03202591 e60315aa e5630391 e4230391 63800091 e00313aa 47008052,1
930100b0 74820191 f51300f9,1
f70302aa a20000f0 a19306a9,16
e00313cb 1f0014eb 8002138b,2
e37b40b2 5f0003eb 007c4093 a80780d2 1f0440b1,28354
bf030091 e0031baa f35341a9,1
61021091 e20319aa 00008052 03430091 730440b9,1110
23040051 240000d0 63040091 84001391 0300038b 01144038,1147
e17b7fb2 020400d1 5f0001eb,1110
60080091 e30301aa e10300aa 401c4038,2
1f0000f1 e2020012 476f47f9,13588
038080d2 c002028b 620002cb,1110
640000d0 192080d2 9c403991 220080d2 20b980d2 1a0080d2 15028052,1
80e20191 c1070090 333042f9,1
e10316aa e003132a 02008052,1110
420700f0 42402191 417873f8,16
ff431591 f50300aa e10340f9,1
0a008052 0c008052 30008052 f1e18452 4d0080d2 7f0100f1 000d198b 410440f9,22262
fc0300aa 1f0000f1 000100f0 350100b0 a1c20091 39010090 e23f40f9,1
00038052 e70315aa e603192a e403182a 2553a09b e3031b2a e04740f9,7
42080091 61090091 24044039,692234
40201212 030080d2 00600a12 1f105071,25334
ca040051 c2222b91 42a01391 2d050051 4e7d4093 cc7c4093 ad791f12 29090051 2d010d4b 4f040c8b 41786e78,2
e503022a 040080d2 03008052 020080d2,16
000100f0 010100f0 005047f9,1110
200000cb 840cc0da 05200091 000c448b 01400091 22bc7092 21ec7c92 e26322cb ff6322eb,1
e303012a e10302aa 607c4093 080a80d2 1f0440b1,190616
e10314aa e00317aa 22008052,23320
e70800d1 647c4093 63040051 21040051 41d82378,1
e403002a 007c7dd3 000004cb e3000090 65202691 a00c008b 050840b9,15
000180d2 840cc0da 000c448b b6264078,2
20018052 a1230191 020080d2,1
08008092 0825c79a 420008aa 630008aa,21
e10316aa e20314aa e00313aa,16
7f0005eb 630cc0da a50cc0da 7f0005eb 01008052 606a7438,164536
00028052 0000014b a1024079,1622181
80621b91 a1820191 02f840f9,1
80010090 b7000090 f35301a9,1
e0ffffb0 01000091 20684079,1
020100f0 010280d2 fd030091 f35301a9,1
81621b91 820100b0 2caa9c52 42600291 4baa9c52 49600091 280c40f9,1
37008052 42040051 200000b9,276681
f60300aa 014000d1 00805ff8,31721
35010090 b3220091 160100d0 0000028b,1110
01028052 2100034b 73420051 6302030b 942ac11a 54000079,521232
5500038b 62008052 e10315aa 050080d2 04008012 000080d2 43048052,1
660000f0 c6202e91 f96b05a9,1
0000018b 00001b8b 003c0091 01bc7092 00ec7c92 e16321cb ff6321eb,1
010090d2 0002a0d2 9f0201eb 9f0200eb 80c20091,14156
b702178b f70240b2 583040f9,1
1f01016b 000c0012 840640f9,12
a2070090 e10313aa 20008052 425847f9,1
e0e30391 f80317aa fc0306aa f70315aa f4030daa f5031aaa fa0301aa e04700f9,172
18e30091 4214b79b 1f0302eb,5
711ca54e 921ca64e 311eb24e 31bef14e 233e084e 631c274e 841c274e a51c304e c61c304e 711ca54e 921ca64e 31be324e 31be324e 233e084e 428000d1 6300c0da 7f0040f2 4004438b a1064039,1
44118052 df020071 f76303a9,2202
a2070090 e10313aa 40018052 42f846f9,1
28f27dd3 e90f11cb 8d24c89a ab20c99a a524c89a 6b010daa 3f2200f1 88000ccb 89d800b2 aa000ccb abd800b2,30
190080d2 160080d2 fb7305a9,14156
417c7dd3 e3030091 213c0091 a33700f9,1
81f07dd3 63202691 210004cb 5f0000f1 21f07dd3 6000018b 00a04039,15
410100b0 21601b91 fd030091 f55b02a9,1
a500010b 63040091 7f4000f1,16
000180d2 840cc0da 000c448b 62024039,50559
f303012a 42100091 28008052 e1d824b8,116679
80ee7cd3 01bc7092 e16321cb ff6321eb,1
040080d2 44201212 030080d2 84600a12 9f105071,176474
ff8343eb 347c029b f30300aa,1
f40000d0 87222791 a5a00a91 e7c02a91 e20300aa 010080d2 08008052 04008052 13008012,3387
00008052 81621b91 200440f9,1
c00000f0 05070011 004447f9,276078
000180d2 840cc0da 000c448b e20300aa 9f02006b,170072
e003152a 0c3084d2 fd7b40a9,16
f703022a c002008b 030440f9,215863
22010090 fd030091 42a047f9,1
00008052 620100d0 42801891 830440f9,1
16100091 f30300aa d6ca218b 61064079,3388
1f204071 f603002a 01ef47f9,557270
f103002a 00384092 62c1218b 6ac96138,492244
810700d0 21802991 f7021c91 9f0201eb a302138b 833200f9,789
9b021f12 a0030891 a1048052 241740a9,32
000180d2 840cc0da 000c448b 400700f9,1
a1090090 23008052 fd030091 21001a91 e203032a,1
c00700d0 fd030091 f35301a9,1
200000cb 840cc0da 05200091 000c448b 13040091 e00313aa,1
00040051 14040091 740e148b 638640f8,1
bfc300d1 e003142a fd7b43a9,48
01408152 4200010a 5f00016b,32
a1ff9f92 0100b8f2 e23f99d2 6500018b 4273a7f2 bf0400f1,1110
c1220091 400000b0 22008052 00800191,1
130500b0 e4430191 e5830191 736e47f9,28312
01040051 00008052 e33300f9,603
81641a53 20008052 21080051 810e018b 21800191,1250
878eac72 0000038b 44001a79,1
b50700b0 a1020491 3f7000b9,1
e103002a 13010090 95c20091 a3622391 78aa47f9,176458
01068052 ea030091 017ca19b 22bc7092 e26322cb ff6322eb,1
c00900d0 fb430091 da0700b0 5aa31a91 00e046f9,16
f40301aa 930100b0 73820191 21000191 840240f9,1
fb0000d0 7b232b91 60431491 e03f00f9,1129
1f0000f1 23fe9f52 000080d2,3
c60cc0da 420cc0da 630cc0da 4220cb9a 6320cb9a 42fc78d3 40e043cb 938e40f8,324604
f303012a d4000090 a60040b9,1110
e403142a e303162a e20315aa 650f058b e0031aaa,162
1f1c0072 81420091 200440b9,177584
03008052 02000012 21040051 4200032a 3f000071 007c0153 43781f53,117012
f30000b0 74220691 f55b02a9,1
f80300aa f70301aa e00302aa,1
400100f0 00601b91 016842b9,1
410100f0 21800191 4008028b 00f47ed3 000002cb 207860f8,8
e10314aa e00313aa f35341a9,1
fb0301aa 550100d0 a1222591 60010090 fa0306aa 007c40f9,1
7c010090 9c330791 e0031caa 14a30091 fc0316aa f60313aa f30318aa f80300aa 807a76b8,16
ffc31891 810800f0 f503002a 373049b9,16
2100048a 4027c09a 617861f8,357
2000008b f40300aa 150080d2 170080d2 ff3300f9,14156
0014054a 05380012 00387fd3 00404091 07686378,2900103
bf030091 e00319aa f35341a9,1
210010cb 2104018b 21f07dd3 210003d1 21fc43d3,4
f7820091 f702028b f70215cb f702068a ff0200f1,3
bf030091 e0031c2a f35341a9,1
ff430491 e40300aa a82f4ba9,165
400a0090 63001cd1 e2e30191 002c47f9,1
7f0313eb 0000198b 206839f8,1388
34010090 000c0012 1f280071,4
f60301aa 55000012 f76303a9,3
000100d0 010100d0 005447f9,37
6bc10091 0007188b 4013008b 7f0100eb,2
79832991 210018cb 21001a8b 210040b2 234744f9,2
1c008012 bf030091 e0031c2a f35341a9,16
f50000d0 a6222b91 e08706a9,1129
f903042a f50300aa 340400d1 f3e30191 e00313aa 040080d2 030080d2 02008012 01009052,16
e20301aa 63040011 8510018b 617c4093 e20301aa a00400f9,1
9b0700f0 60832991 7f0200eb,3
73222791 b4222b91 5c130091 624e45f9,1129
a20400d1 c6040091 4200018b 4208c19a 427c019b 4e0005cb 4100018b df0100eb 400000cb 603c02f9,1
a1280091 21f47ed3 4003008b 22040091 e11708a9,2
1f00036b 8222c31a 4200012a 403c0012,1622181
e0070090 c20700f0 00200c91 42e01c91 000002cb e20202cb 1f0002eb,32
f50300aa e00317aa a10217cb,176474
24808052 0402a872 200c014e 02e87b92 900c044e 070080d2 031040f2 0786b04e,1
1f0400b1 e40300aa 614640f9,16
54f07d92 7502148b 770a40f9,13594
c300018b e200028b 640800b9,15
21400091 45d800b2 67d800b2,243021
e103042a e60305aa 420802a9,1273
000180d2 840cc0da 000c448b 00001b8b 00500091 62eb0091 01bc7092 a23f00f9,16
820700f0 200000cb 410047f9,647
a2070090 c0008052 e10313aa 42c046f9,1
1f0019eb 9c0700d0 9a820191 9c030491 800700d0 120080d2 00802991 e03700f9,24916
61fb7fd3 a00e1b8b 8203018b a24300f9,5
00f07d92 7302008b df0213eb,1
6206138b 42f47ed3 530013cb 617833f8,16
f70300aa 80000312 f96b04a9,3
a60004aa 27207d92 e7207dd2 028440f8,49
39030bcb e10319aa a94700f9,1
d5000090 f303132a d9000090 a17e47f9,1110
e20317aa 010080d2 e0031c2a,6
93c20091 18010090 f83700f9,1110
9802138b 650216cb 800700b0 42084092 00802991 bf7c00f1,1
227c4093 e10300aa 600040f9,25334
e10300aa a000028b e2c30091 25008052,4
1f0000f1 030680d2 020080d2,28354
5f8000f1 2400028b 0500028b,338828
f40301aa 130080d2 410100d0 21202591 f55b02a9,1
43a8316e 643c084e 21400091 423c084e 433c184e 5f0000f1 200000cb 420cc0da 05200091 000c448b 7b0240f9,162296
d6820191 9312138b c00e48f9,1
45040011 23008052 05a00ab9,103762
017d4093 e303002a 6200068b 44686138,9343946
c0e22991 5b630291 39008052 b6030ca9,1
08f17dd3 3f0a40f2 2925c89a 840009aa ae0009aa 3f2200f1 88000ccb 89d800b2 aa000ccb abd800b2,519
02001bcb e1031baa e0031aaa,64
f90316aa e70315aa f603182a ec0314aa f56b4da9,3
a1820191 62020891 83621b91 380800f9,1
e9058012 e80f8012 fd030091 f30b00f9,16
f503002a 401c0012 f76303a9,1
0c3084d2 ff632ccb fd7b00a9,16
e20317aa e10316aa e00315aa,32
25008052 7302008b 940600d1 a320d41a 637c4093 e10319aa e0031aaa 000400d1 21400091 7f0000ea,1
150100b0 b5820191 f35301a9,1
00100091 21140091 1fe001f1 2208039b,1440
810220d1 137c4093 200041b9,188745
200000ca e003172a fd7b40a9,16
f303022a f40300aa f55b02a9,3
f3d30191 170100f0 780000f0 e3c21391 02633e91 e40313aa 63600591 42e00091 e10314aa e003162a,2
e0031baa fb0319aa f90300aa 60034039,16
f703002a e1070090 383049b9,1
f60300aa e0031aaa c1021acb,1110
e00313aa e203162a e103152a,4
43a8316e 643c084e 423c084e 433c184e 5f0000f1 200000cb 420cc0da 05200091 000c448b 81c20091 e20300aa 205844f9,827
00f47ed3 000013cb a17b40f9,1
1b001f12 00008012 60c200b9,1
631c4092 6110018b e3164039,3
940600d1 736202d1 9f0600b1 1f000091,1
c1202791 c50000f0 427c7e93 2ae02391 a54447f9,276078
ff8314d1 45080011 06038052 fd7b01a9,1
40204051 5f0071f2 003c0012 20240078,1212416
f80300aa 00200091 f96b04a9,9059
e703162a e603172a 081047f9,1
e10300aa e00313aa 340401f8,1
3f040071 fd030091 f35301a9,2
bf0400f1 02008052 05008052,1110
e1e30191 e0c30191 620000f0 42401591 f43f00f9,1
000180d2 840cc0da 000c448b e40300aa e303002a bfeb00b9,32
7f081071 63fc60d3 5300138b 6104038b a50440f9,4
c20202aa a50040b2 420019aa 820600f9,1928
e1a30191 020080d2 60008052,1
e20313aa e10314aa f35341a9,162305
fb0301aa e10300aa 1f0702f8,16
fd430091 e7fffff0 cae040f9,1
ff0200eb 730202aa 810080d2 730219aa 930600f9,5355
000100d0 00800191 01707f39,1
140400d1 f30301aa 940201cb 94f27d92 94220091 9402018b 608640f8,1
19008052 12008052 10008052 a91040b9,1
d40700f0 80e20191 d6021cd1 011040f9,1
227c4093 080680d2 e10300aa 600c8092 1f0440b1,1
a60004aa c60cc0da 420cc0da 630cc0da 4220cb9a 6320cb9a 42fc78d3 40e043cb 7b0f40f9,1
e003172a 63008052 42118052 15008052,22441
f60300aa 550100b0 208440a9,1
00040011 e103082a 1f00036b 48004079,333576
5f000071 26008052 b40220d1 820241b9,4
f303002a 20010090 01400091 220c40b9,1
00f87e92 a1ff9fd2 e1ffaff2 1f0001eb,48
73f27d92 618600d1 3f0000eb,647
c1070090 021080d2 228003f9,1
831c0012 e2c0258b 000080d2 43682038,28
630cc0da a50cc0da 7f0005eb 000080d2 817a60f8,1
a402038b 63080091 4200050b 7f7800f1 45381f53 85040079,50820
e60000b0 c2202791 c30000f0 45a84ab9,833959
e0430091 e1031aaa a06f00f9,16
40040051 600c008b 040040f9,1
c40000b0 c30000b0 c20000b0 c10000b0 c00000b0 84e847f9,1110
c3000090 e203012a fd030091 63a847f9,2257
bf0011eb 8400188b 250440b9,1
e00313aa e30315aa e10315aa,16
84f07dd3 07008092 e420c49a e520c59a 831c084e a31c184e 421ce34e,911
217c0453 26040051 e403012a c6781f53 86ce268b c6c00191 c5045ff8,22620
4008028b 00f47ed3 7600168b 000002cb 3b7860f8,3
b9c20091 13633e91 29031091 060000b0 c6a03891 73820191 f80309aa e64300f9,1
e20301aa 03008052 010080d2,1110
24010090 84c00091 84201291 038080d2 e10315aa e00304aa,1
f70314aa 420000cb 5ffc01f1,32
f8630391 f9230391 e6f348a9,172
01008052 e00313aa 00c00b91,1
2b080051 4200014b ab0100b9,276078
fc031aaa e10313aa 00031c8b,176473
000400f1 2100188b 410401f8,4
e203162a e103002a f35341a9,3
200000d0 00000591 e60300aa 7f161071 a83740f9,1
fc0300aa a00000f0 a00f09a9,1
0000028b 82621b91 400801f9,1
b3e30291 f40300aa f55b02a9,1
42040091 21400091 7f0000ea 4200048b 22801ef8,12
41202791 20c02791 21f02891 1f440078,1130
e10000d0 21000891 1f0001eb,1
c0800051 011c0012 3f680171,64
a03c1a91 00ec7c92 ad810191 fd7bc1a8,1
e00317aa 22008052 030740f9,1928
67080051 e8080091 870e078b 08f17dd3 f50840f9,13882
f80300aa 1f0700b1 60832991 e81b46a9,1
f5070090 b5e21c91 166c40f9,32
e20300aa e0031b2a 610240b9,1
e00313aa 280780d2 1f0440b1,188745
f7021c91 b5420091 e10a40b9,21350
e8000a0b 087d0113 007d7f93 00c0288b 800d008b 013440b9,9
43a8316e 6a3c084e 443c084e 453c184e 9f0000f1 0f0180d2 840cc0da ef0d488b 42000f8b 63000f8b 4210de3c,125814
950500d0 b3023691 e60313aa a9820db9,2
f60300aa 81c20091 225c49b9,162302
2010008b 01fc58d3 210c7c92 000001ca e10300aa 216c4092 2008c29a 0084029b 00f47ed3 e25f40f9,3
f50301aa f60303aa 2200028b e00313aa 3f0002eb 03008052 e10315aa e20314aa,16
e20300aa 00040091 3ff40071,494
820003cb 420004d1 63000291,3
62832991 1f000071 434404f9,1
f303002a 82c20091 e103002a 42602391 00008052,176458
81e20191 c00700b0 133042f9,1
007c40d2 003c0853 530300b9,1110
e703272a 210c0051 e000000b,276078
000100d0 020090d2 d6224051 00c047f9,37
f40300aa f50302aa 73fa7ff2,16
a10700b0 21802991 1f0001eb,1
7f0000eb 002000d1 81304d39,3
43a8316e 643c084e 21400091 423c084e 433c184e 5f0000f1 200000cb 420cc0da 05200091 000c448b 02040091 1c0302ab a00218cb 1f0002eb,51515
d60220d1 947e0453 810a0051 c30241b9,13597
62010090 42601b91 630100b0 a36b00f9,1
21400091 00781f53 1f00026a,25882
73060011 e303132a 617e7e93 0500018b 6709028b 42040091 c100018b 5f040071 e30400b9,13
e003162a 63008052 c2008052 15008052,65
f80302aa fb03052a df0800f9,2
f90300aa e1060051 2003158b 350080d2 a18300b9,1
e103032a ff00036b 457c7e93 4b7c4093 05686578,866317
93c20091 02008012 000040b9,1110
637c7e93 420400d1 a700038b e4044079,24
c4202b91 02018052 83402691 80482691 81482f91 85f04979,1
0b000bcb 0000198b 6b0300f9,1
017c0713 84201a91 21000411 82c86138,160712
b50000b0 b5821391 940215cb f603002a f76303a9,1
20010090 00200e91 21010090 21200e91 3f0000eb,1
e60000f0 c6202b91 fd030091 f35301a9,3388
07a32191 080080d2 f80305aa 17078052,1
f70300aa 180800d1 63024079,2
e302038b 5a030491 442700f9,1
b602178b 1f7c00f1 734600d1 c00640f9,190614
63701d53 87008052 010100b9,1110
001c4092 0110018b e5160091 e00301aa 611c4092 a31c4038,3
0f020d8b ef010e8a afb400a9,2
010100b0 21800191 fd030091 f35301a9,1
200100b0 03601b91 000380d2 a06700f9,2
8b0400d1 9f0000f1 6b010c8a 643b02f9,1
f40302aa f30301aa f51300f9,325706
d40700d0 80e20191 b5021cd1 011040f9,1
590100f0 22830191 e29306a9,1
fa03132a 600000b0 00a01091 fb3700f9,3
df060071 6003138b 6214028b 460840f9,16
6003188b 63820091 872f46a9,22262
440008cb 45d800b2 660008cb 67d800b2,2825019
000100d0 160100d0 943647f9,1147
59007f92 3800138b f40301aa 060740f9,31721
a0000090 00001b91 a03300f9,1
e10300aa 00008052 3f7c00a9,1
e0431f32 7f02006b 62060011 000340f9,1110
200000ca e003142a f35341a9,1110
8404048b 7b0c048b 2100038b e27b40f9,1
f70315aa 160080d2 b30240f9,1
005c0091 97070090 f78646f9,190614
000100d0 2200a0d2 01008052 947e7d93 003c47f9,1110
b802188b 800700d0 00802991 9f0200eb 000740f9,3478
43a8316e 643c084e 220cc23c,658538
000013cb 620a01aa e10a40b9,789
e40000d0 84202b91 85401491 00040051 1ffc0371 a1c86138,276078
5b000090 00028052 7be30291,1101
f40213cb e20314aa e10313aa e0031aaa,32
234c7092 217c7c92 e36323cb ff6323eb,1
e803022a e7430491 e20304aa e4430491 e49f04a9,16
6112028b 42040091 600000f0 630080d2 00400491 200c00a9,1
01080051 200080d2 0020c29a 22830091 1fc021eb 267c4093,1
00010090 03010090 020100d0 46c00091 008447f9,162302
213c44d3 420000b0 3f0434f1 41002691 e20300aa 226b37f8,1
76820191 f50300aa f71b00f9,3
24040011 010080d2 9f00026b,1
e60300aa 73060011 800241f9,4
e10300aa c2a58d52 e00319aa e20da072 220000b9,16
bf040071 f703002a 7f020071,1110
61121051 7f0a1071 813a44b9,6
650800f0 8d009052 a5e01c91 08008012 ad75bf72 e2030191 e0030291 ea2f04a9,16
e60305aa 210080d2 a0400091 a10400f9,1
4200008b 4000018a 4200038b 4100018a 1f0001eb,3
ff2003d5 e1031eaa fd7bc4a8,1
c4e22991 200080d2 637a41f9,1
000180d2 840cc0da 000c448b 1f0014eb,1110
d70700d0 d80700b0 f7220c91 18e31c91 f70218cb f35301a9,80
620c028b 00040011 454040f9,176859
ffc308d1 860100b0 450000b0 e8fffff0 a5400791 08410591 fd7b01a9,1
e302038b 010080d2 62832991 1f000071 434404f9,1
0b0000f0 040080d2 6be12691 8c0180d2,1
a22c8652 c225a672 7f00026b,1
67fe46d3 6dfe49d3 e0c00011 e3031029,10551
6b0500d1 e6030a2a 94222791 8c4e05f9,2
81222791 cb222b91 427c4093 32c02a91 6ba11391 09008052 354845f9,3387
33010090 73c20091 73221291 e00313aa,1
02040091 e10313aa e00315aa f35341a9,325706
630100d0 600100d0 a16340f9,1
200000cb 840cc0da 05200091 000c448b 01400091 02040091 20bc7092 21ec7c92 e06320cb ff6320eb,1
f60317aa f70300aa 60324eb9,1
211c0012 03ec7c92 0000803d,4
200c014e 0400028b 5f8001f1,10
e20315aa e41f0391 e1630391 e0031caa 05008052 03018052,1
e2cda5f2 622cccf2 620cedf2 7f0002eb,1
f70300aa e0e702b2 a09999f2 64f67ed3 843c0191 847cc09b 84fc45d3 9408048b 80ea7bd3,1
43a8316e 643c084e 21400091 423c084e 433c184e 5f0000f1 200000cb 420cc0da 05200091 000c448b 1ff80ff1,97095
e00313aa e1058052 ff1f0339,1
840400d1 85010bcb bf0004ea,2
17008052 00801891 000840f9,1
612240d1 e00313aa 347c3cf9,1
137c4093 a40220d1 427c4093 800041b9,176474
20010090 00200e91 21010090 21200e91 210000cb 22fc7fd3 410c818b ff0781eb 21fc4193,1
e30317aa e20316aa e103152a 806873f8,3
1a0080d2 160080d2 150845f9,1
e10317aa 050080d2 04008012 43048052 62008052 000080d2 e81b06a9,1
01ec7c92 214000d1 220cc23c,929555
f3430091 26008052 60620091 7f0200b9,1
f7031b2a 7a02158b 8027db9a 7b070091,7
e003012a 000c0011 21040011 26384092 3f00086b 20496038,2900103
f50300aa 160100b0 c0820191 f35301a9,1
00000090 e2e30091 00403491 e1230191 030080d2,1
7f1c0072 fd030091 f35301a9,1
00600091 21008052 02fc5f88,2
e00305aa 420a00d0 416800b9,1
000180d2 840cc0da 000c448b df0200eb,1136114
78000f4b ff01036b 63796778,116694
21008052 fd030091 f55b02a9,218942
bf030091 e00304aa f35341a9,16
f40301aa 220080d2 610000d0 f40302aa 21603e91,1
e003012a 00001cca ff0740eb,367
130080d2 f30302aa 020040b9,32
200c014e 0400028b 5f0002f1,1110
00010090 01008012 fb7345a9,16
e10000f0 21602391 04b06a39,103762
970700f0 000080d2 f8ae46f9,647
000180d2 840cc0da 000c448b 02040091 1c0302ab a00218cb 1f0002eb,50582
e30301cb 282c0091 e70100cb,1
e203172a 04008052 1f0c0071 e00313aa e303172a,1
000100f0 01800191 821a40f9,3
200000ca 00008052 f35341a9,1110
042c4092 e8c300b2 9fc03ff1,2825930
21040051 94e20191 811e00b9,1
20010090 00601b91 0d0041f9,1
b802160b 2100184b 3f040031,1147
1a601b91 f9230291 e0522691 e03700f9,1
0000028b 0000018b 806b28f8,14
23230091 20830091 631e00f9,3
642124cb 2d008052 e6040079,3
c20900b0 210080d2 010000f9,1
5f000071 fd030091 f35301a9,2257
e10300aa e00316aa e14700f9,1110
