请输入sudo密码
password:MPI Process Start  0 0~828
MPI Process Start  1 828~1656
MPI Process Start  2 1656~2484
MPI Process Start  3 2484~3313
MPI Process Start  4 3313~4141
MPI Process Start  5 4141~4969
MPI Process Start  6 4969~5797
MPI Process Start  7 5797~6626
MPI Process Start  8 6626~7454
MPI Process Start  9 7454~8282
MPI Process Start 10 8282~9111
MPI Process Start 11 9111~9939
MPI Process Start 12 9939~10767
MPI Process Start 13 10767~11595
MPI Process Start 14 11595~12424
MPI Process Start 15 12424~13252
MPI Process Start 16 13252~14080
MPI Process Start 17 14080~14908
MPI Process Start 18 14908~15737
MPI Process Start 19 15737~16565
MPI Process Start 20 16565~17393
MPI Process Start 21 17393~18222
MPI Process Start 22 18222~19050
MPI Process Start 23 19050~19878
MPI Process Start 24 19878~20706
MPI Process Start 25 20706~21535
MPI Process Start 26 21535~22363
MPI Process Start 27 22363~23191
MPI Process Start 28 23191~24019
MPI Process Start 29 24019~24848
MPI Process Start 30 24848~25676
MPI Process Start 31 25676~26504
MPI Process Start 32 26504~27333
MPI Process Start 33 27333~28161
MPI Process Start 34 28161~28989
QueueNum : 0
MPI Process Start 35 28989~29817
MPI Process Start 36 29817~30646
MPI Process Start 37 30646~31474
MPI Process Start 38 31474~32302
MPI Process Start 39 32302~33131
QueueNum : 0
QueueNum : 0
QueueNum : 0
QueueNum : 0
QueueNum : 0
QueueNum : 0
QueueNum : 0
QueueNum : 0
QueueNum : 0
QueueNum : 0
QueueNum : 0
QueueNum : 0
QueueNum : 0
QueueNum : 0
QueueNum : 0
QueueNum : 0
QueueNum : 0
QueueNum : 0
QueueNum : 0
QueueNum : 0
QueueNum : 0
QueueNum : 0
QueueNum : 0
QueueNum : 0
QueueNum : 0
QueueNum : 0
QueueNum : 0
QueueNum : 0
QueueNum : 0
QueueNum : 0
QueueNum : 0
QueueNum : 0
QueueNum : 0
QueueNum : 0
QueueNum : 0
QueueNum : 0
QueueNum : 0
QueueNum : 0
QueueNum : 0
QueueNum : 0
QueueNum : 0
QueueNum : 0
QueueNum : 0
QueueNum : 0
QueueNum : 0
QueueNum : 0
QueueNum : 0
QueueNum : 0
QueueNum : 0
QueueNum : 0
QueueNum : 0
QueueNum : 0
QueueNum : 0
QueueNum : 0
QueueNum : 0
QueueNum : 0
QueueNum : 0
QueueNum : 0
QueueNum : 0
QueueNum : 0
QueueNum : 0
QueueNum : 0
QueueNum : 0
QueueNum : 0
QueueNum : 0
QueueNum : 0
QueueNum : 0
QueueNum : 0
QueueNum : 0
QueueNum : 0
QueueNum : 0
QueueNum : 0
QueueNum : 0
QueueNum : 0
QueueNum : 0
QueueNum : 0
QueueNum : 0
QueueNum : 0
QueueNum : 0
QueueNum : 0
QueueNum : 0
QueueNum : 0
QueueNum : 0
QueueNum : 0
QueueNum : 0
QueueNum : 0
QueueNum : 0
QueueNum : 0
QueueNum : 0
QueueNum : 0
QueueNum : 0
QueueNum : 0
QueueNum : 0
QueueNum : 0
QueueNum : 0
QueueNum : 0
QueueNum : 0
QueueNum : 0
QueueNum : 0
QueueNum : 0
QueueNum : 0
QueueNum : 0
QueueNum : 0
QueueNum : 0
QueueNum : 0
QueueNum : 0
QueueNum : 0
QueueNum : 0
QueueNum : 0
QueueNum : 0
QueueNum : 0
QueueNum : 0
QueueNum : 0
QueueNum : 0
QueueNum : 0
QueueNum : 0
QueueNum : 0
QueueNum : 0
QueueNum : 0
QueueNum : 0
QueueNum : 0
QueueNum : 0
QueueNum : 0
QueueNum : 0
QueueNum : 0
QueueNum : 0
QueueNum : 0
QueueNum : 0
QueueNum : 0
QueueNum : 0
QueueNum : 0
QueueNum : 0
QueueNum : 0
QueueNum : 0
QueueNum : 0
QueueNum : 0
QueueNum : 0
QueueNum : 0
QueueNum : 0
QueueNum : 0
QueueNum : 0
QueueNum : 0
QueueNum : 0
QueueNum : 0
QueueNum : 0
QueueNum : 0
QueueNum : 0
QueueNum : 0
QueueNum : 0
QueueNum : 0
QueueNum : 0
QueueNum : 0
QueueNum : 0
QueueNum : 0
QueueNum : 0
QueueNum : 0
QueueNum : 0
QueueNum : 0
QueueNum : 0
QueueNum : 0
QueueNum : 0
QueueNum : 0
QueueNum : 0
QueueNum : 0
QueueNum : 0
QueueNum : 0
QueueNum : 0
QueueNum : 0
QueueNum : 0
QueueNum : 0
QueueNum : 0
QueueNum : 0
QueueNum : 0
QueueNum : 0
QueueNum : 0
QueueNum : 0
QueueNum : 0
QueueNum : 0
QueueNum : 0
QueueNum : 0
QueueNum : 0
QueueNum : 0
QueueNum : 0
QueueNum : 0
QueueNum : 0
QueueNum : 0
QueueNum : 0
QueueNum : 0
QueueNum : 0
QueueNum : 0
QueueNum : 0
QueueNum : 0
QueueNum : 0
QueueNum : 0
QueueNum : 0
QueueNum : 0
QueueNum : 0
MPI Process end 36 29817~30646
QueueNum : 2
QueueNum : 2
QueueNum : 4
QueueNum : 5
QueueNum : 7
QueueNum : 7
QueueNum : 10
QueueNum : 13
QueueNum : 15
QueueNum : 17
QueueNum : 24
QueueNum : 26
QueueNum : 29
QueueNum : 33
QueueNum : 35
QueueNum : 37
QueueNum : 38
QueueNum : 39
QueueNum : 39
MPI Process end 35 28989~29817
MPI Process end 39 32302~33131
MPI Process end 29 24019~24848
MPI Process end  6 4969~5797
MPI Process end  7 5797~6626
MPI Process end 18 14908~15737
MPI Process end 24 19878~20706
MPI Process end  9 7454~8282
MPI Process end 12 9939~10767
MPI Process end 20 16565~17393
MPI Process end  4 3313~4141
MPI Process end 28 23191~24019
MPI Process end 25 20706~21535
MPI Process end 10 8282~9111
MPI Process end 30 24848~25676
MPI Process end 13 10767~11595
MPI Process end 32 26504~27333
MPI Process end 38 31474~32302
MPI Process end 11 9111~9939
MPI Process end 14 11595~12424
MPI Process end 21 17393~18222
MPI Process end 33 27333~28161
MPI Process end 34 28161~28989
MPI Process end 37 30646~31474
MPI Process end 23 19050~19878
MPI Process end 26 21535~22363
MPI Process end  3 2484~3313
MPI Process end  8 6626~7454
MPI Process end 27 22363~23191
MPI Process end 15 12424~13252
MPI Process end 16 13252~14080
MPI Process end 22 18222~19050
MPI Process end 31 25676~26504
MPI Process end  0 0~828
MPI Process end 17 14080~14908
MPI Process end  2 1656~2484
MPI Process end  5 4141~4969
MPI Process end 19 15737~16565
MPI Process end  1 828~1656
MPISum rank : 0, blockNum : 0,leftQueueNum : 40
MPISum rank : 1, blockNum : 829,leftQueueNum : 39
MPISum rank : 2, blockNum : 1657,leftQueueNum : 38
MPISum rank : 3, blockNum : 2486,leftQueueNum : 37
MPISum rank : 4, blockNum : 3315,leftQueueNum : 36
MPISum rank : 5, blockNum : 4143,leftQueueNum : 35
MPISum rank : 6, blockNum : 4972,leftQueueNum : 34
MPISum rank : 7, blockNum : 5801,leftQueueNum : 33
MPISum rank : 8, blockNum : 6629,leftQueueNum : 32
MPISum rank : 9, blockNum : 7457,leftQueueNum : 31
MPISum rank : 10, blockNum : 8285,leftQueueNum : 30
MPISum rank : 11, blockNum : 9113,leftQueueNum : 29
MPISum rank : 12, blockNum : 9941,leftQueueNum : 28
MPISum rank : 13, blockNum : 10769,leftQueueNum : 27
MPISum rank : 14, blockNum : 11598,leftQueueNum : 26
MPISum rank : 15, blockNum : 12427,leftQueueNum : 25
MPISum rank : 16, blockNum : 13255,leftQueueNum : 24
MPISum rank : 17, blockNum : 14083,leftQueueNum : 23
MPISum rank : 18, blockNum : 14912,leftQueueNum : 22
MPISum rank : 19, blockNum : 15740,leftQueueNum : 21
MPISum rank : 20, blockNum : 16568,leftQueueNum : 20
MPISum rank : 21, blockNum : 17397,leftQueueNum : 19
MPISum rank : 22, blockNum : 18226,leftQueueNum : 18
MPISum rank : 23, blockNum : 19054,leftQueueNum : 17
MPISum rank : 24, blockNum : 19882,leftQueueNum : 16
MPISum rank : 25, blockNum : 20710,leftQueueNum : 15
MPISum rank : 26, blockNum : 21538,leftQueueNum : 14
MPISum rank : 27, blockNum : 22366,leftQueueNum : 13
MPISum rank : 28, blockNum : 23195,leftQueueNum : 12
MPISum rank : 29, blockNum : 24023,leftQueueNum : 11
MPISum rank : 30, blockNum : 24851,leftQueueNum : 10
MPISum rank : 31, blockNum : 25679,leftQueueNum : 9
MPISum rank : 32, blockNum : 26507,leftQueueNum : 8
MPISum rank : 33, blockNum : 27335,leftQueueNum : 7
MPISum rank : 34, blockNum : 28163,leftQueueNum : 6
MPISum rank : 35, blockNum : 28991,leftQueueNum : 5
MPISum rank : 36, blockNum : 29819,leftQueueNum : 4
MPISum rank : 37, blockNum : 30647,leftQueueNum : 3
MPISum rank : 38, blockNum : 31475,leftQueueNum : 2
MPISum rank : 39, blockNum : 32303,leftQueueNum : 1
blockSize 33131 33131
avg error rate is 0.38700100831275386
